[35m[1mScanning dependencies of target robot_scheduling_actions_node[0m
make[2]: *** No rule to make target 'CMakeFiles/robot_scheduling_actions_node.dir/build'.  Stop.
CMakeFiles/Makefile2:227: recipe for target 'CMakeFiles/robot_scheduling_actions_node.dir/all' failed
Makefile:140: recipe for target 'all' failed
make[1]: *** [CMakeFiles/robot_scheduling_actions_node.dir/all] Error 2
make: *** [all] Error 2
