[0.099s] Invoking command in '/home/handsome/ros_ws_test/build/robot_scheduling_actions': CMAKE_PREFIX_PATH=/home/handsome/ros_ws_test/install/robot_scheduling_msgs:/home/handsome/ros_ws_test/install/pnp_ros:/home/handsome/ros_ws_test/install/mongodb_store:/home/handsome/ros_ws_test/install/locomotor_msgs:/home/handsome/ros_ws_test/install/ros_utility_tools:/home/handsome/ros_ws_test/install/reset_location:/home/handsome/ros_ws_test/install/pnp_msgs:/home/handsome/ros_ws_test/install/open_auto_dock_msgs:/home/handsome/ros_ws_test/install/nav_2d_msgs:/home/handsome/ros_ws_test/install/mongodb_store_msgs:/home/handsome/ros_ws_test/install/car_db_manager_msgs:/home/handsome/ros_ws_test/install/botcmd_msgs:/home/handsome/ros_ws_test/install/yocs_cmd_vel_mux:/home/handsome/ros_ws_test/install/turtlebot_teleop:/home/handsome/ros_ws_test/install/tug_example_pnp_server:/home/handsome/ros_ws_test/install/tug_example_actions:/home/handsome/ros_ws_test/install/tug_example_msgs:/home/handsome/ros_ws_test/install/timed_roslaunch:/home/handsome/ros_ws_test/install/teb2_local_planner:/home/handsome/ros_ws_test/install/stated_roslaunch:/home/handsome/ros_ws_test/install/spatio_temporal_voxel_layer:/home/handsome/ros_ws_test/install/robot_udp_bridge:/home/handsome/ros_ws_test/install/robot_database_bridge:/home/handsome/ros_ws_test/install/samsungcmd_msgs:/home/handsome/ros_ws_test/install/rplidar_ros:/home/handsome/ros_ws_test/install/rp_action:/home/handsome/ros_ws_test/install/rp_action_msgs:/home/handsome/ros_ws_test/install/robot_scheduling_actions:/home/handsome/ros_ws_test/install/cellctrl_qtgui_bridge:/home/handsome/ros_ws_test/install/car_db_manager_qtgui:/home/handsome/ros_ws_test/install/car_db_manager_bridge:/home/handsome/ros_ws_test/install/car_db_manager_action:/home/handsome/ros_ws_test/install/robot_scheduling_server:/home/handsome/ros_ws_test/install/robot_localization:/home/handsome/ros_ws_test/install/robot_control_msgs:/home/handsome/ros_ws_test/install/razor_imu_9dof:/home/handsome/ros_ws_test/install/pnp_rosplan:/home/handsome/ros_ws_test/install/open_auto_dock:/home/handsome/ros_ws_test/install/omron_os32c_driver:/home/handsome/ros_ws_test/install/dlux_plugins:/home/handsome/ros_ws_test/install/dlux_global_planner:/home/handsome/ros_ws_test/install/nav_grid_pub_sub:/home/handsome/ros_ws_test/install/dwb_critics:/home/handsome/ros_ws_test/install/nav_grid_iterators:/home/handsome/ros_ws_test/install/locomove_base:/home/handsome/ros_ws_test/install/locomotor:/home/handsome/ros_ws_test/install/nav_core_adapter:/home/handsome/ros_ws_test/install/dwb_plugins:/home/handsome/ros_ws_test/install/dwb_local_planner:/home/handsome/ros_ws_test/install/nav_2d_utils:/home/handsome/ros_ws_test/install/global_planner_tests:/home/handsome/ros_ws_test/install/costmap_queue:/home/handsome/ros_ws_test/install/nav_core2:/home/handsome/ros_ws_test/install/nav_grid:/home/handsome/ros_ws_test/install/actionlib_modules_msgs:/home/handsome/ros_ws_test/install/dwb_msgs:/home/handsome/ros_ws_test/install/mongodb_log:/home/handsome/ros_ws_test/install/ca_driver:/home/handsome/ros_ws_test/install/libcreate:/home/handsome/ros_ws_test/install/i_robot_stage:/home/handsome/ros_ws_test/install/i_robot_navigation:/home/handsome/ros_ws_test/install/cellctrl_control_msgs:/home/handsome/ros_ws_test/install/ca_tools:/home/handsome/ros_ws_test/install/ca_msgs:/home/handsome/ros_ws_test/install/ca_description:/opt/ros/melodic LD_LIBRARY_PATH=/home/handsome/ros_ws_test/install/pnp_ros/lib:/home/handsome/ros_ws_test/install/mongodb_store/lib:/home/handsome/ros_ws_test/install/ros_utility_tools/lib:/home/handsome/ros_ws_test/install/yocs_cmd_vel_mux/lib:/home/handsome/ros_ws_test/install/teb2_local_planner/lib:/home/handsome/ros_ws_test/install/spatio_temporal_voxel_layer/lib:/home/handsome/ros_ws_test/install/robot_database_bridge/lib:/home/handsome/ros_ws_test/install/robot_localization/lib:/home/handsome/ros_ws_test/install/omron_os32c_driver/lib:/home/handsome/ros_ws_test/install/dlux_plugins/lib:/home/handsome/ros_ws_test/install/dlux_global_planner/lib:/home/handsome/ros_ws_test/install/nav_grid_pub_sub/lib:/home/handsome/ros_ws_test/install/dwb_critics/lib:/home/handsome/ros_ws_test/install/nav_grid_iterators/lib:/home/handsome/ros_ws_test/install/locomotor/lib:/home/handsome/ros_ws_test/install/nav_core_adapter/lib:/home/handsome/ros_ws_test/install/dwb_plugins/lib:/home/handsome/ros_ws_test/install/dwb_local_planner/lib:/home/handsome/ros_ws_test/install/nav_2d_utils/lib:/home/handsome/ros_ws_test/install/global_planner_tests/lib:/home/handsome/ros_ws_test/install/costmap_queue/lib:/home/handsome/ros_ws_test/install/nav_core2/lib:/home/handsome/ros_ws_test/install/libcreate/lib:/opt/ros/melodic/lib:/usr/local/lib PKG_CONFIG_PATH=/home/handsome/ros_ws_test/install/robot_scheduling_msgs/lib/x86_64-linux-gnu/pkgconfig:/home/handsome/ros_ws_test/install/robot_scheduling_msgs/lib/pkgconfig:/home/handsome/ros_ws_test/install/pnp_ros/lib/x86_64-linux-gnu/pkgconfig:/home/handsome/ros_ws_test/install/pnp_ros/lib/pkgconfig:/home/handsome/ros_ws_test/install/mongodb_store/lib/x86_64-linux-gnu/pkgconfig:/home/handsome/ros_ws_test/install/mongodb_store/lib/pkgconfig:/home/handsome/ros_ws_test/install/locomotor_msgs/lib/x86_64-linux-gnu/pkgconfig:/home/handsome/ros_ws_test/install/locomotor_msgs/lib/pkgconfig:/home/handsome/ros_ws_test/install/ros_utility_tools/lib/x86_64-linux-gnu/pkgconfig:/home/handsome/ros_ws_test/install/ros_utility_tools/lib/pkgconfig:/home/handsome/ros_ws_test/install/reset_location/lib/x86_64-linux-gnu/pkgconfig:/home/handsome/ros_ws_test/install/reset_location/lib/pkgconfig:/home/handsome/ros_ws_test/install/pnp_msgs/lib/x86_64-linux-gnu/pkgconfig:/home/handsome/ros_ws_test/install/pnp_msgs/lib/pkgconfig:/home/handsome/ros_ws_test/install/open_auto_dock_msgs/lib/x86_64-linux-gnu/pkgconfig:/home/handsome/ros_ws_test/install/open_auto_dock_msgs/lib/pkgconfig:/home/handsome/ros_ws_test/install/nav_2d_msgs/lib/x86_64-linux-gnu/pkgconfig:/home/handsome/ros_ws_test/install/nav_2d_msgs/lib/pkgconfig:/home/handsome/ros_ws_test/install/mongodb_store_msgs/lib/x86_64-linux-gnu/pkgconfig:/home/handsome/ros_ws_test/install/mongodb_store_msgs/lib/pkgconfig:/home/handsome/ros_ws_test/install/car_db_manager_msgs/lib/x86_64-linux-gnu/pkgconfig:/home/handsome/ros_ws_test/install/car_db_manager_msgs/lib/pkgconfig:/home/handsome/ros_ws_test/install/botcmd_msgs/lib/x86_64-linux-gnu/pkgconfig:/home/handsome/ros_ws_test/install/botcmd_msgs/lib/pkgconfig:/home/handsome/ros_ws_test/install/yocs_cmd_vel_mux/lib/x86_64-linux-gnu/pkgconfig:/home/handsome/ros_ws_test/install/yocs_cmd_vel_mux/lib/pkgconfig:/home/handsome/ros_ws_test/install/turtlebot_teleop/lib/x86_64-linux-gnu/pkgconfig:/home/handsome/ros_ws_test/install/turtlebot_teleop/lib/pkgconfig:/home/handsome/ros_ws_test/install/tug_example_pnp_server/lib/x86_64-linux-gnu/pkgconfig:/home/handsome/ros_ws_test/install/tug_example_pnp_server/lib/pkgconfig:/home/handsome/ros_ws_test/install/tug_example_actions/lib/x86_64-linux-gnu/pkgconfig:/home/handsome/ros_ws_test/install/tug_example_actions/lib/pkgconfig:/home/handsome/ros_ws_test/install/tug_example_msgs/lib/x86_64-linux-gnu/pkgconfig:/home/handsome/ros_ws_test/install/tug_example_msgs/lib/pkgconfig:/home/handsome/ros_ws_test/install/timed_roslaunch/lib/x86_64-linux-gnu/pkgconfig:/home/handsome/ros_ws_test/install/timed_roslaunch/lib/pkgconfig:/home/handsome/ros_ws_test/install/teb2_local_planner/lib/x86_64-linux-gnu/pkgconfig:/home/handsome/ros_ws_test/install/teb2_local_planner/lib/pkgconfig:/home/handsome/ros_ws_test/install/stated_roslaunch/lib/x86_64-linux-gnu/pkgconfig:/home/handsome/ros_ws_test/install/stated_roslaunch/lib/pkgconfig:/home/handsome/ros_ws_test/install/spatio_temporal_voxel_layer/lib/x86_64-linux-gnu/pkgconfig:/home/handsome/ros_ws_test/install/spatio_temporal_voxel_layer/lib/pkgconfig:/home/handsome/ros_ws_test/install/robot_udp_bridge/lib/x86_64-linux-gnu/pkgconfig:/home/handsome/ros_ws_test/install/robot_udp_bridge/lib/pkgconfig:/home/handsome/ros_ws_test/install/robot_database_bridge/lib/x86_64-linux-gnu/pkgconfig:/home/handsome/ros_ws_test/install/robot_database_bridge/lib/pkgconfig:/home/handsome/ros_ws_test/install/samsungcmd_msgs/lib/x86_64-linux-gnu/pkgconfig:/home/handsome/ros_ws_test/install/samsungcmd_msgs/lib/pkgconfig:/home/handsome/ros_ws_test/install/rplidar_ros/lib/x86_64-linux-gnu/pkgconfig:/home/handsome/ros_ws_test/install/rplidar_ros/lib/pkgconfig:/home/handsome/ros_ws_test/install/rp_action/lib/x86_64-linux-gnu/pkgconfig:/home/handsome/ros_ws_test/install/rp_action/lib/pkgconfig:/home/handsome/ros_ws_test/install/rp_action_msgs/lib/x86_64-linux-gnu/pkgconfig:/home/handsome/ros_ws_test/install/rp_action_msgs/lib/pkgconfig:/home/handsome/ros_ws_test/install/robot_scheduling_actions/lib/x86_64-linux-gnu/pkgconfig:/home/handsome/ros_ws_test/install/robot_scheduling_actions/lib/pkgconfig:/home/handsome/ros_ws_test/install/cellctrl_qtgui_bridge/lib/x86_64-linux-gnu/pkgconfig:/home/handsome/ros_ws_test/install/cellctrl_qtgui_bridge/lib/pkgconfig:/home/handsome/ros_ws_test/install/cellctrl_database_bridge/lib/x86_64-linux-gnu/pkgconfig:/home/handsome/ros_ws_test/install/cellctrl_database_bridge/lib/pkgconfig:/home/handsome/ros_ws_test/install/car_db_manager_qtgui/lib/x86_64-linux-gnu/pkgconfig:/home/handsome/ros_ws_test/install/car_db_manager_qtgui/lib/pkgconfig:/home/handsome/ros_ws_test/install/car_db_manager_bridge/lib/x86_64-linux-gnu/pkgconfig:/home/handsome/ros_ws_test/install/car_db_manager_bridge/lib/pkgconfig:/home/handsome/ros_ws_test/install/car_db_manager_action/lib/x86_64-linux-gnu/pkgconfig:/home/handsome/ros_ws_test/install/car_db_manager_action/lib/pkgconfig:/home/handsome/ros_ws_test/install/robot_scheduling_server/lib/x86_64-linux-gnu/pkgconfig:/home/handsome/ros_ws_test/install/robot_scheduling_server/lib/pkgconfig:/home/handsome/ros_ws_test/install/robot_navigation/lib/x86_64-linux-gnu/pkgconfig:/home/handsome/ros_ws_test/install/robot_navigation/lib/pkgconfig:/home/handsome/ros_ws_test/install/robot_localization/lib/x86_64-linux-gnu/pkgconfig:/home/handsome/ros_ws_test/install/robot_localization/lib/pkgconfig:/home/handsome/ros_ws_test/install/robot_control_msgs/lib/x86_64-linux-gnu/pkgconfig:/home/handsome/ros_ws_test/install/robot_control_msgs/lib/pkgconfig:/home/handsome/ros_ws_test/install/razor_imu_9dof/lib/x86_64-linux-gnu/pkgconfig:/home/handsome/ros_ws_test/install/razor_imu_9dof/lib/pkgconfig:/home/handsome/ros_ws_test/install/pnp_rosplan/lib/x86_64-linux-gnu/pkgconfig:/home/handsome/ros_ws_test/install/pnp_rosplan/lib/pkgconfig:/home/handsome/ros_ws_test/install/actionlib_modules_controller/lib/x86_64-linux-gnu/pkgconfig:/home/handsome/ros_ws_test/install/actionlib_modules_controller/lib/pkgconfig:/home/handsome/ros_ws_test/install/open_auto_dock/lib/x86_64-linux-gnu/pkgconfig:/home/handsome/ros_ws_test/install/open_auto_dock/lib/pkgconfig:/home/handsome/ros_ws_test/install/omron_os32c_driver/lib/x86_64-linux-gnu/pkgconfig:/home/handsome/ros_ws_test/install/omron_os32c_driver/lib/pkgconfig:/home/handsome/ros_ws_test/install/dlux_plugins/lib/x86_64-linux-gnu/pkgconfig:/home/handsome/ros_ws_test/install/dlux_plugins/lib/pkgconfig:/home/handsome/ros_ws_test/install/dlux_global_planner/lib/x86_64-linux-gnu/pkgconfig:/home/handsome/ros_ws_test/install/dlux_global_planner/lib/pkgconfig:/home/handsome/ros_ws_test/install/nav_grid_pub_sub/lib/x86_64-linux-gnu/pkgconfig:/home/handsome/ros_ws_test/install/nav_grid_pub_sub/lib/pkgconfig:/home/handsome/ros_ws_test/install/dwb_critics/lib/x86_64-linux-gnu/pkgconfig:/home/handsome/ros_ws_test/install/dwb_critics/lib/pkgconfig:/home/handsome/ros_ws_test/install/nav_grid_iterators/lib/x86_64-linux-gnu/pkgconfig:/home/handsome/ros_ws_test/install/nav_grid_iterators/lib/pkgconfig:/home/handsome/ros_ws_test/install/locomove_base/lib/x86_64-linux-gnu/pkgconfig:/home/handsome/ros_ws_test/install/locomove_base/lib/pkgconfig:/home/handsome/ros_ws_test/install/locomotor/lib/x86_64-linux-gnu/pkgconfig:/home/handsome/ros_ws_test/install/locomotor/lib/pkgconfig:/home/handsome/ros_ws_test/install/nav_core_adapter/lib/x86_64-linux-gnu/pkgconfig:/home/handsome/ros_ws_test/install/nav_core_adapter/lib/pkgconfig:/home/handsome/ros_ws_test/install/dwb_plugins/lib/x86_64-linux-gnu/pkgconfig:/home/handsome/ros_ws_test/install/dwb_plugins/lib/pkgconfig:/home/handsome/ros_ws_test/install/dwb_local_planner/lib/x86_64-linux-gnu/pkgconfig:/home/handsome/ros_ws_test/install/dwb_local_planner/lib/pkgconfig:/home/handsome/ros_ws_test/install/nav_2d_utils/lib/x86_64-linux-gnu/pkgconfig:/home/handsome/ros_ws_test/install/nav_2d_utils/lib/pkgconfig:/home/handsome/ros_ws_test/install/global_planner_tests/lib/x86_64-linux-gnu/pkgconfig:/home/handsome/ros_ws_test/install/global_planner_tests/lib/pkgconfig:/home/handsome/ros_ws_test/install/costmap_queue/lib/x86_64-linux-gnu/pkgconfig:/home/handsome/ros_ws_test/install/costmap_queue/lib/pkgconfig:/home/handsome/ros_ws_test/install/nav_core2/lib/x86_64-linux-gnu/pkgconfig:/home/handsome/ros_ws_test/install/nav_core2/lib/pkgconfig:/home/handsome/ros_ws_test/install/nav_grid/lib/x86_64-linux-gnu/pkgconfig:/home/handsome/ros_ws_test/install/nav_grid/lib/pkgconfig:/home/handsome/ros_ws_test/install/actionlib_modules_msgs/lib/x86_64-linux-gnu/pkgconfig:/home/handsome/ros_ws_test/install/actionlib_modules_msgs/lib/pkgconfig:/home/handsome/ros_ws_test/install/dwb_msgs/lib/x86_64-linux-gnu/pkgconfig:/home/handsome/ros_ws_test/install/dwb_msgs/lib/pkgconfig:/home/handsome/ros_ws_test/install/mongodb_log/lib/x86_64-linux-gnu/pkgconfig:/home/handsome/ros_ws_test/install/mongodb_log/lib/pkgconfig:/home/handsome/ros_ws_test/install/create_autonomy/lib/x86_64-linux-gnu/pkgconfig:/home/handsome/ros_ws_test/install/create_autonomy/lib/pkgconfig:/home/handsome/ros_ws_test/install/ca_driver/lib/x86_64-linux-gnu/pkgconfig:/home/handsome/ros_ws_test/install/ca_driver/lib/pkgconfig:/home/handsome/ros_ws_test/install/libcreate/lib/x86_64-linux-gnu/pkgconfig:/home/handsome/ros_ws_test/install/libcreate/lib/pkgconfig:/home/handsome/ros_ws_test/install/i_robot_stage/lib/x86_64-linux-gnu/pkgconfig:/home/handsome/ros_ws_test/install/i_robot_stage/lib/pkgconfig:/home/handsome/ros_ws_test/install/i_robot_navigation/lib/x86_64-linux-gnu/pkgconfig:/home/handsome/ros_ws_test/install/i_robot_navigation/lib/pkgconfig:/home/handsome/ros_ws_test/install/cellctrl_control_msgs/lib/x86_64-linux-gnu/pkgconfig:/home/handsome/ros_ws_test/install/cellctrl_control_msgs/lib/pkgconfig:/home/handsome/ros_ws_test/install/ca_tools/lib/x86_64-linux-gnu/pkgconfig:/home/handsome/ros_ws_test/install/ca_tools/lib/pkgconfig:/home/handsome/ros_ws_test/install/ca_msgs/lib/x86_64-linux-gnu/pkgconfig:/home/handsome/ros_ws_test/install/ca_msgs/lib/pkgconfig:/home/handsome/ros_ws_test/install/ca_description/lib/x86_64-linux-gnu/pkgconfig:/home/handsome/ros_ws_test/install/ca_description/lib/pkgconfig:/opt/ros/melodic/lib/pkgconfig PYTHONPATH=/home/handsome/ros_ws_test/install/robot_scheduling_msgs/lib/python2.7/dist-packages:/home/handsome/ros_ws_test/install/mongodb_store/lib/python2.7/dist-packages:/home/handsome/ros_ws_test/install/locomotor_msgs/lib/python2.7/dist-packages:/home/handsome/ros_ws_test/install/reset_location/lib/python2.7/dist-packages:/home/handsome/ros_ws_test/install/pnp_msgs/lib/python2.7/dist-packages:/home/handsome/ros_ws_test/install/open_auto_dock_msgs/lib/python2.7/dist-packages:/home/handsome/ros_ws_test/install/nav_2d_msgs/lib/python2.7/dist-packages:/home/handsome/ros_ws_test/install/mongodb_store_msgs/lib/python2.7/dist-packages:/home/handsome/ros_ws_test/install/car_db_manager_msgs/lib/python2.7/dist-packages:/home/handsome/ros_ws_test/install/botcmd_msgs/lib/python2.7/dist-packages:/home/handsome/ros_ws_test/install/yocs_cmd_vel_mux/lib/python2.7/dist-packages:/home/handsome/ros_ws_test/install/tug_example_msgs/lib/python2.7/dist-packages:/home/handsome/ros_ws_test/install/teb2_local_planner/lib/python2.7/dist-packages:/home/handsome/ros_ws_test/install/spatio_temporal_voxel_layer/lib/python2.7/dist-packages:/home/handsome/ros_ws_test/install/samsungcmd_msgs/lib/python2.7/dist-packages:/home/handsome/ros_ws_test/install/rp_action_msgs/lib/python2.7/dist-packages:/home/handsome/ros_ws_test/install/robot_localization/lib/python2.7/dist-packages:/home/handsome/ros_ws_test/install/robot_control_msgs/lib/python2.7/dist-packages:/home/handsome/ros_ws_test/install/razor_imu_9dof/lib/python2.7/dist-packages:/home/handsome/ros_ws_test/install/dwb_plugins/lib/python2.7/dist-packages:/home/handsome/ros_ws_test/install/actionlib_modules_msgs/lib/python2.7/dist-packages:/home/handsome/ros_ws_test/install/dwb_msgs/lib/python2.7/dist-packages:/home/handsome/ros_ws_test/install/cellctrl_control_msgs/lib/python2.7/dist-packages:/home/handsome/ros_ws_test/install/ca_msgs/lib/python2.7/dist-packages:/opt/ros/melodic/lib/python2.7/dist-packages ROS_PACKAGE_PATH=/home/handsome/ros_ws_test/install/robot_scheduling_msgs/share:/home/handsome/ros_ws_test/install/pnp_ros/share:/home/handsome/ros_ws_test/install/mongodb_store/share:/home/handsome/ros_ws_test/install/locomotor_msgs/share:/home/handsome/ros_ws_test/install/ros_utility_tools/share:/home/handsome/ros_ws_test/install/reset_location/share:/home/handsome/ros_ws_test/install/pnp_msgs/share:/home/handsome/ros_ws_test/install/open_auto_dock_msgs/share:/home/handsome/ros_ws_test/install/nav_2d_msgs/share:/home/handsome/ros_ws_test/install/mongodb_store_msgs/share:/home/handsome/ros_ws_test/install/car_db_manager_msgs/share:/home/handsome/ros_ws_test/install/botcmd_msgs/share:/home/handsome/ros_ws_test/install/yocs_cmd_vel_mux/share:/home/handsome/ros_ws_test/install/turtlebot_teleop/share:/home/handsome/ros_ws_test/install/tug_example_pnp_server/share:/home/handsome/ros_ws_test/install/tug_example_actions/share:/home/handsome/ros_ws_test/install/tug_example_msgs/share:/home/handsome/ros_ws_test/install/timed_roslaunch/share:/home/handsome/ros_ws_test/install/teb2_local_planner/share:/home/handsome/ros_ws_test/install/stated_roslaunch/share:/home/handsome/ros_ws_test/install/spatio_temporal_voxel_layer/share:/home/handsome/ros_ws_test/install/robot_udp_bridge/share:/home/handsome/ros_ws_test/install/robot_database_bridge/share:/home/handsome/ros_ws_test/install/samsungcmd_msgs/share:/home/handsome/ros_ws_test/install/rplidar_ros/share:/home/handsome/ros_ws_test/install/rp_action/share:/home/handsome/ros_ws_test/install/rp_action_msgs/share:/home/handsome/ros_ws_test/install/robot_scheduling_actions/share:/home/handsome/ros_ws_test/install/cellctrl_qtgui_bridge/share:/home/handsome/ros_ws_test/install/cellctrl_database_bridge/share:/home/handsome/ros_ws_test/install/car_db_manager_qtgui/share:/home/handsome/ros_ws_test/install/car_db_manager_bridge/share:/home/handsome/ros_ws_test/install/car_db_manager_action/share:/home/handsome/ros_ws_test/install/robot_scheduling_server/share:/home/handsome/ros_ws_test/install/robot_navigation/share:/home/handsome/ros_ws_test/install/robot_localization/share:/home/handsome/ros_ws_test/install/robot_control_msgs/share:/home/handsome/ros_ws_test/install/razor_imu_9dof/share:/home/handsome/ros_ws_test/install/pnp_rosplan/share:/home/handsome/ros_ws_test/install/actionlib_modules_controller/share:/home/handsome/ros_ws_test/install/open_auto_dock/share:/home/handsome/ros_ws_test/install/omron_os32c_driver/share:/home/handsome/ros_ws_test/install/dlux_plugins/share:/home/handsome/ros_ws_test/install/dlux_global_planner/share:/home/handsome/ros_ws_test/install/nav_grid_pub_sub/share:/home/handsome/ros_ws_test/install/dwb_critics/share:/home/handsome/ros_ws_test/install/nav_grid_iterators/share:/home/handsome/ros_ws_test/install/locomove_base/share:/home/handsome/ros_ws_test/install/locomotor/share:/home/handsome/ros_ws_test/install/nav_core_adapter/share:/home/handsome/ros_ws_test/install/dwb_plugins/share:/home/handsome/ros_ws_test/install/dwb_local_planner/share:/home/handsome/ros_ws_test/install/nav_2d_utils/share:/home/handsome/ros_ws_test/install/global_planner_tests/share:/home/handsome/ros_ws_test/install/costmap_queue/share:/home/handsome/ros_ws_test/install/nav_core2/share:/home/handsome/ros_ws_test/install/nav_grid/share:/home/handsome/ros_ws_test/install/actionlib_modules_msgs/share:/home/handsome/ros_ws_test/install/dwb_msgs/share:/home/handsome/ros_ws_test/install/mongodb_log/share:/home/handsome/ros_ws_test/install/create_autonomy/share:/home/handsome/ros_ws_test/install/ca_driver/share:/home/handsome/ros_ws_test/install/i_robot_stage/share:/home/handsome/ros_ws_test/install/i_robot_navigation/share:/home/handsome/ros_ws_test/install/cellctrl_control_msgs/share:/home/handsome/ros_ws_test/install/ca_tools/share:/home/handsome/ros_ws_test/install/ca_msgs/share:/home/handsome/ros_ws_test/install/ca_description/share:/opt/ros/melodic/share /usr/bin/cmake --build /home/handsome/ros_ws_test/build/robot_scheduling_actions -- -j12 -l12
[0.169s] [35m[1mScanning dependencies of target robot_scheduling_actions_node[0m
[0.259s] [  4%] [32mBuilding CXX object CMakeFiles/robot_scheduling_actions_node.dir/src/robot_scheduling_service.cpp.o[0m
[1.606s] In file included from [01m[K/usr/include/boost/algorithm/string/classification.hpp:18:0[m[K,
[1.606s]                  from [01m[K/home/handsome/ros_ws_test/src/ros_base/robot_scheduling/robot_scheduling_actions/src/robot_scheduling_service.cpp:5[m[K:
[1.606s] /usr/include/boost/algorithm/string/detail/classification.hpp: In instantiation of â€˜[01m[Kboost::algorithm::detail::is_any_ofF<CharT>::~is_any_ofF() [with CharT = std::__cxx11::basic_string<char>][m[Kâ€™:
[1.606s] [01m[K/home/handsome/ros_ws_test/src/ros_base/robot_scheduling/robot_scheduling_actions/src/robot_scheduling_service.cpp:98:67:[m[K   required from here
[1.606s] [01m[K/usr/include/boost/algorithm/string/detail/classification.hpp:139:17:[m[K [01;31m[Kerror: [m[Kuse of deleted function â€˜[01m[Kboost::algorithm::detail::is_any_ofF<std::__cxx11::basic_string<char> >::<unnamed union>::~<constructor>()[m[Kâ€™
[1.606s]                  [01;31m[K}[m[K
[1.607s]                  [01;31m[K^[m[K
[1.607s] [01m[K/usr/include/boost/algorithm/string/detail/classification.hpp:237:17:[m[K [01;36m[Knote: [m[Kâ€˜[01m[Kboost::algorithm::detail::is_any_ofF<std::__cxx11::basic_string<char> >::<unnamed union>::~<constructor>()[m[Kâ€™ is implicitly deleted because the default definition would be ill-formed:
[1.607s]                  [01;36m[K{[m[K
[1.607s]                  [01;36m[K^[m[K
[1.607s] [01m[K/usr/include/boost/algorithm/string/detail/classification.hpp:239:70:[m[K [01;31m[Kerror: [m[Kunion member â€˜[01m[Kboost::algorithm::detail::is_any_ofF<std::__cxx11::basic_string<char> >::<unnamed union>::m_fixSet[m[Kâ€™ with non-trivial â€˜[01m[Kstd::__cxx11::basic_string<_CharT, _Traits, _Alloc>::~basic_string() [with _CharT = char; _Traits = std::char_traits<char>; _Alloc = std::allocator<char>][m[Kâ€™
[1.607s]                      set_value_type m_fixSet[sizeof(set_value_type*)*2[01;31m[K][m[K;
[1.607s]                                                                       [01;31m[K^[m[K
[1.607s] /usr/include/boost/algorithm/string/detail/classification.hpp: In instantiation of â€˜[01m[Kboost::algorithm::detail::is_any_ofF<CharT>::is_any_ofF(const boost::algorithm::detail::is_any_ofF<CharT>&) [with CharT = std::__cxx11::basic_string<char>][m[Kâ€™:
[1.607s] [01m[K/home/handsome/ros_ws_test/src/ros_base/robot_scheduling/robot_scheduling_actions/src/robot_scheduling_service.cpp:98:68:[m[K   required from here
[1.607s] [01m[K/usr/include/boost/algorithm/string/detail/classification.hpp:107:74:[m[K [01;31m[Kerror: [m[Kuse of deleted function â€˜[01m[Kboost::algorithm::detail::is_any_ofF<std::__cxx11::basic_string<char> >::<unnamed union>::<constructor>()[m[Kâ€™
[1.607s]                  is_any_ofF(const is_any_ofF& Other) : m_Size(Other.m_Size[01;31m[K)[m[K
[1.607s]                                                                           [01;31m[K^[m[K
[1.607s] [01m[K/usr/include/boost/algorithm/string/detail/classification.hpp:237:17:[m[K [01;36m[Knote: [m[Kâ€˜[01m[Kboost::algorithm::detail::is_any_ofF<std::__cxx11::basic_string<char> >::<unnamed union>::<constructor>()[m[Kâ€™ is implicitly deleted because the default definition would be ill-formed:
[1.607s]                  [01;36m[K{[m[K
[1.607s]                  [01;36m[K^[m[K
[1.607s] [01m[K/usr/include/boost/algorithm/string/detail/classification.hpp:239:70:[m[K [01;31m[Kerror: [m[Kunion member â€˜[01m[Kboost::algorithm::detail::is_any_ofF<std::__cxx11::basic_string<char> >::<unnamed union>::m_fixSet[m[Kâ€™ with non-trivial â€˜[01m[Kstd::__cxx11::basic_string<_CharT, _Traits, _Alloc>::basic_string() [with _CharT = char; _Traits = std::char_traits<char>; _Alloc = std::allocator<char>][m[Kâ€™
[1.607s]                      set_value_type m_fixSet[sizeof(set_value_type*)*2[01;31m[K][m[K;
[1.607s]                                                                       [01;31m[K^[m[K
[1.608s] [01m[K/usr/include/boost/algorithm/string/detail/classification.hpp:107:74:[m[K [01;31m[Kerror: [m[Kuse of deleted function â€˜[01m[Kboost::algorithm::detail::is_any_ofF<std::__cxx11::basic_string<char> >::<unnamed union>::~<constructor>()[m[Kâ€™
[1.608s]                  is_any_ofF(const is_any_ofF& Other) : m_Size(Other.m_Size[01;31m[K)[m[K
[1.608s]                                                                           [01;31m[K^[m[K
[1.667s] /usr/include/boost/algorithm/string/detail/classification.hpp: In instantiation of â€˜[01m[Kboost::algorithm::detail::is_any_ofF<CharT>::is_any_ofF(const RangeT&) [with RangeT = boost::iterator_range<std::_Rb_tree_const_iterator<std::__cxx11::basic_string<char> > >; CharT = std::__cxx11::basic_string<char>][m[Kâ€™:
[1.667s] [01m[K/usr/include/boost/algorithm/string/classification.hpp:206:28:[m[K   required from â€˜[01m[Kboost::algorithm::detail::is_any_ofF<typename boost::range_value<T>::type> boost::algorithm::is_any_of(const RangeT&) [with RangeT = std::set<std::__cxx11::basic_string<char> >; typename boost::range_value<T>::type = std::__cxx11::basic_string<char>][m[Kâ€™
[1.667s] [01m[K/home/handsome/ros_ws_test/src/ros_base/robot_scheduling/robot_scheduling_actions/src/robot_scheduling_service.cpp:98:67:[m[K   required from here
[1.667s] [01m[K/usr/include/boost/algorithm/string/detail/classification.hpp:80:61:[m[K [01;31m[Kerror: [m[Kuse of deleted function â€˜[01m[Kboost::algorithm::detail::is_any_ofF<std::__cxx11::basic_string<char> >::<unnamed union>::<constructor>()[m[Kâ€™
[1.667s]                  is_any_ofF( const RangeT& Range ) : m_Size(0[01;31m[K)[m[K
[1.667s]                                                              [01;31m[K^[m[K
[1.667s] [01m[K/usr/include/boost/algorithm/string/detail/classification.hpp:80:61:[m[K [01;31m[Kerror: [m[Kuse of deleted function â€˜[01m[Kboost::algorithm::detail::is_any_ofF<std::__cxx11::basic_string<char> >::<unnamed union>::~<constructor>()[m[Kâ€™
[1.956s] In file included from [01m[K/usr/include/c++/7/algorithm:62:0[m[K,
[1.957s]                  from [01m[K/usr/include/boost/math/tools/config.hpp:18[m[K,
[1.957s]                  from [01m[K/usr/include/boost/math/special_functions/round.hpp:13[m[K,
[1.958s]                  from [01m[K/opt/ros/melodic/include/ros/time.h:58[m[K,
[1.958s]                  from [01m[K/opt/ros/melodic/include/ros/ros.h:38[m[K,
[1.958s]                  from [01m[K/home/handsome/ros_ws_test/src/ros_base/robot_scheduling/robot_scheduling_actions/include/robot_scheduling_service.h:3[m[K,
[1.959s]                  from [01m[K/home/handsome/ros_ws_test/src/ros_base/robot_scheduling/robot_scheduling_actions/src/robot_scheduling_service.cpp:1[m[K:
[1.959s] /usr/include/c++/7/bits/stl_algo.h: In instantiation of â€˜[01m[Kbool std::binary_search(_FIter, _FIter, const _Tp&) [with _FIter = const std::__cxx11::basic_string<char>*; _Tp = char][m[Kâ€™:
[1.959s] [01m[K/usr/include/boost/algorithm/string/detail/classification.hpp:223:48:[m[K   required from â€˜[01m[Kbool boost::algorithm::detail::is_any_ofF<CharT>::operator()(Char2T) const [with Char2T = char; CharT = std::__cxx11::basic_string<char>][m[Kâ€™
[1.959s] [01m[K/usr/include/boost/algorithm/string/detail/finder.hpp:578:45:[m[K   required from â€˜[01m[Kboost::iterator_range<Iterator> boost::algorithm::detail::token_finderF<PredicateT>::operator()(ForwardIteratorT, ForwardIteratorT) const [with ForwardIteratorT = __gnu_cxx::__normal_iterator<char*, std::__cxx11::basic_string<char> >; PredicateT = boost::algorithm::detail::is_any_ofF<std::__cxx11::basic_string<char> >][m[Kâ€™
[1.959s] [01m[K/usr/include/boost/algorithm/string/concept.hpp:43:24:[m[K   required from â€˜[01m[Kvoid boost::algorithm::FinderConcept<FinderT, IteratorT>::constraints() [with FinderT = boost::algorithm::detail::token_finderF<boost::algorithm::detail::is_any_ofF<std::__cxx11::basic_string<char> > >; IteratorT = __gnu_cxx::__normal_iterator<char*, std::__cxx11::basic_string<char> >][m[Kâ€™
[1.959s] [01m[K/usr/include/boost/concept/detail/has_constraints.hpp:32:62:[m[K   required by substitution of â€˜[01m[Ktemplate<class Model> boost::concepts::detail::yes boost::concepts::detail::has_constraints_(Model*, boost::concepts::detail::wrap_constraints<Model, (& Model:: constraints)>*) [with Model = boost::algorithm::FinderConcept<boost::algorithm::detail::token_finderF<boost::algorithm::detail::is_any_ofF<std::__cxx11::basic_string<char> > >, __gnu_cxx::__normal_iterator<char*, std::__cxx11::basic_string<char> > >][m[Kâ€™
[1.960s] [01m[K/usr/include/boost/concept/detail/has_constraints.hpp:42:5:[m[K   required from â€˜[01m[Kconst bool boost::concepts::not_satisfied<boost::algorithm::FinderConcept<boost::algorithm::detail::token_finderF<boost::algorithm::detail::is_any_ofF<std::__cxx11::basic_string<char> > >, __gnu_cxx::__normal_iterator<char*, std::__cxx11::basic_string<char> > > >::value[m[Kâ€™
[1.960s] [01m[K/usr/include/boost/concept/detail/has_constraints.hpp:45:31:[m[K   required from â€˜[01m[Kstruct boost::concepts::not_satisfied<boost::algorithm::FinderConcept<boost::algorithm::detail::token_finderF<boost::algorithm::detail::is_any_ofF<std::__cxx11::basic_string<char> > >, __gnu_cxx::__normal_iterator<char*, std::__cxx11::basic_string<char> > > >[m[Kâ€™
[1.960s] [01m[K/usr/include/boost/mpl/if.hpp:63:11:[m[K   required from â€˜[01m[Kstruct boost::mpl::if_<boost::concepts::not_satisfied<boost::algorithm::FinderConcept<boost::algorithm::detail::token_finderF<boost::algorithm::detail::is_any_ofF<std::__cxx11::basic_string<char> > >, __gnu_cxx::__normal_iterator<char*, std::__cxx11::basic_string<char> > > >, boost::concepts::constraint<boost::algorithm::FinderConcept<boost::algorithm::detail::token_finderF<boost::algorithm::detail::is_any_ofF<std::__cxx11::basic_string<char> > >, __gnu_cxx::__normal_iterator<char*, std::__cxx11::basic_string<char> > > >, boost::concepts::requirement<boost::concepts::failed************ boost::algorithm::FinderConcept<boost::algorithm::detail::token_finderF<boost::algorithm::detail::is_any_ofF<std::__cxx11::basic_string<char> > >, __gnu_cxx::__normal_iterator<char*, std::__cxx11::basic_string<char> > >::************> >[m[Kâ€™
[1.960s] [01m[K/usr/include/boost/concept/detail/general.hpp:51:8:[m[K   required from â€˜[01m[Kstruct boost::concepts::requirement_<void (*)(boost::algorithm::FinderConcept<boost::algorithm::detail::token_finderF<boost::algorithm::detail::is_any_ofF<std::__cxx11::basic_string<char> > >, __gnu_cxx::__normal_iterator<char*, std::__cxx11::basic_string<char> > >)>[m[Kâ€™
[1.960s] [01m[K/usr/include/boost/algorithm/string/iter_find.hpp:77:13:[m[K   required from â€˜[01m[KSequenceSequenceT& boost::algorithm::iter_split(SequenceSequenceT&, RangeT&, FinderT) [with SequenceSequenceT = std::vector<std::__cxx11::basic_string<char> >; RangeT = std::__cxx11::basic_string<char>; FinderT = boost::algorithm::detail::token_finderF<boost::algorithm::detail::is_any_ofF<std::__cxx11::basic_string<char> > >][m[Kâ€™
[1.960s] [01m[K/usr/include/boost/algorithm/string/split.hpp:146:50:[m[K   required from â€˜[01m[KSequenceSequenceT& boost::algorithm::split(SequenceSequenceT&, RangeT&, PredicateT, boost::algorithm::token_compress_mode_type) [with SequenceSequenceT = std::vector<std::__cxx11::basic_string<char> >; RangeT = std::__cxx11::basic_string<char>; PredicateT = boost::algorithm::detail::is_any_ofF<std::__cxx11::basic_string<char> >][m[Kâ€™
[1.960s] [01m[K/home/handsome/ros_ws_test/src/ros_base/robot_scheduling/robot_scheduling_actions/src/robot_scheduling_service.cpp:98:68:[m[K   required from here
[1.961s] [01m[K/usr/include/c++/7/bits/stl_algo.h:2260:39:[m[K [01;31m[Kerror: [m[Kno match for â€˜[01m[Koperator<[m[Kâ€™ (operand types are â€˜[01m[Kconst char[m[Kâ€™ and â€˜[01m[Kconst std::__cxx11::basic_string<char>[m[Kâ€™)
[1.961s]        return __i != __last && ![01;31m[K(__val < *__i)[m[K;
[1.961s]                                 [01;31m[K~~~~~~~^~~~~~~[m[K
[1.961s] In file included from [01m[K/usr/include/c++/7/bits/stl_algobase.h:64:0[m[K,
[1.961s]                  from [01m[K/usr/include/c++/7/bits/char_traits.h:39[m[K,
[1.961s]                  from [01m[K/usr/include/c++/7/string:40[m[K,
[1.961s]                  from [01m[K/opt/ros/melodic/include/ros/platform.h:38[m[K,
[1.961s]                  from [01m[K/opt/ros/melodic/include/ros/time.h:53[m[K,
[1.961s]                  from [01m[K/opt/ros/melodic/include/ros/ros.h:38[m[K,
[1.962s]                  from [01m[K/home/handsome/ros_ws_test/src/ros_base/robot_scheduling/robot_scheduling_actions/include/robot_scheduling_service.h:3[m[K,
[1.962s]                  from [01m[K/home/handsome/ros_ws_test/src/ros_base/robot_scheduling/robot_scheduling_actions/src/robot_scheduling_service.cpp:1[m[K:
[1.962s] [01m[K/usr/include/c++/7/bits/stl_pair.h:454:5:[m[K [01;36m[Knote: [m[Kcandidate: template<class _T1, class _T2> constexpr bool std::operator<(const std::pair<_T1, _T2>&, const std::pair<_T1, _T2>&)
[1.962s]      [01;36m[Koperator[m[K<(const pair<_T1, _T2>& __x, const pair<_T1, _T2>& __y)
[1.962s]      [01;36m[K^~~~~~~~[m[K
[1.962s] [01m[K/usr/include/c++/7/bits/stl_pair.h:454:5:[m[K [01;36m[Knote: [m[K  template argument deduction/substitution failed:
[1.962s] In file included from [01m[K/usr/include/c++/7/algorithm:62:0[m[K,
[1.962s]                  from [01m[K/usr/include/boost/math/tools/config.hpp:18[m[K,
[1.962s]                  from [01m[K/usr/include/boost/math/special_functions/round.hpp:13[m[K,
[1.963s]                  from [01m[K/opt/ros/melodic/include/ros/time.h:58[m[K,
[1.963s]                  from [01m[K/opt/ros/melodic/include/ros/ros.h:38[m[K,
[1.963s]                  from [01m[K/home/handsome/ros_ws_test/src/ros_base/robot_scheduling/robot_scheduling_actions/include/robot_scheduling_service.h:3[m[K,
[1.963s]                  from [01m[K/home/handsome/ros_ws_test/src/ros_base/robot_scheduling/robot_scheduling_actions/src/robot_scheduling_service.cpp:1[m[K:
[1.963s] [01m[K/usr/include/c++/7/bits/stl_algo.h:2260:39:[m[K [01;36m[Knote: [m[K  mismatched types â€˜[01m[Kconst std::pair<_T1, _T2>[m[Kâ€™ and â€˜[01m[Kconst char[m[Kâ€™
[1.963s]        return __i != __last && ![01;36m[K(__val < *__i)[m[K;
[1.963s]                                 [01;36m[K~~~~~~~^~~~~~~[m[K
[1.963s] In file included from [01m[K/usr/include/c++/7/bits/stl_algobase.h:67:0[m[K,
[1.963s]                  from [01m[K/usr/include/c++/7/bits/char_traits.h:39[m[K,
[1.964s]                  from [01m[K/usr/include/c++/7/string:40[m[K,
[1.964s]                  from [01m[K/opt/ros/melodic/include/ros/platform.h:38[m[K,
[1.964s]                  from [01m[K/opt/ros/melodic/include/ros/time.h:53[m[K,
[1.964s]                  from [01m[K/opt/ros/melodic/include/ros/ros.h:38[m[K,
[1.964s]                  from [01m[K/home/handsome/ros_ws_test/src/ros_base/robot_scheduling/robot_scheduling_actions/include/robot_scheduling_service.h:3[m[K,
[1.964s]                  from [01m[K/home/handsome/ros_ws_test/src/ros_base/robot_scheduling/robot_scheduling_actions/src/robot_scheduling_service.cpp:1[m[K:
[1.964s] [01m[K/usr/include/c++/7/bits/stl_iterator.h:308:5:[m[K [01;36m[Knote: [m[Kcandidate: template<class _Iterator> bool std::operator<(const std::reverse_iterator<_Iterator>&, const std::reverse_iterator<_Iterator>&)
[1.964s]      [01;36m[Koperator[m[K<(const reverse_iterator<_Iterator>& __x,
[1.964s]      [01;36m[K^~~~~~~~[m[K
[1.965s] [01m[K/usr/include/c++/7/bits/stl_iterator.h:308:5:[m[K [01;36m[Knote: [m[K  template argument deduction/substitution failed:
[1.965s] In file included from [01m[K/usr/include/c++/7/algorithm:62:0[m[K,
[1.965s]                  from [01m[K/usr/include/boost/math/tools/config.hpp:18[m[K,
[1.965s]                  from [01m[K/usr/include/boost/math/special_functions/round.hpp:13[m[K,
[1.965s]                  from [01m[K/opt/ros/melodic/include/ros/time.h:58[m[K,
[1.965s]                  from [01m[K/opt/ros/melodic/include/ros/ros.h:38[m[K,
[1.965s]                  from [01m[K/home/handsome/ros_ws_test/src/ros_base/robot_scheduling/robot_scheduling_actions/include/robot_scheduling_service.h:3[m[K,
[1.965s]                  from [01m[K/home/handsome/ros_ws_test/src/ros_base/robot_scheduling/robot_scheduling_actions/src/robot_scheduling_service.cpp:1[m[K:
[1.965s] [01m[K/usr/include/c++/7/bits/stl_algo.h:2260:39:[m[K [01;36m[Knote: [m[K  mismatched types â€˜[01m[Kconst std::reverse_iterator<_Iterator>[m[Kâ€™ and â€˜[01m[Kconst char[m[Kâ€™
[1.966s]        return __i != __last && ![01;36m[K(__val < *__i)[m[K;
[1.966s]                                 [01;36m[K~~~~~~~^~~~~~~[m[K
[1.966s] In file included from [01m[K/usr/include/c++/7/bits/stl_algobase.h:67:0[m[K,
[1.966s]                  from [01m[K/usr/include/c++/7/bits/char_traits.h:39[m[K,
[1.966s]                  from [01m[K/usr/include/c++/7/string:40[m[K,
[1.966s]                  from [01m[K/opt/ros/melodic/include/ros/platform.h:38[m[K,
[1.966s]                  from [01m[K/opt/ros/melodic/include/ros/time.h:53[m[K,
[1.966s]                  from [01m[K/opt/ros/melodic/include/ros/ros.h:38[m[K,
[1.966s]                  from [01m[K/home/handsome/ros_ws_test/src/ros_base/robot_scheduling/robot_scheduling_actions/include/robot_scheduling_service.h:3[m[K,
[1.967s]                  from [01m[K/home/handsome/ros_ws_test/src/ros_base/robot_scheduling/robot_scheduling_actions/src/robot_scheduling_service.cpp:1[m[K:
[1.967s] [01m[K/usr/include/c++/7/bits/stl_iterator.h:346:5:[m[K [01;36m[Knote: [m[Kcandidate: template<class _IteratorL, class _IteratorR> bool std::operator<(const std::reverse_iterator<_Iterator>&, const std::reverse_iterator<_IteratorR>&)
[1.967s]      [01;36m[Koperator[m[K<(const reverse_iterator<_IteratorL>& __x,
[1.967s]      [01;36m[K^~~~~~~~[m[K
[1.967s] [01m[K/usr/include/c++/7/bits/stl_iterator.h:346:5:[m[K [01;36m[Knote: [m[K  template argument deduction/substitution failed:
[1.967s] In file included from [01m[K/usr/include/c++/7/algorithm:62:0[m[K,
[1.967s]                  from [01m[K/usr/include/boost/math/tools/config.hpp:18[m[K,
[1.967s]                  from [01m[K/usr/include/boost/math/special_functions/round.hpp:13[m[K,
[1.967s]                  from [01m[K/opt/ros/melodic/include/ros/time.h:58[m[K,
[1.967s]                  from [01m[K/opt/ros/melodic/include/ros/ros.h:38[m[K,
[1.968s]                  from [01m[K/home/handsome/ros_ws_test/src/ros_base/robot_scheduling/robot_scheduling_actions/include/robot_scheduling_service.h:3[m[K,
[1.968s]                  from [01m[K/home/handsome/ros_ws_test/src/ros_base/robot_scheduling/robot_scheduling_actions/src/robot_scheduling_service.cpp:1[m[K:
[1.968s] [01m[K/usr/include/c++/7/bits/stl_algo.h:2260:39:[m[K [01;36m[Knote: [m[K  mismatched types â€˜[01m[Kconst std::reverse_iterator<_Iterator>[m[Kâ€™ and â€˜[01m[Kconst char[m[Kâ€™
[1.968s]        return __i != __last && ![01;36m[K(__val < *__i)[m[K;
[1.968s]                                 [01;36m[K~~~~~~~^~~~~~~[m[K
[1.968s] In file included from [01m[K/usr/include/c++/7/bits/stl_algobase.h:67:0[m[K,
[1.968s]                  from [01m[K/usr/include/c++/7/bits/char_traits.h:39[m[K,
[1.968s]                  from [01m[K/usr/include/c++/7/string:40[m[K,
[1.968s]                  from [01m[K/opt/ros/melodic/include/ros/platform.h:38[m[K,
[1.969s]                  from [01m[K/opt/ros/melodic/include/ros/time.h:53[m[K,
[1.969s]                  from [01m[K/opt/ros/melodic/include/ros/ros.h:38[m[K,
[1.969s]                  from [01m[K/home/handsome/ros_ws_test/src/ros_base/robot_scheduling/robot_scheduling_actions/include/robot_scheduling_service.h:3[m[K,
[1.969s]                  from [01m[K/home/handsome/ros_ws_test/src/ros_base/robot_scheduling/robot_scheduling_actions/src/robot_scheduling_service.cpp:1[m[K:
[1.969s] [01m[K/usr/include/c++/7/bits/stl_iterator.h:1145:5:[m[K [01;36m[Knote: [m[Kcandidate: template<class _IteratorL, class _IteratorR> bool std::operator<(const std::move_iterator<_IteratorL>&, const std::move_iterator<_IteratorR>&)
[1.969s]      [01;36m[Koperator[m[K<(const move_iterator<_IteratorL>& __x,
[1.969s]      [01;36m[K^~~~~~~~[m[K
[1.969s] [01m[K/usr/include/c++/7/bits/stl_iterator.h:1145:5:[m[K [01;36m[Knote: [m[K  template argument deduction/substitution failed:
[1.969s] In file included from [01m[K/usr/include/c++/7/algorithm:62:0[m[K,
[1.970s]                  from [01m[K/usr/include/boost/math/tools/config.hpp:18[m[K,
[1.970s]                  from [01m[K/usr/include/boost/math/special_functions/round.hpp:13[m[K,
[1.970s]                  from [01m[K/opt/ros/melodic/include/ros/time.h:58[m[K,
[1.970s]                  from [01m[K/opt/ros/melodic/include/ros/ros.h:38[m[K,
[1.970s]                  from [01m[K/home/handsome/ros_ws_test/src/ros_base/robot_scheduling/robot_scheduling_actions/include/robot_scheduling_service.h:3[m[K,
[1.970s]                  from [01m[K/home/handsome/ros_ws_test/src/ros_base/robot_scheduling/robot_scheduling_actions/src/robot_scheduling_service.cpp:1[m[K:
[1.970s] [01m[K/usr/include/c++/7/bits/stl_algo.h:2260:39:[m[K [01;36m[Knote: [m[K  mismatched types â€˜[01m[Kconst std::move_iterator<_IteratorL>[m[Kâ€™ and â€˜[01m[Kconst char[m[Kâ€™
[1.970s]        return __i != __last && ![01;36m[K(__val < *__i)[m[K;
[1.970s]                                 [01;36m[K~~~~~~~^~~~~~~[m[K
[1.971s] In file included from [01m[K/usr/include/c++/7/bits/stl_algobase.h:67:0[m[K,
[1.971s]                  from [01m[K/usr/include/c++/7/bits/char_traits.h:39[m[K,
[1.971s]                  from [01m[K/usr/include/c++/7/string:40[m[K,
[1.971s]                  from [01m[K/opt/ros/melodic/include/ros/platform.h:38[m[K,
[1.971s]                  from [01m[K/opt/ros/melodic/include/ros/time.h:53[m[K,
[1.971s]                  from [01m[K/opt/ros/melodic/include/ros/ros.h:38[m[K,
[1.971s]                  from [01m[K/home/handsome/ros_ws_test/src/ros_base/robot_scheduling/robot_scheduling_actions/include/robot_scheduling_service.h:3[m[K,
[1.971s]                  from [01m[K/home/handsome/ros_ws_test/src/ros_base/robot_scheduling/robot_scheduling_actions/src/robot_scheduling_service.cpp:1[m[K:
[1.971s] [01m[K/usr/include/c++/7/bits/stl_iterator.h:1151:5:[m[K [01;36m[Knote: [m[Kcandidate: template<class _Iterator> bool std::operator<(const std::move_iterator<_IteratorL>&, const std::move_iterator<_IteratorL>&)
[1.972s]      [01;36m[Koperator[m[K<(const move_iterator<_Iterator>& __x,
[1.972s]      [01;36m[K^~~~~~~~[m[K
[1.972s] [01m[K/usr/include/c++/7/bits/stl_iterator.h:1151:5:[m[K [01;36m[Knote: [m[K  template argument deduction/substitution failed:
[1.972s] In file included from [01m[K/usr/include/c++/7/algorithm:62:0[m[K,
[1.972s]                  from [01m[K/usr/include/boost/math/tools/config.hpp:18[m[K,
[1.972s]                  from [01m[K/usr/include/boost/math/special_functions/round.hpp:13[m[K,
[1.972s]                  from [01m[K/opt/ros/melodic/include/ros/time.h:58[m[K,
[1.972s]                  from [01m[K/opt/ros/melodic/include/ros/ros.h:38[m[K,
[1.972s]                  from [01m[K/home/handsome/ros_ws_test/src/ros_base/robot_scheduling/robot_scheduling_actions/include/robot_scheduling_service.h:3[m[K,
[1.973s]                  from [01m[K/home/handsome/ros_ws_test/src/ros_base/robot_scheduling/robot_scheduling_actions/src/robot_scheduling_service.cpp:1[m[K:
[1.973s] [01m[K/usr/include/c++/7/bits/stl_algo.h:2260:39:[m[K [01;36m[Knote: [m[K  mismatched types â€˜[01m[Kconst std::move_iterator<_IteratorL>[m[Kâ€™ and â€˜[01m[Kconst char[m[Kâ€™
[1.973s]        return __i != __last && ![01;36m[K(__val < *__i)[m[K;
[1.973s]                                 [01;36m[K~~~~~~~^~~~~~~[m[K
[1.973s] In file included from [01m[K/usr/include/c++/7/string:52:0[m[K,
[1.973s]                  from [01m[K/opt/ros/melodic/include/ros/platform.h:38[m[K,
[1.973s]                  from [01m[K/opt/ros/melodic/include/ros/time.h:53[m[K,
[1.973s]                  from [01m[K/opt/ros/melodic/include/ros/ros.h:38[m[K,
[1.973s]                  from [01m[K/home/handsome/ros_ws_test/src/ros_base/robot_scheduling/robot_scheduling_actions/include/robot_scheduling_service.h:3[m[K,
[1.973s]                  from [01m[K/home/handsome/ros_ws_test/src/ros_base/robot_scheduling/robot_scheduling_actions/src/robot_scheduling_service.cpp:1[m[K:
[1.974s] [01m[K/usr/include/c++/7/bits/basic_string.h:6094:5:[m[K [01;36m[Knote: [m[Kcandidate: template<class _CharT, class _Traits, class _Alloc> bool std::operator<(const std::__cxx11::basic_string<_CharT, _Traits, _Alloc>&, const std::__cxx11::basic_string<_CharT, _Traits, _Alloc>&)
[1.974s]      [01;36m[Koperator[m[K<(const basic_string<_CharT, _Traits, _Alloc>& __lhs,
[1.974s]      [01;36m[K^~~~~~~~[m[K
[1.974s] [01m[K/usr/include/c++/7/bits/basic_string.h:6094:5:[m[K [01;36m[Knote: [m[K  template argument deduction/substitution failed:
[1.974s] In file included from [01m[K/usr/include/c++/7/algorithm:62:0[m[K,
[1.974s]                  from [01m[K/usr/include/boost/math/tools/config.hpp:18[m[K,
[1.974s]                  from [01m[K/usr/include/boost/math/special_functions/round.hpp:13[m[K,
[1.974s]                  from [01m[K/opt/ros/melodic/include/ros/time.h:58[m[K,
[1.974s]                  from [01m[K/opt/ros/melodic/include/ros/ros.h:38[m[K,
[1.975s]                  from [01m[K/home/handsome/ros_ws_test/src/ros_base/robot_scheduling/robot_scheduling_actions/include/robot_scheduling_service.h:3[m[K,
[1.975s]                  from [01m[K/home/handsome/ros_ws_test/src/ros_base/robot_scheduling/robot_scheduling_actions/src/robot_scheduling_service.cpp:1[m[K:
[1.975s] [01m[K/usr/include/c++/7/bits/stl_algo.h:2260:39:[m[K [01;36m[Knote: [m[K  mismatched types â€˜[01m[Kconst std::__cxx11::basic_string<_CharT, _Traits, _Alloc>[m[Kâ€™ and â€˜[01m[Kconst char[m[Kâ€™
[1.975s]        return __i != __last && ![01;36m[K(__val < *__i)[m[K;
[1.975s]                                 [01;36m[K~~~~~~~^~~~~~~[m[K
[1.975s] In file included from [01m[K/usr/include/c++/7/string:52:0[m[K,
[1.975s]                  from [01m[K/opt/ros/melodic/include/ros/platform.h:38[m[K,
[1.975s]                  from [01m[K/opt/ros/melodic/include/ros/time.h:53[m[K,
[1.975s]                  from [01m[K/opt/ros/melodic/include/ros/ros.h:38[m[K,
[1.975s]                  from [01m[K/home/handsome/ros_ws_test/src/ros_base/robot_scheduling/robot_scheduling_actions/include/robot_scheduling_service.h:3[m[K,
[1.976s]                  from [01m[K/home/handsome/ros_ws_test/src/ros_base/robot_scheduling/robot_scheduling_actions/src/robot_scheduling_service.cpp:1[m[K:
[1.976s] [01m[K/usr/include/c++/7/bits/basic_string.h:6107:5:[m[K [01;36m[Knote: [m[Kcandidate: template<class _CharT, class _Traits, class _Alloc> bool std::operator<(const std::__cxx11::basic_string<_CharT, _Traits, _Alloc>&, const _CharT*)
[1.976s]      [01;36m[Koperator[m[K<(const basic_string<_CharT, _Traits, _Alloc>& __lhs,
[1.976s]      [01;36m[K^~~~~~~~[m[K
[1.976s] [01m[K/usr/include/c++/7/bits/basic_string.h:6107:5:[m[K [01;36m[Knote: [m[K  template argument deduction/substitution failed:
[1.976s] In file included from [01m[K/usr/include/c++/7/algorithm:62:0[m[K,
[1.976s]                  from [01m[K/usr/include/boost/math/tools/config.hpp:18[m[K,
[1.976s]                  from [01m[K/usr/include/boost/math/special_functions/round.hpp:13[m[K,
[1.976s]                  from [01m[K/opt/ros/melodic/include/ros/time.h:58[m[K,
[1.977s]                  from [01m[K/opt/ros/melodic/include/ros/ros.h:38[m[K,
[1.977s]                  from [01m[K/home/handsome/ros_ws_test/src/ros_base/robot_scheduling/robot_scheduling_actions/include/robot_scheduling_service.h:3[m[K,
[1.977s]                  from [01m[K/home/handsome/ros_ws_test/src/ros_base/robot_scheduling/robot_scheduling_actions/src/robot_scheduling_service.cpp:1[m[K:
[1.977s] [01m[K/usr/include/c++/7/bits/stl_algo.h:2260:39:[m[K [01;36m[Knote: [m[K  mismatched types â€˜[01m[Kconst std::__cxx11::basic_string<_CharT, _Traits, _Alloc>[m[Kâ€™ and â€˜[01m[Kconst char[m[Kâ€™
[1.977s]        return __i != __last && ![01;36m[K(__val < *__i)[m[K;
[1.977s]                                 [01;36m[K~~~~~~~^~~~~~~[m[K
[1.977s] In file included from [01m[K/usr/include/c++/7/string:52:0[m[K,
[1.977s]                  from [01m[K/opt/ros/melodic/include/ros/platform.h:38[m[K,
[1.977s]                  from [01m[K/opt/ros/melodic/include/ros/time.h:53[m[K,
[1.978s]                  from [01m[K/opt/ros/melodic/include/ros/ros.h:38[m[K,
[1.978s]                  from [01m[K/home/handsome/ros_ws_test/src/ros_base/robot_scheduling/robot_scheduling_actions/include/robot_scheduling_service.h:3[m[K,
[1.978s]                  from [01m[K/home/handsome/ros_ws_test/src/ros_base/robot_scheduling/robot_scheduling_actions/src/robot_scheduling_service.cpp:1[m[K:
[1.978s] [01m[K/usr/include/c++/7/bits/basic_string.h:6119:5:[m[K [01;36m[Knote: [m[Kcandidate: template<class _CharT, class _Traits, class _Alloc> bool std::operator<(const _CharT*, const std::__cxx11::basic_string<_CharT, _Traits, _Alloc>&)
[1.978s]      [01;36m[Koperator[m[K<(const _CharT* __lhs,
[1.978s]      [01;36m[K^~~~~~~~[m[K
[1.978s] [01m[K/usr/include/c++/7/bits/basic_string.h:6119:5:[m[K [01;36m[Knote: [m[K  template argument deduction/substitution failed:
[1.978s] In file included from [01m[K/usr/include/c++/7/algorithm:62:0[m[K,
[1.978s]                  from [01m[K/usr/include/boost/math/tools/config.hpp:18[m[K,
[1.978s]                  from [01m[K/usr/include/boost/math/special_functions/round.hpp:13[m[K,
[1.979s]                  from [01m[K/opt/ros/melodic/include/ros/time.h:58[m[K,
[1.979s]                  from [01m[K/opt/ros/melodic/include/ros/ros.h:38[m[K,
[1.979s]                  from [01m[K/home/handsome/ros_ws_test/src/ros_base/robot_scheduling/robot_scheduling_actions/include/robot_scheduling_service.h:3[m[K,
[1.979s]                  from [01m[K/home/handsome/ros_ws_test/src/ros_base/robot_scheduling/robot_scheduling_actions/src/robot_scheduling_service.cpp:1[m[K:
[1.979s] [01m[K/usr/include/c++/7/bits/stl_algo.h:2260:39:[m[K [01;36m[Knote: [m[K  mismatched types â€˜[01m[Kconst _CharT*[m[Kâ€™ and â€˜[01m[Kchar[m[Kâ€™
[1.979s]        return __i != __last && ![01;36m[K(__val < *__i)[m[K;
[1.979s]                                 [01;36m[K~~~~~~~^~~~~~~[m[K
[1.979s] In file included from [01m[K/usr/include/c++/7/bits/ios_base.h:46:0[m[K,
[1.979s]                  from [01m[K/usr/include/c++/7/ios:42[m[K,
[1.980s]                  from [01m[K/usr/include/c++/7/ostream:38[m[K,
[1.980s]                  from [01m[K/usr/include/c++/7/iostream:39[m[K,
[1.980s]                  from [01m[K/opt/ros/melodic/include/ros/time.h:54[m[K,
[1.980s]                  from [01m[K/opt/ros/melodic/include/ros/ros.h:38[m[K,
[1.980s]                  from [01m[K/home/handsome/ros_ws_test/src/ros_base/robot_scheduling/robot_scheduling_actions/include/robot_scheduling_service.h:3[m[K,
[1.980s]                  from [01m[K/home/handsome/ros_ws_test/src/ros_base/robot_scheduling/robot_scheduling_actions/src/robot_scheduling_service.cpp:1[m[K:
[1.980s] [01m[K/usr/include/c++/7/system_error:208:3:[m[K [01;36m[Knote: [m[Kcandidate: bool std::operator<(const std::error_code&, const std::error_code&)
[1.980s]    [01;36m[Koperator[m[K<(const error_code& __lhs, const error_code& __rhs) noexcept
[1.980s]    [01;36m[K^~~~~~~~[m[K
[1.981s] [01m[K/usr/include/c++/7/system_error:208:3:[m[K [01;36m[Knote: [m[K  no known conversion for argument 1 from â€˜[01m[Kconst char[m[Kâ€™ to â€˜[01m[Kconst std::error_code&[m[Kâ€™
[1.981s] [01m[K/usr/include/c++/7/system_error:282:3:[m[K [01;36m[Knote: [m[Kcandidate: bool std::operator<(const std::error_condition&, const std::error_condition&)
[1.981s]    [01;36m[Koperator[m[K<(const error_condition& __lhs,
[1.981s]    [01;36m[K^~~~~~~~[m[K
[1.981s] [01m[K/usr/include/c++/7/system_error:282:3:[m[K [01;36m[Knote: [m[K  no known conversion for argument 1 from â€˜[01m[Kconst char[m[Kâ€™ to â€˜[01m[Kconst std::error_condition&[m[Kâ€™
[1.981s] In file included from [01m[K/usr/include/c++/7/tuple:39:0[m[K,
[1.981s]                  from [01m[K/usr/include/c++/7/bits/unique_ptr.h:37[m[K,
[1.981s]                  from [01m[K/usr/include/c++/7/bits/locale_conv.h:41[m[K,
[1.981s]                  from [01m[K/usr/include/c++/7/locale:43[m[K,
[1.982s]                  from [01m[K/usr/include/c++/7/iomanip:43[m[K,
[1.982s]                  from [01m[K/usr/include/boost/math/policies/error_handling.hpp:12[m[K,
[1.982s]                  from [01m[K/usr/include/boost/math/special_functions/round.hpp:14[m[K,
[1.982s]                  from [01m[K/opt/ros/melodic/include/ros/time.h:58[m[K,
[1.982s]                  from [01m[K/opt/ros/melodic/include/ros/ros.h:38[m[K,
[1.982s]                  from [01m[K/home/handsome/ros_ws_test/src/ros_base/robot_scheduling/robot_scheduling_actions/include/robot_scheduling_service.h:3[m[K,
[1.982s]                  from [01m[K/home/handsome/ros_ws_test/src/ros_base/robot_scheduling/robot_scheduling_actions/src/robot_scheduling_service.cpp:1[m[K:
[1.982s] [01m[K/usr/include/c++/7/array:262:5:[m[K [01;36m[Knote: [m[Kcandidate: template<class _Tp, long unsigned int _Nm> bool std::operator<(const std::array<_Tp, _Nm>&, const std::array<_Tp, _Nm>&)
[1.982s]      [01;36m[Koperator[m[K<(const array<_Tp, _Nm>& __a, const array<_Tp, _Nm>& __b)
[1.982s]      [01;36m[K^~~~~~~~[m[K
[1.983s] [01m[K/usr/include/c++/7/array:262:5:[m[K [01;36m[Knote: [m[K  template argument deduction/substitution failed:
[1.983s] In file included from [01m[K/usr/include/c++/7/algorithm:62:0[m[K,
[1.983s]                  from [01m[K/usr/include/boost/math/tools/config.hpp:18[m[K,
[1.983s]                  from [01m[K/usr/include/boost/math/special_functions/round.hpp:13[m[K,
[1.983s]                  from [01m[K/opt/ros/melodic/include/ros/time.h:58[m[K,
[1.983s]                  from [01m[K/opt/ros/melodic/include/ros/ros.h:38[m[K,
[1.983s]                  from [01m[K/home/handsome/ros_ws_test/src/ros_base/robot_scheduling/robot_scheduling_actions/include/robot_scheduling_service.h:3[m[K,
[1.983s]                  from [01m[K/home/handsome/ros_ws_test/src/ros_base/robot_scheduling/robot_scheduling_actions/src/robot_scheduling_service.cpp:1[m[K:
[1.983s] [01m[K/usr/include/c++/7/bits/stl_algo.h:2260:39:[m[K [01;36m[Knote: [m[K  mismatched types â€˜[01m[Kconst std::array<_Tp, _Nm>[m[Kâ€™ and â€˜[01m[Kconst char[m[Kâ€™
[1.984s]        return __i != __last && ![01;36m[K(__val < *__i)[m[K;
[1.984s]                                 [01;36m[K~~~~~~~^~~~~~~[m[K
[1.984s] In file included from [01m[K/usr/include/c++/7/bits/unique_ptr.h:37:0[m[K,
[1.984s]                  from [01m[K/usr/include/c++/7/bits/locale_conv.h:41[m[K,
[1.984s]                  from [01m[K/usr/include/c++/7/locale:43[m[K,
[1.984s]                  from [01m[K/usr/include/c++/7/iomanip:43[m[K,
[1.984s]                  from [01m[K/usr/include/boost/math/policies/error_handling.hpp:12[m[K,
[1.984s]                  from [01m[K/usr/include/boost/math/special_functions/round.hpp:14[m[K,
[1.984s]                  from [01m[K/opt/ros/melodic/include/ros/time.h:58[m[K,
[1.985s]                  from [01m[K/opt/ros/melodic/include/ros/ros.h:38[m[K,
[1.985s]                  from [01m[K/home/handsome/ros_ws_test/src/ros_base/robot_scheduling/robot_scheduling_actions/include/robot_scheduling_service.h:3[m[K,
[1.985s]                  from [01m[K/home/handsome/ros_ws_test/src/ros_base/robot_scheduling/robot_scheduling_actions/src/robot_scheduling_service.cpp:1[m[K:
[1.985s] [01m[K/usr/include/c++/7/tuple:1410:5:[m[K [01;36m[Knote: [m[Kcandidate: template<class ... _TElements, class ... _UElements> constexpr bool std::operator<(const std::tuple<_Tps ...>&, const std::tuple<_Elements ...>&)
[1.985s]      [01;36m[Koperator[m[K<(const tuple<_TElements...>& __t,
[1.985s]      [01;36m[K^~~~~~~~[m[K
[1.985s] [01m[K/usr/include/c++/7/tuple:1410:5:[m[K [01;36m[Knote: [m[K  template argument deduction/substitution failed:
[1.985s] In file included from [01m[K/usr/include/c++/7/algorithm:62:0[m[K,
[1.985s]                  from [01m[K/usr/include/boost/math/tools/config.hpp:18[m[K,
[1.985s]                  from [01m[K/usr/include/boost/math/special_functions/round.hpp:13[m[K,
[1.986s]                  from [01m[K/opt/ros/melodic/include/ros/time.h:58[m[K,
[1.986s]                  from [01m[K/opt/ros/melodic/include/ros/ros.h:38[m[K,
[1.986s]                  from [01m[K/home/handsome/ros_ws_test/src/ros_base/robot_scheduling/robot_scheduling_actions/include/robot_scheduling_service.h:3[m[K,
[1.986s]                  from [01m[K/home/handsome/ros_ws_test/src/ros_base/robot_scheduling/robot_scheduling_actions/src/robot_scheduling_service.cpp:1[m[K:
[1.986s] [01m[K/usr/include/c++/7/bits/stl_algo.h:2260:39:[m[K [01;36m[Knote: [m[K  mismatched types â€˜[01m[Kconst std::tuple<_Tps ...>[m[Kâ€™ and â€˜[01m[Kconst char[m[Kâ€™
[1.986s]        return __i != __last && ![01;36m[K(__val < *__i)[m[K;
[1.986s]                                 [01;36m[K~~~~~~~^~~~~~~[m[K
[1.986s] In file included from [01m[K/usr/include/c++/7/bits/locale_conv.h:41:0[m[K,
[1.986s]                  from [01m[K/usr/include/c++/7/locale:43[m[K,
[1.987s]                  from [01m[K/usr/include/c++/7/iomanip:43[m[K,
[1.987s]                  from [01m[K/usr/include/boost/math/policies/error_handling.hpp:12[m[K,
[1.987s]                  from [01m[K/usr/include/boost/math/special_functions/round.hpp:14[m[K,
[1.987s]                  from [01m[K/opt/ros/melodic/include/ros/time.h:58[m[K,
[1.987s]                  from [01m[K/opt/ros/melodic/include/ros/ros.h:38[m[K,
[1.987s]                  from [01m[K/home/handsome/ros_ws_test/src/ros_base/robot_scheduling/robot_scheduling_actions/include/robot_scheduling_service.h:3[m[K,
[1.987s]                  from [01m[K/home/handsome/ros_ws_test/src/ros_base/robot_scheduling/robot_scheduling_actions/src/robot_scheduling_service.cpp:1[m[K:
[1.987s] [01m[K/usr/include/c++/7/bits/unique_ptr.h:713:5:[m[K [01;36m[Knote: [m[Kcandidate: template<class _Tp, class _Dp, class _Up, class _Ep> bool std::operator<(const std::unique_ptr<_Tp, _Dp>&, const std::unique_ptr<_Up, _Ep>&)
[1.987s]      [01;36m[Koperator[m[K<(const unique_ptr<_Tp, _Dp>& __x,
[1.987s]      [01;36m[K^~~~~~~~[m[K
[1.988s] [01m[K/usr/include/c++/7/bits/unique_ptr.h:713:5:[m[K [01;36m[Knote: [m[K  template argument deduction/substitution failed:
[1.988s] In file included from [01m[K/usr/include/c++/7/algorithm:62:0[m[K,
[1.988s]                  from [01m[K/usr/include/boost/math/tools/config.hpp:18[m[K,
[1.988s]                  from [01m[K/usr/include/boost/math/special_functions/round.hpp:13[m[K,
[1.988s]                  from [01m[K/opt/ros/melodic/include/ros/time.h:58[m[K,
[1.988s]                  from [01m[K/opt/ros/melodic/include/ros/ros.h:38[m[K,
[1.988s]                  from [01m[K/home/handsome/ros_ws_test/src/ros_base/robot_scheduling/robot_scheduling_actions/include/robot_scheduling_service.h:3[m[K,
[1.988s]                  from [01m[K/home/handsome/ros_ws_test/src/ros_base/robot_scheduling/robot_scheduling_actions/src/robot_scheduling_service.cpp:1[m[K:
[1.988s] [01m[K/usr/include/c++/7/bits/stl_algo.h:2260:39:[m[K [01;36m[Knote: [m[K  mismatched types â€˜[01m[Kconst std::unique_ptr<_Tp, _Dp>[m[Kâ€™ and â€˜[01m[Kconst char[m[Kâ€™
[1.989s]        return __i != __last && ![01;36m[K(__val < *__i)[m[K;
[1.989s]                                 [01;36m[K~~~~~~~^~~~~~~[m[K
[1.989s] In file included from [01m[K/usr/include/c++/7/bits/locale_conv.h:41:0[m[K,
[1.989s]                  from [01m[K/usr/include/c++/7/locale:43[m[K,
[1.989s]                  from [01m[K/usr/include/c++/7/iomanip:43[m[K,
[1.989s]                  from [01m[K/usr/include/boost/math/policies/error_handling.hpp:12[m[K,
[1.989s]                  from [01m[K/usr/include/boost/math/special_functions/round.hpp:14[m[K,
[1.989s]                  from [01m[K/opt/ros/melodic/include/ros/time.h:58[m[K,
[1.989s]                  from [01m[K/opt/ros/melodic/include/ros/ros.h:38[m[K,
[1.989s]                  from [01m[K/home/handsome/ros_ws_test/src/ros_base/robot_scheduling/robot_scheduling_actions/include/robot_scheduling_service.h:3[m[K,
[1.990s]                  from [01m[K/home/handsome/ros_ws_test/src/ros_base/robot_scheduling/robot_scheduling_actions/src/robot_scheduling_service.cpp:1[m[K:
[1.990s] [01m[K/usr/include/c++/7/bits/unique_ptr.h:724:5:[m[K [01;36m[Knote: [m[Kcandidate: template<class _Tp, class _Dp> bool std::operator<(const std::unique_ptr<_Tp, _Dp>&, std::nullptr_t)
[1.990s]      [01;36m[Koperator[m[K<(const unique_ptr<_Tp, _Dp>& __x, nullptr_t)
[1.990s]      [01;36m[K^~~~~~~~[m[K
[1.990s] [01m[K/usr/include/c++/7/bits/unique_ptr.h:724:5:[m[K [01;36m[Knote: [m[K  template argument deduction/substitution failed:
[1.990s] In file included from [01m[K/usr/include/c++/7/algorithm:62:0[m[K,
[1.990s]                  from [01m[K/usr/include/boost/math/tools/config.hpp:18[m[K,
[1.990s]                  from [01m[K/usr/include/boost/math/special_functions/round.hpp:13[m[K,
[1.990s]                  from [01m[K/opt/ros/melodic/include/ros/time.h:58[m[K,
[1.991s]                  from [01m[K/opt/ros/melodic/include/ros/ros.h:38[m[K,
[1.991s]                  from [01m[K/home/handsome/ros_ws_test/src/ros_base/robot_scheduling/robot_scheduling_actions/include/robot_scheduling_service.h:3[m[K,
[1.991s]                  from [01m[K/home/handsome/ros_ws_test/src/ros_base/robot_scheduling/robot_scheduling_actions/src/robot_scheduling_service.cpp:1[m[K:
[1.991s] [01m[K/usr/include/c++/7/bits/stl_algo.h:2260:39:[m[K [01;36m[Knote: [m[K  mismatched types â€˜[01m[Kconst std::unique_ptr<_Tp, _Dp>[m[Kâ€™ and â€˜[01m[Kconst char[m[Kâ€™
[1.991s]        return __i != __last && ![01;36m[K(__val < *__i)[m[K;
[1.991s]                                 [01;36m[K~~~~~~~^~~~~~~[m[K
[1.991s] In file included from [01m[K/usr/include/c++/7/bits/locale_conv.h:41:0[m[K,
[1.991s]                  from [01m[K/usr/include/c++/7/locale:43[m[K,
[1.991s]                  from [01m[K/usr/include/c++/7/iomanip:43[m[K,
[1.991s]                  from [01m[K/usr/include/boost/math/policies/error_handling.hpp:12[m[K,
[1.992s]                  from [01m[K/usr/include/boost/math/special_functions/round.hpp:14[m[K,
[1.992s]                  from [01m[K/opt/ros/melodic/include/ros/time.h:58[m[K,
[1.992s]                  from [01m[K/opt/ros/melodic/include/ros/ros.h:38[m[K,
[1.992s]                  from [01m[K/home/handsome/ros_ws_test/src/ros_base/robot_scheduling/robot_scheduling_actions/include/robot_scheduling_service.h:3[m[K,
[1.992s]                  from [01m[K/home/handsome/ros_ws_test/src/ros_base/robot_scheduling/robot_scheduling_actions/src/robot_scheduling_service.cpp:1[m[K:
[1.992s] [01m[K/usr/include/c++/7/bits/unique_ptr.h:730:5:[m[K [01;36m[Knote: [m[Kcandidate: template<class _Tp, class _Dp> bool std::operator<(std::nullptr_t, const std::unique_ptr<_Tp, _Dp>&)
[1.992s]      [01;36m[Koperator[m[K<(nullptr_t, const unique_ptr<_Tp, _Dp>& __x)
[1.992s]      [01;36m[K^~~~~~~~[m[K
[1.992s] [01m[K/usr/include/c++/7/bits/unique_ptr.h:730:5:[m[K [01;36m[Knote: [m[K  template argument deduction/substitution failed:
[1.993s] In file included from [01m[K/usr/include/c++/7/algorithm:62:0[m[K,
[1.993s]                  from [01m[K/usr/include/boost/math/tools/config.hpp:18[m[K,
[1.993s]                  from [01m[K/usr/include/boost/math/special_functions/round.hpp:13[m[K,
[1.993s]                  from [01m[K/opt/ros/melodic/include/ros/time.h:58[m[K,
[1.993s]                  from [01m[K/opt/ros/melodic/include/ros/ros.h:38[m[K,
[1.993s]                  from [01m[K/home/handsome/ros_ws_test/src/ros_base/robot_scheduling/robot_scheduling_actions/include/robot_scheduling_service.h:3[m[K,
[1.993s]                  from [01m[K/home/handsome/ros_ws_test/src/ros_base/robot_scheduling/robot_scheduling_actions/src/robot_scheduling_service.cpp:1[m[K:
[1.993s] [01m[K/usr/include/c++/7/bits/stl_algo.h:2260:39:[m[K [01;36m[Knote: [m[K  â€˜[01m[Kconst std::__cxx11::basic_string<char>[m[Kâ€™ is not derived from â€˜[01m[Kconst std::unique_ptr<_Tp, _Dp>[m[Kâ€™
[1.993s]        return __i != __last && ![01;36m[K(__val < *__i)[m[K;
[1.994s]                                 [01;36m[K~~~~~~~^~~~~~~[m[K
[1.994s] In file included from [01m[K/usr/include/c++/7/vector:64:0[m[K,
[1.994s]                  from [01m[K/usr/include/boost/math/special_functions/math_fwd.hpp:26[m[K,
[1.994s]                  from [01m[K/usr/include/boost/math/special_functions/round.hpp:15[m[K,
[1.994s]                  from [01m[K/opt/ros/melodic/include/ros/time.h:58[m[K,
[1.994s]                  from [01m[K/opt/ros/melodic/include/ros/ros.h:38[m[K,
[1.994s]                  from [01m[K/home/handsome/ros_ws_test/src/ros_base/robot_scheduling/robot_scheduling_actions/include/robot_scheduling_service.h:3[m[K,
[1.994s]                  from [01m[K/home/handsome/ros_ws_test/src/ros_base/robot_scheduling/robot_scheduling_actions/src/robot_scheduling_service.cpp:1[m[K:
[1.994s] [01m[K/usr/include/c++/7/bits/stl_vector.h:1618:5:[m[K [01;36m[Knote: [m[Kcandidate: template<class _Tp, class _Alloc> bool std::operator<(const std::vector<_Tp, _Alloc>&, const std::vector<_Tp, _Alloc>&)
[1.994s]      [01;36m[Koperator[m[K<(const vector<_Tp, _Alloc>& __x, const vector<_Tp, _Alloc>& __y)
[1.995s]      [01;36m[K^~~~~~~~[m[K
[1.995s] [01m[K/usr/include/c++/7/bits/stl_vector.h:1618:5:[m[K [01;36m[Knote: [m[K  template argument deduction/substitution failed:
[1.995s] In file included from [01m[K/usr/include/c++/7/algorithm:62:0[m[K,
[1.995s]                  from [01m[K/usr/include/boost/math/tools/config.hpp:18[m[K,
[1.995s]                  from [01m[K/usr/include/boost/math/special_functions/round.hpp:13[m[K,
[1.995s]                  from [01m[K/opt/ros/melodic/include/ros/time.h:58[m[K,
[1.995s]                  from [01m[K/opt/ros/melodic/include/ros/ros.h:38[m[K,
[1.995s]                  from [01m[K/home/handsome/ros_ws_test/src/ros_base/robot_scheduling/robot_scheduling_actions/include/robot_scheduling_service.h:3[m[K,
[1.995s]                  from [01m[K/home/handsome/ros_ws_test/src/ros_base/robot_scheduling/robot_scheduling_actions/src/robot_scheduling_service.cpp:1[m[K:
[1.996s] [01m[K/usr/include/c++/7/bits/stl_algo.h:2260:39:[m[K [01;36m[Knote: [m[K  mismatched types â€˜[01m[Kconst std::vector<_Tp, _Alloc>[m[Kâ€™ and â€˜[01m[Kconst char[m[Kâ€™
[1.996s]        return __i != __last && ![01;36m[K(__val < *__i)[m[K;
[1.996s]                                 [01;36m[K~~~~~~~^~~~~~~[m[K
[1.996s] In file included from [01m[K/usr/include/c++/7/map:60:0[m[K,
[1.996s]                  from [01m[K/opt/ros/melodic/include/ros/console.h:42[m[K,
[1.996s]                  from [01m[K/opt/ros/melodic/include/ros/ros.h:40[m[K,
[1.996s]                  from [01m[K/home/handsome/ros_ws_test/src/ros_base/robot_scheduling/robot_scheduling_actions/include/robot_scheduling_service.h:3[m[K,
[1.996s]                  from [01m[K/home/handsome/ros_ws_test/src/ros_base/robot_scheduling/robot_scheduling_actions/src/robot_scheduling_service.cpp:1[m[K:
[1.996s] [01m[K/usr/include/c++/7/bits/stl_tree.h:1543:5:[m[K [01;36m[Knote: [m[Kcandidate: template<class _Key, class _Val, class _KeyOfValue, class _Compare, class _Alloc> bool std::operator<(const std::_Rb_tree<_Key, _Val, _KeyOfValue, _Compare, _Alloc>&, const std::_Rb_tree<_Key, _Val, _KeyOfValue, _Compare, _Alloc>&)
[1.997s]      [01;36m[Koperator[m[K<(const _Rb_tree<_Key, _Val, _KeyOfValue, _Compare, _Alloc>& __x,
[1.997s]      [01;36m[K^~~~~~~~[m[K
[1.997s] [01m[K/usr/include/c++/7/bits/stl_tree.h:1543:5:[m[K [01;36m[Knote: [m[K  template argument deduction/substitution failed:
[1.997s] In file included from [01m[K/usr/include/c++/7/algorithm:62:0[m[K,
[1.997s]                  from [01m[K/usr/include/boost/math/tools/config.hpp:18[m[K,
[1.997s]                  from [01m[K/usr/include/boost/math/special_functions/round.hpp:13[m[K,
[1.997s]                  from [01m[K/opt/ros/melodic/include/ros/time.h:58[m[K,
[1.997s]                  from [01m[K/opt/ros/melodic/include/ros/ros.h:38[m[K,
[1.997s]                  from [01m[K/home/handsome/ros_ws_test/src/ros_base/robot_scheduling/robot_scheduling_actions/include/robot_scheduling_service.h:3[m[K,
[1.998s]                  from [01m[K/home/handsome/ros_ws_test/src/ros_base/robot_scheduling/robot_scheduling_actions/src/robot_scheduling_service.cpp:1[m[K:
[1.998s] [01m[K/usr/include/c++/7/bits/stl_algo.h:2260:39:[m[K [01;36m[Knote: [m[K  mismatched types â€˜[01m[Kconst std::_Rb_tree<_Key, _Val, _KeyOfValue, _Compare, _Alloc>[m[Kâ€™ and â€˜[01m[Kconst char[m[Kâ€™
[1.998s]        return __i != __last && ![01;36m[K(__val < *__i)[m[K;
[1.998s]                                 [01;36m[K~~~~~~~^~~~~~~[m[K
[1.998s] In file included from [01m[K/usr/include/c++/7/map:61:0[m[K,
[1.998s]                  from [01m[K/opt/ros/melodic/include/ros/console.h:42[m[K,
[1.998s]                  from [01m[K/opt/ros/melodic/include/ros/ros.h:40[m[K,
[1.998s]                  from [01m[K/home/handsome/ros_ws_test/src/ros_base/robot_scheduling/robot_scheduling_actions/include/robot_scheduling_service.h:3[m[K,
[1.998s]                  from [01m[K/home/handsome/ros_ws_test/src/ros_base/robot_scheduling/robot_scheduling_actions/src/robot_scheduling_service.cpp:1[m[K:
[1.998s] [01m[K/usr/include/c++/7/bits/stl_map.h:1411:5:[m[K [01;36m[Knote: [m[Kcandidate: template<class _Key, class _Tp, class _Compare, class _Alloc> bool std::operator<(const std::map<_Key, _Tp, _Compare, _Alloc>&, const std::map<_Key, _Tp, _Compare, _Alloc>&)
[1.999s]      [01;36m[Koperator[m[K<(const map<_Key, _Tp, _Compare, _Alloc>& __x,
[1.999s]      [01;36m[K^~~~~~~~[m[K
[1.999s] [01m[K/usr/include/c++/7/bits/stl_map.h:1411:5:[m[K [01;36m[Knote: [m[K  template argument deduction/substitution failed:
[1.999s] In file included from [01m[K/usr/include/c++/7/algorithm:62:0[m[K,
[1.999s]                  from [01m[K/usr/include/boost/math/tools/config.hpp:18[m[K,
[1.999s]                  from [01m[K/usr/include/boost/math/special_functions/round.hpp:13[m[K,
[1.999s]                  from [01m[K/opt/ros/melodic/include/ros/time.h:58[m[K,
[1.999s]                  from [01m[K/opt/ros/melodic/include/ros/ros.h:38[m[K,
[1.999s]                  from [01m[K/home/handsome/ros_ws_test/src/ros_base/robot_scheduling/robot_scheduling_actions/include/robot_scheduling_service.h:3[m[K,
[2.000s]                  from [01m[K/home/handsome/ros_ws_test/src/ros_base/robot_scheduling/robot_scheduling_actions/src/robot_scheduling_service.cpp:1[m[K:
[2.000s] [01m[K/usr/include/c++/7/bits/stl_algo.h:2260:39:[m[K [01;36m[Knote: [m[K  mismatched types â€˜[01m[Kconst std::map<_Key, _Tp, _Compare, _Alloc>[m[Kâ€™ and â€˜[01m[Kconst char[m[Kâ€™
[2.000s]        return __i != __last && ![01;36m[K(__val < *__i)[m[K;
[2.000s]                                 [01;36m[K~~~~~~~^~~~~~~[m[K
[2.000s] In file included from [01m[K/usr/include/c++/7/map:62:0[m[K,
[2.000s]                  from [01m[K/opt/ros/melodic/include/ros/console.h:42[m[K,
[2.000s]                  from [01m[K/opt/ros/melodic/include/ros/ros.h:40[m[K,
[2.000s]                  from [01m[K/home/handsome/ros_ws_test/src/ros_base/robot_scheduling/robot_scheduling_actions/include/robot_scheduling_service.h:3[m[K,
[2.000s]                  from [01m[K/home/handsome/ros_ws_test/src/ros_base/robot_scheduling/robot_scheduling_actions/src/robot_scheduling_service.cpp:1[m[K:
[2.000s] [01m[K/usr/include/c++/7/bits/stl_multimap.h:1076:5:[m[K [01;36m[Knote: [m[Kcandidate: template<class _Key, class _Tp, class _Compare, class _Alloc> bool std::operator<(const std::multimap<_Key, _Tp, _Compare, _Alloc>&, const std::multimap<_Key, _Tp, _Compare, _Alloc>&)
[2.001s]      [01;36m[Koperator[m[K<(const multimap<_Key, _Tp, _Compare, _Alloc>& __x,
[2.001s]      [01;36m[K^~~~~~~~[m[K
[2.002s] [01m[K/usr/include/c++/7/bits/stl_multimap.h:1076:5:[m[K [01;36m[Knote: [m[K  template argument deduction/substitution failed:
[2.003s] In file included from [01m[K/usr/include/c++/7/algorithm:62:0[m[K,
[2.004s]                  from [01m[K/usr/include/boost/math/tools/config.hpp:18[m[K,
[2.004s]                  from [01m[K/usr/include/boost/math/special_functions/round.hpp:13[m[K,
[2.004s]                  from [01m[K/opt/ros/melodic/include/ros/time.h:58[m[K,
[2.004s]                  from [01m[K/opt/ros/melodic/include/ros/ros.h:38[m[K,
[2.004s]                  from [01m[K/home/handsome/ros_ws_test/src/ros_base/robot_scheduling/robot_scheduling_actions/include/robot_scheduling_service.h:3[m[K,
[2.004s]                  from [01m[K/home/handsome/ros_ws_test/src/ros_base/robot_scheduling/robot_scheduling_actions/src/robot_scheduling_service.cpp:1[m[K:
[2.004s] [01m[K/usr/include/c++/7/bits/stl_algo.h:2260:39:[m[K [01;36m[Knote: [m[K  mismatched types â€˜[01m[Kconst std::multimap<_Key, _Tp, _Compare, _Alloc>[m[Kâ€™ and â€˜[01m[Kconst char[m[Kâ€™
[2.004s]        return __i != __last && ![01;36m[K(__val < *__i)[m[K;
[2.005s]                                 [01;36m[K~~~~~~~^~~~~~~[m[K
[2.005s] In file included from [01m[K/usr/include/c++/7/set:61:0[m[K,
[2.005s]                  from [01m[K/opt/ros/melodic/include/ros/forwards.h:34[m[K,
[2.005s]                  from [01m[K/opt/ros/melodic/include/ros/common.h:37[m[K,
[2.005s]                  from [01m[K/opt/ros/melodic/include/ros/ros.h:43[m[K,
[2.005s]                  from [01m[K/home/handsome/ros_ws_test/src/ros_base/robot_scheduling/robot_scheduling_actions/include/robot_scheduling_service.h:3[m[K,
[2.005s]                  from [01m[K/home/handsome/ros_ws_test/src/ros_base/robot_scheduling/robot_scheduling_actions/src/robot_scheduling_service.cpp:1[m[K:
[2.005s] [01m[K/usr/include/c++/7/bits/stl_set.h:930:5:[m[K [01;36m[Knote: [m[Kcandidate: template<class _Key, class _Compare, class _Alloc> bool std::operator<(const std::set<_Key, _Compare, _Alloc>&, const std::set<_Key, _Compare, _Alloc>&)
[2.005s]      [01;36m[Koperator[m[K<(const set<_Key, _Compare, _Alloc>& __x,
[2.006s]      [01;36m[K^~~~~~~~[m[K
[2.006s] [01m[K/usr/include/c++/7/bits/stl_set.h:930:5:[m[K [01;36m[Knote: [m[K  template argument deduction/substitution failed:
[2.006s] In file included from [01m[K/usr/include/c++/7/algorithm:62:0[m[K,
[2.006s]                  from [01m[K/usr/include/boost/math/tools/config.hpp:18[m[K,
[2.006s]                  from [01m[K/usr/include/boost/math/special_functions/round.hpp:13[m[K,
[2.006s]                  from [01m[K/opt/ros/melodic/include/ros/time.h:58[m[K,
[2.006s]                  from [01m[K/opt/ros/melodic/include/ros/ros.h:38[m[K,
[2.006s]                  from [01m[K/home/handsome/ros_ws_test/src/ros_base/robot_scheduling/robot_scheduling_actions/include/robot_scheduling_service.h:3[m[K,
[2.006s]                  from [01m[K/home/handsome/ros_ws_test/src/ros_base/robot_scheduling/robot_scheduling_actions/src/robot_scheduling_service.cpp:1[m[K:
[2.006s] [01m[K/usr/include/c++/7/bits/stl_algo.h:2260:39:[m[K [01;36m[Knote: [m[K  mismatched types â€˜[01m[Kconst std::set<_Key, _Compare, _Alloc>[m[Kâ€™ and â€˜[01m[Kconst char[m[Kâ€™
[2.007s]        return __i != __last && ![01;36m[K(__val < *__i)[m[K;
[2.007s]                                 [01;36m[K~~~~~~~^~~~~~~[m[K
[2.007s] In file included from [01m[K/usr/include/c++/7/set:62:0[m[K,
[2.007s]                  from [01m[K/opt/ros/melodic/include/ros/forwards.h:34[m[K,
[2.007s]                  from [01m[K/opt/ros/melodic/include/ros/common.h:37[m[K,
[2.007s]                  from [01m[K/opt/ros/melodic/include/ros/ros.h:43[m[K,
[2.007s]                  from [01m[K/home/handsome/ros_ws_test/src/ros_base/robot_scheduling/robot_scheduling_actions/include/robot_scheduling_service.h:3[m[K,
[2.007s]                  from [01m[K/home/handsome/ros_ws_test/src/ros_base/robot_scheduling/robot_scheduling_actions/src/robot_scheduling_service.cpp:1[m[K:
[2.007s] [01m[K/usr/include/c++/7/bits/stl_multiset.h:913:5:[m[K [01;36m[Knote: [m[Kcandidate: template<class _Key, class _Compare, class _Alloc> bool std::operator<(const std::multiset<_Key, _Compare, _Alloc>&, const std::multiset<_Key, _Compare, _Alloc>&)
[2.008s]      [01;36m[Koperator[m[K<(const multiset<_Key, _Compare, _Alloc>& __x,
[2.008s]      [01;36m[K^~~~~~~~[m[K
[2.008s] [01m[K/usr/include/c++/7/bits/stl_multiset.h:913:5:[m[K [01;36m[Knote: [m[K  template argument deduction/substitution failed:
[2.008s] In file included from [01m[K/usr/include/c++/7/algorithm:62:0[m[K,
[2.008s]                  from [01m[K/usr/include/boost/math/tools/config.hpp:18[m[K,
[2.008s]                  from [01m[K/usr/include/boost/math/special_functions/round.hpp:13[m[K,
[2.008s]                  from [01m[K/opt/ros/melodic/include/ros/time.h:58[m[K,
[2.008s]                  from [01m[K/opt/ros/melodic/include/ros/ros.h:38[m[K,
[2.008s]                  from [01m[K/home/handsome/ros_ws_test/src/ros_base/robot_scheduling/robot_scheduling_actions/include/robot_scheduling_service.h:3[m[K,
[2.009s]                  from [01m[K/home/handsome/ros_ws_test/src/ros_base/robot_scheduling/robot_scheduling_actions/src/robot_scheduling_service.cpp:1[m[K:
[2.009s] [01m[K/usr/include/c++/7/bits/stl_algo.h:2260:39:[m[K [01;36m[Knote: [m[K  mismatched types â€˜[01m[Kconst std::multiset<_Key, _Compare, _Alloc>[m[Kâ€™ and â€˜[01m[Kconst char[m[Kâ€™
[2.009s]        return __i != __last && ![01;36m[K(__val < *__i)[m[K;
[2.009s]                                 [01;36m[K~~~~~~~^~~~~~~[m[K
[2.009s] In file included from [01m[K/usr/include/c++/7/list:63:0[m[K,
[2.009s]                  from [01m[K/opt/ros/melodic/include/ros/forwards.h:35[m[K,
[2.009s]                  from [01m[K/opt/ros/melodic/include/ros/common.h:37[m[K,
[2.009s]                  from [01m[K/opt/ros/melodic/include/ros/ros.h:43[m[K,
[2.009s]                  from [01m[K/home/handsome/ros_ws_test/src/ros_base/robot_scheduling/robot_scheduling_actions/include/robot_scheduling_service.h:3[m[K,
[2.010s]                  from [01m[K/home/handsome/ros_ws_test/src/ros_base/robot_scheduling/robot_scheduling_actions/src/robot_scheduling_service.cpp:1[m[K:
[2.010s] [01m[K/usr/include/c++/7/bits/stl_list.h:1918:5:[m[K [01;36m[Knote: [m[Kcandidate: template<class _Tp, class _Alloc> bool std::operator<(const std::__cxx11::list<_Tp, _Alloc>&, const std::__cxx11::list<_Tp, _Alloc>&)
[2.010s]      [01;36m[Koperator[m[K<(const list<_Tp, _Alloc>& __x, const list<_Tp, _Alloc>& __y)
[2.010s]      [01;36m[K^~~~~~~~[m[K
[2.010s] [01m[K/usr/include/c++/7/bits/stl_list.h:1918:5:[m[K [01;36m[Knote: [m[K  template argument deduction/substitution failed:
[2.010s] In file included from [01m[K/usr/include/c++/7/algorithm:62:0[m[K,
[2.010s]                  from [01m[K/usr/include/boost/math/tools/config.hpp:18[m[K,
[2.010s]                  from [01m[K/usr/include/boost/math/special_functions/round.hpp:13[m[K,
[2.010s]                  from [01m[K/opt/ros/melodic/include/ros/time.h:58[m[K,
[2.010s]                  from [01m[K/opt/ros/melodic/include/ros/ros.h:38[m[K,
[2.011s]                  from [01m[K/home/handsome/ros_ws_test/src/ros_base/robot_scheduling/robot_scheduling_actions/include/robot_scheduling_service.h:3[m[K,
[2.011s]                  from [01m[K/home/handsome/ros_ws_test/src/ros_base/robot_scheduling/robot_scheduling_actions/src/robot_scheduling_service.cpp:1[m[K:
[2.011s] [01m[K/usr/include/c++/7/bits/stl_algo.h:2260:39:[m[K [01;36m[Knote: [m[K  mismatched types â€˜[01m[Kconst std::__cxx11::list<_Tp, _Alloc>[m[Kâ€™ and â€˜[01m[Kconst char[m[Kâ€™
[2.011s]        return __i != __last && ![01;36m[K(__val < *__i)[m[K;
[2.011s]                                 [01;36m[K~~~~~~~^~~~~~~[m[K
[2.011s] In file included from [01m[K/usr/include/c++/7/bits/shared_ptr.h:52:0[m[K,
[2.011s]                  from [01m[K/usr/include/c++/7/memory:81[m[K,
[2.011s]                  from [01m[K/usr/include/boost/config/no_tr1/memory.hpp:21[m[K,
[2.011s]                  from [01m[K/usr/include/boost/smart_ptr/shared_ptr.hpp:23[m[K,
[2.012s]                  from [01m[K/usr/include/boost/shared_ptr.hpp:17[m[K,
[2.012s]                  from [01m[K/opt/ros/melodic/include/ros/forwards.h:37[m[K,
[2.012s]                  from [01m[K/opt/ros/melodic/include/ros/common.h:37[m[K,
[2.012s]                  from [01m[K/opt/ros/melodic/include/ros/ros.h:43[m[K,
[2.012s]                  from [01m[K/home/handsome/ros_ws_test/src/ros_base/robot_scheduling/robot_scheduling_actions/include/robot_scheduling_service.h:3[m[K,
[2.012s]                  from [01m[K/home/handsome/ros_ws_test/src/ros_base/robot_scheduling/robot_scheduling_actions/src/robot_scheduling_service.cpp:1[m[K:
[2.012s] [01m[K/usr/include/c++/7/bits/shared_ptr_base.h:1441:5:[m[K [01;36m[Knote: [m[Kcandidate: template<class _Tp, class _Up, __gnu_cxx::_Lock_policy _Lp> bool std::operator<(const std::__shared_ptr<_Tp1, _Lp>&, const std::__shared_ptr<_Tp2, _Lp>&)
[2.012s]      [01;36m[Koperator[m[K<(const __shared_ptr<_Tp, _Lp>& __a,
[2.012s]      [01;36m[K^~~~~~~~[m[K
[2.013s] [01m[K/usr/include/c++/7/bits/shared_ptr_base.h:1441:5:[m[K [01;36m[Knote: [m[K  template argument deduction/substitution failed:
[2.013s] In file included from [01m[K/usr/include/c++/7/algorithm:62:0[m[K,
[2.013s]                  from [01m[K/usr/include/boost/math/tools/config.hpp:18[m[K,
[2.013s]                  from [01m[K/usr/include/boost/math/special_functions/round.hpp:13[m[K,
[2.013s]                  from [01m[K/opt/ros/melodic/include/ros/time.h:58[m[K,
[2.013s]                  from [01m[K/opt/ros/melodic/include/ros/ros.h:38[m[K,
[2.013s]                  from [01m[K/home/handsome/ros_ws_test/src/ros_base/robot_scheduling/robot_scheduling_actions/include/robot_scheduling_service.h:3[m[K,
[2.013s]                  from [01m[K/home/handsome/ros_ws_test/src/ros_base/robot_scheduling/robot_scheduling_actions/src/robot_scheduling_service.cpp:1[m[K:
[2.013s] [01m[K/usr/include/c++/7/bits/stl_algo.h:2260:39:[m[K [01;36m[Knote: [m[K  mismatched types â€˜[01m[Kconst std::__shared_ptr<_Tp1, _Lp>[m[Kâ€™ and â€˜[01m[Kconst char[m[Kâ€™
[2.014s]        return __i != __last && ![01;36m[K(__val < *__i)[m[K;
[2.014s]                                 [01;36m[K~~~~~~~^~~~~~~[m[K
[2.014s] In file included from [01m[K/usr/include/c++/7/bits/shared_ptr.h:52:0[m[K,
[2.014s]                  from [01m[K/usr/include/c++/7/memory:81[m[K,
[2.014s]                  from [01m[K/usr/include/boost/config/no_tr1/memory.hpp:21[m[K,
[2.014s]                  from [01m[K/usr/include/boost/smart_ptr/shared_ptr.hpp:23[m[K,
[2.014s]                  from [01m[K/usr/include/boost/shared_ptr.hpp:17[m[K,
[2.014s]                  from [01m[K/opt/ros/melodic/include/ros/forwards.h:37[m[K,
[2.014s]                  from [01m[K/opt/ros/melodic/include/ros/common.h:37[m[K,
[2.014s]                  from [01m[K/opt/ros/melodic/include/ros/ros.h:43[m[K,
[2.015s]                  from [01m[K/home/handsome/ros_ws_test/src/ros_base/robot_scheduling/robot_scheduling_actions/include/robot_scheduling_service.h:3[m[K,
[2.015s]                  from [01m[K/home/handsome/ros_ws_test/src/ros_base/robot_scheduling/robot_scheduling_actions/src/robot_scheduling_service.cpp:1[m[K:
[2.015s] [01m[K/usr/include/c++/7/bits/shared_ptr_base.h:1452:5:[m[K [01;36m[Knote: [m[Kcandidate: template<class _Tp, __gnu_cxx::_Lock_policy _Lp> bool std::operator<(const std::__shared_ptr<_Tp, _Lp>&, std::nullptr_t)
[2.015s]      [01;36m[Koperator[m[K<(const __shared_ptr<_Tp, _Lp>& __a, nullptr_t) noexcept
[2.015s]      [01;36m[K^~~~~~~~[m[K
[2.015s] [01m[K/usr/include/c++/7/bits/shared_ptr_base.h:1452:5:[m[K [01;36m[Knote: [m[K  template argument deduction/substitution failed:
[2.015s] In file included from [01m[K/usr/include/c++/7/algorithm:62:0[m[K,
[2.015s]                  from [01m[K/usr/include/boost/math/tools/config.hpp:18[m[K,
[2.015s]                  from [01m[K/usr/include/boost/math/special_functions/round.hpp:13[m[K,
[2.016s]                  from [01m[K/opt/ros/melodic/include/ros/time.h:58[m[K,
[2.016s]                  from [01m[K/opt/ros/melodic/include/ros/ros.h:38[m[K,
[2.016s]                  from [01m[K/home/handsome/ros_ws_test/src/ros_base/robot_scheduling/robot_scheduling_actions/include/robot_scheduling_service.h:3[m[K,
[2.016s]                  from [01m[K/home/handsome/ros_ws_test/src/ros_base/robot_scheduling/robot_scheduling_actions/src/robot_scheduling_service.cpp:1[m[K:
[2.016s] [01m[K/usr/include/c++/7/bits/stl_algo.h:2260:39:[m[K [01;36m[Knote: [m[K  mismatched types â€˜[01m[Kconst std::__shared_ptr<_Tp, _Lp>[m[Kâ€™ and â€˜[01m[Kconst char[m[Kâ€™
[2.016s]        return __i != __last && ![01;36m[K(__val < *__i)[m[K;
[2.016s]                                 [01;36m[K~~~~~~~^~~~~~~[m[K
[2.016s] In file included from [01m[K/usr/include/c++/7/bits/shared_ptr.h:52:0[m[K,
[2.016s]                  from [01m[K/usr/include/c++/7/memory:81[m[K,
[2.017s]                  from [01m[K/usr/include/boost/config/no_tr1/memory.hpp:21[m[K,
[2.017s]                  from [01m[K/usr/include/boost/smart_ptr/shared_ptr.hpp:23[m[K,
[2.017s]                  from [01m[K/usr/include/boost/shared_ptr.hpp:17[m[K,
[2.017s]                  from [01m[K/opt/ros/melodic/include/ros/forwards.h:37[m[K,
[2.017s]                  from [01m[K/opt/ros/melodic/include/ros/common.h:37[m[K,
[2.017s]                  from [01m[K/opt/ros/melodic/include/ros/ros.h:43[m[K,
[2.017s]                  from [01m[K/home/handsome/ros_ws_test/src/ros_base/robot_scheduling/robot_scheduling_actions/include/robot_scheduling_service.h:3[m[K,
[2.017s]                  from [01m[K/home/handsome/ros_ws_test/src/ros_base/robot_scheduling/robot_scheduling_actions/src/robot_scheduling_service.cpp:1[m[K:
[2.017s] [01m[K/usr/include/c++/7/bits/shared_ptr_base.h:1460:5:[m[K [01;36m[Knote: [m[Kcandidate: template<class _Tp, __gnu_cxx::_Lock_policy _Lp> bool std::operator<(std::nullptr_t, const std::__shared_ptr<_Tp, _Lp>&)
[2.017s]      [01;36m[Koperator[m[K<(nullptr_t, const __shared_ptr<_Tp, _Lp>& __a) noexcept
[2.018s]      [01;36m[K^~~~~~~~[m[K
[2.018s] [01m[K/usr/include/c++/7/bits/shared_ptr_base.h:1460:5:[m[K [01;36m[Knote: [m[K  template argument deduction/substitution failed:
[2.018s] In file included from [01m[K/usr/include/c++/7/algorithm:62:0[m[K,
[2.018s]                  from [01m[K/usr/include/boost/math/tools/config.hpp:18[m[K,
[2.018s]                  from [01m[K/usr/include/boost/math/special_functions/round.hpp:13[m[K,
[2.018s]                  from [01m[K/opt/ros/melodic/include/ros/time.h:58[m[K,
[2.018s]                  from [01m[K/opt/ros/melodic/include/ros/ros.h:38[m[K,
[2.018s]                  from [01m[K/home/handsome/ros_ws_test/src/ros_base/robot_scheduling/robot_scheduling_actions/include/robot_scheduling_service.h:3[m[K,
[2.018s]                  from [01m[K/home/handsome/ros_ws_test/src/ros_base/robot_scheduling/robot_scheduling_actions/src/robot_scheduling_service.cpp:1[m[K:
[2.018s] [01m[K/usr/include/c++/7/bits/stl_algo.h:2260:39:[m[K [01;36m[Knote: [m[K  â€˜[01m[Kconst std::__cxx11::basic_string<char>[m[Kâ€™ is not derived from â€˜[01m[Kconst std::__shared_ptr<_Tp, _Lp>[m[Kâ€™
[2.019s]        return __i != __last && ![01;36m[K(__val < *__i)[m[K;
[2.019s]                                 [01;36m[K~~~~~~~^~~~~~~[m[K
[2.019s] In file included from [01m[K/usr/include/c++/7/memory:81:0[m[K,
[2.019s]                  from [01m[K/usr/include/boost/config/no_tr1/memory.hpp:21[m[K,
[2.019s]                  from [01m[K/usr/include/boost/smart_ptr/shared_ptr.hpp:23[m[K,
[2.019s]                  from [01m[K/usr/include/boost/shared_ptr.hpp:17[m[K,
[2.019s]                  from [01m[K/opt/ros/melodic/include/ros/forwards.h:37[m[K,
[2.019s]                  from [01m[K/opt/ros/melodic/include/ros/common.h:37[m[K,
[2.019s]                  from [01m[K/opt/ros/melodic/include/ros/ros.h:43[m[K,
[2.020s]                  from [01m[K/home/handsome/ros_ws_test/src/ros_base/robot_scheduling/robot_scheduling_actions/include/robot_scheduling_service.h:3[m[K,
[2.020s]                  from [01m[K/home/handsome/ros_ws_test/src/ros_base/robot_scheduling/robot_scheduling_actions/src/robot_scheduling_service.cpp:1[m[K:
[2.020s] [01m[K/usr/include/c++/7/bits/shared_ptr.h:398:5:[m[K [01;36m[Knote: [m[Kcandidate: template<class _Tp, class _Up> bool std::operator<(const std::shared_ptr<_Tp>&, const std::shared_ptr<_Up>&)
[2.020s]      [01;36m[Koperator[m[K<(const shared_ptr<_Tp>& __a, const shared_ptr<_Up>& __b) noexcept
[2.020s]      [01;36m[K^~~~~~~~[m[K
[2.020s] [01m[K/usr/include/c++/7/bits/shared_ptr.h:398:5:[m[K [01;36m[Knote: [m[K  template argument deduction/substitution failed:
[2.020s] In file included from [01m[K/usr/include/c++/7/algorithm:62:0[m[K,
[2.020s]                  from [01m[K/usr/include/boost/math/tools/config.hpp:18[m[K,
[2.020s]                  from [01m[K/usr/include/boost/math/special_functions/round.hpp:13[m[K,
[2.021s]                  from [01m[K/opt/ros/melodic/include/ros/time.h:58[m[K,
[2.021s]                  from [01m[K/opt/ros/melodic/include/ros/ros.h:38[m[K,
[2.021s]                  from [01m[K/home/handsome/ros_ws_test/src/ros_base/robot_scheduling/robot_scheduling_actions/include/robot_scheduling_service.h:3[m[K,
[2.021s]                  from [01m[K/home/handsome/ros_ws_test/src/ros_base/robot_scheduling/robot_scheduling_actions/src/robot_scheduling_service.cpp:1[m[K:
[2.021s] [01m[K/usr/include/c++/7/bits/stl_algo.h:2260:39:[m[K [01;36m[Knote: [m[K  mismatched types â€˜[01m[Kconst std::shared_ptr<_Tp>[m[Kâ€™ and â€˜[01m[Kconst char[m[Kâ€™
[2.021s]        return __i != __last && ![01;36m[K(__val < *__i)[m[K;
[2.021s]                                 [01;36m[K~~~~~~~^~~~~~~[m[K
[2.021s] In file included from [01m[K/usr/include/c++/7/memory:81:0[m[K,
[2.021s]                  from [01m[K/usr/include/boost/config/no_tr1/memory.hpp:21[m[K,
[2.021s]                  from [01m[K/usr/include/boost/smart_ptr/shared_ptr.hpp:23[m[K,
[2.022s]                  from [01m[K/usr/include/boost/shared_ptr.hpp:17[m[K,
[2.022s]                  from [01m[K/opt/ros/melodic/include/ros/forwards.h:37[m[K,
[2.022s]                  from [01m[K/opt/ros/melodic/include/ros/common.h:37[m[K,
[2.022s]                  from [01m[K/opt/ros/melodic/include/ros/ros.h:43[m[K,
[2.022s]                  from [01m[K/home/handsome/ros_ws_test/src/ros_base/robot_scheduling/robot_scheduling_actions/include/robot_scheduling_service.h:3[m[K,
[2.022s]                  from [01m[K/home/handsome/ros_ws_test/src/ros_base/robot_scheduling/robot_scheduling_actions/src/robot_scheduling_service.cpp:1[m[K:
[2.022s] [01m[K/usr/include/c++/7/bits/shared_ptr.h:408:5:[m[K [01;36m[Knote: [m[Kcandidate: template<class _Tp> bool std::operator<(const std::shared_ptr<_Tp>&, std::nullptr_t)
[2.022s]      [01;36m[Koperator[m[K<(const shared_ptr<_Tp>& __a, nullptr_t) noexcept
[2.022s]      [01;36m[K^~~~~~~~[m[K
[2.023s] [01m[K/usr/include/c++/7/bits/shared_ptr.h:408:5:[m[K [01;36m[Knote: [m[K  template argument deduction/substitution failed:
[2.023s] In file included from [01m[K/usr/include/c++/7/algorithm:62:0[m[K,
[2.023s]                  from [01m[K/usr/include/boost/math/tools/config.hpp:18[m[K,
[2.023s]                  from [01m[K/usr/include/boost/math/special_functions/round.hpp:13[m[K,
[2.023s]                  from [01m[K/opt/ros/melodic/include/ros/time.h:58[m[K,
[2.023s]                  from [01m[K/opt/ros/melodic/include/ros/ros.h:38[m[K,
[2.023s]                  from [01m[K/home/handsome/ros_ws_test/src/ros_base/robot_scheduling/robot_scheduling_actions/include/robot_scheduling_service.h:3[m[K,
[2.023s]                  from [01m[K/home/handsome/ros_ws_test/src/ros_base/robot_scheduling/robot_scheduling_actions/src/robot_scheduling_service.cpp:1[m[K:
[2.023s] [01m[K/usr/include/c++/7/bits/stl_algo.h:2260:39:[m[K [01;36m[Knote: [m[K  mismatched types â€˜[01m[Kconst std::shared_ptr<_Tp>[m[Kâ€™ and â€˜[01m[Kconst char[m[Kâ€™
[2.024s]        return __i != __last && ![01;36m[K(__val < *__i)[m[K;
[2.024s]                                 [01;36m[K~~~~~~~^~~~~~~[m[K
[2.024s] In file included from [01m[K/usr/include/c++/7/memory:81:0[m[K,
[2.024s]                  from [01m[K/usr/include/boost/config/no_tr1/memory.hpp:21[m[K,
[2.024s]                  from [01m[K/usr/include/boost/smart_ptr/shared_ptr.hpp:23[m[K,
[2.024s]                  from [01m[K/usr/include/boost/shared_ptr.hpp:17[m[K,
[2.024s]                  from [01m[K/opt/ros/melodic/include/ros/forwards.h:37[m[K,
[2.024s]                  from [01m[K/opt/ros/melodic/include/ros/common.h:37[m[K,
[2.024s]                  from [01m[K/opt/ros/melodic/include/ros/ros.h:43[m[K,
[2.025s]                  from [01m[K/home/handsome/ros_ws_test/src/ros_base/robot_scheduling/robot_scheduling_actions/include/robot_scheduling_service.h:3[m[K,
[2.025s]                  from [01m[K/home/handsome/ros_ws_test/src/ros_base/robot_scheduling/robot_scheduling_actions/src/robot_scheduling_service.cpp:1[m[K:
[2.025s] [01m[K/usr/include/c++/7/bits/shared_ptr.h:416:5:[m[K [01;36m[Knote: [m[Kcandidate: template<class _Tp> bool std::operator<(std::nullptr_t, const std::shared_ptr<_Tp>&)
[2.025s]      [01;36m[Koperator[m[K<(nullptr_t, const shared_ptr<_Tp>& __a) noexcept
[2.025s]      [01;36m[K^~~~~~~~[m[K
[2.025s] [01m[K/usr/include/c++/7/bits/shared_ptr.h:416:5:[m[K [01;36m[Knote: [m[K  template argument deduction/substitution failed:
[2.025s] In file included from [01m[K/usr/include/c++/7/algorithm:62:0[m[K,
[2.025s]                  from [01m[K/usr/include/boost/math/tools/config.hpp:18[m[K,
[2.025s]                  from [01m[K/usr/include/boost/math/special_functions/round.hpp:13[m[K,
[2.026s]                  from [01m[K/opt/ros/melodic/include/ros/time.h:58[m[K,
[2.026s]                  from [01m[K/opt/ros/melodic/include/ros/ros.h:38[m[K,
[2.026s]                  from [01m[K/home/handsome/ros_ws_test/src/ros_base/robot_scheduling/robot_scheduling_actions/include/robot_scheduling_service.h:3[m[K,
[2.026s]                  from [01m[K/home/handsome/ros_ws_test/src/ros_base/robot_scheduling/robot_scheduling_actions/src/robot_scheduling_service.cpp:1[m[K:
[2.026s] [01m[K/usr/include/c++/7/bits/stl_algo.h:2260:39:[m[K [01;36m[Knote: [m[K  â€˜[01m[Kconst std::__cxx11::basic_string<char>[m[Kâ€™ is not derived from â€˜[01m[Kconst std::shared_ptr<_Tp>[m[Kâ€™
[2.026s]        return __i != __last && ![01;36m[K(__val < *__i)[m[K;
[2.026s]                                 [01;36m[K~~~~~~~^~~~~~~[m[K
[2.026s] In file included from [01m[K/usr/include/c++/7/deque:64:0[m[K,
[2.026s]                  from [01m[K/usr/include/boost/algorithm/string/find_format.hpp:14[m[K,
[2.027s]                  from [01m[K/usr/include/boost/algorithm/string/replace.hpp:22[m[K,
[2.027s]                  from [01m[K/usr/include/boost/date_time/date_facet.hpp:17[m[K,
[2.027s]                  from [01m[K/usr/include/boost/date_time/gregorian/gregorian_io.hpp:16[m[K,
[2.027s]                  from [01m[K/usr/include/boost/date_time/gregorian/gregorian.hpp:31[m[K,
[2.027s]                  from [01m[K/usr/include/boost/date_time/posix_time/time_formatters.hpp:12[m[K,
[2.027s]                  from [01m[K/usr/include/boost/date_time/posix_time/posix_time.hpp:24[m[K,
[2.027s]                  from [01m[K/home/handsome/ros_ws_test/install/ros_utility_tools/include/ros_utility_tools/ros_tools.h:5[m[K,
[2.027s]                  from [01m[K/home/handsome/ros_ws_test/src/ros_base/robot_scheduling/robot_scheduling_actions/src/robot_scheduling_service.cpp:2[m[K:
[2.028s] [01m[K/usr/include/c++/7/bits/stl_deque.h:293:5:[m[K [01;36m[Knote: [m[Kcandidate: template<class _Tp, class _Ref, class _Ptr> bool std::operator<(const std::_Deque_iterator<_Tp, _Ref, _Ptr>&, const std::_Deque_iterator<_Tp, _Ref, _Ptr>&)
[2.028s]      [01;36m[Koperator[m[K<(const _Deque_iterator<_Tp, _Ref, _Ptr>& __x,
[2.028s]      [01;36m[K^~~~~~~~[m[K
[2.028s] [01m[K/usr/include/c++/7/bits/stl_deque.h:293:5:[m[K [01;36m[Knote: [m[K  template argument deduction/substitution failed:
[2.028s] In file included from [01m[K/usr/include/c++/7/algorithm:62:0[m[K,
[2.028s]                  from [01m[K/usr/include/boost/math/tools/config.hpp:18[m[K,
[2.028s]                  from [01m[K/usr/include/boost/math/special_functions/round.hpp:13[m[K,
[2.028s]                  from [01m[K/opt/ros/melodic/include/ros/time.h:58[m[K,
[2.028s]                  from [01m[K/opt/ros/melodic/include/ros/ros.h:38[m[K,
[2.028s]                  from [01m[K/home/handsome/ros_ws_test/src/ros_base/robot_scheduling/robot_scheduling_actions/include/robot_scheduling_service.h:3[m[K,
[2.029s]                  from [01m[K/home/handsome/ros_ws_test/src/ros_base/robot_scheduling/robot_scheduling_actions/src/robot_scheduling_service.cpp:1[m[K:
[2.029s] [01m[K/usr/include/c++/7/bits/stl_algo.h:2260:39:[m[K [01;36m[Knote: [m[K  mismatched types â€˜[01m[Kconst std::_Deque_iterator<_Tp, _Ref, _Ptr>[m[Kâ€™ and â€˜[01m[Kconst char[m[Kâ€™
[2.029s]        return __i != __last && ![01;36m[K(__val < *__i)[m[K;
[2.029s]                                 [01;36m[K~~~~~~~^~~~~~~[m[K
[2.029s] In file included from [01m[K/usr/include/c++/7/deque:64:0[m[K,
[2.029s]                  from [01m[K/usr/include/boost/algorithm/string/find_format.hpp:14[m[K,
[2.029s]                  from [01m[K/usr/include/boost/algorithm/string/replace.hpp:22[m[K,
[2.029s]                  from [01m[K/usr/include/boost/date_time/date_facet.hpp:17[m[K,
[2.029s]                  from [01m[K/usr/include/boost/date_time/gregorian/gregorian_io.hpp:16[m[K,
[2.029s]                  from [01m[K/usr/include/boost/date_time/gregorian/gregorian.hpp:31[m[K,
[2.030s]                  from [01m[K/usr/include/boost/date_time/posix_time/time_formatters.hpp:12[m[K,
[2.030s]                  from [01m[K/usr/include/boost/date_time/posix_time/posix_time.hpp:24[m[K,
[2.030s]                  from [01m[K/home/handsome/ros_ws_test/install/ros_utility_tools/include/ros_utility_tools/ros_tools.h:5[m[K,
[2.030s]                  from [01m[K/home/handsome/ros_ws_test/src/ros_base/robot_scheduling/robot_scheduling_actions/src/robot_scheduling_service.cpp:2[m[K:
[2.030s] [01m[K/usr/include/c++/7/bits/stl_deque.h:301:5:[m[K [01;36m[Knote: [m[Kcandidate: template<class _Tp, class _RefL, class _PtrL, class _RefR, class _PtrR> bool std::operator<(const std::_Deque_iterator<_Tp, _Ref, _Ptr>&, const std::_Deque_iterator<_Tp, _RefR, _PtrR>&)
[2.030s]      [01;36m[Koperator[m[K<(const _Deque_iterator<_Tp, _RefL, _PtrL>& __x,
[2.030s]      [01;36m[K^~~~~~~~[m[K
[2.030s] [01m[K/usr/include/c++/7/bits/stl_deque.h:301:5:[m[K [01;36m[Knote: [m[K  template argument deduction/substitution failed:
[2.030s] In file included from [01m[K/usr/include/c++/7/algorithm:62:0[m[K,
[2.031s]                  from [01m[K/usr/include/boost/math/tools/config.hpp:18[m[K,
[2.031s]                  from [01m[K/usr/include/boost/math/special_functions/round.hpp:13[m[K,
[2.031s]                  from [01m[K/opt/ros/melodic/include/ros/time.h:58[m[K,
[2.031s]                  from [01m[K/opt/ros/melodic/include/ros/ros.h:38[m[K,
[2.031s]                  from [01m[K/home/handsome/ros_ws_test/src/ros_base/robot_scheduling/robot_scheduling_actions/include/robot_scheduling_service.h:3[m[K,
[2.031s]                  from [01m[K/home/handsome/ros_ws_test/src/ros_base/robot_scheduling/robot_scheduling_actions/src/robot_scheduling_service.cpp:1[m[K:
[2.031s] [01m[K/usr/include/c++/7/bits/stl_algo.h:2260:39:[m[K [01;36m[Knote: [m[K  mismatched types â€˜[01m[Kconst std::_Deque_iterator<_Tp, _Ref, _Ptr>[m[Kâ€™ and â€˜[01m[Kconst char[m[Kâ€™
[2.031s]        return __i != __last && ![01;36m[K(__val < *__i)[m[K;
[2.031s]                                 [01;36m[K~~~~~~~^~~~~~~[m[K
[2.032s] In file included from [01m[K/usr/include/c++/7/deque:64:0[m[K,
[2.032s]                  from [01m[K/usr/include/boost/algorithm/string/find_format.hpp:14[m[K,
[2.032s]                  from [01m[K/usr/include/boost/algorithm/string/replace.hpp:22[m[K,
[2.032s]                  from [01m[K/usr/include/boost/date_time/date_facet.hpp:17[m[K,
[2.032s]                  from [01m[K/usr/include/boost/date_time/gregorian/gregorian_io.hpp:16[m[K,
[2.032s]                  from [01m[K/usr/include/boost/date_time/gregorian/gregorian.hpp:31[m[K,
[2.032s]                  from [01m[K/usr/include/boost/date_time/posix_time/time_formatters.hpp:12[m[K,
[2.032s]                  from [01m[K/usr/include/boost/date_time/posix_time/posix_time.hpp:24[m[K,
[2.032s]                  from [01m[K/home/handsome/ros_ws_test/install/ros_utility_tools/include/ros_utility_tools/ros_tools.h:5[m[K,
[2.033s]                  from [01m[K/home/handsome/ros_ws_test/src/ros_base/robot_scheduling/robot_scheduling_actions/src/robot_scheduling_service.cpp:2[m[K:
[2.033s] [01m[K/usr/include/c++/7/bits/stl_deque.h:2276:5:[m[K [01;36m[Knote: [m[Kcandidate: template<class _Tp, class _Alloc> bool std::operator<(const std::deque<_Tp, _Alloc>&, const std::deque<_Tp, _Alloc>&)
[2.033s]      [01;36m[Koperator[m[K<(const deque<_Tp, _Alloc>& __x,
[2.033s]      [01;36m[K^~~~~~~~[m[K
[2.033s] [01m[K/usr/include/c++/7/bits/stl_deque.h:2276:5:[m[K [01;36m[Knote: [m[K  template argument deduction/substitution failed:
[2.033s] In file included from [01m[K/usr/include/c++/7/algorithm:62:0[m[K,
[2.033s]                  from [01m[K/usr/include/boost/math/tools/config.hpp:18[m[K,
[2.033s]                  from [01m[K/usr/include/boost/math/special_functions/round.hpp:13[m[K,
[2.033s]                  from [01m[K/opt/ros/melodic/include/ros/time.h:58[m[K,
[2.033s]                  from [01m[K/opt/ros/melodic/include/ros/ros.h:38[m[K,
[2.034s]                  from [01m[K/home/handsome/ros_ws_test/src/ros_base/robot_scheduling/robot_scheduling_actions/include/robot_scheduling_service.h:3[m[K,
[2.034s]                  from [01m[K/home/handsome/ros_ws_test/src/ros_base/robot_scheduling/robot_scheduling_actions/src/robot_scheduling_service.cpp:1[m[K:
[2.034s] [01m[K/usr/include/c++/7/bits/stl_algo.h:2260:39:[m[K [01;36m[Knote: [m[K  mismatched types â€˜[01m[Kconst std::deque<_Tp, _Alloc>[m[Kâ€™ and â€˜[01m[Kconst char[m[Kâ€™
[2.034s]        return __i != __last && ![01;36m[K(__val < *__i)[m[K;
[2.034s]                                 [01;36m[K~~~~~~~^~~~~~~[m[K
[2.034s] In file included from [01m[K/home/handsome/ros_ws_test/src/ros_base/robot_scheduling/robot_scheduling_actions/src/robot_scheduling_service.cpp:3:0[m[K:
[2.034s] [01m[K/usr/include/c++/7/thread:281:3:[m[K [01;36m[Knote: [m[Kcandidate: bool std::operator<(std::thread::id, std::thread::id)
[2.034s]    [01;36m[Koperator[m[K<(thread::id __x, thread::id __y) noexcept
[2.034s]    [01;36m[K^~~~~~~~[m[K
[2.034s] [01m[K/usr/include/c++/7/thread:281:3:[m[K [01;36m[Knote: [m[K  no known conversion for argument 1 from â€˜[01m[Kconst char[m[Kâ€™ to â€˜[01m[Kstd::thread::id[m[Kâ€™
[2.035s] In file included from [01m[K/usr/include/c++/7/bits/stl_algobase.h:67:0[m[K,
[2.035s]                  from [01m[K/usr/include/c++/7/bits/char_traits.h:39[m[K,
[2.035s]                  from [01m[K/usr/include/c++/7/string:40[m[K,
[2.035s]                  from [01m[K/opt/ros/melodic/include/ros/platform.h:38[m[K,
[2.035s]                  from [01m[K/opt/ros/melodic/include/ros/time.h:53[m[K,
[2.035s]                  from [01m[K/opt/ros/melodic/include/ros/ros.h:38[m[K,
[2.035s]                  from [01m[K/home/handsome/ros_ws_test/src/ros_base/robot_scheduling/robot_scheduling_actions/include/robot_scheduling_service.h:3[m[K,
[2.035s]                  from [01m[K/home/handsome/ros_ws_test/src/ros_base/robot_scheduling/robot_scheduling_actions/src/robot_scheduling_service.cpp:1[m[K:
[2.035s] [01m[K/usr/include/c++/7/bits/stl_iterator.h:898:5:[m[K [01;36m[Knote: [m[Kcandidate: template<class _Iterator, class _Container> bool __gnu_cxx::operator<(const __gnu_cxx::__normal_iterator<_Iterator, _Container>&, const __gnu_cxx::__normal_iterator<_Iterator, _Container>&)
[2.035s]      [01;36m[Koperator[m[K<(const __normal_iterator<_Iterator, _Container>& __lhs,
[2.035s]      [01;36m[K^~~~~~~~[m[K
[2.036s] [01m[K/usr/include/c++/7/bits/stl_iterator.h:898:5:[m[K [01;36m[Knote: [m[K  template argument deduction/substitution failed:
[2.036s] In file included from [01m[K/usr/include/c++/7/algorithm:62:0[m[K,
[2.036s]                  from [01m[K/usr/include/boost/math/tools/config.hpp:18[m[K,
[2.036s]                  from [01m[K/usr/include/boost/math/special_functions/round.hpp:13[m[K,
[2.036s]                  from [01m[K/opt/ros/melodic/include/ros/time.h:58[m[K,
[2.036s]                  from [01m[K/opt/ros/melodic/include/ros/ros.h:38[m[K,
[2.036s]                  from [01m[K/home/handsome/ros_ws_test/src/ros_base/robot_scheduling/robot_scheduling_actions/include/robot_scheduling_service.h:3[m[K,
[2.036s]                  from [01m[K/home/handsome/ros_ws_test/src/ros_base/robot_scheduling/robot_scheduling_actions/src/robot_scheduling_service.cpp:1[m[K:
[2.036s] [01m[K/usr/include/c++/7/bits/stl_algo.h:2260:39:[m[K [01;36m[Knote: [m[K  mismatched types â€˜[01m[Kconst __gnu_cxx::__normal_iterator<_Iterator, _Container>[m[Kâ€™ and â€˜[01m[Kconst char[m[Kâ€™
[2.036s]        return __i != __last && ![01;36m[K(__val < *__i)[m[K;
[2.036s]                                 [01;36m[K~~~~~~~^~~~~~~[m[K
[2.037s] In file included from [01m[K/usr/include/c++/7/bits/stl_algobase.h:67:0[m[K,
[2.037s]                  from [01m[K/usr/include/c++/7/bits/char_traits.h:39[m[K,
[2.037s]                  from [01m[K/usr/include/c++/7/string:40[m[K,
[2.037s]                  from [01m[K/opt/ros/melodic/include/ros/platform.h:38[m[K,
[2.037s]                  from [01m[K/opt/ros/melodic/include/ros/time.h:53[m[K,
[2.037s]                  from [01m[K/opt/ros/melodic/include/ros/ros.h:38[m[K,
[2.037s]                  from [01m[K/home/handsome/ros_ws_test/src/ros_base/robot_scheduling/robot_scheduling_actions/include/robot_scheduling_service.h:3[m[K,
[2.037s]                  from [01m[K/home/handsome/ros_ws_test/src/ros_base/robot_scheduling/robot_scheduling_actions/src/robot_scheduling_service.cpp:1[m[K:
[2.037s] [01m[K/usr/include/c++/7/bits/stl_iterator.h:891:5:[m[K [01;36m[Knote: [m[Kcandidate: template<class _IteratorL, class _IteratorR, class _Container> bool __gnu_cxx::operator<(const __gnu_cxx::__normal_iterator<_IteratorL, _Container>&, const __gnu_cxx::__normal_iterator<_IteratorR, _Container>&)
[2.037s]      [01;36m[Koperator[m[K<(const __normal_iterator<_IteratorL, _Container>& __lhs,
[2.038s]      [01;36m[K^~~~~~~~[m[K
[2.038s] [01m[K/usr/include/c++/7/bits/stl_iterator.h:891:5:[m[K [01;36m[Knote: [m[K  template argument deduction/substitution failed:
[2.038s] In file included from [01m[K/usr/include/c++/7/algorithm:62:0[m[K,
[2.038s]                  from [01m[K/usr/include/boost/math/tools/config.hpp:18[m[K,
[2.038s]                  from [01m[K/usr/include/boost/math/special_functions/round.hpp:13[m[K,
[2.038s]                  from [01m[K/opt/ros/melodic/include/ros/time.h:58[m[K,
[2.038s]                  from [01m[K/opt/ros/melodic/include/ros/ros.h:38[m[K,
[2.038s]                  from [01m[K/home/handsome/ros_ws_test/src/ros_base/robot_scheduling/robot_scheduling_actions/include/robot_scheduling_service.h:3[m[K,
[2.038s]                  from [01m[K/home/handsome/ros_ws_test/src/ros_base/robot_scheduling/robot_scheduling_actions/src/robot_scheduling_service.cpp:1[m[K:
[2.039s] [01m[K/usr/include/c++/7/bits/stl_algo.h:2260:39:[m[K [01;36m[Knote: [m[K  mismatched types â€˜[01m[Kconst __gnu_cxx::__normal_iterator<_IteratorL, _Container>[m[Kâ€™ and â€˜[01m[Kconst char[m[Kâ€™
[2.039s]        return __i != __last && ![01;36m[K(__val < *__i)[m[K;
[2.039s]                                 [01;36m[K~~~~~~~^~~~~~~[m[K
[2.039s] In file included from [01m[K/usr/include/c++/7/bits/stl_algobase.h:71:0[m[K,
[2.039s]                  from [01m[K/usr/include/c++/7/bits/char_traits.h:39[m[K,
[2.039s]                  from [01m[K/usr/include/c++/7/string:40[m[K,
[2.039s]                  from [01m[K/opt/ros/melodic/include/ros/platform.h:38[m[K,
[2.039s]                  from [01m[K/opt/ros/melodic/include/ros/time.h:53[m[K,
[2.039s]                  from [01m[K/opt/ros/melodic/include/ros/ros.h:38[m[K,
[2.039s]                  from [01m[K/home/handsome/ros_ws_test/src/ros_base/robot_scheduling/robot_scheduling_actions/include/robot_scheduling_service.h:3[m[K,
[2.040s]                  from [01m[K/home/handsome/ros_ws_test/src/ros_base/robot_scheduling/robot_scheduling_actions/src/robot_scheduling_service.cpp:1[m[K:
[2.040s] /usr/include/c++/7/bits/predefined_ops.h: In instantiation of â€˜[01m[Kbool __gnu_cxx::__ops::_Iter_less_val::operator()(_Iterator, _Value&) const [with _Iterator = const std::__cxx11::basic_string<char>*; _Value = const char][m[Kâ€™:
[2.040s] [01m[K/usr/include/c++/7/bits/stl_algobase.h:959:14:[m[K   required from â€˜[01m[K_ForwardIterator std::__lower_bound(_ForwardIterator, _ForwardIterator, const _Tp&, _Compare) [with _ForwardIterator = const std::__cxx11::basic_string<char>*; _Tp = char; _Compare = __gnu_cxx::__ops::_Iter_less_val][m[Kâ€™
[2.040s] [01m[K/usr/include/c++/7/bits/stl_algo.h:2258:22:[m[K   required from â€˜[01m[Kbool std::binary_search(_FIter, _FIter, const _Tp&) [with _FIter = const std::__cxx11::basic_string<char>*; _Tp = char][m[Kâ€™
[2.040s] [01m[K/usr/include/boost/algorithm/string/detail/classification.hpp:223:48:[m[K   required from â€˜[01m[Kbool boost::algorithm::detail::is_any_ofF<CharT>::operator()(Char2T) const [with Char2T = char; CharT = std::__cxx11::basic_string<char>][m[Kâ€™
[2.040s] [01m[K/usr/include/boost/algorithm/string/detail/finder.hpp:578:45:[m[K   required from â€˜[01m[Kboost::iterator_range<Iterator> boost::algorithm::detail::token_finderF<PredicateT>::operator()(ForwardIteratorT, ForwardIteratorT) const [with ForwardIteratorT = __gnu_cxx::__normal_iterator<char*, std::__cxx11::basic_string<char> >; PredicateT = boost::algorithm::detail::is_any_ofF<std::__cxx11::basic_string<char> >][m[Kâ€™
[2.040s] [01m[K/usr/include/boost/algorithm/string/concept.hpp:43:24:[m[K   required from â€˜[01m[Kvoid boost::algorithm::FinderConcept<FinderT, IteratorT>::constraints() [with FinderT = boost::algorithm::detail::token_finderF<boost::algorithm::detail::is_any_ofF<std::__cxx11::basic_string<char> > >; IteratorT = __gnu_cxx::__normal_iterator<char*, std::__cxx11::basic_string<char> >][m[Kâ€™
[2.040s] [01m[K/usr/include/boost/concept/detail/has_constraints.hpp:32:62:[m[K   [ skipping 2 instantiation contexts, use -ftemplate-backtrace-limit=0 to disable ]
[2.041s] [01m[K/usr/include/boost/concept/detail/has_constraints.hpp:45:31:[m[K   required from â€˜[01m[Kstruct boost::concepts::not_satisfied<boost::algorithm::FinderConcept<boost::algorithm::detail::token_finderF<boost::algorithm::detail::is_any_ofF<std::__cxx11::basic_string<char> > >, __gnu_cxx::__normal_iterator<char*, std::__cxx11::basic_string<char> > > >[m[Kâ€™
[2.041s] [01m[K/usr/include/boost/mpl/if.hpp:63:11:[m[K   required from â€˜[01m[Kstruct boost::mpl::if_<boost::concepts::not_satisfied<boost::algorithm::FinderConcept<boost::algorithm::detail::token_finderF<boost::algorithm::detail::is_any_ofF<std::__cxx11::basic_string<char> > >, __gnu_cxx::__normal_iterator<char*, std::__cxx11::basic_string<char> > > >, boost::concepts::constraint<boost::algorithm::FinderConcept<boost::algorithm::detail::token_finderF<boost::algorithm::detail::is_any_ofF<std::__cxx11::basic_string<char> > >, __gnu_cxx::__normal_iterator<char*, std::__cxx11::basic_string<char> > > >, boost::concepts::requirement<boost::concepts::failed************ boost::algorithm::FinderConcept<boost::algorithm::detail::token_finderF<boost::algorithm::detail::is_any_ofF<std::__cxx11::basic_string<char> > >, __gnu_cxx::__normal_iterator<char*, std::__cxx11::basic_string<char> > >::************> >[m[Kâ€™
[2.041s] [01m[K/usr/include/boost/concept/detail/general.hpp:51:8:[m[K   required from â€˜[01m[Kstruct boost::concepts::requirement_<void (*)(boost::algorithm::FinderConcept<boost::algorithm::detail::token_finderF<boost::algorithm::detail::is_any_ofF<std::__cxx11::basic_string<char> > >, __gnu_cxx::__normal_iterator<char*, std::__cxx11::basic_string<char> > >)>[m[Kâ€™
[2.041s] [01m[K/usr/include/boost/algorithm/string/iter_find.hpp:77:13:[m[K   required from â€˜[01m[KSequenceSequenceT& boost::algorithm::iter_split(SequenceSequenceT&, RangeT&, FinderT) [with SequenceSequenceT = std::vector<std::__cxx11::basic_string<char> >; RangeT = std::__cxx11::basic_string<char>; FinderT = boost::algorithm::detail::token_finderF<boost::algorithm::detail::is_any_ofF<std::__cxx11::basic_string<char> > >][m[Kâ€™
[2.041s] [01m[K/usr/include/boost/algorithm/string/split.hpp:146:50:[m[K   required from â€˜[01m[KSequenceSequenceT& boost::algorithm::split(SequenceSequenceT&, RangeT&, PredicateT, boost::algorithm::token_compress_mode_type) [with SequenceSequenceT = std::vector<std::__cxx11::basic_string<char> >; RangeT = std::__cxx11::basic_string<char>; PredicateT = boost::algorithm::detail::is_any_ofF<std::__cxx11::basic_string<char> >][m[Kâ€™
[2.041s] [01m[K/home/handsome/ros_ws_test/src/ros_base/robot_scheduling/robot_scheduling_actions/src/robot_scheduling_service.cpp:98:68:[m[K   required from here
[2.041s] [01m[K/usr/include/c++/7/bits/predefined_ops.h:65:22:[m[K [01;31m[Kerror: [m[Kno match for â€˜[01m[Koperator<[m[Kâ€™ (operand types are â€˜[01m[Kconst std::__cxx11::basic_string<char>[m[Kâ€™ and â€˜[01m[Kconst char[m[Kâ€™)
[2.041s]        { return [01;31m[K*__it < __val[m[K; }
[2.041s]                 [01;31m[K~~~~~~^~~~~~~[m[K
[2.042s] In file included from [01m[K/usr/include/c++/7/bits/stl_algobase.h:67:0[m[K,
[2.042s]                  from [01m[K/usr/include/c++/7/bits/char_traits.h:39[m[K,
[2.042s]                  from [01m[K/usr/include/c++/7/string:40[m[K,
[2.042s]                  from [01m[K/opt/ros/melodic/include/ros/platform.h:38[m[K,
[2.042s]                  from [01m[K/opt/ros/melodic/include/ros/time.h:53[m[K,
[2.042s]                  from [01m[K/opt/ros/melodic/include/ros/ros.h:38[m[K,
[2.042s]                  from [01m[K/home/handsome/ros_ws_test/src/ros_base/robot_scheduling/robot_scheduling_actions/include/robot_scheduling_service.h:3[m[K,
[2.042s]                  from [01m[K/home/handsome/ros_ws_test/src/ros_base/robot_scheduling/robot_scheduling_actions/src/robot_scheduling_service.cpp:1[m[K:
[2.042s] [01m[K/usr/include/c++/7/bits/stl_iterator.h:891:5:[m[K [01;36m[Knote: [m[Kcandidate: template<class _IteratorL, class _IteratorR, class _Container> bool __gnu_cxx::operator<(const __gnu_cxx::__normal_iterator<_IteratorL, _Container>&, const __gnu_cxx::__normal_iterator<_IteratorR, _Container>&)
[2.043s]      [01;36m[Koperator[m[K<(const __normal_iterator<_IteratorL, _Container>& __lhs,
[2.043s]      [01;36m[K^~~~~~~~[m[K
[2.043s] [01m[K/usr/include/c++/7/bits/stl_iterator.h:891:5:[m[K [01;36m[Knote: [m[K  template argument deduction/substitution failed:
[2.043s] In file included from [01m[K/usr/include/c++/7/bits/stl_algobase.h:71:0[m[K,
[2.043s]                  from [01m[K/usr/include/c++/7/bits/char_traits.h:39[m[K,
[2.043s]                  from [01m[K/usr/include/c++/7/string:40[m[K,
[2.043s]                  from [01m[K/opt/ros/melodic/include/ros/platform.h:38[m[K,
[2.043s]                  from [01m[K/opt/ros/melodic/include/ros/time.h:53[m[K,
[2.043s]                  from [01m[K/opt/ros/melodic/include/ros/ros.h:38[m[K,
[2.043s]                  from [01m[K/home/handsome/ros_ws_test/src/ros_base/robot_scheduling/robot_scheduling_actions/include/robot_scheduling_service.h:3[m[K,
[2.044s]                  from [01m[K/home/handsome/ros_ws_test/src/ros_base/robot_scheduling/robot_scheduling_actions/src/robot_scheduling_service.cpp:1[m[K:
[2.044s] [01m[K/usr/include/c++/7/bits/predefined_ops.h:65:22:[m[K [01;36m[Knote: [m[K  â€˜[01m[Kconst std::__cxx11::basic_string<char>[m[Kâ€™ is not derived from â€˜[01m[Kconst __gnu_cxx::__normal_iterator<_IteratorL, _Container>[m[Kâ€™
[2.044s]        { return [01;36m[K*__it < __val[m[K; }
[2.044s]                 [01;36m[K~~~~~~^~~~~~~[m[K
[2.044s] In file included from [01m[K/usr/include/c++/7/bits/stl_algobase.h:67:0[m[K,
[2.044s]                  from [01m[K/usr/include/c++/7/bits/char_traits.h:39[m[K,
[2.044s]                  from [01m[K/usr/include/c++/7/string:40[m[K,
[2.044s]                  from [01m[K/opt/ros/melodic/include/ros/platform.h:38[m[K,
[2.044s]                  from [01m[K/opt/ros/melodic/include/ros/time.h:53[m[K,
[2.045s]                  from [01m[K/opt/ros/melodic/include/ros/ros.h:38[m[K,
[2.045s]                  from [01m[K/home/handsome/ros_ws_test/src/ros_base/robot_scheduling/robot_scheduling_actions/include/robot_scheduling_service.h:3[m[K,
[2.045s]                  from [01m[K/home/handsome/ros_ws_test/src/ros_base/robot_scheduling/robot_scheduling_actions/src/robot_scheduling_service.cpp:1[m[K:
[2.045s] [01m[K/usr/include/c++/7/bits/stl_iterator.h:898:5:[m[K [01;36m[Knote: [m[Kcandidate: template<class _Iterator, class _Container> bool __gnu_cxx::operator<(const __gnu_cxx::__normal_iterator<_Iterator, _Container>&, const __gnu_cxx::__normal_iterator<_Iterator, _Container>&)
[2.045s]      [01;36m[Koperator[m[K<(const __normal_iterator<_Iterator, _Container>& __lhs,
[2.045s]      [01;36m[K^~~~~~~~[m[K
[2.045s] [01m[K/usr/include/c++/7/bits/stl_iterator.h:898:5:[m[K [01;36m[Knote: [m[K  template argument deduction/substitution failed:
[2.045s] In file included from [01m[K/usr/include/c++/7/bits/stl_algobase.h:71:0[m[K,
[2.045s]                  from [01m[K/usr/include/c++/7/bits/char_traits.h:39[m[K,
[2.045s]                  from [01m[K/usr/include/c++/7/string:40[m[K,
[2.046s]                  from [01m[K/opt/ros/melodic/include/ros/platform.h:38[m[K,
[2.046s]                  from [01m[K/opt/ros/melodic/include/ros/time.h:53[m[K,
[2.046s]                  from [01m[K/opt/ros/melodic/include/ros/ros.h:38[m[K,
[2.046s]                  from [01m[K/home/handsome/ros_ws_test/src/ros_base/robot_scheduling/robot_scheduling_actions/include/robot_scheduling_service.h:3[m[K,
[2.046s]                  from [01m[K/home/handsome/ros_ws_test/src/ros_base/robot_scheduling/robot_scheduling_actions/src/robot_scheduling_service.cpp:1[m[K:
[2.046s] [01m[K/usr/include/c++/7/bits/predefined_ops.h:65:22:[m[K [01;36m[Knote: [m[K  â€˜[01m[Kconst std::__cxx11::basic_string<char>[m[Kâ€™ is not derived from â€˜[01m[Kconst __gnu_cxx::__normal_iterator<_Iterator, _Container>[m[Kâ€™
[2.046s]        { return [01;36m[K*__it < __val[m[K; }
[2.046s]                 [01;36m[K~~~~~~^~~~~~~[m[K
[2.046s] In file included from [01m[K/home/handsome/ros_ws_test/src/ros_base/robot_scheduling/robot_scheduling_actions/src/robot_scheduling_service.cpp:3:0[m[K:
[2.046s] [01m[K/usr/include/c++/7/thread:281:3:[m[K [01;36m[Knote: [m[Kcandidate: bool std::operator<(std::thread::id, std::thread::id)
[2.047s]    [01;36m[Koperator[m[K<(thread::id __x, thread::id __y) noexcept
[2.047s]    [01;36m[K^~~~~~~~[m[K
[2.047s] [01m[K/usr/include/c++/7/thread:281:3:[m[K [01;36m[Knote: [m[K  no known conversion for argument 1 from â€˜[01m[Kconst std::__cxx11::basic_string<char>[m[Kâ€™ to â€˜[01m[Kstd::thread::id[m[Kâ€™
[2.047s] In file included from [01m[K/usr/include/c++/7/deque:64:0[m[K,
[2.047s]                  from [01m[K/usr/include/boost/algorithm/string/find_format.hpp:14[m[K,
[2.047s]                  from [01m[K/usr/include/boost/algorithm/string/replace.hpp:22[m[K,
[2.047s]                  from [01m[K/usr/include/boost/date_time/date_facet.hpp:17[m[K,
[2.047s]                  from [01m[K/usr/include/boost/date_time/gregorian/gregorian_io.hpp:16[m[K,
[2.047s]                  from [01m[K/usr/include/boost/date_time/gregorian/gregorian.hpp:31[m[K,
[2.047s]                  from [01m[K/usr/include/boost/date_time/posix_time/time_formatters.hpp:12[m[K,
[2.047s]                  from [01m[K/usr/include/boost/date_time/posix_time/posix_time.hpp:24[m[K,
[2.048s]                  from [01m[K/home/handsome/ros_ws_test/install/ros_utility_tools/include/ros_utility_tools/ros_tools.h:5[m[K,
[2.048s]                  from [01m[K/home/handsome/ros_ws_test/src/ros_base/robot_scheduling/robot_scheduling_actions/src/robot_scheduling_service.cpp:2[m[K:
[2.048s] [01m[K/usr/include/c++/7/bits/stl_deque.h:2276:5:[m[K [01;36m[Knote: [m[Kcandidate: template<class _Tp, class _Alloc> bool std::operator<(const std::deque<_Tp, _Alloc>&, const std::deque<_Tp, _Alloc>&)
[2.048s]      [01;36m[Koperator[m[K<(const deque<_Tp, _Alloc>& __x,
[2.048s]      [01;36m[K^~~~~~~~[m[K
[2.048s] [01m[K/usr/include/c++/7/bits/stl_deque.h:2276:5:[m[K [01;36m[Knote: [m[K  template argument deduction/substitution failed:
[2.048s] In file included from [01m[K/usr/include/c++/7/bits/stl_algobase.h:71:0[m[K,
[2.048s]                  from [01m[K/usr/include/c++/7/bits/char_traits.h:39[m[K,
[2.048s]                  from [01m[K/usr/include/c++/7/string:40[m[K,
[2.048s]                  from [01m[K/opt/ros/melodic/include/ros/platform.h:38[m[K,
[2.049s]                  from [01m[K/opt/ros/melodic/include/ros/time.h:53[m[K,
[2.049s]                  from [01m[K/opt/ros/melodic/include/ros/ros.h:38[m[K,
[2.049s]                  from [01m[K/home/handsome/ros_ws_test/src/ros_base/robot_scheduling/robot_scheduling_actions/include/robot_scheduling_service.h:3[m[K,
[2.049s]                  from [01m[K/home/handsome/ros_ws_test/src/ros_base/robot_scheduling/robot_scheduling_actions/src/robot_scheduling_service.cpp:1[m[K:
[2.049s] [01m[K/usr/include/c++/7/bits/predefined_ops.h:65:22:[m[K [01;36m[Knote: [m[K  â€˜[01m[Kconst std::__cxx11::basic_string<char>[m[Kâ€™ is not derived from â€˜[01m[Kconst std::deque<_Tp, _Alloc>[m[Kâ€™
[2.049s]        { return [01;36m[K*__it < __val[m[K; }
[2.049s]                 [01;36m[K~~~~~~^~~~~~~[m[K
[2.049s] In file included from [01m[K/usr/include/c++/7/deque:64:0[m[K,
[2.049s]                  from [01m[K/usr/include/boost/algorithm/string/find_format.hpp:14[m[K,
[2.049s]                  from [01m[K/usr/include/boost/algorithm/string/replace.hpp:22[m[K,
[2.049s]                  from [01m[K/usr/include/boost/date_time/date_facet.hpp:17[m[K,
[2.050s]                  from [01m[K/usr/include/boost/date_time/gregorian/gregorian_io.hpp:16[m[K,
[2.050s]                  from [01m[K/usr/include/boost/date_time/gregorian/gregorian.hpp:31[m[K,
[2.050s]                  from [01m[K/usr/include/boost/date_time/posix_time/time_formatters.hpp:12[m[K,
[2.050s]                  from [01m[K/usr/include/boost/date_time/posix_time/posix_time.hpp:24[m[K,
[2.050s]                  from [01m[K/home/handsome/ros_ws_test/install/ros_utility_tools/include/ros_utility_tools/ros_tools.h:5[m[K,
[2.050s]                  from [01m[K/home/handsome/ros_ws_test/src/ros_base/robot_scheduling/robot_scheduling_actions/src/robot_scheduling_service.cpp:2[m[K:
[2.050s] [01m[K/usr/include/c++/7/bits/stl_deque.h:301:5:[m[K [01;36m[Knote: [m[Kcandidate: template<class _Tp, class _RefL, class _PtrL, class _RefR, class _PtrR> bool std::operator<(const std::_Deque_iterator<_Tp, _Ref, _Ptr>&, const std::_Deque_iterator<_Tp, _RefR, _PtrR>&)
[2.050s]      [01;36m[Koperator[m[K<(const _Deque_iterator<_Tp, _RefL, _PtrL>& __x,
[2.050s]      [01;36m[K^~~~~~~~[m[K
[2.050s] [01m[K/usr/include/c++/7/bits/stl_deque.h:301:5:[m[K [01;36m[Knote: [m[K  template argument deduction/substitution failed:
[2.050s] In file included from [01m[K/usr/include/c++/7/bits/stl_algobase.h:71:0[m[K,
[2.051s]                  from [01m[K/usr/include/c++/7/bits/char_traits.h:39[m[K,
[2.051s]                  from [01m[K/usr/include/c++/7/string:40[m[K,
[2.051s]                  from [01m[K/opt/ros/melodic/include/ros/platform.h:38[m[K,
[2.051s]                  from [01m[K/opt/ros/melodic/include/ros/time.h:53[m[K,
[2.051s]                  from [01m[K/opt/ros/melodic/include/ros/ros.h:38[m[K,
[2.051s]                  from [01m[K/home/handsome/ros_ws_test/src/ros_base/robot_scheduling/robot_scheduling_actions/include/robot_scheduling_service.h:3[m[K,
[2.051s]                  from [01m[K/home/handsome/ros_ws_test/src/ros_base/robot_scheduling/robot_scheduling_actions/src/robot_scheduling_service.cpp:1[m[K:
[2.051s] [01m[K/usr/include/c++/7/bits/predefined_ops.h:65:22:[m[K [01;36m[Knote: [m[K  â€˜[01m[Kconst std::__cxx11::basic_string<char>[m[Kâ€™ is not derived from â€˜[01m[Kconst std::_Deque_iterator<_Tp, _Ref, _Ptr>[m[Kâ€™
[2.051s]        { return [01;36m[K*__it < __val[m[K; }
[2.051s]                 [01;36m[K~~~~~~^~~~~~~[m[K
[2.051s] In file included from [01m[K/usr/include/c++/7/deque:64:0[m[K,
[2.051s]                  from [01m[K/usr/include/boost/algorithm/string/find_format.hpp:14[m[K,
[2.052s]                  from [01m[K/usr/include/boost/algorithm/string/replace.hpp:22[m[K,
[2.052s]                  from [01m[K/usr/include/boost/date_time/date_facet.hpp:17[m[K,
[2.052s]                  from [01m[K/usr/include/boost/date_time/gregorian/gregorian_io.hpp:16[m[K,
[2.052s]                  from [01m[K/usr/include/boost/date_time/gregorian/gregorian.hpp:31[m[K,
[2.052s]                  from [01m[K/usr/include/boost/date_time/posix_time/time_formatters.hpp:12[m[K,
[2.052s]                  from [01m[K/usr/include/boost/date_time/posix_time/posix_time.hpp:24[m[K,
[2.052s]                  from [01m[K/home/handsome/ros_ws_test/install/ros_utility_tools/include/ros_utility_tools/ros_tools.h:5[m[K,
[2.052s]                  from [01m[K/home/handsome/ros_ws_test/src/ros_base/robot_scheduling/robot_scheduling_actions/src/robot_scheduling_service.cpp:2[m[K:
[2.052s] [01m[K/usr/include/c++/7/bits/stl_deque.h:293:5:[m[K [01;36m[Knote: [m[Kcandidate: template<class _Tp, class _Ref, class _Ptr> bool std::operator<(const std::_Deque_iterator<_Tp, _Ref, _Ptr>&, const std::_Deque_iterator<_Tp, _Ref, _Ptr>&)
[2.052s]      [01;36m[Koperator[m[K<(const _Deque_iterator<_Tp, _Ref, _Ptr>& __x,
[2.053s]      [01;36m[K^~~~~~~~[m[K
[2.053s] [01m[K/usr/include/c++/7/bits/stl_deque.h:293:5:[m[K [01;36m[Knote: [m[K  template argument deduction/substitution failed:
[2.053s] In file included from [01m[K/usr/include/c++/7/bits/stl_algobase.h:71:0[m[K,
[2.053s]                  from [01m[K/usr/include/c++/7/bits/char_traits.h:39[m[K,
[2.053s]                  from [01m[K/usr/include/c++/7/string:40[m[K,
[2.053s]                  from [01m[K/opt/ros/melodic/include/ros/platform.h:38[m[K,
[2.053s]                  from [01m[K/opt/ros/melodic/include/ros/time.h:53[m[K,
[2.053s]                  from [01m[K/opt/ros/melodic/include/ros/ros.h:38[m[K,
[2.053s]                  from [01m[K/home/handsome/ros_ws_test/src/ros_base/robot_scheduling/robot_scheduling_actions/include/robot_scheduling_service.h:3[m[K,
[2.054s]                  from [01m[K/home/handsome/ros_ws_test/src/ros_base/robot_scheduling/robot_scheduling_actions/src/robot_scheduling_service.cpp:1[m[K:
[2.054s] [01m[K/usr/include/c++/7/bits/predefined_ops.h:65:22:[m[K [01;36m[Knote: [m[K  â€˜[01m[Kconst std::__cxx11::basic_string<char>[m[Kâ€™ is not derived from â€˜[01m[Kconst std::_Deque_iterator<_Tp, _Ref, _Ptr>[m[Kâ€™
[2.054s]        { return [01;36m[K*__it < __val[m[K; }
[2.054s]                 [01;36m[K~~~~~~^~~~~~~[m[K
[2.054s] In file included from [01m[K/usr/include/c++/7/memory:81:0[m[K,
[2.054s]                  from [01m[K/usr/include/boost/config/no_tr1/memory.hpp:21[m[K,
[2.054s]                  from [01m[K/usr/include/boost/smart_ptr/shared_ptr.hpp:23[m[K,
[2.054s]                  from [01m[K/usr/include/boost/shared_ptr.hpp:17[m[K,
[2.054s]                  from [01m[K/opt/ros/melodic/include/ros/forwards.h:37[m[K,
[2.054s]                  from [01m[K/opt/ros/melodic/include/ros/common.h:37[m[K,
[2.054s]                  from [01m[K/opt/ros/melodic/include/ros/ros.h:43[m[K,
[2.055s]                  from [01m[K/home/handsome/ros_ws_test/src/ros_base/robot_scheduling/robot_scheduling_actions/include/robot_scheduling_service.h:3[m[K,
[2.055s]                  from [01m[K/home/handsome/ros_ws_test/src/ros_base/robot_scheduling/robot_scheduling_actions/src/robot_scheduling_service.cpp:1[m[K:
[2.055s] [01m[K/usr/include/c++/7/bits/shared_ptr.h:416:5:[m[K [01;36m[Knote: [m[Kcandidate: template<class _Tp> bool std::operator<(std::nullptr_t, const std::shared_ptr<_Tp>&)
[2.055s]      [01;36m[Koperator[m[K<(nullptr_t, const shared_ptr<_Tp>& __a) noexcept
[2.055s]      [01;36m[K^~~~~~~~[m[K
[2.055s] [01m[K/usr/include/c++/7/bits/shared_ptr.h:416:5:[m[K [01;36m[Knote: [m[K  template argument deduction/substitution failed:
[2.055s] In file included from [01m[K/usr/include/c++/7/bits/stl_algobase.h:71:0[m[K,
[2.055s]                  from [01m[K/usr/include/c++/7/bits/char_traits.h:39[m[K,
[2.055s]                  from [01m[K/usr/include/c++/7/string:40[m[K,
[2.055s]                  from [01m[K/opt/ros/melodic/include/ros/platform.h:38[m[K,
[2.055s]                  from [01m[K/opt/ros/melodic/include/ros/time.h:53[m[K,
[2.055s]                  from [01m[K/opt/ros/melodic/include/ros/ros.h:38[m[K,
[2.056s]                  from [01m[K/home/handsome/ros_ws_test/src/ros_base/robot_scheduling/robot_scheduling_actions/include/robot_scheduling_service.h:3[m[K,
[2.056s]                  from [01m[K/home/handsome/ros_ws_test/src/ros_base/robot_scheduling/robot_scheduling_actions/src/robot_scheduling_service.cpp:1[m[K:
[2.056s] [01m[K/usr/include/c++/7/bits/predefined_ops.h:65:22:[m[K [01;36m[Knote: [m[K  mismatched types â€˜[01m[Kconst std::shared_ptr<_Tp>[m[Kâ€™ and â€˜[01m[Kconst char[m[Kâ€™
[2.056s]        { return [01;36m[K*__it < __val[m[K; }
[2.056s]                 [01;36m[K~~~~~~^~~~~~~[m[K
[2.056s] In file included from [01m[K/usr/include/c++/7/memory:81:0[m[K,
[2.056s]                  from [01m[K/usr/include/boost/config/no_tr1/memory.hpp:21[m[K,
[2.056s]                  from [01m[K/usr/include/boost/smart_ptr/shared_ptr.hpp:23[m[K,
[2.056s]                  from [01m[K/usr/include/boost/shared_ptr.hpp:17[m[K,
[2.056s]                  from [01m[K/opt/ros/melodic/include/ros/forwards.h:37[m[K,
[2.057s]                  from [01m[K/opt/ros/melodic/include/ros/common.h:37[m[K,
[2.057s]                  from [01m[K/opt/ros/melodic/include/ros/ros.h:43[m[K,
[2.057s]                  from [01m[K/home/handsome/ros_ws_test/src/ros_base/robot_scheduling/robot_scheduling_actions/include/robot_scheduling_service.h:3[m[K,
[2.057s]                  from [01m[K/home/handsome/ros_ws_test/src/ros_base/robot_scheduling/robot_scheduling_actions/src/robot_scheduling_service.cpp:1[m[K:
[2.057s] [01m[K/usr/include/c++/7/bits/shared_ptr.h:408:5:[m[K [01;36m[Knote: [m[Kcandidate: template<class _Tp> bool std::operator<(const std::shared_ptr<_Tp>&, std::nullptr_t)
[2.057s]      [01;36m[Koperator[m[K<(const shared_ptr<_Tp>& __a, nullptr_t) noexcept
[2.057s]      [01;36m[K^~~~~~~~[m[K
[2.057s] [01m[K/usr/include/c++/7/bits/shared_ptr.h:408:5:[m[K [01;36m[Knote: [m[K  template argument deduction/substitution failed:
[2.057s] In file included from [01m[K/usr/include/c++/7/bits/stl_algobase.h:71:0[m[K,
[2.057s]                  from [01m[K/usr/include/c++/7/bits/char_traits.h:39[m[K,
[2.057s]                  from [01m[K/usr/include/c++/7/string:40[m[K,
[2.058s]                  from [01m[K/opt/ros/melodic/include/ros/platform.h:38[m[K,
[2.058s]                  from [01m[K/opt/ros/melodic/include/ros/time.h:53[m[K,
[2.058s]                  from [01m[K/opt/ros/melodic/include/ros/ros.h:38[m[K,
[2.058s]                  from [01m[K/home/handsome/ros_ws_test/src/ros_base/robot_scheduling/robot_scheduling_actions/include/robot_scheduling_service.h:3[m[K,
[2.058s]                  from [01m[K/home/handsome/ros_ws_test/src/ros_base/robot_scheduling/robot_scheduling_actions/src/robot_scheduling_service.cpp:1[m[K:
[2.058s] [01m[K/usr/include/c++/7/bits/predefined_ops.h:65:22:[m[K [01;36m[Knote: [m[K  â€˜[01m[Kconst std::__cxx11::basic_string<char>[m[Kâ€™ is not derived from â€˜[01m[Kconst std::shared_ptr<_Tp>[m[Kâ€™
[2.058s]        { return [01;36m[K*__it < __val[m[K; }
[2.058s]                 [01;36m[K~~~~~~^~~~~~~[m[K
[2.058s] In file included from [01m[K/usr/include/c++/7/memory:81:0[m[K,
[2.058s]                  from [01m[K/usr/include/boost/config/no_tr1/memory.hpp:21[m[K,
[2.058s]                  from [01m[K/usr/include/boost/smart_ptr/shared_ptr.hpp:23[m[K,
[2.059s]                  from [01m[K/usr/include/boost/shared_ptr.hpp:17[m[K,
[2.059s]                  from [01m[K/opt/ros/melodic/include/ros/forwards.h:37[m[K,
[2.059s]                  from [01m[K/opt/ros/melodic/include/ros/common.h:37[m[K,
[2.059s]                  from [01m[K/opt/ros/melodic/include/ros/ros.h:43[m[K,
[2.059s]                  from [01m[K/home/handsome/ros_ws_test/src/ros_base/robot_scheduling/robot_scheduling_actions/include/robot_scheduling_service.h:3[m[K,
[2.059s]                  from [01m[K/home/handsome/ros_ws_test/src/ros_base/robot_scheduling/robot_scheduling_actions/src/robot_scheduling_service.cpp:1[m[K:
[2.059s] [01m[K/usr/include/c++/7/bits/shared_ptr.h:398:5:[m[K [01;36m[Knote: [m[Kcandidate: template<class _Tp, class _Up> bool std::operator<(const std::shared_ptr<_Tp>&, const std::shared_ptr<_Up>&)
[2.059s]      [01;36m[Koperator[m[K<(const shared_ptr<_Tp>& __a, const shared_ptr<_Up>& __b) noexcept
[2.059s]      [01;36m[K^~~~~~~~[m[K
[2.060s] [01m[K/usr/include/c++/7/bits/shared_ptr.h:398:5:[m[K [01;36m[Knote: [m[K  template argument deduction/substitution failed:
[2.060s] In file included from [01m[K/usr/include/c++/7/bits/stl_algobase.h:71:0[m[K,
[2.060s]                  from [01m[K/usr/include/c++/7/bits/char_traits.h:39[m[K,
[2.060s]                  from [01m[K/usr/include/c++/7/string:40[m[K,
[2.060s]                  from [01m[K/opt/ros/melodic/include/ros/platform.h:38[m[K,
[2.060s]                  from [01m[K/opt/ros/melodic/include/ros/time.h:53[m[K,
[2.060s]                  from [01m[K/opt/ros/melodic/include/ros/ros.h:38[m[K,
[2.060s]                  from [01m[K/home/handsome/ros_ws_test/src/ros_base/robot_scheduling/robot_scheduling_actions/include/robot_scheduling_service.h:3[m[K,
[2.060s]                  from [01m[K/home/handsome/ros_ws_test/src/ros_base/robot_scheduling/robot_scheduling_actions/src/robot_scheduling_service.cpp:1[m[K:
[2.061s] [01m[K/usr/include/c++/7/bits/predefined_ops.h:65:22:[m[K [01;36m[Knote: [m[K  â€˜[01m[Kconst std::__cxx11::basic_string<char>[m[Kâ€™ is not derived from â€˜[01m[Kconst std::shared_ptr<_Tp>[m[Kâ€™
[2.061s]        { return [01;36m[K*__it < __val[m[K; }
[2.061s]                 [01;36m[K~~~~~~^~~~~~~[m[K
[2.061s] In file included from [01m[K/usr/include/c++/7/bits/shared_ptr.h:52:0[m[K,
[2.061s]                  from [01m[K/usr/include/c++/7/memory:81[m[K,
[2.061s]                  from [01m[K/usr/include/boost/config/no_tr1/memory.hpp:21[m[K,
[2.061s]                  from [01m[K/usr/include/boost/smart_ptr/shared_ptr.hpp:23[m[K,
[2.061s]                  from [01m[K/usr/include/boost/shared_ptr.hpp:17[m[K,
[2.061s]                  from [01m[K/opt/ros/melodic/include/ros/forwards.h:37[m[K,
[2.061s]                  from [01m[K/opt/ros/melodic/include/ros/common.h:37[m[K,
[2.062s]                  from [01m[K/opt/ros/melodic/include/ros/ros.h:43[m[K,
[2.062s]                  from [01m[K/home/handsome/ros_ws_test/src/ros_base/robot_scheduling/robot_scheduling_actions/include/robot_scheduling_service.h:3[m[K,
[2.062s]                  from [01m[K/home/handsome/ros_ws_test/src/ros_base/robot_scheduling/robot_scheduling_actions/src/robot_scheduling_service.cpp:1[m[K:
[2.062s] [01m[K/usr/include/c++/7/bits/shared_ptr_base.h:1460:5:[m[K [01;36m[Knote: [m[Kcandidate: template<class _Tp, __gnu_cxx::_Lock_policy _Lp> bool std::operator<(std::nullptr_t, const std::__shared_ptr<_Tp, _Lp>&)
[2.062s]      [01;36m[Koperator[m[K<(nullptr_t, const __shared_ptr<_Tp, _Lp>& __a) noexcept
[2.062s]      [01;36m[K^~~~~~~~[m[K
[2.062s] [01m[K/usr/include/c++/7/bits/shared_ptr_base.h:1460:5:[m[K [01;36m[Knote: [m[K  template argument deduction/substitution failed:
[2.062s] In file included from [01m[K/usr/include/c++/7/bits/stl_algobase.h:71:0[m[K,
[2.062s]                  from [01m[K/usr/include/c++/7/bits/char_traits.h:39[m[K,
[2.063s]                  from [01m[K/usr/include/c++/7/string:40[m[K,
[2.063s]                  from [01m[K/opt/ros/melodic/include/ros/platform.h:38[m[K,
[2.063s]                  from [01m[K/opt/ros/melodic/include/ros/time.h:53[m[K,
[2.063s]                  from [01m[K/opt/ros/melodic/include/ros/ros.h:38[m[K,
[2.063s]                  from [01m[K/home/handsome/ros_ws_test/src/ros_base/robot_scheduling/robot_scheduling_actions/include/robot_scheduling_service.h:3[m[K,
[2.063s]                  from [01m[K/home/handsome/ros_ws_test/src/ros_base/robot_scheduling/robot_scheduling_actions/src/robot_scheduling_service.cpp:1[m[K:
[2.063s] [01m[K/usr/include/c++/7/bits/predefined_ops.h:65:22:[m[K [01;36m[Knote: [m[K  mismatched types â€˜[01m[Kconst std::__shared_ptr<_Tp, _Lp>[m[Kâ€™ and â€˜[01m[Kconst char[m[Kâ€™
[2.063s]        { return [01;36m[K*__it < __val[m[K; }
[2.063s]                 [01;36m[K~~~~~~^~~~~~~[m[K
[2.064s] In file included from [01m[K/usr/include/c++/7/bits/shared_ptr.h:52:0[m[K,
[2.064s]                  from [01m[K/usr/include/c++/7/memory:81[m[K,
[2.064s]                  from [01m[K/usr/include/boost/config/no_tr1/memory.hpp:21[m[K,
[2.064s]                  from [01m[K/usr/include/boost/smart_ptr/shared_ptr.hpp:23[m[K,
[2.064s]                  from [01m[K/usr/include/boost/shared_ptr.hpp:17[m[K,
[2.064s]                  from [01m[K/opt/ros/melodic/include/ros/forwards.h:37[m[K,
[2.064s]                  from [01m[K/opt/ros/melodic/include/ros/common.h:37[m[K,
[2.064s]                  from [01m[K/opt/ros/melodic/include/ros/ros.h:43[m[K,
[2.064s]                  from [01m[K/home/handsome/ros_ws_test/src/ros_base/robot_scheduling/robot_scheduling_actions/include/robot_scheduling_service.h:3[m[K,
[2.065s]                  from [01m[K/home/handsome/ros_ws_test/src/ros_base/robot_scheduling/robot_scheduling_actions/src/robot_scheduling_service.cpp:1[m[K:
[2.065s] [01m[K/usr/include/c++/7/bits/shared_ptr_base.h:1452:5:[m[K [01;36m[Knote: [m[Kcandidate: template<class _Tp, __gnu_cxx::_Lock_policy _Lp> bool std::operator<(const std::__shared_ptr<_Tp, _Lp>&, std::nullptr_t)
[2.065s]      [01;36m[Koperator[m[K<(const __shared_ptr<_Tp, _Lp>& __a, nullptr_t) noexcept
[2.065s]      [01;36m[K^~~~~~~~[m[K
[2.065s] [01m[K/usr/include/c++/7/bits/shared_ptr_base.h:1452:5:[m[K [01;36m[Knote: [m[K  template argument deduction/substitution failed:
[2.065s] In file included from [01m[K/usr/include/c++/7/bits/stl_algobase.h:71:0[m[K,
[2.065s]                  from [01m[K/usr/include/c++/7/bits/char_traits.h:39[m[K,
[2.065s]                  from [01m[K/usr/include/c++/7/string:40[m[K,
[2.065s]                  from [01m[K/opt/ros/melodic/include/ros/platform.h:38[m[K,
[2.065s]                  from [01m[K/opt/ros/melodic/include/ros/time.h:53[m[K,
[2.066s]                  from [01m[K/opt/ros/melodic/include/ros/ros.h:38[m[K,
[2.066s]                  from [01m[K/home/handsome/ros_ws_test/src/ros_base/robot_scheduling/robot_scheduling_actions/include/robot_scheduling_service.h:3[m[K,
[2.066s]                  from [01m[K/home/handsome/ros_ws_test/src/ros_base/robot_scheduling/robot_scheduling_actions/src/robot_scheduling_service.cpp:1[m[K:
[2.066s] [01m[K/usr/include/c++/7/bits/predefined_ops.h:65:22:[m[K [01;36m[Knote: [m[K  â€˜[01m[Kconst std::__cxx11::basic_string<char>[m[Kâ€™ is not derived from â€˜[01m[Kconst std::__shared_ptr<_Tp, _Lp>[m[Kâ€™
[2.066s]        { return [01;36m[K*__it < __val[m[K; }
[2.066s]                 [01;36m[K~~~~~~^~~~~~~[m[K
[2.066s] In file included from [01m[K/usr/include/c++/7/bits/shared_ptr.h:52:0[m[K,
[2.066s]                  from [01m[K/usr/include/c++/7/memory:81[m[K,
[2.066s]                  from [01m[K/usr/include/boost/config/no_tr1/memory.hpp:21[m[K,
[2.067s]                  from [01m[K/usr/include/boost/smart_ptr/shared_ptr.hpp:23[m[K,
[2.067s]                  from [01m[K/usr/include/boost/shared_ptr.hpp:17[m[K,
[2.067s]                  from [01m[K/opt/ros/melodic/include/ros/forwards.h:37[m[K,
[2.067s]                  from [01m[K/opt/ros/melodic/include/ros/common.h:37[m[K,
[2.067s]                  from [01m[K/opt/ros/melodic/include/ros/ros.h:43[m[K,
[2.067s]                  from [01m[K/home/handsome/ros_ws_test/src/ros_base/robot_scheduling/robot_scheduling_actions/include/robot_scheduling_service.h:3[m[K,
[2.067s]                  from [01m[K/home/handsome/ros_ws_test/src/ros_base/robot_scheduling/robot_scheduling_actions/src/robot_scheduling_service.cpp:1[m[K:
[2.067s] [01m[K/usr/include/c++/7/bits/shared_ptr_base.h:1441:5:[m[K [01;36m[Knote: [m[Kcandidate: template<class _Tp, class _Up, __gnu_cxx::_Lock_policy _Lp> bool std::operator<(const std::__shared_ptr<_Tp1, _Lp>&, const std::__shared_ptr<_Tp2, _Lp>&)
[2.067s]      [01;36m[Koperator[m[K<(const __shared_ptr<_Tp, _Lp>& __a,
[2.067s]      [01;36m[K^~~~~~~~[m[K
[2.068s] [01m[K/usr/include/c++/7/bits/shared_ptr_base.h:1441:5:[m[K [01;36m[Knote: [m[K  template argument deduction/substitution failed:
[2.068s] In file included from [01m[K/usr/include/c++/7/bits/stl_algobase.h:71:0[m[K,
[2.068s]                  from [01m[K/usr/include/c++/7/bits/char_traits.h:39[m[K,
[2.068s]                  from [01m[K/usr/include/c++/7/string:40[m[K,
[2.068s]                  from [01m[K/opt/ros/melodic/include/ros/platform.h:38[m[K,
[2.068s]                  from [01m[K/opt/ros/melodic/include/ros/time.h:53[m[K,
[2.068s]                  from [01m[K/opt/ros/melodic/include/ros/ros.h:38[m[K,
[2.068s]                  from [01m[K/home/handsome/ros_ws_test/src/ros_base/robot_scheduling/robot_scheduling_actions/include/robot_scheduling_service.h:3[m[K,
[2.068s]                  from [01m[K/home/handsome/ros_ws_test/src/ros_base/robot_scheduling/robot_scheduling_actions/src/robot_scheduling_service.cpp:1[m[K:
[2.069s] [01m[K/usr/include/c++/7/bits/predefined_ops.h:65:22:[m[K [01;36m[Knote: [m[K  â€˜[01m[Kconst std::__cxx11::basic_string<char>[m[Kâ€™ is not derived from â€˜[01m[Kconst std::__shared_ptr<_Tp1, _Lp>[m[Kâ€™
[2.069s]        { return [01;36m[K*__it < __val[m[K; }
[2.069s]                 [01;36m[K~~~~~~^~~~~~~[m[K
[2.069s] In file included from [01m[K/usr/include/c++/7/list:63:0[m[K,
[2.069s]                  from [01m[K/opt/ros/melodic/include/ros/forwards.h:35[m[K,
[2.069s]                  from [01m[K/opt/ros/melodic/include/ros/common.h:37[m[K,
[2.069s]                  from [01m[K/opt/ros/melodic/include/ros/ros.h:43[m[K,
[2.069s]                  from [01m[K/home/handsome/ros_ws_test/src/ros_base/robot_scheduling/robot_scheduling_actions/include/robot_scheduling_service.h:3[m[K,
[2.069s]                  from [01m[K/home/handsome/ros_ws_test/src/ros_base/robot_scheduling/robot_scheduling_actions/src/robot_scheduling_service.cpp:1[m[K:
[2.070s] [01m[K/usr/include/c++/7/bits/stl_list.h:1918:5:[m[K [01;36m[Knote: [m[Kcandidate: template<class _Tp, class _Alloc> bool std::operator<(const std::__cxx11::list<_Tp, _Alloc>&, const std::__cxx11::list<_Tp, _Alloc>&)
[2.070s]      [01;36m[Koperator[m[K<(const list<_Tp, _Alloc>& __x, const list<_Tp, _Alloc>& __y)
[2.070s]      [01;36m[K^~~~~~~~[m[K
[2.070s] [01m[K/usr/include/c++/7/bits/stl_list.h:1918:5:[m[K [01;36m[Knote: [m[K  template argument deduction/substitution failed:
[2.070s] In file included from [01m[K/usr/include/c++/7/bits/stl_algobase.h:71:0[m[K,
[2.070s]                  from [01m[K/usr/include/c++/7/bits/char_traits.h:39[m[K,
[2.070s]                  from [01m[K/usr/include/c++/7/string:40[m[K,
[2.070s]                  from [01m[K/opt/ros/melodic/include/ros/platform.h:38[m[K,
[2.070s]                  from [01m[K/opt/ros/melodic/include/ros/time.h:53[m[K,
[2.071s]                  from [01m[K/opt/ros/melodic/include/ros/ros.h:38[m[K,
[2.071s]                  from [01m[K/home/handsome/ros_ws_test/src/ros_base/robot_scheduling/robot_scheduling_actions/include/robot_scheduling_service.h:3[m[K,
[2.071s]                  from [01m[K/home/handsome/ros_ws_test/src/ros_base/robot_scheduling/robot_scheduling_actions/src/robot_scheduling_service.cpp:1[m[K:
[2.071s] [01m[K/usr/include/c++/7/bits/predefined_ops.h:65:22:[m[K [01;36m[Knote: [m[K  â€˜[01m[Kconst std::__cxx11::basic_string<char>[m[Kâ€™ is not derived from â€˜[01m[Kconst std::__cxx11::list<_Tp, _Alloc>[m[Kâ€™
[2.071s]        { return [01;36m[K*__it < __val[m[K; }
[2.071s]                 [01;36m[K~~~~~~^~~~~~~[m[K
[2.071s] In file included from [01m[K/usr/include/c++/7/set:62:0[m[K,
[2.071s]                  from [01m[K/opt/ros/melodic/include/ros/forwards.h:34[m[K,
[2.071s]                  from [01m[K/opt/ros/melodic/include/ros/common.h:37[m[K,
[2.071s]                  from [01m[K/opt/ros/melodic/include/ros/ros.h:43[m[K,
[2.072s]                  from [01m[K/home/handsome/ros_ws_test/src/ros_base/robot_scheduling/robot_scheduling_actions/include/robot_scheduling_service.h:3[m[K,
[2.072s]                  from [01m[K/home/handsome/ros_ws_test/src/ros_base/robot_scheduling/robot_scheduling_actions/src/robot_scheduling_service.cpp:1[m[K:
[2.072s] [01m[K/usr/include/c++/7/bits/stl_multiset.h:913:5:[m[K [01;36m[Knote: [m[Kcandidate: template<class _Key, class _Compare, class _Alloc> bool std::operator<(const std::multiset<_Key, _Compare, _Alloc>&, const std::multiset<_Key, _Compare, _Alloc>&)
[2.072s]      [01;36m[Koperator[m[K<(const multiset<_Key, _Compare, _Alloc>& __x,
[2.072s]      [01;36m[K^~~~~~~~[m[K
[2.072s] [01m[K/usr/include/c++/7/bits/stl_multiset.h:913:5:[m[K [01;36m[Knote: [m[K  template argument deduction/substitution failed:
[2.072s] In file included from [01m[K/usr/include/c++/7/bits/stl_algobase.h:71:0[m[K,
[2.072s]                  from [01m[K/usr/include/c++/7/bits/char_traits.h:39[m[K,
[2.072s]                  from [01m[K/usr/include/c++/7/string:40[m[K,
[2.073s]                  from [01m[K/opt/ros/melodic/include/ros/platform.h:38[m[K,
[2.073s]                  from [01m[K/opt/ros/melodic/include/ros/time.h:53[m[K,
[2.073s]                  from [01m[K/opt/ros/melodic/include/ros/ros.h:38[m[K,
[2.073s]                  from [01m[K/home/handsome/ros_ws_test/src/ros_base/robot_scheduling/robot_scheduling_actions/include/robot_scheduling_service.h:3[m[K,
[2.073s]                  from [01m[K/home/handsome/ros_ws_test/src/ros_base/robot_scheduling/robot_scheduling_actions/src/robot_scheduling_service.cpp:1[m[K:
[2.073s] [01m[K/usr/include/c++/7/bits/predefined_ops.h:65:22:[m[K [01;36m[Knote: [m[K  â€˜[01m[Kconst std::__cxx11::basic_string<char>[m[Kâ€™ is not derived from â€˜[01m[Kconst std::multiset<_Key, _Compare, _Alloc>[m[Kâ€™
[2.073s]        { return [01;36m[K*__it < __val[m[K; }
[2.073s]                 [01;36m[K~~~~~~^~~~~~~[m[K
[2.073s] In file included from [01m[K/usr/include/c++/7/set:61:0[m[K,
[2.073s]                  from [01m[K/opt/ros/melodic/include/ros/forwards.h:34[m[K,
[2.074s]                  from [01m[K/opt/ros/melodic/include/ros/common.h:37[m[K,
[2.074s]                  from [01m[K/opt/ros/melodic/include/ros/ros.h:43[m[K,
[2.074s]                  from [01m[K/home/handsome/ros_ws_test/src/ros_base/robot_scheduling/robot_scheduling_actions/include/robot_scheduling_service.h:3[m[K,
[2.074s]                  from [01m[K/home/handsome/ros_ws_test/src/ros_base/robot_scheduling/robot_scheduling_actions/src/robot_scheduling_service.cpp:1[m[K:
[2.074s] [01m[K/usr/include/c++/7/bits/stl_set.h:930:5:[m[K [01;36m[Knote: [m[Kcandidate: template<class _Key, class _Compare, class _Alloc> bool std::operator<(const std::set<_Key, _Compare, _Alloc>&, const std::set<_Key, _Compare, _Alloc>&)
[2.074s]      [01;36m[Koperator[m[K<(const set<_Key, _Compare, _Alloc>& __x,
[2.074s]      [01;36m[K^~~~~~~~[m[K
[2.074s] [01m[K/usr/include/c++/7/bits/stl_set.h:930:5:[m[K [01;36m[Knote: [m[K  template argument deduction/substitution failed:
[2.074s] In file included from [01m[K/usr/include/c++/7/bits/stl_algobase.h:71:0[m[K,
[2.075s]                  from [01m[K/usr/include/c++/7/bits/char_traits.h:39[m[K,
[2.075s]                  from [01m[K/usr/include/c++/7/string:40[m[K,
[2.075s]                  from [01m[K/opt/ros/melodic/include/ros/platform.h:38[m[K,
[2.075s]                  from [01m[K/opt/ros/melodic/include/ros/time.h:53[m[K,
[2.075s]                  from [01m[K/opt/ros/melodic/include/ros/ros.h:38[m[K,
[2.075s]                  from [01m[K/home/handsome/ros_ws_test/src/ros_base/robot_scheduling/robot_scheduling_actions/include/robot_scheduling_service.h:3[m[K,
[2.075s]                  from [01m[K/home/handsome/ros_ws_test/src/ros_base/robot_scheduling/robot_scheduling_actions/src/robot_scheduling_service.cpp:1[m[K:
[2.075s] [01m[K/usr/include/c++/7/bits/predefined_ops.h:65:22:[m[K [01;36m[Knote: [m[K  â€˜[01m[Kconst std::__cxx11::basic_string<char>[m[Kâ€™ is not derived from â€˜[01m[Kconst std::set<_Key, _Compare, _Alloc>[m[Kâ€™
[2.075s]        { return [01;36m[K*__it < __val[m[K; }
[2.075s]                 [01;36m[K~~~~~~^~~~~~~[m[K
[2.076s] In file included from [01m[K/usr/include/c++/7/map:62:0[m[K,
[2.076s]                  from [01m[K/opt/ros/melodic/include/ros/console.h:42[m[K,
[2.076s]                  from [01m[K/opt/ros/melodic/include/ros/ros.h:40[m[K,
[2.076s]                  from [01m[K/home/handsome/ros_ws_test/src/ros_base/robot_scheduling/robot_scheduling_actions/include/robot_scheduling_service.h:3[m[K,
[2.076s]                  from [01m[K/home/handsome/ros_ws_test/src/ros_base/robot_scheduling/robot_scheduling_actions/src/robot_scheduling_service.cpp:1[m[K:
[2.076s] [01m[K/usr/include/c++/7/bits/stl_multimap.h:1076:5:[m[K [01;36m[Knote: [m[Kcandidate: template<class _Key, class _Tp, class _Compare, class _Alloc> bool std::operator<(const std::multimap<_Key, _Tp, _Compare, _Alloc>&, const std::multimap<_Key, _Tp, _Compare, _Alloc>&)
[2.076s]      [01;36m[Koperator[m[K<(const multimap<_Key, _Tp, _Compare, _Alloc>& __x,
[2.076s]      [01;36m[K^~~~~~~~[m[K
[2.076s] [01m[K/usr/include/c++/7/bits/stl_multimap.h:1076:5:[m[K [01;36m[Knote: [m[K  template argument deduction/substitution failed:
[2.077s] In file included from [01m[K/usr/include/c++/7/bits/stl_algobase.h:71:0[m[K,
[2.077s]                  from [01m[K/usr/include/c++/7/bits/char_traits.h:39[m[K,
[2.077s]                  from [01m[K/usr/include/c++/7/string:40[m[K,
[2.077s]                  from [01m[K/opt/ros/melodic/include/ros/platform.h:38[m[K,
[2.077s]                  from [01m[K/opt/ros/melodic/include/ros/time.h:53[m[K,
[2.077s]                  from [01m[K/opt/ros/melodic/include/ros/ros.h:38[m[K,
[2.077s]                  from [01m[K/home/handsome/ros_ws_test/src/ros_base/robot_scheduling/robot_scheduling_actions/include/robot_scheduling_service.h:3[m[K,
[2.077s]                  from [01m[K/home/handsome/ros_ws_test/src/ros_base/robot_scheduling/robot_scheduling_actions/src/robot_scheduling_service.cpp:1[m[K:
[2.077s] [01m[K/usr/include/c++/7/bits/predefined_ops.h:65:22:[m[K [01;36m[Knote: [m[K  â€˜[01m[Kconst std::__cxx11::basic_string<char>[m[Kâ€™ is not derived from â€˜[01m[Kconst std::multimap<_Key, _Tp, _Compare, _Alloc>[m[Kâ€™
[2.078s]        { return [01;36m[K*__it < __val[m[K; }
[2.078s]                 [01;36m[K~~~~~~^~~~~~~[m[K
[2.078s] In file included from [01m[K/usr/include/c++/7/map:61:0[m[K,
[2.078s]                  from [01m[K/opt/ros/melodic/include/ros/console.h:42[m[K,
[2.078s]                  from [01m[K/opt/ros/melodic/include/ros/ros.h:40[m[K,
[2.078s]                  from [01m[K/home/handsome/ros_ws_test/src/ros_base/robot_scheduling/robot_scheduling_actions/include/robot_scheduling_service.h:3[m[K,
[2.078s]                  from [01m[K/home/handsome/ros_ws_test/src/ros_base/robot_scheduling/robot_scheduling_actions/src/robot_scheduling_service.cpp:1[m[K:
[2.078s] [01m[K/usr/include/c++/7/bits/stl_map.h:1411:5:[m[K [01;36m[Knote: [m[Kcandidate: template<class _Key, class _Tp, class _Compare, class _Alloc> bool std::operator<(const std::map<_Key, _Tp, _Compare, _Alloc>&, const std::map<_Key, _Tp, _Compare, _Alloc>&)
[2.078s]      [01;36m[Koperator[m[K<(const map<_Key, _Tp, _Compare, _Alloc>& __x,
[2.079s]      [01;36m[K^~~~~~~~[m[K
[2.079s] [01m[K/usr/include/c++/7/bits/stl_map.h:1411:5:[m[K [01;36m[Knote: [m[K  template argument deduction/substitution failed:
[2.079s] In file included from [01m[K/usr/include/c++/7/bits/stl_algobase.h:71:0[m[K,
[2.079s]                  from [01m[K/usr/include/c++/7/bits/char_traits.h:39[m[K,
[2.079s]                  from [01m[K/usr/include/c++/7/string:40[m[K,
[2.079s]                  from [01m[K/opt/ros/melodic/include/ros/platform.h:38[m[K,
[2.079s]                  from [01m[K/opt/ros/melodic/include/ros/time.h:53[m[K,
[2.079s]                  from [01m[K/opt/ros/melodic/include/ros/ros.h:38[m[K,
[2.079s]                  from [01m[K/home/handsome/ros_ws_test/src/ros_base/robot_scheduling/robot_scheduling_actions/include/robot_scheduling_service.h:3[m[K,
[2.079s]                  from [01m[K/home/handsome/ros_ws_test/src/ros_base/robot_scheduling/robot_scheduling_actions/src/robot_scheduling_service.cpp:1[m[K:
[2.080s] [01m[K/usr/include/c++/7/bits/predefined_ops.h:65:22:[m[K [01;36m[Knote: [m[K  â€˜[01m[Kconst std::__cxx11::basic_string<char>[m[Kâ€™ is not derived from â€˜[01m[Kconst std::map<_Key, _Tp, _Compare, _Alloc>[m[Kâ€™
[2.080s]        { return [01;36m[K*__it < __val[m[K; }
[2.080s]                 [01;36m[K~~~~~~^~~~~~~[m[K
[2.080s] In file included from [01m[K/usr/include/c++/7/map:60:0[m[K,
[2.080s]                  from [01m[K/opt/ros/melodic/include/ros/console.h:42[m[K,
[2.080s]                  from [01m[K/opt/ros/melodic/include/ros/ros.h:40[m[K,
[2.080s]                  from [01m[K/home/handsome/ros_ws_test/src/ros_base/robot_scheduling/robot_scheduling_actions/include/robot_scheduling_service.h:3[m[K,
[2.080s]                  from [01m[K/home/handsome/ros_ws_test/src/ros_base/robot_scheduling/robot_scheduling_actions/src/robot_scheduling_service.cpp:1[m[K:
[2.080s] [01m[K/usr/include/c++/7/bits/stl_tree.h:1543:5:[m[K [01;36m[Knote: [m[Kcandidate: template<class _Key, class _Val, class _KeyOfValue, class _Compare, class _Alloc> bool std::operator<(const std::_Rb_tree<_Key, _Val, _KeyOfValue, _Compare, _Alloc>&, const std::_Rb_tree<_Key, _Val, _KeyOfValue, _Compare, _Alloc>&)
[2.080s]      [01;36m[Koperator[m[K<(const _Rb_tree<_Key, _Val, _KeyOfValue, _Compare, _Alloc>& __x,
[2.080s]      [01;36m[K^~~~~~~~[m[K
[2.080s] [01m[K/usr/include/c++/7/bits/stl_tree.h:1543:5:[m[K [01;36m[Knote: [m[K  template argument deduction/substitution failed:
[2.080s] In file included from [01m[K/usr/include/c++/7/bits/stl_algobase.h:71:0[m[K,
[2.081s]                  from [01m[K/usr/include/c++/7/bits/char_traits.h:39[m[K,
[2.081s]                  from [01m[K/usr/include/c++/7/string:40[m[K,
[2.081s]                  from [01m[K/opt/ros/melodic/include/ros/platform.h:38[m[K,
[2.081s]                  from [01m[K/opt/ros/melodic/include/ros/time.h:53[m[K,
[2.081s]                  from [01m[K/opt/ros/melodic/include/ros/ros.h:38[m[K,
[2.081s]                  from [01m[K/home/handsome/ros_ws_test/src/ros_base/robot_scheduling/robot_scheduling_actions/include/robot_scheduling_service.h:3[m[K,
[2.081s]                  from [01m[K/home/handsome/ros_ws_test/src/ros_base/robot_scheduling/robot_scheduling_actions/src/robot_scheduling_service.cpp:1[m[K:
[2.081s] [01m[K/usr/include/c++/7/bits/predefined_ops.h:65:22:[m[K [01;36m[Knote: [m[K  â€˜[01m[Kconst std::__cxx11::basic_string<char>[m[Kâ€™ is not derived from â€˜[01m[Kconst std::_Rb_tree<_Key, _Val, _KeyOfValue, _Compare, _Alloc>[m[Kâ€™
[2.081s]        { return [01;36m[K*__it < __val[m[K; }
[2.081s]                 [01;36m[K~~~~~~^~~~~~~[m[K
[2.081s] In file included from [01m[K/usr/include/c++/7/vector:64:0[m[K,
[2.081s]                  from [01m[K/usr/include/boost/math/special_functions/math_fwd.hpp:26[m[K,
[2.081s]                  from [01m[K/usr/include/boost/math/special_functions/round.hpp:15[m[K,
[2.081s]                  from [01m[K/opt/ros/melodic/include/ros/time.h:58[m[K,
[2.081s]                  from [01m[K/opt/ros/melodic/include/ros/ros.h:38[m[K,
[2.081s]                  from [01m[K/home/handsome/ros_ws_test/src/ros_base/robot_scheduling/robot_scheduling_actions/include/robot_scheduling_service.h:3[m[K,
[2.081s]                  from [01m[K/home/handsome/ros_ws_test/src/ros_base/robot_scheduling/robot_scheduling_actions/src/robot_scheduling_service.cpp:1[m[K:
[2.081s] [01m[K/usr/include/c++/7/bits/stl_vector.h:1618:5:[m[K [01;36m[Knote: [m[Kcandidate: template<class _Tp, class _Alloc> bool std::operator<(const std::vector<_Tp, _Alloc>&, const std::vector<_Tp, _Alloc>&)
[2.082s]      [01;36m[Koperator[m[K<(const vector<_Tp, _Alloc>& __x, const vector<_Tp, _Alloc>& __y)
[2.082s]      [01;36m[K^~~~~~~~[m[K
[2.082s] [01m[K/usr/include/c++/7/bits/stl_vector.h:1618:5:[m[K [01;36m[Knote: [m[K  template argument deduction/substitution failed:
[2.082s] In file included from [01m[K/usr/include/c++/7/bits/stl_algobase.h:71:0[m[K,
[2.082s]                  from [01m[K/usr/include/c++/7/bits/char_traits.h:39[m[K,
[2.082s]                  from [01m[K/usr/include/c++/7/string:40[m[K,
[2.082s]                  from [01m[K/opt/ros/melodic/include/ros/platform.h:38[m[K,
[2.082s]                  from [01m[K/opt/ros/melodic/include/ros/time.h:53[m[K,
[2.082s]                  from [01m[K/opt/ros/melodic/include/ros/ros.h:38[m[K,
[2.082s]                  from [01m[K/home/handsome/ros_ws_test/src/ros_base/robot_scheduling/robot_scheduling_actions/include/robot_scheduling_service.h:3[m[K,
[2.082s]                  from [01m[K/home/handsome/ros_ws_test/src/ros_base/robot_scheduling/robot_scheduling_actions/src/robot_scheduling_service.cpp:1[m[K:
[2.082s] [01m[K/usr/include/c++/7/bits/predefined_ops.h:65:22:[m[K [01;36m[Knote: [m[K  â€˜[01m[Kconst std::__cxx11::basic_string<char>[m[Kâ€™ is not derived from â€˜[01m[Kconst std::vector<_Tp, _Alloc>[m[Kâ€™
[2.082s]        { return [01;36m[K*__it < __val[m[K; }
[2.082s]                 [01;36m[K~~~~~~^~~~~~~[m[K
[2.082s] In file included from [01m[K/usr/include/c++/7/bits/locale_conv.h:41:0[m[K,
[2.082s]                  from [01m[K/usr/include/c++/7/locale:43[m[K,
[2.082s]                  from [01m[K/usr/include/c++/7/iomanip:43[m[K,
[2.082s]                  from [01m[K/usr/include/boost/math/policies/error_handling.hpp:12[m[K,
[2.083s]                  from [01m[K/usr/include/boost/math/special_functions/round.hpp:14[m[K,
[2.083s]                  from [01m[K/opt/ros/melodic/include/ros/time.h:58[m[K,
[2.083s]                  from [01m[K/opt/ros/melodic/include/ros/ros.h:38[m[K,
[2.083s]                  from [01m[K/home/handsome/ros_ws_test/src/ros_base/robot_scheduling/robot_scheduling_actions/include/robot_scheduling_service.h:3[m[K,
[2.083s]                  from [01m[K/home/handsome/ros_ws_test/src/ros_base/robot_scheduling/robot_scheduling_actions/src/robot_scheduling_service.cpp:1[m[K:
[2.083s] [01m[K/usr/include/c++/7/bits/unique_ptr.h:730:5:[m[K [01;36m[Knote: [m[Kcandidate: template<class _Tp, class _Dp> bool std::operator<(std::nullptr_t, const std::unique_ptr<_Tp, _Dp>&)
[2.083s]      [01;36m[Koperator[m[K<(nullptr_t, const unique_ptr<_Tp, _Dp>& __x)
[2.083s]      [01;36m[K^~~~~~~~[m[K
[2.083s] [01m[K/usr/include/c++/7/bits/unique_ptr.h:730:5:[m[K [01;36m[Knote: [m[K  template argument deduction/substitution failed:
[2.083s] In file included from [01m[K/usr/include/c++/7/bits/stl_algobase.h:71:0[m[K,
[2.083s]                  from [01m[K/usr/include/c++/7/bits/char_traits.h:39[m[K,
[2.083s]                  from [01m[K/usr/include/c++/7/string:40[m[K,
[2.083s]                  from [01m[K/opt/ros/melodic/include/ros/platform.h:38[m[K,
[2.083s]                  from [01m[K/opt/ros/melodic/include/ros/time.h:53[m[K,
[2.083s]                  from [01m[K/opt/ros/melodic/include/ros/ros.h:38[m[K,
[2.083s]                  from [01m[K/home/handsome/ros_ws_test/src/ros_base/robot_scheduling/robot_scheduling_actions/include/robot_scheduling_service.h:3[m[K,
[2.083s]                  from [01m[K/home/handsome/ros_ws_test/src/ros_base/robot_scheduling/robot_scheduling_actions/src/robot_scheduling_service.cpp:1[m[K:
[2.083s] [01m[K/usr/include/c++/7/bits/predefined_ops.h:65:22:[m[K [01;36m[Knote: [m[K  mismatched types â€˜[01m[Kconst std::unique_ptr<_Tp, _Dp>[m[Kâ€™ and â€˜[01m[Kconst char[m[Kâ€™
[2.084s]        { return [01;36m[K*__it < __val[m[K; }
[2.084s]                 [01;36m[K~~~~~~^~~~~~~[m[K
[2.084s] In file included from [01m[K/usr/include/c++/7/bits/locale_conv.h:41:0[m[K,
[2.084s]                  from [01m[K/usr/include/c++/7/locale:43[m[K,
[2.084s]                  from [01m[K/usr/include/c++/7/iomanip:43[m[K,
[2.084s]                  from [01m[K/usr/include/boost/math/policies/error_handling.hpp:12[m[K,
[2.084s]                  from [01m[K/usr/include/boost/math/special_functions/round.hpp:14[m[K,
[2.084s]                  from [01m[K/opt/ros/melodic/include/ros/time.h:58[m[K,
[2.084s]                  from [01m[K/opt/ros/melodic/include/ros/ros.h:38[m[K,
[2.084s]                  from [01m[K/home/handsome/ros_ws_test/src/ros_base/robot_scheduling/robot_scheduling_actions/include/robot_scheduling_service.h:3[m[K,
[2.084s]                  from [01m[K/home/handsome/ros_ws_test/src/ros_base/robot_scheduling/robot_scheduling_actions/src/robot_scheduling_service.cpp:1[m[K:
[2.084s] [01m[K/usr/include/c++/7/bits/unique_ptr.h:724:5:[m[K [01;36m[Knote: [m[Kcandidate: template<class _Tp, class _Dp> bool std::operator<(const std::unique_ptr<_Tp, _Dp>&, std::nullptr_t)
[2.084s]      [01;36m[Koperator[m[K<(const unique_ptr<_Tp, _Dp>& __x, nullptr_t)
[2.084s]      [01;36m[K^~~~~~~~[m[K
[2.084s] [01m[K/usr/include/c++/7/bits/unique_ptr.h:724:5:[m[K [01;36m[Knote: [m[K  template argument deduction/substitution failed:
[2.084s] In file included from [01m[K/usr/include/c++/7/bits/stl_algobase.h:71:0[m[K,
[2.084s]                  from [01m[K/usr/include/c++/7/bits/char_traits.h:39[m[K,
[2.085s]                  from [01m[K/usr/include/c++/7/string:40[m[K,
[2.085s]                  from [01m[K/opt/ros/melodic/include/ros/platform.h:38[m[K,
[2.085s]                  from [01m[K/opt/ros/melodic/include/ros/time.h:53[m[K,
[2.085s]                  from [01m[K/opt/ros/melodic/include/ros/ros.h:38[m[K,
[2.085s]                  from [01m[K/home/handsome/ros_ws_test/src/ros_base/robot_scheduling/robot_scheduling_actions/include/robot_scheduling_service.h:3[m[K,
[2.085s]                  from [01m[K/home/handsome/ros_ws_test/src/ros_base/robot_scheduling/robot_scheduling_actions/src/robot_scheduling_service.cpp:1[m[K:
[2.085s] [01m[K/usr/include/c++/7/bits/predefined_ops.h:65:22:[m[K [01;36m[Knote: [m[K  â€˜[01m[Kconst std::__cxx11::basic_string<char>[m[Kâ€™ is not derived from â€˜[01m[Kconst std::unique_ptr<_Tp, _Dp>[m[Kâ€™
[2.085s]        { return [01;36m[K*__it < __val[m[K; }
[2.085s]                 [01;36m[K~~~~~~^~~~~~~[m[K
[2.085s] In file included from [01m[K/usr/include/c++/7/bits/locale_conv.h:41:0[m[K,
[2.085s]                  from [01m[K/usr/include/c++/7/locale:43[m[K,
[2.085s]                  from [01m[K/usr/include/c++/7/iomanip:43[m[K,
[2.085s]                  from [01m[K/usr/include/boost/math/policies/error_handling.hpp:12[m[K,
[2.085s]                  from [01m[K/usr/include/boost/math/special_functions/round.hpp:14[m[K,
[2.085s]                  from [01m[K/opt/ros/melodic/include/ros/time.h:58[m[K,
[2.085s]                  from [01m[K/opt/ros/melodic/include/ros/ros.h:38[m[K,
[2.085s]                  from [01m[K/home/handsome/ros_ws_test/src/ros_base/robot_scheduling/robot_scheduling_actions/include/robot_scheduling_service.h:3[m[K,
[2.085s]                  from [01m[K/home/handsome/ros_ws_test/src/ros_base/robot_scheduling/robot_scheduling_actions/src/robot_scheduling_service.cpp:1[m[K:
[2.086s] [01m[K/usr/include/c++/7/bits/unique_ptr.h:713:5:[m[K [01;36m[Knote: [m[Kcandidate: template<class _Tp, class _Dp, class _Up, class _Ep> bool std::operator<(const std::unique_ptr<_Tp, _Dp>&, const std::unique_ptr<_Up, _Ep>&)
[2.086s]      [01;36m[Koperator[m[K<(const unique_ptr<_Tp, _Dp>& __x,
[2.086s]      [01;36m[K^~~~~~~~[m[K
[2.086s] [01m[K/usr/include/c++/7/bits/unique_ptr.h:713:5:[m[K [01;36m[Knote: [m[K  template argument deduction/substitution failed:
[2.086s] In file included from [01m[K/usr/include/c++/7/bits/stl_algobase.h:71:0[m[K,
[2.086s]                  from [01m[K/usr/include/c++/7/bits/char_traits.h:39[m[K,
[2.086s]                  from [01m[K/usr/include/c++/7/string:40[m[K,
[2.086s]                  from [01m[K/opt/ros/melodic/include/ros/platform.h:38[m[K,
[2.086s]                  from [01m[K/opt/ros/melodic/include/ros/time.h:53[m[K,
[2.086s]                  from [01m[K/opt/ros/melodic/include/ros/ros.h:38[m[K,
[2.086s]                  from [01m[K/home/handsome/ros_ws_test/src/ros_base/robot_scheduling/robot_scheduling_actions/include/robot_scheduling_service.h:3[m[K,
[2.086s]                  from [01m[K/home/handsome/ros_ws_test/src/ros_base/robot_scheduling/robot_scheduling_actions/src/robot_scheduling_service.cpp:1[m[K:
[2.086s] [01m[K/usr/include/c++/7/bits/predefined_ops.h:65:22:[m[K [01;36m[Knote: [m[K  â€˜[01m[Kconst std::__cxx11::basic_string<char>[m[Kâ€™ is not derived from â€˜[01m[Kconst std::unique_ptr<_Tp, _Dp>[m[Kâ€™
[2.086s]        { return [01;36m[K*__it < __val[m[K; }
[2.086s]                 [01;36m[K~~~~~~^~~~~~~[m[K
[2.086s] In file included from [01m[K/usr/include/c++/7/bits/unique_ptr.h:37:0[m[K,
[2.086s]                  from [01m[K/usr/include/c++/7/bits/locale_conv.h:41[m[K,
[2.087s]                  from [01m[K/usr/include/c++/7/locale:43[m[K,
[2.087s]                  from [01m[K/usr/include/c++/7/iomanip:43[m[K,
[2.087s]                  from [01m[K/usr/include/boost/math/policies/error_handling.hpp:12[m[K,
[2.087s]                  from [01m[K/usr/include/boost/math/special_functions/round.hpp:14[m[K,
[2.087s]                  from [01m[K/opt/ros/melodic/include/ros/time.h:58[m[K,
[2.087s]                  from [01m[K/opt/ros/melodic/include/ros/ros.h:38[m[K,
[2.087s]                  from [01m[K/home/handsome/ros_ws_test/src/ros_base/robot_scheduling/robot_scheduling_actions/include/robot_scheduling_service.h:3[m[K,
[2.087s]                  from [01m[K/home/handsome/ros_ws_test/src/ros_base/robot_scheduling/robot_scheduling_actions/src/robot_scheduling_service.cpp:1[m[K:
[2.087s] [01m[K/usr/include/c++/7/tuple:1410:5:[m[K [01;36m[Knote: [m[Kcandidate: template<class ... _TElements, class ... _UElements> constexpr bool std::operator<(const std::tuple<_Tps ...>&, const std::tuple<_Elements ...>&)
[2.087s]      [01;36m[Koperator[m[K<(const tuple<_TElements...>& __t,
[2.087s]      [01;36m[K^~~~~~~~[m[K
[2.087s] [01m[K/usr/include/c++/7/tuple:1410:5:[m[K [01;36m[Knote: [m[K  template argument deduction/substitution failed:
[2.087s] In file included from [01m[K/usr/include/c++/7/bits/stl_algobase.h:71:0[m[K,
[2.087s]                  from [01m[K/usr/include/c++/7/bits/char_traits.h:39[m[K,
[2.087s]                  from [01m[K/usr/include/c++/7/string:40[m[K,
[2.087s]                  from [01m[K/opt/ros/melodic/include/ros/platform.h:38[m[K,
[2.087s]                  from [01m[K/opt/ros/melodic/include/ros/time.h:53[m[K,
[2.087s]                  from [01m[K/opt/ros/melodic/include/ros/ros.h:38[m[K,
[2.088s]                  from [01m[K/home/handsome/ros_ws_test/src/ros_base/robot_scheduling/robot_scheduling_actions/include/robot_scheduling_service.h:3[m[K,
[2.088s]                  from [01m[K/home/handsome/ros_ws_test/src/ros_base/robot_scheduling/robot_scheduling_actions/src/robot_scheduling_service.cpp:1[m[K:
[2.088s] [01m[K/usr/include/c++/7/bits/predefined_ops.h:65:22:[m[K [01;36m[Knote: [m[K  â€˜[01m[Kconst std::__cxx11::basic_string<char>[m[Kâ€™ is not derived from â€˜[01m[Kconst std::tuple<_Tps ...>[m[Kâ€™
[2.088s]        { return [01;36m[K*__it < __val[m[K; }
[2.088s]                 [01;36m[K~~~~~~^~~~~~~[m[K
[2.088s] In file included from [01m[K/usr/include/c++/7/tuple:39:0[m[K,
[2.088s]                  from [01m[K/usr/include/c++/7/bits/unique_ptr.h:37[m[K,
[2.088s]                  from [01m[K/usr/include/c++/7/bits/locale_conv.h:41[m[K,
[2.088s]                  from [01m[K/usr/include/c++/7/locale:43[m[K,
[2.088s]                  from [01m[K/usr/include/c++/7/iomanip:43[m[K,
[2.088s]                  from [01m[K/usr/include/boost/math/policies/error_handling.hpp:12[m[K,
[2.088s]                  from [01m[K/usr/include/boost/math/special_functions/round.hpp:14[m[K,
[2.088s]                  from [01m[K/opt/ros/melodic/include/ros/time.h:58[m[K,
[2.088s]                  from [01m[K/opt/ros/melodic/include/ros/ros.h:38[m[K,
[2.088s]                  from [01m[K/home/handsome/ros_ws_test/src/ros_base/robot_scheduling/robot_scheduling_actions/include/robot_scheduling_service.h:3[m[K,
[2.088s]                  from [01m[K/home/handsome/ros_ws_test/src/ros_base/robot_scheduling/robot_scheduling_actions/src/robot_scheduling_service.cpp:1[m[K:
[2.089s] [01m[K/usr/include/c++/7/array:262:5:[m[K [01;36m[Knote: [m[Kcandidate: template<class _Tp, long unsigned int _Nm> bool std::operator<(const std::array<_Tp, _Nm>&, const std::array<_Tp, _Nm>&)
[2.089s]      [01;36m[Koperator[m[K<(const array<_Tp, _Nm>& __a, const array<_Tp, _Nm>& __b)
[2.089s]      [01;36m[K^~~~~~~~[m[K
[2.089s] [01m[K/usr/include/c++/7/array:262:5:[m[K [01;36m[Knote: [m[K  template argument deduction/substitution failed:
[2.089s] In file included from [01m[K/usr/include/c++/7/bits/stl_algobase.h:71:0[m[K,
[2.089s]                  from [01m[K/usr/include/c++/7/bits/char_traits.h:39[m[K,
[2.089s]                  from [01m[K/usr/include/c++/7/string:40[m[K,
[2.089s]                  from [01m[K/opt/ros/melodic/include/ros/platform.h:38[m[K,
[2.089s]                  from [01m[K/opt/ros/melodic/include/ros/time.h:53[m[K,
[2.089s]                  from [01m[K/opt/ros/melodic/include/ros/ros.h:38[m[K,
[2.089s]                  from [01m[K/home/handsome/ros_ws_test/src/ros_base/robot_scheduling/robot_scheduling_actions/include/robot_scheduling_service.h:3[m[K,
[2.089s]                  from [01m[K/home/handsome/ros_ws_test/src/ros_base/robot_scheduling/robot_scheduling_actions/src/robot_scheduling_service.cpp:1[m[K:
[2.089s] [01m[K/usr/include/c++/7/bits/predefined_ops.h:65:22:[m[K [01;36m[Knote: [m[K  â€˜[01m[Kconst std::__cxx11::basic_string<char>[m[Kâ€™ is not derived from â€˜[01m[Kconst std::array<_Tp, _Nm>[m[Kâ€™
[2.089s]        { return [01;36m[K*__it < __val[m[K; }
[2.089s]                 [01;36m[K~~~~~~^~~~~~~[m[K
[2.090s] In file included from [01m[K/usr/include/c++/7/bits/ios_base.h:46:0[m[K,
[2.090s]                  from [01m[K/usr/include/c++/7/ios:42[m[K,
[2.090s]                  from [01m[K/usr/include/c++/7/ostream:38[m[K,
[2.090s]                  from [01m[K/usr/include/c++/7/iostream:39[m[K,
[2.090s]                  from [01m[K/opt/ros/melodic/include/ros/time.h:54[m[K,
[2.090s]                  from [01m[K/opt/ros/melodic/include/ros/ros.h:38[m[K,
[2.090s]                  from [01m[K/home/handsome/ros_ws_test/src/ros_base/robot_scheduling/robot_scheduling_actions/include/robot_scheduling_service.h:3[m[K,
[2.090s]                  from [01m[K/home/handsome/ros_ws_test/src/ros_base/robot_scheduling/robot_scheduling_actions/src/robot_scheduling_service.cpp:1[m[K:
[2.090s] [01m[K/usr/include/c++/7/system_error:282:3:[m[K [01;36m[Knote: [m[Kcandidate: bool std::operator<(const std::error_condition&, const std::error_condition&)
[2.090s]    [01;36m[Koperator[m[K<(const error_condition& __lhs,
[2.090s]    [01;36m[K^~~~~~~~[m[K
[2.090s] [01m[K/usr/include/c++/7/system_error:282:3:[m[K [01;36m[Knote: [m[K  no known conversion for argument 1 from â€˜[01m[Kconst std::__cxx11::basic_string<char>[m[Kâ€™ to â€˜[01m[Kconst std::error_condition&[m[Kâ€™
[2.090s] [01m[K/usr/include/c++/7/system_error:208:3:[m[K [01;36m[Knote: [m[Kcandidate: bool std::operator<(const std::error_code&, const std::error_code&)
[2.090s]    [01;36m[Koperator[m[K<(const error_code& __lhs, const error_code& __rhs) noexcept
[2.090s]    [01;36m[K^~~~~~~~[m[K
[2.090s] [01m[K/usr/include/c++/7/system_error:208:3:[m[K [01;36m[Knote: [m[K  no known conversion for argument 1 from â€˜[01m[Kconst std::__cxx11::basic_string<char>[m[Kâ€™ to â€˜[01m[Kconst std::error_code&[m[Kâ€™
[2.091s] In file included from [01m[K/usr/include/c++/7/string:52:0[m[K,
[2.091s]                  from [01m[K/opt/ros/melodic/include/ros/platform.h:38[m[K,
[2.091s]                  from [01m[K/opt/ros/melodic/include/ros/time.h:53[m[K,
[2.091s]                  from [01m[K/opt/ros/melodic/include/ros/ros.h:38[m[K,
[2.091s]                  from [01m[K/home/handsome/ros_ws_test/src/ros_base/robot_scheduling/robot_scheduling_actions/include/robot_scheduling_service.h:3[m[K,
[2.091s]                  from [01m[K/home/handsome/ros_ws_test/src/ros_base/robot_scheduling/robot_scheduling_actions/src/robot_scheduling_service.cpp:1[m[K:
[2.091s] [01m[K/usr/include/c++/7/bits/basic_string.h:6119:5:[m[K [01;36m[Knote: [m[Kcandidate: template<class _CharT, class _Traits, class _Alloc> bool std::operator<(const _CharT*, const std::__cxx11::basic_string<_CharT, _Traits, _Alloc>&)
[2.091s]      [01;36m[Koperator[m[K<(const _CharT* __lhs,
[2.091s]      [01;36m[K^~~~~~~~[m[K
[2.091s] [01m[K/usr/include/c++/7/bits/basic_string.h:6119:5:[m[K [01;36m[Knote: [m[K  template argument deduction/substitution failed:
[2.091s] In file included from [01m[K/usr/include/c++/7/bits/stl_algobase.h:71:0[m[K,
[2.091s]                  from [01m[K/usr/include/c++/7/bits/char_traits.h:39[m[K,
[2.091s]                  from [01m[K/usr/include/c++/7/string:40[m[K,
[2.091s]                  from [01m[K/opt/ros/melodic/include/ros/platform.h:38[m[K,
[2.091s]                  from [01m[K/opt/ros/melodic/include/ros/time.h:53[m[K,
[2.091s]                  from [01m[K/opt/ros/melodic/include/ros/ros.h:38[m[K,
[2.091s]                  from [01m[K/home/handsome/ros_ws_test/src/ros_base/robot_scheduling/robot_scheduling_actions/include/robot_scheduling_service.h:3[m[K,
[2.091s]                  from [01m[K/home/handsome/ros_ws_test/src/ros_base/robot_scheduling/robot_scheduling_actions/src/robot_scheduling_service.cpp:1[m[K:
[2.092s] [01m[K/usr/include/c++/7/bits/predefined_ops.h:65:22:[m[K [01;36m[Knote: [m[K  mismatched types â€˜[01m[Kconst _CharT*[m[Kâ€™ and â€˜[01m[Kstd::__cxx11::basic_string<char>[m[Kâ€™
[2.092s]        { return [01;36m[K*__it < __val[m[K; }
[2.092s]                 [01;36m[K~~~~~~^~~~~~~[m[K
[2.092s] In file included from [01m[K/usr/include/c++/7/string:52:0[m[K,
[2.092s]                  from [01m[K/opt/ros/melodic/include/ros/platform.h:38[m[K,
[2.092s]                  from [01m[K/opt/ros/melodic/include/ros/time.h:53[m[K,
[2.092s]                  from [01m[K/opt/ros/melodic/include/ros/ros.h:38[m[K,
[2.092s]                  from [01m[K/home/handsome/ros_ws_test/src/ros_base/robot_scheduling/robot_scheduling_actions/include/robot_scheduling_service.h:3[m[K,
[2.092s]                  from [01m[K/home/handsome/ros_ws_test/src/ros_base/robot_scheduling/robot_scheduling_actions/src/robot_scheduling_service.cpp:1[m[K:
[2.092s] [01m[K/usr/include/c++/7/bits/basic_string.h:6107:5:[m[K [01;36m[Knote: [m[Kcandidate: template<class _CharT, class _Traits, class _Alloc> bool std::operator<(const std::__cxx11::basic_string<_CharT, _Traits, _Alloc>&, const _CharT*)
[2.092s]      [01;36m[Koperator[m[K<(const basic_string<_CharT, _Traits, _Alloc>& __lhs,
[2.092s]      [01;36m[K^~~~~~~~[m[K
[2.092s] [01m[K/usr/include/c++/7/bits/basic_string.h:6107:5:[m[K [01;36m[Knote: [m[K  template argument deduction/substitution failed:
[2.092s] In file included from [01m[K/usr/include/c++/7/bits/stl_algobase.h:71:0[m[K,
[2.092s]                  from [01m[K/usr/include/c++/7/bits/char_traits.h:39[m[K,
[2.092s]                  from [01m[K/usr/include/c++/7/string:40[m[K,
[2.093s]                  from [01m[K/opt/ros/melodic/include/ros/platform.h:38[m[K,
[2.093s]                  from [01m[K/opt/ros/melodic/include/ros/time.h:53[m[K,
[2.093s]                  from [01m[K/opt/ros/melodic/include/ros/ros.h:38[m[K,
[2.093s]                  from [01m[K/home/handsome/ros_ws_test/src/ros_base/robot_scheduling/robot_scheduling_actions/include/robot_scheduling_service.h:3[m[K,
[2.093s]                  from [01m[K/home/handsome/ros_ws_test/src/ros_base/robot_scheduling/robot_scheduling_actions/src/robot_scheduling_service.cpp:1[m[K:
[2.093s] [01m[K/usr/include/c++/7/bits/predefined_ops.h:65:22:[m[K [01;36m[Knote: [m[K  mismatched types â€˜[01m[Kconst _CharT*[m[Kâ€™ and â€˜[01m[Kchar[m[Kâ€™
[2.093s]        { return [01;36m[K*__it < __val[m[K; }
[2.093s]                 [01;36m[K~~~~~~^~~~~~~[m[K
[2.093s] In file included from [01m[K/usr/include/c++/7/string:52:0[m[K,
[2.093s]                  from [01m[K/opt/ros/melodic/include/ros/platform.h:38[m[K,
[2.093s]                  from [01m[K/opt/ros/melodic/include/ros/time.h:53[m[K,
[2.093s]                  from [01m[K/opt/ros/melodic/include/ros/ros.h:38[m[K,
[2.093s]                  from [01m[K/home/handsome/ros_ws_test/src/ros_base/robot_scheduling/robot_scheduling_actions/include/robot_scheduling_service.h:3[m[K,
[2.093s]                  from [01m[K/home/handsome/ros_ws_test/src/ros_base/robot_scheduling/robot_scheduling_actions/src/robot_scheduling_service.cpp:1[m[K:
[2.093s] [01m[K/usr/include/c++/7/bits/basic_string.h:6094:5:[m[K [01;36m[Knote: [m[Kcandidate: template<class _CharT, class _Traits, class _Alloc> bool std::operator<(const std::__cxx11::basic_string<_CharT, _Traits, _Alloc>&, const std::__cxx11::basic_string<_CharT, _Traits, _Alloc>&)
[2.094s]      [01;36m[Koperator[m[K<(const basic_string<_CharT, _Traits, _Alloc>& __lhs,
[2.094s]      [01;36m[K^~~~~~~~[m[K
[2.094s] [01m[K/usr/include/c++/7/bits/basic_string.h:6094:5:[m[K [01;36m[Knote: [m[K  template argument deduction/substitution failed:
[2.094s] In file included from [01m[K/usr/include/c++/7/bits/stl_algobase.h:71:0[m[K,
[2.094s]                  from [01m[K/usr/include/c++/7/bits/char_traits.h:39[m[K,
[2.094s]                  from [01m[K/usr/include/c++/7/string:40[m[K,
[2.094s]                  from [01m[K/opt/ros/melodic/include/ros/platform.h:38[m[K,
[2.094s]                  from [01m[K/opt/ros/melodic/include/ros/time.h:53[m[K,
[2.094s]                  from [01m[K/opt/ros/melodic/include/ros/ros.h:38[m[K,
[2.094s]                  from [01m[K/home/handsome/ros_ws_test/src/ros_base/robot_scheduling/robot_scheduling_actions/include/robot_scheduling_service.h:3[m[K,
[2.094s]                  from [01m[K/home/handsome/ros_ws_test/src/ros_base/robot_scheduling/robot_scheduling_actions/src/robot_scheduling_service.cpp:1[m[K:
[2.094s] [01m[K/usr/include/c++/7/bits/predefined_ops.h:65:22:[m[K [01;36m[Knote: [m[K  mismatched types â€˜[01m[Kconst std::__cxx11::basic_string<_CharT, _Traits, _Alloc>[m[Kâ€™ and â€˜[01m[Kconst char[m[Kâ€™
[2.094s]        { return [01;36m[K*__it < __val[m[K; }
[2.094s]                 [01;36m[K~~~~~~^~~~~~~[m[K
[2.094s] In file included from [01m[K/usr/include/c++/7/bits/stl_algobase.h:67:0[m[K,
[2.094s]                  from [01m[K/usr/include/c++/7/bits/char_traits.h:39[m[K,
[2.094s]                  from [01m[K/usr/include/c++/7/string:40[m[K,
[2.095s]                  from [01m[K/opt/ros/melodic/include/ros/platform.h:38[m[K,
[2.095s]                  from [01m[K/opt/ros/melodic/include/ros/time.h:53[m[K,
[2.095s]                  from [01m[K/opt/ros/melodic/include/ros/ros.h:38[m[K,
[2.095s]                  from [01m[K/home/handsome/ros_ws_test/src/ros_base/robot_scheduling/robot_scheduling_actions/include/robot_scheduling_service.h:3[m[K,
[2.095s]                  from [01m[K/home/handsome/ros_ws_test/src/ros_base/robot_scheduling/robot_scheduling_actions/src/robot_scheduling_service.cpp:1[m[K:
[2.095s] [01m[K/usr/include/c++/7/bits/stl_iterator.h:1151:5:[m[K [01;36m[Knote: [m[Kcandidate: template<class _Iterator> bool std::operator<(const std::move_iterator<_IteratorL>&, const std::move_iterator<_IteratorL>&)
[2.095s]      [01;36m[Koperator[m[K<(const move_iterator<_Iterator>& __x,
[2.095s]      [01;36m[K^~~~~~~~[m[K
[2.095s] [01m[K/usr/include/c++/7/bits/stl_iterator.h:1151:5:[m[K [01;36m[Knote: [m[K  template argument deduction/substitution failed:
[2.095s] In file included from [01m[K/usr/include/c++/7/bits/stl_algobase.h:71:0[m[K,
[2.095s]                  from [01m[K/usr/include/c++/7/bits/char_traits.h:39[m[K,
[2.095s]                  from [01m[K/usr/include/c++/7/string:40[m[K,
[2.095s]                  from [01m[K/opt/ros/melodic/include/ros/platform.h:38[m[K,
[2.095s]                  from [01m[K/opt/ros/melodic/include/ros/time.h:53[m[K,
[2.095s]                  from [01m[K/opt/ros/melodic/include/ros/ros.h:38[m[K,
[2.095s]                  from [01m[K/home/handsome/ros_ws_test/src/ros_base/robot_scheduling/robot_scheduling_actions/include/robot_scheduling_service.h:3[m[K,
[2.096s]                  from [01m[K/home/handsome/ros_ws_test/src/ros_base/robot_scheduling/robot_scheduling_actions/src/robot_scheduling_service.cpp:1[m[K:
[2.096s] [01m[K/usr/include/c++/7/bits/predefined_ops.h:65:22:[m[K [01;36m[Knote: [m[K  â€˜[01m[Kconst std::__cxx11::basic_string<char>[m[Kâ€™ is not derived from â€˜[01m[Kconst std::move_iterator<_IteratorL>[m[Kâ€™
[2.096s]        { return [01;36m[K*__it < __val[m[K; }
[2.096s]                 [01;36m[K~~~~~~^~~~~~~[m[K
[2.096s] In file included from [01m[K/usr/include/c++/7/bits/stl_algobase.h:67:0[m[K,
[2.096s]                  from [01m[K/usr/include/c++/7/bits/char_traits.h:39[m[K,
[2.096s]                  from [01m[K/usr/include/c++/7/string:40[m[K,
[2.096s]                  from [01m[K/opt/ros/melodic/include/ros/platform.h:38[m[K,
[2.096s]                  from [01m[K/opt/ros/melodic/include/ros/time.h:53[m[K,
[2.096s]                  from [01m[K/opt/ros/melodic/include/ros/ros.h:38[m[K,
[2.096s]                  from [01m[K/home/handsome/ros_ws_test/src/ros_base/robot_scheduling/robot_scheduling_actions/include/robot_scheduling_service.h:3[m[K,
[2.096s]                  from [01m[K/home/handsome/ros_ws_test/src/ros_base/robot_scheduling/robot_scheduling_actions/src/robot_scheduling_service.cpp:1[m[K:
[2.096s] [01m[K/usr/include/c++/7/bits/stl_iterator.h:1145:5:[m[K [01;36m[Knote: [m[Kcandidate: template<class _IteratorL, class _IteratorR> bool std::operator<(const std::move_iterator<_IteratorL>&, const std::move_iterator<_IteratorR>&)
[2.096s]      [01;36m[Koperator[m[K<(const move_iterator<_IteratorL>& __x,
[2.096s]      [01;36m[K^~~~~~~~[m[K
[2.097s] [01m[K/usr/include/c++/7/bits/stl_iterator.h:1145:5:[m[K [01;36m[Knote: [m[K  template argument deduction/substitution failed:
[2.097s] In file included from [01m[K/usr/include/c++/7/bits/stl_algobase.h:71:0[m[K,
[2.097s]                  from [01m[K/usr/include/c++/7/bits/char_traits.h:39[m[K,
[2.097s]                  from [01m[K/usr/include/c++/7/string:40[m[K,
[2.097s]                  from [01m[K/opt/ros/melodic/include/ros/platform.h:38[m[K,
[2.097s]                  from [01m[K/opt/ros/melodic/include/ros/time.h:53[m[K,
[2.097s]                  from [01m[K/opt/ros/melodic/include/ros/ros.h:38[m[K,
[2.097s]                  from [01m[K/home/handsome/ros_ws_test/src/ros_base/robot_scheduling/robot_scheduling_actions/include/robot_scheduling_service.h:3[m[K,
[2.097s]                  from [01m[K/home/handsome/ros_ws_test/src/ros_base/robot_scheduling/robot_scheduling_actions/src/robot_scheduling_service.cpp:1[m[K:
[2.097s] [01m[K/usr/include/c++/7/bits/predefined_ops.h:65:22:[m[K [01;36m[Knote: [m[K  â€˜[01m[Kconst std::__cxx11::basic_string<char>[m[Kâ€™ is not derived from â€˜[01m[Kconst std::move_iterator<_IteratorL>[m[Kâ€™
[2.097s]        { return [01;36m[K*__it < __val[m[K; }
[2.097s]                 [01;36m[K~~~~~~^~~~~~~[m[K
[2.097s] In file included from [01m[K/usr/include/c++/7/bits/stl_algobase.h:67:0[m[K,
[2.097s]                  from [01m[K/usr/include/c++/7/bits/char_traits.h:39[m[K,
[2.097s]                  from [01m[K/usr/include/c++/7/string:40[m[K,
[2.097s]                  from [01m[K/opt/ros/melodic/include/ros/platform.h:38[m[K,
[2.097s]                  from [01m[K/opt/ros/melodic/include/ros/time.h:53[m[K,
[2.098s]                  from [01m[K/opt/ros/melodic/include/ros/ros.h:38[m[K,
[2.098s]                  from [01m[K/home/handsome/ros_ws_test/src/ros_base/robot_scheduling/robot_scheduling_actions/include/robot_scheduling_service.h:3[m[K,
[2.098s]                  from [01m[K/home/handsome/ros_ws_test/src/ros_base/robot_scheduling/robot_scheduling_actions/src/robot_scheduling_service.cpp:1[m[K:
[2.098s] [01m[K/usr/include/c++/7/bits/stl_iterator.h:346:5:[m[K [01;36m[Knote: [m[Kcandidate: template<class _IteratorL, class _IteratorR> bool std::operator<(const std::reverse_iterator<_Iterator>&, const std::reverse_iterator<_IteratorR>&)
[2.098s]      [01;36m[Koperator[m[K<(const reverse_iterator<_IteratorL>& __x,
[2.098s]      [01;36m[K^~~~~~~~[m[K
[2.098s] [01m[K/usr/include/c++/7/bits/stl_iterator.h:346:5:[m[K [01;36m[Knote: [m[K  template argument deduction/substitution failed:
[2.098s] In file included from [01m[K/usr/include/c++/7/bits/stl_algobase.h:71:0[m[K,
[2.098s]                  from [01m[K/usr/include/c++/7/bits/char_traits.h:39[m[K,
[2.098s]                  from [01m[K/usr/include/c++/7/string:40[m[K,
[2.098s]                  from [01m[K/opt/ros/melodic/include/ros/platform.h:38[m[K,
[2.098s]                  from [01m[K/opt/ros/melodic/include/ros/time.h:53[m[K,
[2.098s]                  from [01m[K/opt/ros/melodic/include/ros/ros.h:38[m[K,
[2.098s]                  from [01m[K/home/handsome/ros_ws_test/src/ros_base/robot_scheduling/robot_scheduling_actions/include/robot_scheduling_service.h:3[m[K,
[2.098s]                  from [01m[K/home/handsome/ros_ws_test/src/ros_base/robot_scheduling/robot_scheduling_actions/src/robot_scheduling_service.cpp:1[m[K:
[2.098s] [01m[K/usr/include/c++/7/bits/predefined_ops.h:65:22:[m[K [01;36m[Knote: [m[K  â€˜[01m[Kconst std::__cxx11::basic_string<char>[m[Kâ€™ is not derived from â€˜[01m[Kconst std::reverse_iterator<_Iterator>[m[Kâ€™
[2.098s]        { return [01;36m[K*__it < __val[m[K; }
[2.098s]                 [01;36m[K~~~~~~^~~~~~~[m[K
[2.099s] In file included from [01m[K/usr/include/c++/7/bits/stl_algobase.h:67:0[m[K,
[2.099s]                  from [01m[K/usr/include/c++/7/bits/char_traits.h:39[m[K,
[2.099s]                  from [01m[K/usr/include/c++/7/string:40[m[K,
[2.099s]                  from [01m[K/opt/ros/melodic/include/ros/platform.h:38[m[K,
[2.099s]                  from [01m[K/opt/ros/melodic/include/ros/time.h:53[m[K,
[2.099s]                  from [01m[K/opt/ros/melodic/include/ros/ros.h:38[m[K,
[2.099s]                  from [01m[K/home/handsome/ros_ws_test/src/ros_base/robot_scheduling/robot_scheduling_actions/include/robot_scheduling_service.h:3[m[K,
[2.099s]                  from [01m[K/home/handsome/ros_ws_test/src/ros_base/robot_scheduling/robot_scheduling_actions/src/robot_scheduling_service.cpp:1[m[K:
[2.099s] [01m[K/usr/include/c++/7/bits/stl_iterator.h:308:5:[m[K [01;36m[Knote: [m[Kcandidate: template<class _Iterator> bool std::operator<(const std::reverse_iterator<_Iterator>&, const std::reverse_iterator<_Iterator>&)
[2.099s]      [01;36m[Koperator[m[K<(const reverse_iterator<_Iterator>& __x,
[2.099s]      [01;36m[K^~~~~~~~[m[K
[2.099s] [01m[K/usr/include/c++/7/bits/stl_iterator.h:308:5:[m[K [01;36m[Knote: [m[K  template argument deduction/substitution failed:
[2.099s] In file included from [01m[K/usr/include/c++/7/bits/stl_algobase.h:71:0[m[K,
[2.099s]                  from [01m[K/usr/include/c++/7/bits/char_traits.h:39[m[K,
[2.099s]                  from [01m[K/usr/include/c++/7/string:40[m[K,
[2.099s]                  from [01m[K/opt/ros/melodic/include/ros/platform.h:38[m[K,
[2.099s]                  from [01m[K/opt/ros/melodic/include/ros/time.h:53[m[K,
[2.099s]                  from [01m[K/opt/ros/melodic/include/ros/ros.h:38[m[K,
[2.100s]                  from [01m[K/home/handsome/ros_ws_test/src/ros_base/robot_scheduling/robot_scheduling_actions/include/robot_scheduling_service.h:3[m[K,
[2.100s]                  from [01m[K/home/handsome/ros_ws_test/src/ros_base/robot_scheduling/robot_scheduling_actions/src/robot_scheduling_service.cpp:1[m[K:
[2.100s] [01m[K/usr/include/c++/7/bits/predefined_ops.h:65:22:[m[K [01;36m[Knote: [m[K  â€˜[01m[Kconst std::__cxx11::basic_string<char>[m[Kâ€™ is not derived from â€˜[01m[Kconst std::reverse_iterator<_Iterator>[m[Kâ€™
[2.100s]        { return [01;36m[K*__it < __val[m[K; }
[2.100s]                 [01;36m[K~~~~~~^~~~~~~[m[K
[2.100s] In file included from [01m[K/usr/include/c++/7/bits/stl_algobase.h:64:0[m[K,
[2.100s]                  from [01m[K/usr/include/c++/7/bits/char_traits.h:39[m[K,
[2.100s]                  from [01m[K/usr/include/c++/7/string:40[m[K,
[2.100s]                  from [01m[K/opt/ros/melodic/include/ros/platform.h:38[m[K,
[2.100s]                  from [01m[K/opt/ros/melodic/include/ros/time.h:53[m[K,
[2.100s]                  from [01m[K/opt/ros/melodic/include/ros/ros.h:38[m[K,
[2.100s]                  from [01m[K/home/handsome/ros_ws_test/src/ros_base/robot_scheduling/robot_scheduling_actions/include/robot_scheduling_service.h:3[m[K,
[2.100s]                  from [01m[K/home/handsome/ros_ws_test/src/ros_base/robot_scheduling/robot_scheduling_actions/src/robot_scheduling_service.cpp:1[m[K:
[2.100s] [01m[K/usr/include/c++/7/bits/stl_pair.h:454:5:[m[K [01;36m[Knote: [m[Kcandidate: template<class _T1, class _T2> constexpr bool std::operator<(const std::pair<_T1, _T2>&, const std::pair<_T1, _T2>&)
[2.100s]      [01;36m[Koperator[m[K<(const pair<_T1, _T2>& __x, const pair<_T1, _T2>& __y)
[2.100s]      [01;36m[K^~~~~~~~[m[K
[2.100s] [01m[K/usr/include/c++/7/bits/stl_pair.h:454:5:[m[K [01;36m[Knote: [m[K  template argument deduction/substitution failed:
[2.100s] In file included from [01m[K/usr/include/c++/7/bits/stl_algobase.h:71:0[m[K,
[2.101s]                  from [01m[K/usr/include/c++/7/bits/char_traits.h:39[m[K,
[2.101s]                  from [01m[K/usr/include/c++/7/string:40[m[K,
[2.101s]                  from [01m[K/opt/ros/melodic/include/ros/platform.h:38[m[K,
[2.101s]                  from [01m[K/opt/ros/melodic/include/ros/time.h:53[m[K,
[2.101s]                  from [01m[K/opt/ros/melodic/include/ros/ros.h:38[m[K,
[2.101s]                  from [01m[K/home/handsome/ros_ws_test/src/ros_base/robot_scheduling/robot_scheduling_actions/include/robot_scheduling_service.h:3[m[K,
[2.101s]                  from [01m[K/home/handsome/ros_ws_test/src/ros_base/robot_scheduling/robot_scheduling_actions/src/robot_scheduling_service.cpp:1[m[K:
[2.101s] [01m[K/usr/include/c++/7/bits/predefined_ops.h:65:22:[m[K [01;36m[Knote: [m[K  â€˜[01m[Kconst std::__cxx11::basic_string<char>[m[Kâ€™ is not derived from â€˜[01m[Kconst std::pair<_T1, _T2>[m[Kâ€™
[2.101s]        { return [01;36m[K*__it < __val[m[K; }
[2.101s]                 [01;36m[K~~~~~~^~~~~~~[m[K
[2.191s] CMakeFiles/robot_scheduling_actions_node.dir/build.make:110: recipe for target 'CMakeFiles/robot_scheduling_actions_node.dir/src/robot_scheduling_service.cpp.o' failed
[2.191s] make[2]: *** [CMakeFiles/robot_scheduling_actions_node.dir/src/robot_scheduling_service.cpp.o] Error 1
[2.191s] make[1]: *** [CMakeFiles/robot_scheduling_actions_node.dir/all] Error 2
[2.191s] CMakeFiles/Makefile2:483: recipe for target 'CMakeFiles/robot_scheduling_actions_node.dir/all' failed
[2.192s] make: *** [all] Error 2
[2.192s] Makefile:140: recipe for target 'all' failed
[2.195s] Invoked command in '/home/handsome/ros_ws_test/build/robot_scheduling_actions' returned '2': CMAKE_PREFIX_PATH=/home/handsome/ros_ws_test/install/robot_scheduling_msgs:/home/handsome/ros_ws_test/install/pnp_ros:/home/handsome/ros_ws_test/install/mongodb_store:/home/handsome/ros_ws_test/install/locomotor_msgs:/home/handsome/ros_ws_test/install/ros_utility_tools:/home/handsome/ros_ws_test/install/reset_location:/home/handsome/ros_ws_test/install/pnp_msgs:/home/handsome/ros_ws_test/install/open_auto_dock_msgs:/home/handsome/ros_ws_test/install/nav_2d_msgs:/home/handsome/ros_ws_test/install/mongodb_store_msgs:/home/handsome/ros_ws_test/install/car_db_manager_msgs:/home/handsome/ros_ws_test/install/botcmd_msgs:/home/handsome/ros_ws_test/install/yocs_cmd_vel_mux:/home/handsome/ros_ws_test/install/turtlebot_teleop:/home/handsome/ros_ws_test/install/tug_example_pnp_server:/home/handsome/ros_ws_test/install/tug_example_actions:/home/handsome/ros_ws_test/install/tug_example_msgs:/home/handsome/ros_ws_test/install/timed_roslaunch:/home/handsome/ros_ws_test/install/teb2_local_planner:/home/handsome/ros_ws_test/install/stated_roslaunch:/home/handsome/ros_ws_test/install/spatio_temporal_voxel_layer:/home/handsome/ros_ws_test/install/robot_udp_bridge:/home/handsome/ros_ws_test/install/robot_database_bridge:/home/handsome/ros_ws_test/install/samsungcmd_msgs:/home/handsome/ros_ws_test/install/rplidar_ros:/home/handsome/ros_ws_test/install/rp_action:/home/handsome/ros_ws_test/install/rp_action_msgs:/home/handsome/ros_ws_test/install/robot_scheduling_actions:/home/handsome/ros_ws_test/install/cellctrl_qtgui_bridge:/home/handsome/ros_ws_test/install/car_db_manager_qtgui:/home/handsome/ros_ws_test/install/car_db_manager_bridge:/home/handsome/ros_ws_test/install/car_db_manager_action:/home/handsome/ros_ws_test/install/robot_scheduling_server:/home/handsome/ros_ws_test/install/robot_localization:/home/handsome/ros_ws_test/install/robot_control_msgs:/home/handsome/ros_ws_test/install/razor_imu_9dof:/home/handsome/ros_ws_test/install/pnp_rosplan:/home/handsome/ros_ws_test/install/open_auto_dock:/home/handsome/ros_ws_test/install/omron_os32c_driver:/home/handsome/ros_ws_test/install/dlux_plugins:/home/handsome/ros_ws_test/install/dlux_global_planner:/home/handsome/ros_ws_test/install/nav_grid_pub_sub:/home/handsome/ros_ws_test/install/dwb_critics:/home/handsome/ros_ws_test/install/nav_grid_iterators:/home/handsome/ros_ws_test/install/locomove_base:/home/handsome/ros_ws_test/install/locomotor:/home/handsome/ros_ws_test/install/nav_core_adapter:/home/handsome/ros_ws_test/install/dwb_plugins:/home/handsome/ros_ws_test/install/dwb_local_planner:/home/handsome/ros_ws_test/install/nav_2d_utils:/home/handsome/ros_ws_test/install/global_planner_tests:/home/handsome/ros_ws_test/install/costmap_queue:/home/handsome/ros_ws_test/install/nav_core2:/home/handsome/ros_ws_test/install/nav_grid:/home/handsome/ros_ws_test/install/actionlib_modules_msgs:/home/handsome/ros_ws_test/install/dwb_msgs:/home/handsome/ros_ws_test/install/mongodb_log:/home/handsome/ros_ws_test/install/ca_driver:/home/handsome/ros_ws_test/install/libcreate:/home/handsome/ros_ws_test/install/i_robot_stage:/home/handsome/ros_ws_test/install/i_robot_navigation:/home/handsome/ros_ws_test/install/cellctrl_control_msgs:/home/handsome/ros_ws_test/install/ca_tools:/home/handsome/ros_ws_test/install/ca_msgs:/home/handsome/ros_ws_test/install/ca_description:/opt/ros/melodic LD_LIBRARY_PATH=/home/handsome/ros_ws_test/install/pnp_ros/lib:/home/handsome/ros_ws_test/install/mongodb_store/lib:/home/handsome/ros_ws_test/install/ros_utility_tools/lib:/home/handsome/ros_ws_test/install/yocs_cmd_vel_mux/lib:/home/handsome/ros_ws_test/install/teb2_local_planner/lib:/home/handsome/ros_ws_test/install/spatio_temporal_voxel_layer/lib:/home/handsome/ros_ws_test/install/robot_database_bridge/lib:/home/handsome/ros_ws_test/install/robot_localization/lib:/home/handsome/ros_ws_test/install/omron_os32c_driver/lib:/home/handsome/ros_ws_test/install/dlux_plugins/lib:/home/handsome/ros_ws_test/install/dlux_global_planner/lib:/home/handsome/ros_ws_test/install/nav_grid_pub_sub/lib:/home/handsome/ros_ws_test/install/dwb_critics/lib:/home/handsome/ros_ws_test/install/nav_grid_iterators/lib:/home/handsome/ros_ws_test/install/locomotor/lib:/home/handsome/ros_ws_test/install/nav_core_adapter/lib:/home/handsome/ros_ws_test/install/dwb_plugins/lib:/home/handsome/ros_ws_test/install/dwb_local_planner/lib:/home/handsome/ros_ws_test/install/nav_2d_utils/lib:/home/handsome/ros_ws_test/install/global_planner_tests/lib:/home/handsome/ros_ws_test/install/costmap_queue/lib:/home/handsome/ros_ws_test/install/nav_core2/lib:/home/handsome/ros_ws_test/install/libcreate/lib:/opt/ros/melodic/lib:/usr/local/lib PKG_CONFIG_PATH=/home/handsome/ros_ws_test/install/robot_scheduling_msgs/lib/x86_64-linux-gnu/pkgconfig:/home/handsome/ros_ws_test/install/robot_scheduling_msgs/lib/pkgconfig:/home/handsome/ros_ws_test/install/pnp_ros/lib/x86_64-linux-gnu/pkgconfig:/home/handsome/ros_ws_test/install/pnp_ros/lib/pkgconfig:/home/handsome/ros_ws_test/install/mongodb_store/lib/x86_64-linux-gnu/pkgconfig:/home/handsome/ros_ws_test/install/mongodb_store/lib/pkgconfig:/home/handsome/ros_ws_test/install/locomotor_msgs/lib/x86_64-linux-gnu/pkgconfig:/home/handsome/ros_ws_test/install/locomotor_msgs/lib/pkgconfig:/home/handsome/ros_ws_test/install/ros_utility_tools/lib/x86_64-linux-gnu/pkgconfig:/home/handsome/ros_ws_test/install/ros_utility_tools/lib/pkgconfig:/home/handsome/ros_ws_test/install/reset_location/lib/x86_64-linux-gnu/pkgconfig:/home/handsome/ros_ws_test/install/reset_location/lib/pkgconfig:/home/handsome/ros_ws_test/install/pnp_msgs/lib/x86_64-linux-gnu/pkgconfig:/home/handsome/ros_ws_test/install/pnp_msgs/lib/pkgconfig:/home/handsome/ros_ws_test/install/open_auto_dock_msgs/lib/x86_64-linux-gnu/pkgconfig:/home/handsome/ros_ws_test/install/open_auto_dock_msgs/lib/pkgconfig:/home/handsome/ros_ws_test/install/nav_2d_msgs/lib/x86_64-linux-gnu/pkgconfig:/home/handsome/ros_ws_test/install/nav_2d_msgs/lib/pkgconfig:/home/handsome/ros_ws_test/install/mongodb_store_msgs/lib/x86_64-linux-gnu/pkgconfig:/home/handsome/ros_ws_test/install/mongodb_store_msgs/lib/pkgconfig:/home/handsome/ros_ws_test/install/car_db_manager_msgs/lib/x86_64-linux-gnu/pkgconfig:/home/handsome/ros_ws_test/install/car_db_manager_msgs/lib/pkgconfig:/home/handsome/ros_ws_test/install/botcmd_msgs/lib/x86_64-linux-gnu/pkgconfig:/home/handsome/ros_ws_test/install/botcmd_msgs/lib/pkgconfig:/home/handsome/ros_ws_test/install/yocs_cmd_vel_mux/lib/x86_64-linux-gnu/pkgconfig:/home/handsome/ros_ws_test/install/yocs_cmd_vel_mux/lib/pkgconfig:/home/handsome/ros_ws_test/install/turtlebot_teleop/lib/x86_64-linux-gnu/pkgconfig:/home/handsome/ros_ws_test/install/turtlebot_teleop/lib/pkgconfig:/home/handsome/ros_ws_test/install/tug_example_pnp_server/lib/x86_64-linux-gnu/pkgconfig:/home/handsome/ros_ws_test/install/tug_example_pnp_server/lib/pkgconfig:/home/handsome/ros_ws_test/install/tug_example_actions/lib/x86_64-linux-gnu/pkgconfig:/home/handsome/ros_ws_test/install/tug_example_actions/lib/pkgconfig:/home/handsome/ros_ws_test/install/tug_example_msgs/lib/x86_64-linux-gnu/pkgconfig:/home/handsome/ros_ws_test/install/tug_example_msgs/lib/pkgconfig:/home/handsome/ros_ws_test/install/timed_roslaunch/lib/x86_64-linux-gnu/pkgconfig:/home/handsome/ros_ws_test/install/timed_roslaunch/lib/pkgconfig:/home/handsome/ros_ws_test/install/teb2_local_planner/lib/x86_64-linux-gnu/pkgconfig:/home/handsome/ros_ws_test/install/teb2_local_planner/lib/pkgconfig:/home/handsome/ros_ws_test/install/stated_roslaunch/lib/x86_64-linux-gnu/pkgconfig:/home/handsome/ros_ws_test/install/stated_roslaunch/lib/pkgconfig:/home/handsome/ros_ws_test/install/spatio_temporal_voxel_layer/lib/x86_64-linux-gnu/pkgconfig:/home/handsome/ros_ws_test/install/spatio_temporal_voxel_layer/lib/pkgconfig:/home/handsome/ros_ws_test/install/robot_udp_bridge/lib/x86_64-linux-gnu/pkgconfig:/home/handsome/ros_ws_test/install/robot_udp_bridge/lib/pkgconfig:/home/handsome/ros_ws_test/install/robot_database_bridge/lib/x86_64-linux-gnu/pkgconfig:/home/handsome/ros_ws_test/install/robot_database_bridge/lib/pkgconfig:/home/handsome/ros_ws_test/install/samsungcmd_msgs/lib/x86_64-linux-gnu/pkgconfig:/home/handsome/ros_ws_test/install/samsungcmd_msgs/lib/pkgconfig:/home/handsome/ros_ws_test/install/rplidar_ros/lib/x86_64-linux-gnu/pkgconfig:/home/handsome/ros_ws_test/install/rplidar_ros/lib/pkgconfig:/home/handsome/ros_ws_test/install/rp_action/lib/x86_64-linux-gnu/pkgconfig:/home/handsome/ros_ws_test/install/rp_action/lib/pkgconfig:/home/handsome/ros_ws_test/install/rp_action_msgs/lib/x86_64-linux-gnu/pkgconfig:/home/handsome/ros_ws_test/install/rp_action_msgs/lib/pkgconfig:/home/handsome/ros_ws_test/install/robot_scheduling_actions/lib/x86_64-linux-gnu/pkgconfig:/home/handsome/ros_ws_test/install/robot_scheduling_actions/lib/pkgconfig:/home/handsome/ros_ws_test/install/cellctrl_qtgui_bridge/lib/x86_64-linux-gnu/pkgconfig:/home/handsome/ros_ws_test/install/cellctrl_qtgui_bridge/lib/pkgconfig:/home/handsome/ros_ws_test/install/cellctrl_database_bridge/lib/x86_64-linux-gnu/pkgconfig:/home/handsome/ros_ws_test/install/cellctrl_database_bridge/lib/pkgconfig:/home/handsome/ros_ws_test/install/car_db_manager_qtgui/lib/x86_64-linux-gnu/pkgconfig:/home/handsome/ros_ws_test/install/car_db_manager_qtgui/lib/pkgconfig:/home/handsome/ros_ws_test/install/car_db_manager_bridge/lib/x86_64-linux-gnu/pkgconfig:/home/handsome/ros_ws_test/install/car_db_manager_bridge/lib/pkgconfig:/home/handsome/ros_ws_test/install/car_db_manager_action/lib/x86_64-linux-gnu/pkgconfig:/home/handsome/ros_ws_test/install/car_db_manager_action/lib/pkgconfig:/home/handsome/ros_ws_test/install/robot_scheduling_server/lib/x86_64-linux-gnu/pkgconfig:/home/handsome/ros_ws_test/install/robot_scheduling_server/lib/pkgconfig:/home/handsome/ros_ws_test/install/robot_navigation/lib/x86_64-linux-gnu/pkgconfig:/home/handsome/ros_ws_test/install/robot_navigation/lib/pkgconfig:/home/handsome/ros_ws_test/install/robot_localization/lib/x86_64-linux-gnu/pkgconfig:/home/handsome/ros_ws_test/install/robot_localization/lib/pkgconfig:/home/handsome/ros_ws_test/install/robot_control_msgs/lib/x86_64-linux-gnu/pkgconfig:/home/handsome/ros_ws_test/install/robot_control_msgs/lib/pkgconfig:/home/handsome/ros_ws_test/install/razor_imu_9dof/lib/x86_64-linux-gnu/pkgconfig:/home/handsome/ros_ws_test/install/razor_imu_9dof/lib/pkgconfig:/home/handsome/ros_ws_test/install/pnp_rosplan/lib/x86_64-linux-gnu/pkgconfig:/home/handsome/ros_ws_test/install/pnp_rosplan/lib/pkgconfig:/home/handsome/ros_ws_test/install/actionlib_modules_controller/lib/x86_64-linux-gnu/pkgconfig:/home/handsome/ros_ws_test/install/actionlib_modules_controller/lib/pkgconfig:/home/handsome/ros_ws_test/install/open_auto_dock/lib/x86_64-linux-gnu/pkgconfig:/home/handsome/ros_ws_test/install/open_auto_dock/lib/pkgconfig:/home/handsome/ros_ws_test/install/omron_os32c_driver/lib/x86_64-linux-gnu/pkgconfig:/home/handsome/ros_ws_test/install/omron_os32c_driver/lib/pkgconfig:/home/handsome/ros_ws_test/install/dlux_plugins/lib/x86_64-linux-gnu/pkgconfig:/home/handsome/ros_ws_test/install/dlux_plugins/lib/pkgconfig:/home/handsome/ros_ws_test/install/dlux_global_planner/lib/x86_64-linux-gnu/pkgconfig:/home/handsome/ros_ws_test/install/dlux_global_planner/lib/pkgconfig:/home/handsome/ros_ws_test/install/nav_grid_pub_sub/lib/x86_64-linux-gnu/pkgconfig:/home/handsome/ros_ws_test/install/nav_grid_pub_sub/lib/pkgconfig:/home/handsome/ros_ws_test/install/dwb_critics/lib/x86_64-linux-gnu/pkgconfig:/home/handsome/ros_ws_test/install/dwb_critics/lib/pkgconfig:/home/handsome/ros_ws_test/install/nav_grid_iterators/lib/x86_64-linux-gnu/pkgconfig:/home/handsome/ros_ws_test/install/nav_grid_iterators/lib/pkgconfig:/home/handsome/ros_ws_test/install/locomove_base/lib/x86_64-linux-gnu/pkgconfig:/home/handsome/ros_ws_test/install/locomove_base/lib/pkgconfig:/home/handsome/ros_ws_test/install/locomotor/lib/x86_64-linux-gnu/pkgconfig:/home/handsome/ros_ws_test/install/locomotor/lib/pkgconfig:/home/handsome/ros_ws_test/install/nav_core_adapter/lib/x86_64-linux-gnu/pkgconfig:/home/handsome/ros_ws_test/install/nav_core_adapter/lib/pkgconfig:/home/handsome/ros_ws_test/install/dwb_plugins/lib/x86_64-linux-gnu/pkgconfig:/home/handsome/ros_ws_test/install/dwb_plugins/lib/pkgconfig:/home/handsome/ros_ws_test/install/dwb_local_planner/lib/x86_64-linux-gnu/pkgconfig:/home/handsome/ros_ws_test/install/dwb_local_planner/lib/pkgconfig:/home/handsome/ros_ws_test/install/nav_2d_utils/lib/x86_64-linux-gnu/pkgconfig:/home/handsome/ros_ws_test/install/nav_2d_utils/lib/pkgconfig:/home/handsome/ros_ws_test/install/global_planner_tests/lib/x86_64-linux-gnu/pkgconfig:/home/handsome/ros_ws_test/install/global_planner_tests/lib/pkgconfig:/home/handsome/ros_ws_test/install/costmap_queue/lib/x86_64-linux-gnu/pkgconfig:/home/handsome/ros_ws_test/install/costmap_queue/lib/pkgconfig:/home/handsome/ros_ws_test/install/nav_core2/lib/x86_64-linux-gnu/pkgconfig:/home/handsome/ros_ws_test/install/nav_core2/lib/pkgconfig:/home/handsome/ros_ws_test/install/nav_grid/lib/x86_64-linux-gnu/pkgconfig:/home/handsome/ros_ws_test/install/nav_grid/lib/pkgconfig:/home/handsome/ros_ws_test/install/actionlib_modules_msgs/lib/x86_64-linux-gnu/pkgconfig:/home/handsome/ros_ws_test/install/actionlib_modules_msgs/lib/pkgconfig:/home/handsome/ros_ws_test/install/dwb_msgs/lib/x86_64-linux-gnu/pkgconfig:/home/handsome/ros_ws_test/install/dwb_msgs/lib/pkgconfig:/home/handsome/ros_ws_test/install/mongodb_log/lib/x86_64-linux-gnu/pkgconfig:/home/handsome/ros_ws_test/install/mongodb_log/lib/pkgconfig:/home/handsome/ros_ws_test/install/create_autonomy/lib/x86_64-linux-gnu/pkgconfig:/home/handsome/ros_ws_test/install/create_autonomy/lib/pkgconfig:/home/handsome/ros_ws_test/install/ca_driver/lib/x86_64-linux-gnu/pkgconfig:/home/handsome/ros_ws_test/install/ca_driver/lib/pkgconfig:/home/handsome/ros_ws_test/install/libcreate/lib/x86_64-linux-gnu/pkgconfig:/home/handsome/ros_ws_test/install/libcreate/lib/pkgconfig:/home/handsome/ros_ws_test/install/i_robot_stage/lib/x86_64-linux-gnu/pkgconfig:/home/handsome/ros_ws_test/install/i_robot_stage/lib/pkgconfig:/home/handsome/ros_ws_test/install/i_robot_navigation/lib/x86_64-linux-gnu/pkgconfig:/home/handsome/ros_ws_test/install/i_robot_navigation/lib/pkgconfig:/home/handsome/ros_ws_test/install/cellctrl_control_msgs/lib/x86_64-linux-gnu/pkgconfig:/home/handsome/ros_ws_test/install/cellctrl_control_msgs/lib/pkgconfig:/home/handsome/ros_ws_test/install/ca_tools/lib/x86_64-linux-gnu/pkgconfig:/home/handsome/ros_ws_test/install/ca_tools/lib/pkgconfig:/home/handsome/ros_ws_test/install/ca_msgs/lib/x86_64-linux-gnu/pkgconfig:/home/handsome/ros_ws_test/install/ca_msgs/lib/pkgconfig:/home/handsome/ros_ws_test/install/ca_description/lib/x86_64-linux-gnu/pkgconfig:/home/handsome/ros_ws_test/install/ca_description/lib/pkgconfig:/opt/ros/melodic/lib/pkgconfig PYTHONPATH=/home/handsome/ros_ws_test/install/robot_scheduling_msgs/lib/python2.7/dist-packages:/home/handsome/ros_ws_test/install/mongodb_store/lib/python2.7/dist-packages:/home/handsome/ros_ws_test/install/locomotor_msgs/lib/python2.7/dist-packages:/home/handsome/ros_ws_test/install/reset_location/lib/python2.7/dist-packages:/home/handsome/ros_ws_test/install/pnp_msgs/lib/python2.7/dist-packages:/home/handsome/ros_ws_test/install/open_auto_dock_msgs/lib/python2.7/dist-packages:/home/handsome/ros_ws_test/install/nav_2d_msgs/lib/python2.7/dist-packages:/home/handsome/ros_ws_test/install/mongodb_store_msgs/lib/python2.7/dist-packages:/home/handsome/ros_ws_test/install/car_db_manager_msgs/lib/python2.7/dist-packages:/home/handsome/ros_ws_test/install/botcmd_msgs/lib/python2.7/dist-packages:/home/handsome/ros_ws_test/install/yocs_cmd_vel_mux/lib/python2.7/dist-packages:/home/handsome/ros_ws_test/install/tug_example_msgs/lib/python2.7/dist-packages:/home/handsome/ros_ws_test/install/teb2_local_planner/lib/python2.7/dist-packages:/home/handsome/ros_ws_test/install/spatio_temporal_voxel_layer/lib/python2.7/dist-packages:/home/handsome/ros_ws_test/install/samsungcmd_msgs/lib/python2.7/dist-packages:/home/handsome/ros_ws_test/install/rp_action_msgs/lib/python2.7/dist-packages:/home/handsome/ros_ws_test/install/robot_localization/lib/python2.7/dist-packages:/home/handsome/ros_ws_test/install/robot_control_msgs/lib/python2.7/dist-packages:/home/handsome/ros_ws_test/install/razor_imu_9dof/lib/python2.7/dist-packages:/home/handsome/ros_ws_test/install/dwb_plugins/lib/python2.7/dist-packages:/home/handsome/ros_ws_test/install/actionlib_modules_msgs/lib/python2.7/dist-packages:/home/handsome/ros_ws_test/install/dwb_msgs/lib/python2.7/dist-packages:/home/handsome/ros_ws_test/install/cellctrl_control_msgs/lib/python2.7/dist-packages:/home/handsome/ros_ws_test/install/ca_msgs/lib/python2.7/dist-packages:/opt/ros/melodic/lib/python2.7/dist-packages ROS_PACKAGE_PATH=/home/handsome/ros_ws_test/install/robot_scheduling_msgs/share:/home/handsome/ros_ws_test/install/pnp_ros/share:/home/handsome/ros_ws_test/install/mongodb_store/share:/home/handsome/ros_ws_test/install/locomotor_msgs/share:/home/handsome/ros_ws_test/install/ros_utility_tools/share:/home/handsome/ros_ws_test/install/reset_location/share:/home/handsome/ros_ws_test/install/pnp_msgs/share:/home/handsome/ros_ws_test/install/open_auto_dock_msgs/share:/home/handsome/ros_ws_test/install/nav_2d_msgs/share:/home/handsome/ros_ws_test/install/mongodb_store_msgs/share:/home/handsome/ros_ws_test/install/car_db_manager_msgs/share:/home/handsome/ros_ws_test/install/botcmd_msgs/share:/home/handsome/ros_ws_test/install/yocs_cmd_vel_mux/share:/home/handsome/ros_ws_test/install/turtlebot_teleop/share:/home/handsome/ros_ws_test/install/tug_example_pnp_server/share:/home/handsome/ros_ws_test/install/tug_example_actions/share:/home/handsome/ros_ws_test/install/tug_example_msgs/share:/home/handsome/ros_ws_test/install/timed_roslaunch/share:/home/handsome/ros_ws_test/install/teb2_local_planner/share:/home/handsome/ros_ws_test/install/stated_roslaunch/share:/home/handsome/ros_ws_test/install/spatio_temporal_voxel_layer/share:/home/handsome/ros_ws_test/install/robot_udp_bridge/share:/home/handsome/ros_ws_test/install/robot_database_bridge/share:/home/handsome/ros_ws_test/install/samsungcmd_msgs/share:/home/handsome/ros_ws_test/install/rplidar_ros/share:/home/handsome/ros_ws_test/install/rp_action/share:/home/handsome/ros_ws_test/install/rp_action_msgs/share:/home/handsome/ros_ws_test/install/robot_scheduling_actions/share:/home/handsome/ros_ws_test/install/cellctrl_qtgui_bridge/share:/home/handsome/ros_ws_test/install/cellctrl_database_bridge/share:/home/handsome/ros_ws_test/install/car_db_manager_qtgui/share:/home/handsome/ros_ws_test/install/car_db_manager_bridge/share:/home/handsome/ros_ws_test/install/car_db_manager_action/share:/home/handsome/ros_ws_test/install/robot_scheduling_server/share:/home/handsome/ros_ws_test/install/robot_navigation/share:/home/handsome/ros_ws_test/install/robot_localization/share:/home/handsome/ros_ws_test/install/robot_control_msgs/share:/home/handsome/ros_ws_test/install/razor_imu_9dof/share:/home/handsome/ros_ws_test/install/pnp_rosplan/share:/home/handsome/ros_ws_test/install/actionlib_modules_controller/share:/home/handsome/ros_ws_test/install/open_auto_dock/share:/home/handsome/ros_ws_test/install/omron_os32c_driver/share:/home/handsome/ros_ws_test/install/dlux_plugins/share:/home/handsome/ros_ws_test/install/dlux_global_planner/share:/home/handsome/ros_ws_test/install/nav_grid_pub_sub/share:/home/handsome/ros_ws_test/install/dwb_critics/share:/home/handsome/ros_ws_test/install/nav_grid_iterators/share:/home/handsome/ros_ws_test/install/locomove_base/share:/home/handsome/ros_ws_test/install/locomotor/share:/home/handsome/ros_ws_test/install/nav_core_adapter/share:/home/handsome/ros_ws_test/install/dwb_plugins/share:/home/handsome/ros_ws_test/install/dwb_local_planner/share:/home/handsome/ros_ws_test/install/nav_2d_utils/share:/home/handsome/ros_ws_test/install/global_planner_tests/share:/home/handsome/ros_ws_test/install/costmap_queue/share:/home/handsome/ros_ws_test/install/nav_core2/share:/home/handsome/ros_ws_test/install/nav_grid/share:/home/handsome/ros_ws_test/install/actionlib_modules_msgs/share:/home/handsome/ros_ws_test/install/dwb_msgs/share:/home/handsome/ros_ws_test/install/mongodb_log/share:/home/handsome/ros_ws_test/install/create_autonomy/share:/home/handsome/ros_ws_test/install/ca_driver/share:/home/handsome/ros_ws_test/install/i_robot_stage/share:/home/handsome/ros_ws_test/install/i_robot_navigation/share:/home/handsome/ros_ws_test/install/cellctrl_control_msgs/share:/home/handsome/ros_ws_test/install/ca_tools/share:/home/handsome/ros_ws_test/install/ca_msgs/share:/home/handsome/ros_ws_test/install/ca_description/share:/opt/ros/melodic/share /usr/bin/cmake --build /home/handsome/ros_ws_test/build/robot_scheduling_actions -- -j12 -l12
