[01m[K/home/handsome/ros_ws_test/src/ros_base/robot_scheduling/robot_scheduling_server/src/robot_scheduling_pnp_server.cpp:[m[K In member function â€˜[01m[Kvoid robot_scheduling_pnp_server::robotTurn(bool*, std::__cxx11::string)[m[Kâ€™:
[01m[K/home/handsome/ros_ws_test/src/ros_base/robot_scheduling/robot_scheduling_server/src/robot_scheduling_pnp_server.cpp:892:14:[m[K [01;31m[Kerror: [m[Kâ€˜[01m[Krobot_scheduling_msgs::self_turn_toGoal {aka struct robot_scheduling_msgs::self_turn_toGoal_<std::allocator<void> >}[m[Kâ€™ has no member named â€˜[01m[Kcommand_type[m[Kâ€™; did you mean â€˜[01m[Kcommand_id[m[Kâ€™?
         goal.[01;31m[Kcommand_type[m[K = v_params_[0] ;
              [01;31m[K^~~~~~~~~~~~[m[K
              [32m[Kcommand_id[m[K
[01m[K/home/handsome/ros_ws_test/src/ros_base/robot_scheduling/robot_scheduling_server/src/robot_scheduling_pnp_server.cpp:896:14:[m[K [01;31m[Kerror: [m[Kâ€˜[01m[Krobot_scheduling_msgs::self_turn_toGoal {aka struct robot_scheduling_msgs::self_turn_toGoal_<std::allocator<void> >}[m[Kâ€™ has no member named â€˜[01m[Kcommand_type[m[Kâ€™; did you mean â€˜[01m[Kcommand_id[m[Kâ€™?
         goal.[01;31m[Kcommand_type[m[K = "" ;
              [01;31m[K^~~~~~~~~~~~[m[K
              [32m[Kcommand_id[m[K
make[2]: *** [CMakeFiles/robot_scheduling_server_node.dir/src/robot_scheduling_pnp_server.cpp.o] Error 1
make[1]: *** [CMakeFiles/robot_scheduling_server_node.dir/all] Error 2
make: *** [all] Error 2
