[01m[K/home/handsome/ros_ws_test/src/ros_base/robot_scheduling/robot_scheduling_actions/src/public_actions/function_run_action.cpp:[m[K In member function â€˜[01m[Kactionlib::SimpleClientGoalState function_run_action::function_run_ac_handler(std::__cxx11::string, std::__cxx11::string, std::__cxx11::string)[m[Kâ€™:
[01m[K/home/handsome/ros_ws_test/src/ros_base/robot_scheduling/robot_scheduling_actions/src/public_actions/function_run_action.cpp:137:22:[m[K [01;31m[Kerror: [m[Kâ€˜[01m[Kusing element_type = struct robot_scheduling_msgs::self_turn_toGoal_<std::allocator<void> > {aka struct robot_scheduling_msgs::self_turn_toGoal_<std::allocator<void> >}[m[Kâ€™ has no member named â€˜[01m[Kb_compensation[m[Kâ€™
         goal_ac_ptr->[01;31m[Kb_compensation[m[K = true ;
                      [01;31m[K^~~~~~~~~~~~~~[m[K
make[2]: *** [CMakeFiles/robot_scheduling_actions_node.dir/src/public_actions/function_run_action.cpp.o] Error 1
make[1]: *** [CMakeFiles/robot_scheduling_actions_node.dir/all] Error 2
make: *** [all] Error 2
