[35m[1mScanning dependencies of target robot_scheduling_actions_node[0m
[  5%] [32mBuilding CXX object CMakeFiles/robot_scheduling_actions_node.dir/src/public_actions/pose_recognize_action.cpp.o[0m
[ 15%] [32mBuilding CXX object CMakeFiles/robot_scheduling_actions_node.dir/src/robot_scheduling_service.cpp.o[0m
[ 15%] [32mBuilding CXX object CMakeFiles/robot_scheduling_actions_node.dir/src/robot_scheduling_actions.cpp.o[0m
[ 20%] [32mBuilding CXX object CMakeFiles/robot_scheduling_actions_node.dir/src/robot_scheduling_parameter.cpp.o[0m
[ 25%] [32mBuilding CXX object CMakeFiles/robot_scheduling_actions_node.dir/src/private_actions/robot_if_process_action.cpp.o[0m
[ 30%] [32mBuilding CXX object CMakeFiles/robot_scheduling_actions_node.dir/src/private_actions/robot_run_state_action.cpp.o[0m
[ 35%] [32mBuilding CXX object CMakeFiles/robot_scheduling_actions_node.dir/src/private_actions/robot_if_proc_upper_action.cpp.o[0m
[ 40%] [32mBuilding CXX object CMakeFiles/robot_scheduling_actions_node.dir/src/private_actions/robot_if_proc_lower_action.cpp.o[0m
[ 45%] [32mBuilding CXX object CMakeFiles/robot_scheduling_actions_node.dir/src/public_actions/db_process_action.cpp.o[0m
[ 50%] [32mBuilding CXX object CMakeFiles/robot_scheduling_actions_node.dir/src/public_actions/pose_move_to_action.cpp.o[0m
[ 55%] [32mBuilding CXX object CMakeFiles/robot_scheduling_actions_node.dir/src/private_actions/interrupt_info_action.cpp.o[0m
[ 60%] [32mBuilding CXX object CMakeFiles/robot_scheduling_actions_node.dir/src/private_actions/robot_if_params_action.cpp.o[0m
In file included from [01m[K/home/handsome/ros_ws_test/src/ros_base/robot_scheduling/robot_scheduling_actions/src/robot_scheduling_parameter.cpp:1:0[m[K:
[01m[K/home/handsome/ros_ws_test/src/ros_base/robot_scheduling/robot_scheduling_actions/include/robot_scheduling_parameter.h:200:3:[m[K [01;31m[Kerror: [m[Kâ€˜[01m[Kstatus_code_type[m[Kâ€™ does not name a type; did you mean â€˜[01m[Krunstatus_type[m[Kâ€™?
   [01;31m[Kstatus_code_type[m[K if_status_code_type;
   [01;31m[K^~~~~~~~~~~~~~~~[m[K
   [32m[Krunstatus_type[m[K
[01m[K/home/handsome/ros_ws_test/src/ros_base/robot_scheduling/robot_scheduling_actions/include/robot_scheduling_parameter.h:465:32:[m[K [01;31m[Kerror: [m[Kâ€˜[01m[Kstatus_code_type[m[Kâ€™ has not been declared
   void set_if_status_code_type([01;31m[Kstatus_code_type[m[K _type,std::string _code ="") ;
                                [01;31m[K^~~~~~~~~~~~~~~~[m[K
[01m[K/home/handsome/ros_ws_test/src/ros_base/robot_scheduling/robot_scheduling_actions/include/robot_scheduling_parameter.h:466:32:[m[K [01;31m[Kerror: [m[Kâ€˜[01m[Kstatus_code_type[m[Kâ€™ has not been declared
   void get_if_status_code_type([01;31m[Kstatus_code_type[m[K &_type,std::string &_code) ;
                                [01;31m[K^~~~~~~~~~~~~~~~[m[K
In file included from [01m[K/home/handsome/ros_ws_test/src/ros_base/robot_scheduling/robot_scheduling_actions/include/robot_scheduling_service.h:5:0[m[K,
                 from [01m[K/home/handsome/ros_ws_test/src/ros_base/robot_scheduling/robot_scheduling_actions/src/robot_scheduling_service.cpp:1[m[K:
[01m[K/home/handsome/ros_ws_test/src/ros_base/robot_scheduling/robot_scheduling_actions/include/robot_scheduling_parameter.h:200:3:[m[K [01;31m[Kerror: [m[Kâ€˜[01m[Kstatus_code_type[m[Kâ€™ does not name a type; did you mean â€˜[01m[Krunstatus_type[m[Kâ€™?
   [01;31m[Kstatus_code_type[m[K if_status_code_type;
   [01;31m[K^~~~~~~~~~~~~~~~[m[K
   [32m[Krunstatus_type[m[K
[01m[K/home/handsome/ros_ws_test/src/ros_base/robot_scheduling/robot_scheduling_actions/include/robot_scheduling_parameter.h:465:32:[m[K [01;31m[Kerror: [m[Kâ€˜[01m[Kstatus_code_type[m[Kâ€™ has not been declared
   void set_if_status_code_type([01;31m[Kstatus_code_type[m[K _type,std::string _code ="") ;
                                [01;31m[K^~~~~~~~~~~~~~~~[m[K
[01m[K/home/handsome/ros_ws_test/src/ros_base/robot_scheduling/robot_scheduling_actions/include/robot_scheduling_parameter.h:466:32:[m[K [01;31m[Kerror: [m[Kâ€˜[01m[Kstatus_code_type[m[Kâ€™ has not been declared
   void get_if_status_code_type([01;31m[Kstatus_code_type[m[K &_type,std::string &_code) ;
                                [01;31m[K^~~~~~~~~~~~~~~~[m[K
In file included from [01m[K/home/handsome/ros_ws_test/src/ros_base/robot_scheduling/robot_scheduling_actions/include/public_actions/pose_recognize_action.h:5:0[m[K,
                 from [01m[K/home/handsome/ros_ws_test/src/ros_base/robot_scheduling/robot_scheduling_actions/src/public_actions/pose_recognize_action.cpp:1[m[K:
[01m[K/home/handsome/ros_ws_test/src/ros_base/robot_scheduling/robot_scheduling_actions/include/robot_scheduling_parameter.h:200:3:[m[K [01;31m[Kerror: [m[Kâ€˜[01m[Kstatus_code_type[m[Kâ€™ does not name a type; did you mean â€˜[01m[Krunstatus_type[m[Kâ€™?
   [01;31m[Kstatus_code_type[m[K if_status_code_type;
   [01;31m[K^~~~~~~~~~~~~~~~[m[K
   [32m[Krunstatus_type[m[K
[01m[K/home/handsome/ros_ws_test/src/ros_base/robot_scheduling/robot_scheduling_actions/include/robot_scheduling_parameter.h:465:32:[m[K [01;31m[Kerror: [m[Kâ€˜[01m[Kstatus_code_type[m[Kâ€™ has not been declared
   void set_if_status_code_type([01;31m[Kstatus_code_type[m[K _type,std::string _code ="") ;
                                [01;31m[K^~~~~~~~~~~~~~~~[m[K
[01m[K/home/handsome/ros_ws_test/src/ros_base/robot_scheduling/robot_scheduling_actions/include/robot_scheduling_parameter.h:466:32:[m[K [01;31m[Kerror: [m[Kâ€˜[01m[Kstatus_code_type[m[Kâ€™ has not been declared
   void get_if_status_code_type([01;31m[Kstatus_code_type[m[K &_type,std::string &_code) ;
                                [01;31m[K^~~~~~~~~~~~~~~~[m[K
[01m[K/home/handsome/ros_ws_test/src/ros_base/robot_scheduling/robot_scheduling_actions/src/robot_scheduling_parameter.cpp:[m[K In constructor â€˜[01m[Krobot_scheduling_parameter::robot_scheduling_parameter(ros::NodeHandle&)[m[Kâ€™:
[01m[K/home/handsome/ros_ws_test/src/ros_base/robot_scheduling/robot_scheduling_actions/src/robot_scheduling_parameter.cpp:26:5:[m[K [01;31m[Kerror: [m[Kâ€˜[01m[Kif_status_code_type[m[Kâ€™ was not declared in this scope
     [01;31m[Kif_status_code_type[m[K = status_code_none ;
     [01;31m[K^~~~~~~~~~~~~~~~~~~[m[K
[01m[K/home/handsome/ros_ws_test/src/ros_base/robot_scheduling/robot_scheduling_actions/src/robot_scheduling_parameter.cpp:26:5:[m[K [01;36m[Knote: [m[Ksuggested alternative: â€˜[01m[Kset_if_status_code_type[m[Kâ€™
     [01;36m[Kif_status_code_type[m[K = status_code_none ;
     [01;36m[K^~~~~~~~~~~~~~~~~~~[m[K
     [32m[Kset_if_status_code_type[m[K
[01m[K/home/handsome/ros_ws_test/src/ros_base/robot_scheduling/robot_scheduling_actions/src/robot_scheduling_parameter.cpp:26:27:[m[K [01;31m[Kerror: [m[Kâ€˜[01m[Kstatus_code_none[m[Kâ€™ was not declared in this scope
     if_status_code_type = [01;31m[Kstatus_code_none[m[K ;
                           [01;31m[K^~~~~~~~~~~~~~~~[m[K
[01m[K/home/handsome/ros_ws_test/src/ros_base/robot_scheduling/robot_scheduling_actions/src/robot_scheduling_parameter.cpp:26:27:[m[K [01;36m[Knote: [m[Ksuggested alternative: â€˜[01m[Kif_status_code[m[Kâ€™
     if_status_code_type = [01;36m[Kstatus_code_none[m[K ;
                           [01;36m[K^~~~~~~~~~~~~~~~[m[K
                           [32m[Kif_status_code[m[K
In file included from [01m[K/home/handsome/ros_ws_test/src/ros_base/robot_scheduling/robot_scheduling_actions/include/public_actions/db_process_action.h:6:0[m[K,
                 from [01m[K/home/handsome/ros_ws_test/src/ros_base/robot_scheduling/robot_scheduling_actions/src/public_actions/db_process_action.cpp:1[m[K:
[01m[K/home/handsome/ros_ws_test/src/ros_base/robot_scheduling/robot_scheduling_actions/include/robot_scheduling_parameter.h:200:3:[m[K [01;31m[Kerror: [m[Kâ€˜[01m[Kstatus_code_type[m[Kâ€™ does not name a type; did you mean â€˜[01m[Krunstatus_type[m[Kâ€™?
   [01;31m[Kstatus_code_type[m[K if_status_code_type;
   [01;31m[K^~~~~~~~~~~~~~~~[m[K
   [32m[Krunstatus_type[m[K
[01m[K/home/handsome/ros_ws_test/src/ros_base/robot_scheduling/robot_scheduling_actions/include/robot_scheduling_parameter.h:465:32:[m[K [01;31m[Kerror: [m[Kâ€˜[01m[Kstatus_code_type[m[Kâ€™ has not been declared
   void set_if_status_code_type([01;31m[Kstatus_code_type[m[K _type,std::string _code ="") ;
                                [01;31m[K^~~~~~~~~~~~~~~~[m[K
[01m[K/home/handsome/ros_ws_test/src/ros_base/robot_scheduling/robot_scheduling_actions/include/robot_scheduling_parameter.h:466:32:[m[K [01;31m[Kerror: [m[Kâ€˜[01m[Kstatus_code_type[m[Kâ€™ has not been declared
   void get_if_status_code_type([01;31m[Kstatus_code_type[m[K &_type,std::string &_code) ;
                                [01;31m[K^~~~~~~~~~~~~~~~[m[K
In file included from [01m[K/opt/ros/melodic/include/ros/ros.h:40:0[m[K,
                 from [01m[K/home/handsome/ros_ws_test/src/ros_base/robot_scheduling/robot_scheduling_actions/include/robot_scheduling_parameter.h:3[m[K,
                 from [01m[K/home/handsome/ros_ws_test/src/ros_base/robot_scheduling/robot_scheduling_actions/src/robot_scheduling_parameter.cpp:1[m[K:
[01m[K/home/handsome/ros_ws_test/src/ros_base/robot_scheduling/robot_scheduling_actions/src/robot_scheduling_parameter.cpp:[m[K In member function â€˜[01m[Kvoid robot_scheduling_parameter::ac_fixed_pose2d_init_set(ros::NodeHandle)[m[Kâ€™:
[01m[K/opt/ros/melodic/include/ros/console.h:348:176:[m[K [01;35m[Kwarning: [m[Kformat â€˜[01m[K%d[m[Kâ€™ expects argument of type â€˜[01m[Kint[m[Kâ€™, but argument 8 has type â€˜[01m[Kstd::map<std::__cxx11::basic_string<char>, std::shared_ptr<ac_locomotor_pos2d> >::size_type {aka long unsigned int}[m[Kâ€™ [[01;35m[K-Wformat=[m[K]
     ::ros::console::print(filter, __rosconsole_define_location__loc.logger_, __rosconsole_define_location__loc.level_, __FILE__, __LINE__, __ROSCONSOLE_FUNCTION__, __VA_ARGS__[01;35m[K)[m[K
                                                                                                                                                                                [01;35m[K^[m[K
[01m[K/opt/ros/melodic/include/ros/console.h:351:5:[m[K [01;36m[Knote: [m[Kin expansion of macro â€˜[01m[KROSCONSOLE_PRINT_AT_LOCATION_WITH_FILTER[m[Kâ€™
     [01;36m[KROSCONSOLE_PRINT_AT_LOCATION_WITH_FILTER[m[K(NULL, __VA_ARGS__)
     [01;36m[K^~~~~~~~~~~~~~~~~~~~~~~~~~~~~~~~~~~~~~~~[m[K
[01m[K/opt/ros/melodic/include/ros/console.h:387:7:[m[K [01;36m[Knote: [m[Kin expansion of macro â€˜[01m[KROSCONSOLE_PRINT_AT_LOCATION[m[Kâ€™
       [01;36m[KROSCONSOLE_PRINT_AT_LOCATION[m[K(__VA_ARGS__); \
       [01;36m[K^~~~~~~~~~~~~~~~~~~~~~~~~~~~[m[K
[01m[K/opt/ros/melodic/include/ros/console.h:572:35:[m[K [01;36m[Knote: [m[Kin expansion of macro â€˜[01m[KROS_LOG_COND[m[Kâ€™
 #define ROS_LOG(level, name, ...) [01;36m[KROS_LOG_COND[m[K(true, level, name, __VA_ARGS__)
                                   [01;36m[K^~~~~~~~~~~~[m[K
[01m[K/opt/ros/melodic/include/rosconsole/macros_generated.h:110:23:[m[K [01;36m[Knote: [m[Kin expansion of macro â€˜[01m[KROS_LOG[m[Kâ€™
 #define ROS_INFO(...) [01;36m[KROS_LOG[m[K(::ros::console::levels::Info, ROSCONSOLE_DEFAULT_NAME, __VA_ARGS__)
                       [01;36m[K^~~~~~~[m[K
[01m[K/home/handsome/ros_ws_test/src/ros_base/robot_scheduling/robot_scheduling_actions/src/robot_scheduling_parameter.cpp:217:5:[m[K [01;36m[Knote: [m[Kin expansion of macro â€˜[01m[KROS_INFO[m[Kâ€™
     [01;36m[KR[m[KOS_INFO("ac_locomotor_pos2d_map_ size:%d",ac_locomotor_pos2d_map_.size());
     [01;36m[K^[m[K
[01m[K/home/handsome/ros_ws_test/src/ros_base/robot_scheduling/robot_scheduling_actions/src/robot_scheduling_parameter.cpp:[m[K At global scope:
[01m[K/home/handsome/ros_ws_test/src/ros_base/robot_scheduling/robot_scheduling_actions/src/robot_scheduling_parameter.cpp:688:58:[m[K [01;31m[Kerror: [m[Kvariable or field â€˜[01m[Kset_if_status_code_type[m[Kâ€™ declared void
 void robot_scheduling_parameter::set_if_status_code_type([01;31m[Kstatus_code_type[m[K _type,std::string _code)
                                                          [01;31m[K^~~~~~~~~~~~~~~~[m[K
[01m[K/home/handsome/ros_ws_test/src/ros_base/robot_scheduling/robot_scheduling_actions/src/robot_scheduling_parameter.cpp:688:58:[m[K [01;31m[Kerror: [m[Kâ€˜[01m[Kstatus_code_type[m[Kâ€™ was not declared in this scope
[01m[K/home/handsome/ros_ws_test/src/ros_base/robot_scheduling/robot_scheduling_actions/src/robot_scheduling_parameter.cpp:688:58:[m[K [01;36m[Knote: [m[Ksuggested alternative: â€˜[01m[Krunstatus_type[m[Kâ€™
 void robot_scheduling_parameter::set_if_status_code_type([01;36m[Kstatus_code_type[m[K _type,std::string _code)
                                                          [01;36m[K^~~~~~~~~~~~~~~~[m[K
                                                          [32m[Krunstatus_type[m[K
[01m[K/home/handsome/ros_ws_test/src/ros_base/robot_scheduling/robot_scheduling_actions/src/robot_scheduling_parameter.cpp:688:93:[m[K [01;31m[Kerror: [m[Kexpected primary-expression before â€˜[01m[K_code[m[Kâ€™
 void robot_scheduling_parameter::set_if_status_code_type(status_code_type _type,std::string [01;31m[K_code[m[K)
                                                                                             [01;31m[K^~~~~[m[K
[01m[K/home/handsome/ros_ws_test/src/ros_base/robot_scheduling/robot_scheduling_actions/src/robot_scheduling_parameter.cpp:694:58:[m[K [01;31m[Kerror: [m[Kvariable or field â€˜[01m[Kget_if_status_code_type[m[Kâ€™ declared void
 void robot_scheduling_parameter::get_if_status_code_type([01;31m[Kstatus_code_type[m[K &_type,std::string &_code)
                                                          [01;31m[K^~~~~~~~~~~~~~~~[m[K
[01m[K/home/handsome/ros_ws_test/src/ros_base/robot_scheduling/robot_scheduling_actions/src/robot_scheduling_parameter.cpp:694:58:[m[K [01;31m[Kerror: [m[Kâ€˜[01m[Kstatus_code_type[m[Kâ€™ was not declared in this scope
[01m[K/home/handsome/ros_ws_test/src/ros_base/robot_scheduling/robot_scheduling_actions/src/robot_scheduling_parameter.cpp:694:58:[m[K [01;36m[Knote: [m[Ksuggested alternative: â€˜[01m[Krunstatus_type[m[Kâ€™
 void robot_scheduling_parameter::get_if_status_code_type([01;36m[Kstatus_code_type[m[K &_type,std::string &_code)
                                                          [01;36m[K^~~~~~~~~~~~~~~~[m[K
                                                          [32m[Krunstatus_type[m[K
[01m[K/home/handsome/ros_ws_test/src/ros_base/robot_scheduling/robot_scheduling_actions/src/robot_scheduling_parameter.cpp:694:76:[m[K [01;31m[Kerror: [m[Kâ€˜[01m[K_type[m[Kâ€™ was not declared in this scope
 void robot_scheduling_parameter::get_if_status_code_type(status_code_type &[01;31m[K_type[m[K,std::string &_code)
                                                                            [01;31m[K^~~~~[m[K
[01m[K/home/handsome/ros_ws_test/src/ros_base/robot_scheduling/robot_scheduling_actions/src/robot_scheduling_parameter.cpp:694:76:[m[K [01;36m[Knote: [m[Ksuggested alternative: â€˜[01m[Kwctype[m[Kâ€™
 void robot_scheduling_parameter::get_if_status_code_type(status_code_type &[01;36m[K_type[m[K,std::string &_code)
                                                                            [01;36m[K^~~~~[m[K
                                                                            [32m[Kwctype[m[K
[01m[K/home/handsome/ros_ws_test/src/ros_base/robot_scheduling/robot_scheduling_actions/src/robot_scheduling_parameter.cpp:694:94:[m[K [01;31m[Kerror: [m[Kexpected primary-expression before â€˜[01m[K&[m[Kâ€™ token
 void robot_scheduling_parameter::get_if_status_code_type(status_code_type &_type,std::string [01;31m[K&[m[K_code)
                                                                                              [01;31m[K^[m[K
[01m[K/home/handsome/ros_ws_test/src/ros_base/robot_scheduling/robot_scheduling_actions/src/robot_scheduling_parameter.cpp:694:95:[m[K [01;31m[Kerror: [m[Kâ€˜[01m[K_code[m[Kâ€™ was not declared in this scope
 void robot_scheduling_parameter::get_if_status_code_type(status_code_type &_type,std::string &[01;31m[K_code[m[K)
                                                                                               [01;31m[K^~~~~[m[K
In file included from [01m[K/home/handsome/ros_ws_test/src/ros_base/robot_scheduling/robot_scheduling_actions/include/private_actions/interrupt_info_action.h:6:0[m[K,
                 from [01m[K/home/handsome/ros_ws_test/src/ros_base/robot_scheduling/robot_scheduling_actions/src/private_actions/interrupt_info_action.cpp:1[m[K:
[01m[K/home/handsome/ros_ws_test/src/ros_base/robot_scheduling/robot_scheduling_actions/include/robot_scheduling_parameter.h:200:3:[m[K [01;31m[Kerror: [m[Kâ€˜[01m[Kstatus_code_type[m[Kâ€™ does not name a type; did you mean â€˜[01m[Krunstatus_type[m[Kâ€™?
   [01;31m[Kstatus_code_type[m[K if_status_code_type;
   [01;31m[K^~~~~~~~~~~~~~~~[m[K
   [32m[Krunstatus_type[m[K
[01m[K/home/handsome/ros_ws_test/src/ros_base/robot_scheduling/robot_scheduling_actions/include/robot_scheduling_parameter.h:465:32:[m[K [01;31m[Kerror: [m[Kâ€˜[01m[Kstatus_code_type[m[Kâ€™ has not been declared
   void set_if_status_code_type([01;31m[Kstatus_code_type[m[K _type,std::string _code ="") ;
                                [01;31m[K^~~~~~~~~~~~~~~~[m[K
[01m[K/home/handsome/ros_ws_test/src/ros_base/robot_scheduling/robot_scheduling_actions/include/robot_scheduling_parameter.h:466:32:[m[K [01;31m[Kerror: [m[Kâ€˜[01m[Kstatus_code_type[m[Kâ€™ has not been declared
   void get_if_status_code_type([01;31m[Kstatus_code_type[m[K &_type,std::string &_code) ;
                                [01;31m[K^~~~~~~~~~~~~~~~[m[K
In file included from [01m[K/home/handsome/ros_ws_test/src/ros_base/robot_scheduling/robot_scheduling_actions/include/private_actions/robot_if_process_action.h:7:0[m[K,
                 from [01m[K/home/handsome/ros_ws_test/src/ros_base/robot_scheduling/robot_scheduling_actions/src/private_actions/robot_if_process_action.cpp:1[m[K:
[01m[K/home/handsome/ros_ws_test/src/ros_base/robot_scheduling/robot_scheduling_actions/include/robot_scheduling_parameter.h:200:3:[m[K [01;31m[Kerror: [m[Kâ€˜[01m[Kstatus_code_type[m[Kâ€™ does not name a type; did you mean â€˜[01m[Krunstatus_type[m[Kâ€™?
   [01;31m[Kstatus_code_type[m[K if_status_code_type;
   [01;31m[K^~~~~~~~~~~~~~~~[m[K
   [32m[Krunstatus_type[m[K
[01m[K/home/handsome/ros_ws_test/src/ros_base/robot_scheduling/robot_scheduling_actions/include/robot_scheduling_parameter.h:465:32:[m[K [01;31m[Kerror: [m[Kâ€˜[01m[Kstatus_code_type[m[Kâ€™ has not been declared
   void set_if_status_code_type([01;31m[Kstatus_code_type[m[K _type,std::string _code ="") ;
                                [01;31m[K^~~~~~~~~~~~~~~~[m[K
[01m[K/home/handsome/ros_ws_test/src/ros_base/robot_scheduling/robot_scheduling_actions/include/robot_scheduling_parameter.h:466:32:[m[K [01;31m[Kerror: [m[Kâ€˜[01m[Kstatus_code_type[m[Kâ€™ has not been declared
   void get_if_status_code_type([01;31m[Kstatus_code_type[m[K &_type,std::string &_code) ;
                                [01;31m[K^~~~~~~~~~~~~~~~[m[K
In file included from [01m[K/home/handsome/ros_ws_test/src/ros_base/robot_scheduling/robot_scheduling_actions/include/private_actions/robot_run_state_action.h:7:0[m[K,
                 from [01m[K/home/handsome/ros_ws_test/src/ros_base/robot_scheduling/robot_scheduling_actions/src/private_actions/robot_run_state_action.cpp:1[m[K:
[01m[K/home/handsome/ros_ws_test/src/ros_base/robot_scheduling/robot_scheduling_actions/include/robot_scheduling_parameter.h:200:3:[m[K [01;31m[Kerror: [m[Kâ€˜[01m[Kstatus_code_type[m[Kâ€™ does not name a type; did you mean â€˜[01m[Krunstatus_type[m[Kâ€™?
   [01;31m[Kstatus_code_type[m[K if_status_code_type;
   [01;31m[K^~~~~~~~~~~~~~~~[m[K
   [32m[Krunstatus_type[m[K
[01m[K/home/handsome/ros_ws_test/src/ros_base/robot_scheduling/robot_scheduling_actions/include/robot_scheduling_parameter.h:465:32:[m[K [01;31m[Kerror: [m[Kâ€˜[01m[Kstatus_code_type[m[Kâ€™ has not been declared
   void set_if_status_code_type([01;31m[Kstatus_code_type[m[K _type,std::string _code ="") ;
                                [01;31m[K^~~~~~~~~~~~~~~~[m[K
[01m[K/home/handsome/ros_ws_test/src/ros_base/robot_scheduling/robot_scheduling_actions/include/robot_scheduling_parameter.h:466:32:[m[K [01;31m[Kerror: [m[Kâ€˜[01m[Kstatus_code_type[m[Kâ€™ has not been declared
   void get_if_status_code_type([01;31m[Kstatus_code_type[m[K &_type,std::string &_code) ;
                                [01;31m[K^~~~~~~~~~~~~~~~[m[K
In file included from [01m[K/home/handsome/ros_ws_test/src/ros_base/robot_scheduling/robot_scheduling_actions/include/robot_scheduling_actions.h:5:0[m[K,
                 from [01m[K/home/handsome/ros_ws_test/src/ros_base/robot_scheduling/robot_scheduling_actions/src/robot_scheduling_actions.cpp:1[m[K:
[01m[K/home/handsome/ros_ws_test/src/ros_base/robot_scheduling/robot_scheduling_actions/include/robot_scheduling_parameter.h:200:3:[m[K [01;31m[Kerror: [m[Kâ€˜[01m[Kstatus_code_type[m[Kâ€™ does not name a type; did you mean â€˜[01m[Krunstatus_type[m[Kâ€™?
   [01;31m[Kstatus_code_type[m[K if_status_code_type;
   [01;31m[K^~~~~~~~~~~~~~~~[m[K
   [32m[Krunstatus_type[m[K
[01m[K/home/handsome/ros_ws_test/src/ros_base/robot_scheduling/robot_scheduling_actions/include/robot_scheduling_parameter.h:465:32:[m[K [01;31m[Kerror: [m[Kâ€˜[01m[Kstatus_code_type[m[Kâ€™ has not been declared
   void set_if_status_code_type([01;31m[Kstatus_code_type[m[K _type,std::string _code ="") ;
                                [01;31m[K^~~~~~~~~~~~~~~~[m[K
[01m[K/home/handsome/ros_ws_test/src/ros_base/robot_scheduling/robot_scheduling_actions/include/robot_scheduling_parameter.h:466:32:[m[K [01;31m[Kerror: [m[Kâ€˜[01m[Kstatus_code_type[m[Kâ€™ has not been declared
   void get_if_status_code_type([01;31m[Kstatus_code_type[m[K &_type,std::string &_code) ;
                                [01;31m[K^~~~~~~~~~~~~~~~[m[K
In file included from [01m[K/home/handsome/ros_ws_test/src/ros_base/robot_scheduling/robot_scheduling_actions/include/private_actions/robot_if_proc_upper_action.h:7:0[m[K,
                 from [01m[K/home/handsome/ros_ws_test/src/ros_base/robot_scheduling/robot_scheduling_actions/src/private_actions/robot_if_proc_upper_action.cpp:1[m[K:
[01m[K/home/handsome/ros_ws_test/src/ros_base/robot_scheduling/robot_scheduling_actions/include/robot_scheduling_parameter.h:200:3:[m[K [01;31m[Kerror: [m[Kâ€˜[01m[Kstatus_code_type[m[Kâ€™ does not name a type; did you mean â€˜[01m[Krunstatus_type[m[Kâ€™?
   [01;31m[Kstatus_code_type[m[K if_status_code_type;
   [01;31m[K^~~~~~~~~~~~~~~~[m[K
   [32m[Krunstatus_type[m[K
[01m[K/home/handsome/ros_ws_test/src/ros_base/robot_scheduling/robot_scheduling_actions/include/robot_scheduling_parameter.h:465:32:[m[K [01;31m[Kerror: [m[Kâ€˜[01m[Kstatus_code_type[m[Kâ€™ has not been declared
   void set_if_status_code_type([01;31m[Kstatus_code_type[m[K _type,std::string _code ="") ;
                                [01;31m[K^~~~~~~~~~~~~~~~[m[K
[01m[K/home/handsome/ros_ws_test/src/ros_base/robot_scheduling/robot_scheduling_actions/include/robot_scheduling_parameter.h:466:32:[m[K [01;31m[Kerror: [m[Kâ€˜[01m[Kstatus_code_type[m[Kâ€™ has not been declared
   void get_if_status_code_type([01;31m[Kstatus_code_type[m[K &_type,std::string &_code) ;
                                [01;31m[K^~~~~~~~~~~~~~~~[m[K
In file included from [01m[K/home/handsome/ros_ws_test/src/ros_base/robot_scheduling/robot_scheduling_actions/include/private_actions/robot_if_params_action.h:7:0[m[K,
                 from [01m[K/home/handsome/ros_ws_test/src/ros_base/robot_scheduling/robot_scheduling_actions/src/private_actions/robot_if_params_action.cpp:1[m[K:
[01m[K/home/handsome/ros_ws_test/src/ros_base/robot_scheduling/robot_scheduling_actions/include/robot_scheduling_parameter.h:200:3:[m[K [01;31m[Kerror: [m[Kâ€˜[01m[Kstatus_code_type[m[Kâ€™ does not name a type; did you mean â€˜[01m[Krunstatus_type[m[Kâ€™?
   [01;31m[Kstatus_code_type[m[K if_status_code_type;
   [01;31m[K^~~~~~~~~~~~~~~~[m[K
   [32m[Krunstatus_type[m[K
[01m[K/home/handsome/ros_ws_test/src/ros_base/robot_scheduling/robot_scheduling_actions/include/robot_scheduling_parameter.h:465:32:[m[K [01;31m[Kerror: [m[Kâ€˜[01m[Kstatus_code_type[m[Kâ€™ has not been declared
   void set_if_status_code_type([01;31m[Kstatus_code_type[m[K _type,std::string _code ="") ;
                                [01;31m[K^~~~~~~~~~~~~~~~[m[K
[01m[K/home/handsome/ros_ws_test/src/ros_base/robot_scheduling/robot_scheduling_actions/include/robot_scheduling_parameter.h:466:32:[m[K [01;31m[Kerror: [m[Kâ€˜[01m[Kstatus_code_type[m[Kâ€™ has not been declared
   void get_if_status_code_type([01;31m[Kstatus_code_type[m[K &_type,std::string &_code) ;
                                [01;31m[K^~~~~~~~~~~~~~~~[m[K
In file included from [01m[K/home/handsome/ros_ws_test/src/ros_base/robot_scheduling/robot_scheduling_actions/include/private_actions/robot_if_proc_lower_action.h:7:0[m[K,
                 from [01m[K/home/handsome/ros_ws_test/src/ros_base/robot_scheduling/robot_scheduling_actions/src/private_actions/robot_if_proc_lower_action.cpp:1[m[K:
[01m[K/home/handsome/ros_ws_test/src/ros_base/robot_scheduling/robot_scheduling_actions/include/robot_scheduling_parameter.h:200:3:[m[K [01;31m[Kerror: [m[Kâ€˜[01m[Kstatus_code_type[m[Kâ€™ does not name a type; did you mean â€˜[01m[Krunstatus_type[m[Kâ€™?
   [01;31m[Kstatus_code_type[m[K if_status_code_type;
   [01;31m[K^~~~~~~~~~~~~~~~[m[K
   [32m[Krunstatus_type[m[K
[01m[K/home/handsome/ros_ws_test/src/ros_base/robot_scheduling/robot_scheduling_actions/include/robot_scheduling_parameter.h:465:32:[m[K [01;31m[Kerror: [m[Kâ€˜[01m[Kstatus_code_type[m[Kâ€™ has not been declared
   void set_if_status_code_type([01;31m[Kstatus_code_type[m[K _type,std::string _code ="") ;
                                [01;31m[K^~~~~~~~~~~~~~~~[m[K
[01m[K/home/handsome/ros_ws_test/src/ros_base/robot_scheduling/robot_scheduling_actions/include/robot_scheduling_parameter.h:466:32:[m[K [01;31m[Kerror: [m[Kâ€˜[01m[Kstatus_code_type[m[Kâ€™ has not been declared
   void get_if_status_code_type([01;31m[Kstatus_code_type[m[K &_type,std::string &_code) ;
                                [01;31m[K^~~~~~~~~~~~~~~~[m[K
In file included from [01m[K/home/handsome/ros_ws_test/src/ros_base/robot_scheduling/robot_scheduling_actions/include/public_actions/pose_move_to_action.h:5:0[m[K,
                 from [01m[K/home/handsome/ros_ws_test/src/ros_base/robot_scheduling/robot_scheduling_actions/src/public_actions/pose_move_to_action.cpp:1[m[K:
[01m[K/home/handsome/ros_ws_test/src/ros_base/robot_scheduling/robot_scheduling_actions/include/robot_scheduling_parameter.h:200:3:[m[K [01;31m[Kerror: [m[Kâ€˜[01m[Kstatus_code_type[m[Kâ€™ does not name a type; did you mean â€˜[01m[Krunstatus_type[m[Kâ€™?
   [01;31m[Kstatus_code_type[m[K if_status_code_type;
   [01;31m[K^~~~~~~~~~~~~~~~[m[K
   [32m[Krunstatus_type[m[K
[01m[K/home/handsome/ros_ws_test/src/ros_base/robot_scheduling/robot_scheduling_actions/include/robot_scheduling_parameter.h:465:32:[m[K [01;31m[Kerror: [m[Kâ€˜[01m[Kstatus_code_type[m[Kâ€™ has not been declared
   void set_if_status_code_type([01;31m[Kstatus_code_type[m[K _type,std::string _code ="") ;
                                [01;31m[K^~~~~~~~~~~~~~~~[m[K
[01m[K/home/handsome/ros_ws_test/src/ros_base/robot_scheduling/robot_scheduling_actions/include/robot_scheduling_parameter.h:466:32:[m[K [01;31m[Kerror: [m[Kâ€˜[01m[Kstatus_code_type[m[Kâ€™ has not been declared
   void get_if_status_code_type([01;31m[Kstatus_code_type[m[K &_type,std::string &_code) ;
                                [01;31m[K^~~~~~~~~~~~~~~~[m[K
[01m[K/home/handsome/ros_ws_test/src/ros_base/robot_scheduling/robot_scheduling_actions/src/private_actions/robot_if_params_action.cpp:[m[K In member function â€˜[01m[Kvoid robot_if_params_action::do_status_code_function(const robot_interface_paramsGoalConstPtr&)[m[Kâ€™:
[01m[K/home/handsome/ros_ws_test/src/ros_base/robot_scheduling/robot_scheduling_actions/src/private_actions/robot_if_params_action.cpp:100:50:[m[K [01;31m[Kerror: [m[Kâ€˜[01m[Kstatus_code_type[m[Kâ€™ was not declared in this scope
             parameter_->set_if_status_code_type(([01;31m[Kstatus_code_type[m[K)_type,_code);
                                                  [01;31m[K^~~~~~~~~~~~~~~~[m[K
[01m[K/home/handsome/ros_ws_test/src/ros_base/robot_scheduling/robot_scheduling_actions/src/private_actions/robot_if_params_action.cpp:100:50:[m[K [01;36m[Knote: [m[Ksuggested alternative: â€˜[01m[Krunstatus_type[m[Kâ€™
             parameter_->set_if_status_code_type(([01;36m[Kstatus_code_type[m[K)_type,_code);
                                                  [01;36m[K^~~~~~~~~~~~~~~~[m[K
                                                  [32m[Krunstatus_type[m[K
[01m[K/home/handsome/ros_ws_test/src/ros_base/robot_scheduling/robot_scheduling_actions/src/private_actions/robot_if_params_action.cpp:111:9:[m[K [01;31m[Kerror: [m[Kâ€˜[01m[Kstatus_code_type[m[Kâ€™ was not declared in this scope
         [01;31m[Kstatus_code_type[m[K _type ; std::string _code ;
         [01;31m[K^~~~~~~~~~~~~~~~[m[K
[01m[K/home/handsome/ros_ws_test/src/ros_base/robot_scheduling/robot_scheduling_actions/src/private_actions/robot_if_params_action.cpp:111:9:[m[K [01;36m[Knote: [m[Ksuggested alternative: â€˜[01m[Krunstatus_type[m[Kâ€™
         [01;36m[Kstatus_code_type[m[K _type ; std::string _code ;
         [01;36m[K^~~~~~~~~~~~~~~~[m[K
         [32m[Krunstatus_type[m[K
[01m[K/home/handsome/ros_ws_test/src/ros_base/robot_scheduling/robot_scheduling_actions/src/private_actions/robot_if_params_action.cpp:112:45:[m[K [01;31m[Kerror: [m[Kâ€˜[01m[K_type[m[Kâ€™ was not declared in this scope
         parameter_->get_if_status_code_type([01;31m[K_type[m[K,_code) ;
                                             [01;31m[K^~~~~[m[K
[01m[K/home/handsome/ros_ws_test/src/ros_base/robot_scheduling/robot_scheduling_actions/src/private_actions/robot_if_params_action.cpp:112:45:[m[K [01;36m[Knote: [m[Ksuggested alternative: â€˜[01m[Kwctype[m[Kâ€™
         parameter_->get_if_status_code_type([01;36m[K_type[m[K,_code) ;
                                             [01;36m[K^~~~~[m[K
                                             [32m[Kwctype[m[K
[01m[K/home/handsome/ros_ws_test/src/ros_base/robot_scheduling/robot_scheduling_actions/src/private_actions/robot_if_params_action.cpp:116:40:[m[K [01;31m[Kerror: [m[Kâ€˜[01m[Kstatus_code_pass[m[Kâ€™ was not declared in this scope
             _result.result = (_type == [01;31m[Kstatus_code_pass[m[K) ? robot_scheduling_msgs::robot_interface_paramsResult::PASS :
                                        [01;31m[K^~~~~~~~~~~~~~~~[m[K
[01m[K/home/handsome/ros_ws_test/src/ros_base/robot_scheduling/robot_scheduling_actions/src/private_actions/robot_if_params_action.cpp:117:41:[m[K [01;31m[Kerror: [m[Kâ€˜[01m[Kstatus_code_alarm[m[Kâ€™ was not declared in this scope
                              ((_type == [01;31m[Kstatus_code_alarm[m[K) ? robot_scheduling_msgs::robot_interface_paramsResult::ALARM :
                                         [01;31m[K^~~~~~~~~~~~~~~~~[m[K
[01m[K/home/handsome/ros_ws_test/src/ros_base/robot_scheduling/robot_scheduling_actions/src/private_actions/robot_if_params_action.cpp:117:41:[m[K [01;36m[Knote: [m[Ksuggested alternative: â€˜[01m[Krunstatus_alarm[m[Kâ€™
                              ((_type == [01;36m[Kstatus_code_alarm[m[K) ? robot_scheduling_msgs::robot_interface_paramsResult::ALARM :
                                         [01;36m[K^~~~~~~~~~~~~~~~~[m[K
                                         [32m[Krunstatus_alarm[m[K
In file included from [01m[K/opt/ros/melodic/include/ros/ros.h:40:0[m[K,
                 from [01m[K/home/handsome/ros_ws_test/src/ros_base/robot_scheduling/robot_scheduling_actions/include/private_actions/robot_run_state_action.h:4[m[K,
                 from [01m[K/home/handsome/ros_ws_test/src/ros_base/robot_scheduling/robot_scheduling_actions/src/private_actions/robot_run_state_action.cpp:1[m[K:
[01m[K/home/handsome/ros_ws_test/src/ros_base/robot_scheduling/robot_scheduling_actions/src/private_actions/robot_run_state_action.cpp:[m[K In member function â€˜[01m[Kactionlib::SimpleClientGoalState robot_run_state_action::do_db_process_ac(const db_processGoal&)[m[Kâ€™:
[01m[K/opt/ros/melodic/include/ros/console.h:348:176:[m[K [01;35m[Kwarning: [m[Kformat not a string literal and no format arguments [[01;35m[K-Wformat-security[m[K]
     ::ros::console::print(filter, __rosconsole_define_location__loc.logger_, __rosconsole_define_location__loc.level_, __FILE__, __LINE__, __ROSCONSOLE_FUNCTION__, __VA_ARGS__[01;35m[K)[m[K
                                                                                                                                                                                [01;35m[K^[m[K
[01m[K/opt/ros/melodic/include/ros/console.h:351:5:[m[K [01;36m[Knote: [m[Kin expansion of macro â€˜[01m[KROSCONSOLE_PRINT_AT_LOCATION_WITH_FILTER[m[Kâ€™
     [01;36m[KROSCONSOLE_PRINT_AT_LOCATION_WITH_FILTER[m[K(NULL, __VA_ARGS__)
     [01;36m[K^~~~~~~~~~~~~~~~~~~~~~~~~~~~~~~~~~~~~~~~[m[K
[01m[K/opt/ros/melodic/include/ros/console.h:387:7:[m[K [01;36m[Knote: [m[Kin expansion of macro â€˜[01m[KROSCONSOLE_PRINT_AT_LOCATION[m[Kâ€™
       [01;36m[KROSCONSOLE_PRINT_AT_LOCATION[m[K(__VA_ARGS__); \
       [01;36m[K^~~~~~~~~~~~~~~~~~~~~~~~~~~~[m[K
[01m[K/opt/ros/melodic/include/ros/console.h:572:35:[m[K [01;36m[Knote: [m[Kin expansion of macro â€˜[01m[KROS_LOG_COND[m[Kâ€™
 #define ROS_LOG(level, name, ...) [01;36m[KROS_LOG_COND[m[K(true, level, name, __VA_ARGS__)
                                   [01;36m[K^~~~~~~~~~~~[m[K
[01m[K/opt/ros/melodic/include/rosconsole/macros_generated.h:110:23:[m[K [01;36m[Knote: [m[Kin expansion of macro â€˜[01m[KROS_LOG[m[Kâ€™
 #define ROS_INFO(...) [01;36m[KROS_LOG[m[K(::ros::console::levels::Info, ROSCONSOLE_DEFAULT_NAME, __VA_ARGS__)
                       [01;36m[K^~~~~~~[m[K
[01m[K/home/handsome/ros_ws_test/src/ros_base/robot_scheduling/robot_scheduling_actions/src/private_actions/robot_run_state_action.cpp:231:5:[m[K [01;36m[Knote: [m[Kin expansion of macro â€˜[01m[KROS_INFO[m[Kâ€™
     [01;36m[KR[m[KOS_INFO(goal.db_process_ac_name.c_str());
     [01;36m[K^[m[K
[01m[K/opt/ros/melodic/include/ros/console.h:348:176:[m[K [01;35m[Kwarning: [m[Kformat not a string literal and no format arguments [[01;35m[K-Wformat-security[m[K]
     ::ros::console::print(filter, __rosconsole_define_location__loc.logger_, __rosconsole_define_location__loc.level_, __FILE__, __LINE__, __ROSCONSOLE_FUNCTION__, __VA_ARGS__[01;35m[K)[m[K
                                                                                                                                                                                [01;35m[K^[m[K
[01m[K/opt/ros/melodic/include/ros/console.h:351:5:[m[K [01;36m[Knote: [m[Kin expansion of macro â€˜[01m[KROSCONSOLE_PRINT_AT_LOCATION_WITH_FILTER[m[Kâ€™
     [01;36m[KROSCONSOLE_PRINT_AT_LOCATION_WITH_FILTER[m[K(NULL, __VA_ARGS__)
     [01;36m[K^~~~~~~~~~~~~~~~~~~~~~~~~~~~~~~~~~~~~~~~[m[K
[01m[K/opt/ros/melodic/include/ros/console.h:387:7:[m[K [01;36m[Knote: [m[Kin expansion of macro â€˜[01m[KROSCONSOLE_PRINT_AT_LOCATION[m[Kâ€™
       [01;36m[KROSCONSOLE_PRINT_AT_LOCATION[m[K(__VA_ARGS__); \
       [01;36m[K^~~~~~~~~~~~~~~~~~~~~~~~~~~~[m[K
[01m[K/opt/ros/melodic/include/ros/console.h:572:35:[m[K [01;36m[Knote: [m[Kin expansion of macro â€˜[01m[KROS_LOG_COND[m[Kâ€™
 #define ROS_LOG(level, name, ...) [01;36m[KROS_LOG_COND[m[K(true, level, name, __VA_ARGS__)
                                   [01;36m[K^~~~~~~~~~~~[m[K
[01m[K/opt/ros/melodic/include/rosconsole/macros_generated.h:110:23:[m[K [01;36m[Knote: [m[Kin expansion of macro â€˜[01m[KROS_LOG[m[Kâ€™
 #define ROS_INFO(...) [01;36m[KROS_LOG[m[K(::ros::console::levels::Info, ROSCONSOLE_DEFAULT_NAME, __VA_ARGS__)
                       [01;36m[K^~~~~~~[m[K
[01m[K/home/handsome/ros_ws_test/src/ros_base/robot_scheduling/robot_scheduling_actions/src/private_actions/robot_run_state_action.cpp:245:5:[m[K [01;36m[Knote: [m[Kin expansion of macro â€˜[01m[KROS_INFO[m[Kâ€™
     [01;36m[KR[m[KOS_INFO(goal.cmd_data.c_str());
     [01;36m[K^[m[K
CMakeFiles/robot_scheduling_actions_node.dir/build.make:110: recipe for target 'CMakeFiles/robot_scheduling_actions_node.dir/src/robot_scheduling_service.cpp.o' failed
make[2]: *** [CMakeFiles/robot_scheduling_actions_node.dir/src/robot_scheduling_service.cpp.o] Error 1
make[2]: *** Waiting for unfinished jobs....
CMakeFiles/robot_scheduling_actions_node.dir/build.make:86: recipe for target 'CMakeFiles/robot_scheduling_actions_node.dir/src/robot_scheduling_parameter.cpp.o' failed
make[2]: *** [CMakeFiles/robot_scheduling_actions_node.dir/src/robot_scheduling_parameter.cpp.o] Error 1
In file included from [01m[K/home/handsome/ros_ws_test/src/ros_base/robot_scheduling/robot_scheduling_actions/src/public_actions/db_process_action.cpp:2:0[m[K:
[01m[K/home/handsome/ros_ws_test/install/ros_utility_tools/include/ros_utility_tools/table_mongodbstore_client.h:[m[K In member function â€˜[01m[Kbool table_mongodbstore_client<MsgType, MsgType_req, MsgType_resp>::mongo_table_Insert(const boost::shared_ptr<X>&)[m[Kâ€™:
[01m[K/home/handsome/ros_ws_test/install/ros_utility_tools/include/ros_utility_tools/table_mongodbstore_client.h:96:27:[m[K [01;35m[Kwarning: [m[Kthere are no arguments to â€˜[01m[Kget_Now_LocalTime[m[Kâ€™ that depend on a template parameter, so a declaration of â€˜[01m[Kget_Now_LocalTime[m[Kâ€™ must be available [[01;35m[K-fpermissive[m[K]
    (*_data).update_time = [01;35m[Kget_Now_LocalTime[m[K();  //-- from tools
                           [01;35m[K^~~~~~~~~~~~~~~~~[m[K
[01m[K/home/handsome/ros_ws_test/install/ros_utility_tools/include/ros_utility_tools/table_mongodbstore_client.h:[m[K In member function â€˜[01m[Kbool table_mongodbstore_client<MsgType, MsgType_req, MsgType_resp>::mongo_table_modify(const boost::shared_ptr<X>&)[m[Kâ€™:
[01m[K/home/handsome/ros_ws_test/install/ros_utility_tools/include/ros_utility_tools/table_mongodbstore_client.h:107:27:[m[K [01;35m[Kwarning: [m[Kthere are no arguments to â€˜[01m[Kget_Now_LocalTime[m[Kâ€™ that depend on a template parameter, so a declaration of â€˜[01m[Kget_Now_LocalTime[m[Kâ€™ must be available [[01;35m[K-fpermissive[m[K]
    (*_data).update_time = [01;35m[Kget_Now_LocalTime[m[K();
                           [01;35m[K^~~~~~~~~~~~~~~~~[m[K
[01m[K/home/handsome/ros_ws_test/install/ros_utility_tools/include/ros_utility_tools/table_mongodbstore_client.h:[m[K In member function â€˜[01m[Kbool table_mongodbstore_client<MsgType, MsgType_req, MsgType_resp>::response_table_data_Query(std::__cxx11::string, std::__cxx11::string, std::__cxx11::string, MsgType_resp&)[m[Kâ€™:
[01m[K/home/handsome/ros_ws_test/install/ros_utility_tools/include/ros_utility_tools/table_mongodbstore_client.h:391:16:[m[K [01;35m[Kwarning: [m[Kthere are no arguments to â€˜[01m[Kstrtoint[m[Kâ€™ that depend on a template parameter, so a declaration of â€˜[01m[Kstrtoint[m[Kâ€™ must be available [[01;35m[K-fpermissive[m[K]
    int _type = [01;35m[Kstrtoint[m[K(base_index,-1); //-- search type
                [01;35m[K^~~~~~~~[m[K
[01m[K/home/handsome/ros_ws_test/install/ros_utility_tools/include/ros_utility_tools/table_mongodbstore_client.h:[m[K In member function â€˜[01m[Kbool table_mongodbstore_client<MsgType, MsgType_req, MsgType_resp>::srv_Eval_db_table_srv_service(MsgType_req&, MsgType_resp&)[m[Kâ€™:
[01m[K/home/handsome/ros_ws_test/install/ros_utility_tools/include/ros_utility_tools/table_mongodbstore_client.h:470:25:[m[K [01;35m[Kwarning: [m[Kthere are no arguments to â€˜[01m[Kconvert_str[m[Kâ€™ that depend on a template parameter, so a declaration of â€˜[01m[Kconvert_str[m[Kâ€™ must be available [[01;35m[K-fpermissive[m[K]
       resp.error_code = [01;35m[Kconvert_str[m[K((int)table_srv_error_type) ;
                         [01;35m[K^~~~~~~~~~~[m[K
[01m[K/home/handsome/ros_ws_test/install/ros_utility_tools/include/ros_utility_tools/table_mongodbstore_client.h:479:25:[m[K [01;35m[Kwarning: [m[Kthere are no arguments to â€˜[01m[Kconvert_str[m[Kâ€™ that depend on a template parameter, so a declaration of â€˜[01m[Kconvert_str[m[Kâ€™ must be available [[01;35m[K-fpermissive[m[K]
       resp.error_code = [01;35m[Kconvert_str[m[K((int)table_srv_error_type) ;
                         [01;35m[K^~~~~~~~~~~[m[K
[01m[K/home/handsome/ros_ws_test/install/ros_utility_tools/include/ros_utility_tools/table_mongodbstore_client.h:487:25:[m[K [01;35m[Kwarning: [m[Kthere are no arguments to â€˜[01m[Kconvert_str[m[Kâ€™ that depend on a template parameter, so a declaration of â€˜[01m[Kconvert_str[m[Kâ€™ must be available [[01;35m[K-fpermissive[m[K]
       resp.error_code = [01;35m[Kconvert_str[m[K((int)edb_tb_err_type_none) ;
                         [01;35m[K^~~~~~~~~~~[m[K
[01m[K/home/handsome/ros_ws_test/install/ros_utility_tools/include/ros_utility_tools/table_mongodbstore_client.h:504:25:[m[K [01;35m[Kwarning: [m[Kthere are no arguments to â€˜[01m[Kconvert_str[m[Kâ€™ that depend on a template parameter, so a declaration of â€˜[01m[Kconvert_str[m[Kâ€™ must be available [[01;35m[K-fpermissive[m[K]
       resp.error_code = [01;35m[Kconvert_str[m[K((int)edb_tb_err_type_none) ;
                         [01;35m[K^~~~~~~~~~~[m[K
[01m[K/home/handsome/ros_ws_test/install/ros_utility_tools/include/ros_utility_tools/table_mongodbstore_client.h:509:25:[m[K [01;35m[Kwarning: [m[Kthere are no arguments to â€˜[01m[Kconvert_str[m[Kâ€™ that depend on a template parameter, so a declaration of â€˜[01m[Kconvert_str[m[Kâ€™ must be available [[01;35m[K-fpermissive[m[K]
       resp.error_code = [01;35m[Kconvert_str[m[K((int)table_srv_error_type) ;
                         [01;35m[K^~~~~~~~~~~[m[K
[01m[K/home/handsome/ros_ws_test/install/ros_utility_tools/include/ros_utility_tools/table_mongodbstore_client.h:520:25:[m[K [01;35m[Kwarning: [m[Kthere are no arguments to â€˜[01m[Kconvert_str[m[Kâ€™ that depend on a template parameter, so a declaration of â€˜[01m[Kconvert_str[m[Kâ€™ must be available [[01;35m[K-fpermissive[m[K]
       resp.error_code = [01;35m[Kconvert_str[m[K((int)edb_tb_err_type_none) ;
                         [01;35m[K^~~~~~~~~~~[m[K
[01m[K/home/handsome/ros_ws_test/install/ros_utility_tools/include/ros_utility_tools/table_mongodbstore_client.h:525:25:[m[K [01;35m[Kwarning: [m[Kthere are no arguments to â€˜[01m[Kconvert_str[m[Kâ€™ that depend on a template parameter, so a declaration of â€˜[01m[Kconvert_str[m[Kâ€™ must be available [[01;35m[K-fpermissive[m[K]
       resp.error_code = [01;35m[Kconvert_str[m[K((int)table_srv_error_type) ;
                         [01;35m[K^~~~~~~~~~~[m[K
[01m[K/home/handsome/ros_ws_test/install/ros_utility_tools/include/ros_utility_tools/table_mongodbstore_client.h:533:24:[m[K [01;35m[Kwarning: [m[Kthere are no arguments to â€˜[01m[Kconvert_str[m[Kâ€™ that depend on a template parameter, so a declaration of â€˜[01m[Kconvert_str[m[Kâ€™ must be available [[01;35m[K-fpermissive[m[K]
      resp.error_code = [01;35m[Kconvert_str[m[K((int)edb_tb_err_type_none) ;
                        [01;35m[K^~~~~~~~~~~[m[K
In file included from [01m[K/opt/ros/melodic/include/ros/ros.h:40:0[m[K,
                 from [01m[K/home/handsome/ros_ws_test/src/ros_base/robot_scheduling/robot_scheduling_actions/include/public_actions/db_process_action.h:4[m[K,
                 from [01m[K/home/handsome/ros_ws_test/src/ros_base/robot_scheduling/robot_scheduling_actions/src/public_actions/db_process_action.cpp:1[m[K:
[01m[K/home/handsome/ros_ws_test/src/ros_base/robot_scheduling/robot_scheduling_actions/src/public_actions/db_process_action.cpp:[m[K In member function â€˜[01m[Kvoid db_process_action::ac_doneCb(const actionlib::SimpleClientGoalState&, const car_db_processResultConstPtr&)[m[Kâ€™:
[01m[K/opt/ros/melodic/include/ros/console.h:348:176:[m[K [01;35m[Kwarning: [m[Kformat â€˜[01m[K%d[m[Kâ€™ expects argument of type â€˜[01m[Kint[m[Kâ€™, but argument 8 has type â€˜[01m[Kstd::vector<std::__cxx11::basic_string<char> >::size_type {aka long unsigned int}[m[Kâ€™ [[01;35m[K-Wformat=[m[K]
     ::ros::console::print(filter, __rosconsole_define_location__loc.logger_, __rosconsole_define_location__loc.level_, __FILE__, __LINE__, __ROSCONSOLE_FUNCTION__, __VA_ARGS__[01;35m[K)[m[K
                                                                                                                                                                                [01;35m[K^[m[K
[01m[K/opt/ros/melodic/include/ros/console.h:351:5:[m[K [01;36m[Knote: [m[Kin expansion of macro â€˜[01m[KROSCONSOLE_PRINT_AT_LOCATION_WITH_FILTER[m[Kâ€™
     [01;36m[KROSCONSOLE_PRINT_AT_LOCATION_WITH_FILTER[m[K(NULL, __VA_ARGS__)
     [01;36m[K^~~~~~~~~~~~~~~~~~~~~~~~~~~~~~~~~~~~~~~~[m[K
[01m[K/opt/ros/melodic/include/ros/console.h:387:7:[m[K [01;36m[Knote: [m[Kin expansion of macro â€˜[01m[KROSCONSOLE_PRINT_AT_LOCATION[m[Kâ€™
       [01;36m[KROSCONSOLE_PRINT_AT_LOCATION[m[K(__VA_ARGS__); \
       [01;36m[K^~~~~~~~~~~~~~~~~~~~~~~~~~~~[m[K
[01m[K/opt/ros/melodic/include/ros/console.h:572:35:[m[K [01;36m[Knote: [m[Kin expansion of macro â€˜[01m[KROS_LOG_COND[m[Kâ€™
 #define ROS_LOG(level, name, ...) [01;36m[KROS_LOG_COND[m[K(true, level, name, __VA_ARGS__)
                                   [01;36m[K^~~~~~~~~~~~[m[K
[01m[K/opt/ros/melodic/include/rosconsole/macros_generated.h:110:23:[m[K [01;36m[Knote: [m[Kin expansion of macro â€˜[01m[KROS_LOG[m[Kâ€™
 #define ROS_INFO(...) [01;36m[KROS_LOG[m[K(::ros::console::levels::Info, ROSCONSOLE_DEFAULT_NAME, __VA_ARGS__)
                       [01;36m[K^~~~~~~[m[K
[01m[K/home/handsome/ros_ws_test/src/ros_base/robot_scheduling/robot_scheduling_actions/src/public_actions/db_process_action.cpp:269:9:[m[K [01;36m[Knote: [m[Kin expansion of macro â€˜[01m[KROS_INFO[m[Kâ€™
         [01;36m[KR[m[KOS_INFO("counter = result_data_vector.size()==>%d",result_data_vector.size());
         [01;36m[K^[m[K
CMakeFiles/robot_scheduling_actions_node.dir/build.make:326: recipe for target 'CMakeFiles/robot_scheduling_actions_node.dir/src/private_actions/interrupt_info_action.cpp.o' failed
make[2]: *** [CMakeFiles/robot_scheduling_actions_node.dir/src/private_actions/interrupt_info_action.cpp.o] Error 1
CMakeFiles/robot_scheduling_actions_node.dir/build.make:134: recipe for target 'CMakeFiles/robot_scheduling_actions_node.dir/src/private_actions/robot_if_process_action.cpp.o' failed
make[2]: *** [CMakeFiles/robot_scheduling_actions_node.dir/src/private_actions/robot_if_process_action.cpp.o] Error 1
CMakeFiles/robot_scheduling_actions_node.dir/build.make:302: recipe for target 'CMakeFiles/robot_scheduling_actions_node.dir/src/private_actions/robot_if_params_action.cpp.o' failed
make[2]: *** [CMakeFiles/robot_scheduling_actions_node.dir/src/private_actions/robot_if_params_action.cpp.o] Error 1
In file included from [01m[K/opt/ros/melodic/include/ros/ros.h:40:0[m[K,
                 from [01m[K/home/handsome/ros_ws_test/src/ros_base/robot_scheduling/robot_scheduling_actions/include/public_actions/pose_move_to_action.h:4[m[K,
                 from [01m[K/home/handsome/ros_ws_test/src/ros_base/robot_scheduling/robot_scheduling_actions/src/public_actions/pose_move_to_action.cpp:1[m[K:
[01m[K/home/handsome/ros_ws_test/src/ros_base/robot_scheduling/robot_scheduling_actions/src/public_actions/pose_move_to_action.cpp:[m[K In member function â€˜[01m[Kvoid pose_move_to_action::move_to_CB(const pose_move_toGoalConstPtr&)[m[Kâ€™:
[01m[K/opt/ros/melodic/include/ros/console.h:348:176:[m[K [01;35m[Kwarning: [m[Kformat not a string literal and no format arguments [[01;35m[K-Wformat-security[m[K]
     ::ros::console::print(filter, __rosconsole_define_location__loc.logger_, __rosconsole_define_location__loc.level_, __FILE__, __LINE__, __ROSCONSOLE_FUNCTION__, __VA_ARGS__[01;35m[K)[m[K
                                                                                                                                                                                [01;35m[K^[m[K
[01m[K/opt/ros/melodic/include/ros/console.h:351:5:[m[K [01;36m[Knote: [m[Kin expansion of macro â€˜[01m[KROSCONSOLE_PRINT_AT_LOCATION_WITH_FILTER[m[Kâ€™
     [01;36m[KROSCONSOLE_PRINT_AT_LOCATION_WITH_FILTER[m[K(NULL, __VA_ARGS__)
     [01;36m[K^~~~~~~~~~~~~~~~~~~~~~~~~~~~~~~~~~~~~~~~[m[K
[01m[K/opt/ros/melodic/include/ros/console.h:387:7:[m[K [01;36m[Knote: [m[Kin expansion of macro â€˜[01m[KROSCONSOLE_PRINT_AT_LOCATION[m[Kâ€™
       [01;36m[KROSCONSOLE_PRINT_AT_LOCATION[m[K(__VA_ARGS__); \
       [01;36m[K^~~~~~~~~~~~~~~~~~~~~~~~~~~~[m[K
[01m[K/opt/ros/melodic/include/ros/console.h:572:35:[m[K [01;36m[Knote: [m[Kin expansion of macro â€˜[01m[KROS_LOG_COND[m[Kâ€™
 #define ROS_LOG(level, name, ...) [01;36m[KROS_LOG_COND[m[K(true, level, name, __VA_ARGS__)
                                   [01;36m[K^~~~~~~~~~~~[m[K
[01m[K/opt/ros/melodic/include/rosconsole/macros_generated.h:110:23:[m[K [01;36m[Knote: [m[Kin expansion of macro â€˜[01m[KROS_LOG[m[Kâ€™
 #define ROS_INFO(...) [01;36m[KROS_LOG[m[K(::ros::console::levels::Info, ROSCONSOLE_DEFAULT_NAME, __VA_ARGS__)
                       [01;36m[K^~~~~~~[m[K
[01m[K/home/handsome/ros_ws_test/src/ros_base/robot_scheduling/robot_scheduling_actions/src/public_actions/pose_move_to_action.cpp:56:9:[m[K [01;36m[Knote: [m[Kin expansion of macro â€˜[01m[KROS_INFO[m[Kâ€™
         [01;36m[KR[m[KOS_INFO(pose_id.c_str());
         [01;36m[K^[m[K
CMakeFiles/robot_scheduling_actions_node.dir/build.make:182: recipe for target 'CMakeFiles/robot_scheduling_actions_node.dir/src/private_actions/robot_if_proc_upper_action.cpp.o' failed
make[2]: *** [CMakeFiles/robot_scheduling_actions_node.dir/src/private_actions/robot_if_proc_upper_action.cpp.o] Error 1
make[2]: *** [CMakeFiles/robot_scheduling_actions_node.dir/src/private_actions/robot_if_proc_lower_action.cpp.o] Error 1
CMakeFiles/robot_scheduling_actions_node.dir/build.make:158: recipe for target 'CMakeFiles/robot_scheduling_actions_node.dir/src/private_actions/robot_if_proc_lower_action.cpp.o' failed
CMakeFiles/robot_scheduling_actions_node.dir/build.make:206: recipe for target 'CMakeFiles/robot_scheduling_actions_node.dir/src/private_actions/robot_run_state_action.cpp.o' failed
make[2]: *** [CMakeFiles/robot_scheduling_actions_node.dir/src/private_actions/robot_run_state_action.cpp.o] Error 1
make[2]: *** [CMakeFiles/robot_scheduling_actions_node.dir/src/robot_scheduling_actions.cpp.o] Error 1
CMakeFiles/robot_scheduling_actions_node.dir/build.make:62: recipe for target 'CMakeFiles/robot_scheduling_actions_node.dir/src/robot_scheduling_actions.cpp.o' failed
make[2]: *** [CMakeFiles/robot_scheduling_actions_node.dir/src/public_actions/pose_recognize_action.cpp.o] Error 1
CMakeFiles/robot_scheduling_actions_node.dir/build.make:254: recipe for target 'CMakeFiles/robot_scheduling_actions_node.dir/src/public_actions/pose_recognize_action.cpp.o' failed
make[2]: *** [CMakeFiles/robot_scheduling_actions_node.dir/src/public_actions/db_process_action.cpp.o] Error 1
CMakeFiles/robot_scheduling_actions_node.dir/build.make:230: recipe for target 'CMakeFiles/robot_scheduling_actions_node.dir/src/public_actions/db_process_action.cpp.o' failed
make[2]: *** [CMakeFiles/robot_scheduling_actions_node.dir/src/public_actions/pose_move_to_action.cpp.o] Error 1
CMakeFiles/robot_scheduling_actions_node.dir/build.make:278: recipe for target 'CMakeFiles/robot_scheduling_actions_node.dir/src/public_actions/pose_move_to_action.cpp.o' failed
CMakeFiles/Makefile2:227: recipe for target 'CMakeFiles/robot_scheduling_actions_node.dir/all' failed
make[1]: *** [CMakeFiles/robot_scheduling_actions_node.dir/all] Error 2
make: *** [all] Error 2
Makefile:140: recipe for target 'all' failed
