In file included from [01m[K/home/handsome/ros_ws_test/src/ros_base/robot_scheduling/robot_scheduling_actions/src/private_actions/robot_if_proc_upper_action.cpp:1:0[m[K:
[01m[K/home/handsome/ros_ws_test/src/ros_base/robot_scheduling/robot_scheduling_actions/include/private_actions/robot_if_proc_upper_action.h:54:57:[m[K [01;31m[Kerror: [m[Kâ€˜[01m[Krobot_command[m[Kâ€™ in namespace â€˜[01m[Krobot_scheduling_msgs[m[Kâ€™ does not name a type
   void subRobot_command_CB(const robot_scheduling_msgs::[01;31m[Krobot_command[m[K& cmd_msg);
                                                         [01;31m[K^~~~~~~~~~~~~[m[K
[01m[K/home/handsome/ros_ws_test/src/ros_base/robot_scheduling/robot_scheduling_actions/src/private_actions/robot_if_proc_upper_action.cpp:31:83:[m[K [01;31m[Kerror: [m[Kâ€˜[01m[Krobot_command[m[Kâ€™ in namespace â€˜[01m[Krobot_scheduling_msgs[m[Kâ€™ does not name a type
 void robot_if_proc_upper_action::subRobot_command_CB(const robot_scheduling_msgs::[01;31m[Krobot_command[m[K& cmd_msg)
                                                                                   [01;31m[K^~~~~~~~~~~~~[m[K
In file included from [01m[K/home/handsome/ros_ws_test/src/ros_base/robot_scheduling/robot_scheduling_actions/include/robot_scheduling_actions.h:13:0[m[K,
                 from [01m[K/home/handsome/ros_ws_test/src/ros_base/robot_scheduling/robot_scheduling_actions/src/robot_scheduling_actions.cpp:1[m[K:
[01m[K/home/handsome/ros_ws_test/src/ros_base/robot_scheduling/robot_scheduling_actions/include/private_actions/robot_if_proc_upper_action.h:54:57:[m[K [01;31m[Kerror: [m[Kâ€˜[01m[Krobot_command[m[Kâ€™ in namespace â€˜[01m[Krobot_scheduling_msgs[m[Kâ€™ does not name a type
   void subRobot_command_CB(const robot_scheduling_msgs::[01;31m[Krobot_command[m[K& cmd_msg);
                                                         [01;31m[K^~~~~~~~~~~~~[m[K
In file included from [01m[K/opt/ros/melodic/include/ros/serialization.h:37:0[m[K,
                 from [01m[K/opt/ros/melodic/include/ros/publisher.h:34[m[K,
                 from [01m[K/opt/ros/melodic/include/ros/node_handle.h:32[m[K,
                 from [01m[K/opt/ros/melodic/include/ros/ros.h:45[m[K,
                 from [01m[K/home/handsome/ros_ws_test/src/ros_base/robot_scheduling/robot_scheduling_actions/include/private_actions/robot_if_proc_upper_action.h:4[m[K,
                 from [01m[K/home/handsome/ros_ws_test/src/ros_base/robot_scheduling/robot_scheduling_actions/src/private_actions/robot_if_proc_upper_action.cpp:1[m[K:
/opt/ros/melodic/include/ros/message_traits.h: In instantiation of â€˜[01m[Kstatic const char* ros::message_traits::MD5Sum<M>::value() [with M = int][m[Kâ€™:
[01m[K/opt/ros/melodic/include/ros/message_traits.h:227:102:[m[K   required from â€˜[01m[Kconst char* ros::message_traits::md5sum() [with M = int][m[Kâ€™
[01m[K/opt/ros/melodic/include/ros/subscribe_options.h:89:49:[m[K   required from â€˜[01m[Kvoid ros::SubscribeOptions::initByFullCallbackType(const string&, uint32_t, const boost::function<void(P)>&, const boost::function<boost::shared_ptr<typename ros::ParameterAdapter<P>::Message>()>&) [with P = const int&; std::__cxx11::string = std::__cxx11::basic_string<char>; uint32_t = unsigned int; typename ros::ParameterAdapter<P>::Message = int][m[Kâ€™
[01m[K/opt/ros/melodic/include/ros/node_handle.h:406:5:[m[K   required from â€˜[01m[Kros::Subscriber ros::NodeHandle::subscribe(const string&, uint32_t, void (T::*)(M), T*, const ros::TransportHints&) [with M = const int&; T = robot_if_proc_upper_action; std::__cxx11::string = std::__cxx11::basic_string<char>; uint32_t = unsigned int][m[Kâ€™
[01m[K/home/handsome/ros_ws_test/src/ros_base/robot_scheduling/robot_scheduling_actions/src/private_actions/robot_if_proc_upper_action.cpp:15:116:[m[K   required from here
[01m[K/opt/ros/melodic/include/ros/message_traits.h:120:28:[m[K [01;31m[Kerror: [m[Kâ€˜[01m[K__s_getMD5Sum[m[Kâ€™ is not a member of â€˜[01m[Kint[m[Kâ€™
     return [01;31m[KM::__s_getMD5Sum()[m[K.c_str();
            [01;31m[K~~~~~~~~~~~~~~~~^~[m[K
/opt/ros/melodic/include/ros/message_traits.h: In instantiation of â€˜[01m[Kstatic const char* ros::message_traits::DataType<M>::value() [with M = int][m[Kâ€™:
[01m[K/opt/ros/melodic/include/ros/message_traits.h:236:104:[m[K   required from â€˜[01m[Kconst char* ros::message_traits::datatype() [with M = int][m[Kâ€™
[01m[K/opt/ros/melodic/include/ros/subscribe_options.h:90:53:[m[K   required from â€˜[01m[Kvoid ros::SubscribeOptions::initByFullCallbackType(const string&, uint32_t, const boost::function<void(P)>&, const boost::function<boost::shared_ptr<typename ros::ParameterAdapter<P>::Message>()>&) [with P = const int&; std::__cxx11::string = std::__cxx11::basic_string<char>; uint32_t = unsigned int; typename ros::ParameterAdapter<P>::Message = int][m[Kâ€™
[01m[K/opt/ros/melodic/include/ros/node_handle.h:406:5:[m[K   required from â€˜[01m[Kros::Subscriber ros::NodeHandle::subscribe(const string&, uint32_t, void (T::*)(M), T*, const ros::TransportHints&) [with M = const int&; T = robot_if_proc_upper_action; std::__cxx11::string = std::__cxx11::basic_string<char>; uint32_t = unsigned int][m[Kâ€™
[01m[K/home/handsome/ros_ws_test/src/ros_base/robot_scheduling/robot_scheduling_actions/src/private_actions/robot_if_proc_upper_action.cpp:15:116:[m[K   required from here
[01m[K/opt/ros/melodic/include/ros/message_traits.h:137:30:[m[K [01;31m[Kerror: [m[Kâ€˜[01m[K__s_getDataType[m[Kâ€™ is not a member of â€˜[01m[Kint[m[Kâ€™
     return [01;31m[KM::__s_getDataType()[m[K.c_str();
            [01;31m[K~~~~~~~~~~~~~~~~~~^~[m[K
make[2]: *** [CMakeFiles/robot_scheduling_actions_node.dir/src/private_actions/robot_if_proc_upper_action.cpp.o] Error 1
make[2]: *** Waiting for unfinished jobs....
make[2]: *** [CMakeFiles/robot_scheduling_actions_node.dir/src/robot_scheduling_actions.cpp.o] Error 1
make[1]: *** [CMakeFiles/robot_scheduling_actions_node.dir/all] Error 2
make: *** [all] Error 2
