In file included from [01m[K/home/handsome/ros_ws/src/ros_base/omron/omron_os32c_driver/test/os32c_test.cpp:31:0[m[K:
[01m[K/opt/ros/melodic/include/odva_ethernetip/socket/test_socket.h:[m[K In constructor â€˜[01m[Keip::socket::TestSocket::TestSocket()[m[Kâ€™:
[01m[K/opt/ros/melodic/include/odva_ethernetip/socket/test_socket.h:65:10:[m[K [01;31m[Kerror: [m[Kâ€˜[01m[Keip::socket::TestSocket::rx_count[m[Kâ€™ will be initialized after [[01;31m[K-Werror=reorder[m[K]
   size_t [01;31m[Krx_count[m[K;
          [01;31m[K^~~~~~~~[m[K
[01m[K/opt/ros/melodic/include/odva_ethernetip/socket/test_socket.h:49:8:[m[K [01;31m[Kerror: [m[K  â€˜[01m[Kbool eip::socket::TestSocket::is_open[m[Kâ€™ [[01;31m[K-Werror=reorder[m[K]
   bool [01;31m[Kis_open[m[K;
        [01;31m[K^~~~~~~[m[K
[01m[K/opt/ros/melodic/include/odva_ethernetip/socket/test_socket.h:67:3:[m[K [01;31m[Kerror: [m[K  when initialized here [[01;31m[K-Werror=reorder[m[K]
   [01;31m[KTestSocket[m[K() : tx_count(0), rx_count(0), is_open(false) { }
   [01;31m[K^~~~~~~~~~[m[K
[01m[K/opt/ros/melodic/include/odva_ethernetip/socket/test_socket.h:[m[K In constructor â€˜[01m[Keip::socket::TestSocket::TestSocket(boost::asio::const_buffer)[m[Kâ€™:
[01m[K/opt/ros/melodic/include/odva_ethernetip/socket/test_socket.h:65:10:[m[K [01;31m[Kerror: [m[Kâ€˜[01m[Keip::socket::TestSocket::rx_count[m[Kâ€™ will be initialized after [[01;31m[K-Werror=reorder[m[K]
   size_t [01;31m[Krx_count[m[K;
          [01;31m[K^~~~~~~~[m[K
[01m[K/opt/ros/melodic/include/odva_ethernetip/socket/test_socket.h:63:16:[m[K [01;31m[Kerror: [m[K  â€˜[01m[Kboost::asio::const_buffer eip::socket::TestSocket::rx_buffer[m[Kâ€™ [[01;31m[K-Werror=reorder[m[K]
   const_buffer [01;31m[Krx_buffer[m[K;
                [01;31m[K^~~~~~~~~[m[K
[01m[K/opt/ros/melodic/include/odva_ethernetip/socket/test_socket.h:69:3:[m[K [01;31m[Kerror: [m[K  when initialized here [[01;31m[K-Werror=reorder[m[K]
   [01;31m[KTestSocket[m[K(const_buffer rbuf) : tx_count(0), rx_count(0), rx_buffer(rbuf), is_open(false) { }
   [01;31m[K^~~~~~~~~~[m[K
[01m[K/opt/ros/melodic/include/odva_ethernetip/socket/test_socket.h:63:16:[m[K [01;31m[Kerror: [m[Kâ€˜[01m[Keip::socket::TestSocket::rx_buffer[m[Kâ€™ will be initialized after [[01;31m[K-Werror=reorder[m[K]
   const_buffer [01;31m[Krx_buffer[m[K;
                [01;31m[K^~~~~~~~~[m[K
[01m[K/opt/ros/melodic/include/odva_ethernetip/socket/test_socket.h:49:8:[m[K [01;31m[Kerror: [m[K  â€˜[01m[Kbool eip::socket::TestSocket::is_open[m[Kâ€™ [[01;31m[K-Werror=reorder[m[K]
   bool [01;31m[Kis_open[m[K;
        [01;31m[K^~~~~~~[m[K
[01m[K/opt/ros/melodic/include/odva_ethernetip/socket/test_socket.h:69:3:[m[K [01;31m[Kerror: [m[K  when initialized here [[01;31m[K-Werror=reorder[m[K]
   [01;31m[KTestSocket[m[K(const_buffer rbuf) : tx_count(0), rx_count(0), rx_buffer(rbuf), is_open(false) { }
   [01;31m[K^~~~~~~~~~[m[K
[01m[K/home/handsome/ros_ws/src/ros_base/omron/omron_os32c_driver/test/os32c_test.cpp:[m[K In member function â€˜[01m[Kvirtual void omron_os32c_driver::OS32CTest_test_select_beams_Test::TestBody()[m[Kâ€™:
[01m[K/home/handsome/ros_ws/src/ros_base/omron/omron_os32c_driver/test/os32c_test.cpp:222:3:[m[K [01;31m[Kerror: [m[Knarrowing conversion of â€˜[01m[K178[m[Kâ€™ from â€˜[01m[Kint[m[Kâ€™ to â€˜[01m[Kchar[m[Kâ€™ inside { } [[01;31m[K-Wnarrowing[m[K]
   [01;31m[K}[m[K;
   [01;31m[K^[m[K
[01m[K/home/handsome/ros_ws/src/ros_base/omron/omron_os32c_driver/test/os32c_test.cpp:222:3:[m[K [01;31m[Kerror: [m[Knarrowing conversion of â€˜[01m[K144[m[Kâ€™ from â€˜[01m[Kint[m[Kâ€™ to â€˜[01m[Kchar[m[Kâ€™ inside { } [[01;31m[K-Wnarrowing[m[K]
[01m[K/home/handsome/ros_ws/src/ros_base/omron/omron_os32c_driver/test/os32c_test.cpp:[m[K In member function â€˜[01m[Kvirtual void omron_os32c_driver::OS32CTest_test_receive_measurement_report_Test::TestBody()[m[Kâ€™:
[01m[K/home/handsome/ros_ws/src/ros_base/omron/omron_os32c_driver/test/os32c_test.cpp:454:3:[m[K [01;31m[Kerror: [m[Knarrowing conversion of â€˜[01m[K128[m[Kâ€™ from â€˜[01m[Kint[m[Kâ€™ to â€˜[01m[Kchar[m[Kâ€™ inside { } [[01;31m[K-Wnarrowing[m[K]
   [01;31m[K}[m[K;
   [01;31m[K^[m[K
[01m[K/home/handsome/ros_ws/src/ros_base/omron/omron_os32c_driver/test/os32c_test.cpp:454:3:[m[K [01;31m[Kerror: [m[Knarrowing conversion of â€˜[01m[K177[m[Kâ€™ from â€˜[01m[Kint[m[Kâ€™ to â€˜[01m[Kchar[m[Kâ€™ inside { } [[01;31m[K-Wnarrowing[m[K]
[01m[K/home/handsome/ros_ws/src/ros_base/omron/omron_os32c_driver/test/os32c_test.cpp:454:3:[m[K [01;31m[Kerror: [m[Knarrowing conversion of â€˜[01m[K161[m[Kâ€™ from â€˜[01m[Kint[m[Kâ€™ to â€˜[01m[Kchar[m[Kâ€™ inside { } [[01;31m[K-Wnarrowing[m[K]
[01m[K/home/handsome/ros_ws/src/ros_base/omron/omron_os32c_driver/test/os32c_test.cpp:454:3:[m[K [01;31m[Kerror: [m[Knarrowing conversion of â€˜[01m[K150[m[Kâ€™ from â€˜[01m[Kint[m[Kâ€™ to â€˜[01m[Kchar[m[Kâ€™ inside { } [[01;31m[K-Wnarrowing[m[K]
[01m[K/home/handsome/ros_ws/src/ros_base/omron/omron_os32c_driver/test/os32c_test.cpp:454:3:[m[K [01;31m[Kerror: [m[Knarrowing conversion of â€˜[01m[K190[m[Kâ€™ from â€˜[01m[Kint[m[Kâ€™ to â€˜[01m[Kchar[m[Kâ€™ inside { } [[01;31m[K-Wnarrowing[m[K]
[01m[K/home/handsome/ros_ws/src/ros_base/omron/omron_os32c_driver/test/os32c_test.cpp:454:3:[m[K [01;31m[Kerror: [m[Knarrowing conversion of â€˜[01m[K151[m[Kâ€™ from â€˜[01m[Kint[m[Kâ€™ to â€˜[01m[Kchar[m[Kâ€™ inside { } [[01;31m[K-Wnarrowing[m[K]
[01m[K/home/handsome/ros_ws/src/ros_base/omron/omron_os32c_driver/test/os32c_test.cpp:454:3:[m[K [01;31m[Kerror: [m[Knarrowing conversion of â€˜[01m[K138[m[Kâ€™ from â€˜[01m[Kint[m[Kâ€™ to â€˜[01m[Kchar[m[Kâ€™ inside { } [[01;31m[K-Wnarrowing[m[K]
[01m[K/home/handsome/ros_ws/src/ros_base/omron/omron_os32c_driver/test/os32c_test.cpp:454:3:[m[K [01;31m[Kerror: [m[Knarrowing conversion of â€˜[01m[K167[m[Kâ€™ from â€˜[01m[Kint[m[Kâ€™ to â€˜[01m[Kchar[m[Kâ€™ inside { } [[01;31m[K-Wnarrowing[m[K]
[01m[K/home/handsome/ros_ws/src/ros_base/omron/omron_os32c_driver/test/os32c_test.cpp:454:3:[m[K [01;31m[Kerror: [m[Knarrowing conversion of â€˜[01m[K136[m[Kâ€™ from â€˜[01m[Kint[m[Kâ€™ to â€˜[01m[Kchar[m[Kâ€™ inside { } [[01;31m[K-Wnarrowing[m[K]
[01m[K/home/handsome/ros_ws/src/ros_base/omron/omron_os32c_driver/test/os32c_test.cpp:454:3:[m[K [01;31m[Kerror: [m[Knarrowing conversion of â€˜[01m[K174[m[Kâ€™ from â€˜[01m[Kint[m[Kâ€™ to â€˜[01m[Kchar[m[Kâ€™ inside { } [[01;31m[K-Wnarrowing[m[K]
cc1plus: all warnings being treated as errors
make[3]: *** [CMakeFiles/omron_os32c_driver-test.dir/test/os32c_test.cpp.o] Error 1
make[3]: *** Waiting for unfinished jobs....
make[2]: *** [CMakeFiles/omron_os32c_driver-test.dir/all] Error 2
make[1]: *** [CMakeFiles/tests.dir/rule] Error 2
make: *** [tests] Error 2
