[0.085s] Invoking command in '/home/handsome/ros_ws_test/build/robot_scheduling_actions': CMAKE_PREFIX_PATH=/home/handsome/ros_ws_test/install/robot_scheduling_msgs:/home/handsome/ros_ws_test/install/pnp_ros:/home/handsome/ros_ws_test/install/locomotor_msgs:/home/handsome/ros_ws_test/install/ros_utility_tools:/home/handsome/ros_ws_test/install/reset_location:/home/handsome/ros_ws_test/install/pnp_msgs:/home/handsome/ros_ws_test/install/open_auto_dock_msgs:/home/handsome/ros_ws_test/install/nav_2d_msgs:/home/handsome/ros_ws_test/install/car_db_manager_msgs:/home/handsome/ros_ws_test/install/botcmd_msgs:/home/handsome/ros_ws_test/install/yocs_cmd_vel_mux:/home/handsome/ros_ws_test/install/turtlebot_teleop:/home/handsome/ros_ws_test/install/tug_example_pnp_server:/home/handsome/ros_ws_test/install/tug_example_actions:/home/handsome/ros_ws_test/install/tug_example_msgs:/home/handsome/ros_ws_test/install/timed_roslaunch:/home/handsome/ros_ws_test/install/teb2_local_planner:/home/handsome/ros_ws_test/install/stated_roslaunch:/home/handsome/ros_ws_test/install/spatio_temporal_voxel_layer:/home/handsome/ros_ws_test/install/robot_udp_bridge:/home/handsome/ros_ws_test/install/robot_database_bridge:/home/handsome/ros_ws_test/install/samsungcmd_msgs:/home/handsome/ros_ws_test/install/rplidar_ros:/home/handsome/ros_ws_test/install/rp_action:/home/handsome/ros_ws_test/install/rp_action_msgs:/home/handsome/ros_ws_test/install/robot_scheduling_actions:/home/handsome/ros_ws_test/install/cellctrl_qtgui_bridge:/home/handsome/ros_ws_test/install/car_db_manager_qtgui:/home/handsome/ros_ws_test/install/car_db_manager_bridge:/home/handsome/ros_ws_test/install/car_db_manager_action:/home/handsome/ros_ws_test/install/robot_scheduling_server:/home/handsome/ros_ws_test/install/robot_localization:/home/handsome/ros_ws_test/install/robot_control_msgs:/home/handsome/ros_ws_test/install/razor_imu_9dof:/home/handsome/ros_ws_test/install/pnp_rosplan:/home/handsome/ros_ws_test/install/open_auto_dock:/home/handsome/ros_ws_test/install/omron_os32c_driver:/home/handsome/ros_ws_test/install/dlux_plugins:/home/handsome/ros_ws_test/install/dlux_global_planner:/home/handsome/ros_ws_test/install/nav_grid_pub_sub:/home/handsome/ros_ws_test/install/dwb_critics:/home/handsome/ros_ws_test/install/nav_grid_iterators:/home/handsome/ros_ws_test/install/locomove_base:/home/handsome/ros_ws_test/install/locomotor:/home/handsome/ros_ws_test/install/nav_core_adapter:/home/handsome/ros_ws_test/install/dwb_plugins:/home/handsome/ros_ws_test/install/dwb_local_planner:/home/handsome/ros_ws_test/install/nav_2d_utils:/home/handsome/ros_ws_test/install/global_planner_tests:/home/handsome/ros_ws_test/install/costmap_queue:/home/handsome/ros_ws_test/install/nav_core2:/home/handsome/ros_ws_test/install/nav_grid:/home/handsome/ros_ws_test/install/actionlib_modules_msgs:/home/handsome/ros_ws_test/install/dwb_msgs:/home/handsome/ros_ws_test/install/mongodb_log:/home/handsome/ros_ws_test/install/mongodb_store:/home/handsome/ros_ws_test/install/mongodb_store_msgs:/home/handsome/ros_ws_test/install/ca_driver:/home/handsome/ros_ws_test/install/libcreate:/home/handsome/ros_ws_test/install/i_robot_stage:/home/handsome/ros_ws_test/install/i_robot_navigation:/home/handsome/ros_ws_test/install/cellctrl_control_msgs:/home/handsome/ros_ws_test/install/ca_tools:/home/handsome/ros_ws_test/install/ca_msgs:/home/handsome/ros_ws_test/install/ca_description:/opt/ros/melodic LD_LIBRARY_PATH=/home/handsome/ros_ws_test/install/pnp_ros/lib:/home/handsome/ros_ws_test/install/ros_utility_tools/lib:/home/handsome/ros_ws_test/install/yocs_cmd_vel_mux/lib:/home/handsome/ros_ws_test/install/teb2_local_planner/lib:/home/handsome/ros_ws_test/install/spatio_temporal_voxel_layer/lib:/home/handsome/ros_ws_test/install/robot_database_bridge/lib:/home/handsome/ros_ws_test/install/robot_localization/lib:/home/handsome/ros_ws_test/install/omron_os32c_driver/lib:/home/handsome/ros_ws_test/install/dlux_plugins/lib:/home/handsome/ros_ws_test/install/dlux_global_planner/lib:/home/handsome/ros_ws_test/install/nav_grid_pub_sub/lib:/home/handsome/ros_ws_test/install/dwb_critics/lib:/home/handsome/ros_ws_test/install/nav_grid_iterators/lib:/home/handsome/ros_ws_test/install/locomotor/lib:/home/handsome/ros_ws_test/install/nav_core_adapter/lib:/home/handsome/ros_ws_test/install/dwb_plugins/lib:/home/handsome/ros_ws_test/install/dwb_local_planner/lib:/home/handsome/ros_ws_test/install/nav_2d_utils/lib:/home/handsome/ros_ws_test/install/global_planner_tests/lib:/home/handsome/ros_ws_test/install/costmap_queue/lib:/home/handsome/ros_ws_test/install/nav_core2/lib:/home/handsome/ros_ws_test/install/mongodb_store/lib:/home/handsome/ros_ws_test/install/libcreate/lib:/opt/ros/melodic/lib:/usr/local/lib PKG_CONFIG_PATH=/home/handsome/ros_ws_test/install/robot_scheduling_msgs/lib/x86_64-linux-gnu/pkgconfig:/home/handsome/ros_ws_test/install/robot_scheduling_msgs/lib/pkgconfig:/home/handsome/ros_ws_test/install/pnp_ros/lib/x86_64-linux-gnu/pkgconfig:/home/handsome/ros_ws_test/install/pnp_ros/lib/pkgconfig:/home/handsome/ros_ws_test/install/locomotor_msgs/lib/x86_64-linux-gnu/pkgconfig:/home/handsome/ros_ws_test/install/locomotor_msgs/lib/pkgconfig:/home/handsome/ros_ws_test/install/ros_utility_tools/lib/x86_64-linux-gnu/pkgconfig:/home/handsome/ros_ws_test/install/ros_utility_tools/lib/pkgconfig:/home/handsome/ros_ws_test/install/reset_location/lib/x86_64-linux-gnu/pkgconfig:/home/handsome/ros_ws_test/install/reset_location/lib/pkgconfig:/home/handsome/ros_ws_test/install/pnp_msgs/lib/x86_64-linux-gnu/pkgconfig:/home/handsome/ros_ws_test/install/pnp_msgs/lib/pkgconfig:/home/handsome/ros_ws_test/install/open_auto_dock_msgs/lib/x86_64-linux-gnu/pkgconfig:/home/handsome/ros_ws_test/install/open_auto_dock_msgs/lib/pkgconfig:/home/handsome/ros_ws_test/install/nav_2d_msgs/lib/x86_64-linux-gnu/pkgconfig:/home/handsome/ros_ws_test/install/nav_2d_msgs/lib/pkgconfig:/home/handsome/ros_ws_test/install/car_db_manager_msgs/lib/x86_64-linux-gnu/pkgconfig:/home/handsome/ros_ws_test/install/car_db_manager_msgs/lib/pkgconfig:/home/handsome/ros_ws_test/install/botcmd_msgs/lib/x86_64-linux-gnu/pkgconfig:/home/handsome/ros_ws_test/install/botcmd_msgs/lib/pkgconfig:/home/handsome/ros_ws_test/install/yocs_cmd_vel_mux/lib/x86_64-linux-gnu/pkgconfig:/home/handsome/ros_ws_test/install/yocs_cmd_vel_mux/lib/pkgconfig:/home/handsome/ros_ws_test/install/turtlebot_teleop/lib/x86_64-linux-gnu/pkgconfig:/home/handsome/ros_ws_test/install/turtlebot_teleop/lib/pkgconfig:/home/handsome/ros_ws_test/install/tug_example_pnp_server/lib/x86_64-linux-gnu/pkgconfig:/home/handsome/ros_ws_test/install/tug_example_pnp_server/lib/pkgconfig:/home/handsome/ros_ws_test/install/tug_example_actions/lib/x86_64-linux-gnu/pkgconfig:/home/handsome/ros_ws_test/install/tug_example_actions/lib/pkgconfig:/home/handsome/ros_ws_test/install/tug_example_msgs/lib/x86_64-linux-gnu/pkgconfig:/home/handsome/ros_ws_test/install/tug_example_msgs/lib/pkgconfig:/home/handsome/ros_ws_test/install/timed_roslaunch/lib/x86_64-linux-gnu/pkgconfig:/home/handsome/ros_ws_test/install/timed_roslaunch/lib/pkgconfig:/home/handsome/ros_ws_test/install/teb2_local_planner/lib/x86_64-linux-gnu/pkgconfig:/home/handsome/ros_ws_test/install/teb2_local_planner/lib/pkgconfig:/home/handsome/ros_ws_test/install/stated_roslaunch/lib/x86_64-linux-gnu/pkgconfig:/home/handsome/ros_ws_test/install/stated_roslaunch/lib/pkgconfig:/home/handsome/ros_ws_test/install/spatio_temporal_voxel_layer/lib/x86_64-linux-gnu/pkgconfig:/home/handsome/ros_ws_test/install/spatio_temporal_voxel_layer/lib/pkgconfig:/home/handsome/ros_ws_test/install/robot_udp_bridge/lib/x86_64-linux-gnu/pkgconfig:/home/handsome/ros_ws_test/install/robot_udp_bridge/lib/pkgconfig:/home/handsome/ros_ws_test/install/robot_database_bridge/lib/x86_64-linux-gnu/pkgconfig:/home/handsome/ros_ws_test/install/robot_database_bridge/lib/pkgconfig:/home/handsome/ros_ws_test/install/samsungcmd_msgs/lib/x86_64-linux-gnu/pkgconfig:/home/handsome/ros_ws_test/install/samsungcmd_msgs/lib/pkgconfig:/home/handsome/ros_ws_test/install/rplidar_ros/lib/x86_64-linux-gnu/pkgconfig:/home/handsome/ros_ws_test/install/rplidar_ros/lib/pkgconfig:/home/handsome/ros_ws_test/install/rp_action/lib/x86_64-linux-gnu/pkgconfig:/home/handsome/ros_ws_test/install/rp_action/lib/pkgconfig:/home/handsome/ros_ws_test/install/rp_action_msgs/lib/x86_64-linux-gnu/pkgconfig:/home/handsome/ros_ws_test/install/rp_action_msgs/lib/pkgconfig:/home/handsome/ros_ws_test/install/robot_scheduling_actions/lib/x86_64-linux-gnu/pkgconfig:/home/handsome/ros_ws_test/install/robot_scheduling_actions/lib/pkgconfig:/home/handsome/ros_ws_test/install/cellctrl_qtgui_bridge/lib/x86_64-linux-gnu/pkgconfig:/home/handsome/ros_ws_test/install/cellctrl_qtgui_bridge/lib/pkgconfig:/home/handsome/ros_ws_test/install/cellctrl_database_bridge/lib/x86_64-linux-gnu/pkgconfig:/home/handsome/ros_ws_test/install/cellctrl_database_bridge/lib/pkgconfig:/home/handsome/ros_ws_test/install/car_db_manager_qtgui/lib/x86_64-linux-gnu/pkgconfig:/home/handsome/ros_ws_test/install/car_db_manager_qtgui/lib/pkgconfig:/home/handsome/ros_ws_test/install/car_db_manager_bridge/lib/x86_64-linux-gnu/pkgconfig:/home/handsome/ros_ws_test/install/car_db_manager_bridge/lib/pkgconfig:/home/handsome/ros_ws_test/install/car_db_manager_action/lib/x86_64-linux-gnu/pkgconfig:/home/handsome/ros_ws_test/install/car_db_manager_action/lib/pkgconfig:/home/handsome/ros_ws_test/install/robot_scheduling_server/lib/x86_64-linux-gnu/pkgconfig:/home/handsome/ros_ws_test/install/robot_scheduling_server/lib/pkgconfig:/home/handsome/ros_ws_test/install/robot_navigation/lib/x86_64-linux-gnu/pkgconfig:/home/handsome/ros_ws_test/install/robot_navigation/lib/pkgconfig:/home/handsome/ros_ws_test/install/robot_localization/lib/x86_64-linux-gnu/pkgconfig:/home/handsome/ros_ws_test/install/robot_localization/lib/pkgconfig:/home/handsome/ros_ws_test/install/robot_control_msgs/lib/x86_64-linux-gnu/pkgconfig:/home/handsome/ros_ws_test/install/robot_control_msgs/lib/pkgconfig:/home/handsome/ros_ws_test/install/razor_imu_9dof/lib/x86_64-linux-gnu/pkgconfig:/home/handsome/ros_ws_test/install/razor_imu_9dof/lib/pkgconfig:/home/handsome/ros_ws_test/install/pnp_rosplan/lib/x86_64-linux-gnu/pkgconfig:/home/handsome/ros_ws_test/install/pnp_rosplan/lib/pkgconfig:/home/handsome/ros_ws_test/install/actionlib_modules_controller/lib/x86_64-linux-gnu/pkgconfig:/home/handsome/ros_ws_test/install/actionlib_modules_controller/lib/pkgconfig:/home/handsome/ros_ws_test/install/open_auto_dock/lib/x86_64-linux-gnu/pkgconfig:/home/handsome/ros_ws_test/install/open_auto_dock/lib/pkgconfig:/home/handsome/ros_ws_test/install/omron_os32c_driver/lib/x86_64-linux-gnu/pkgconfig:/home/handsome/ros_ws_test/install/omron_os32c_driver/lib/pkgconfig:/home/handsome/ros_ws_test/install/dlux_plugins/lib/x86_64-linux-gnu/pkgconfig:/home/handsome/ros_ws_test/install/dlux_plugins/lib/pkgconfig:/home/handsome/ros_ws_test/install/dlux_global_planner/lib/x86_64-linux-gnu/pkgconfig:/home/handsome/ros_ws_test/install/dlux_global_planner/lib/pkgconfig:/home/handsome/ros_ws_test/install/nav_grid_pub_sub/lib/x86_64-linux-gnu/pkgconfig:/home/handsome/ros_ws_test/install/nav_grid_pub_sub/lib/pkgconfig:/home/handsome/ros_ws_test/install/dwb_critics/lib/x86_64-linux-gnu/pkgconfig:/home/handsome/ros_ws_test/install/dwb_critics/lib/pkgconfig:/home/handsome/ros_ws_test/install/nav_grid_iterators/lib/x86_64-linux-gnu/pkgconfig:/home/handsome/ros_ws_test/install/nav_grid_iterators/lib/pkgconfig:/home/handsome/ros_ws_test/install/locomove_base/lib/x86_64-linux-gnu/pkgconfig:/home/handsome/ros_ws_test/install/locomove_base/lib/pkgconfig:/home/handsome/ros_ws_test/install/locomotor/lib/x86_64-linux-gnu/pkgconfig:/home/handsome/ros_ws_test/install/locomotor/lib/pkgconfig:/home/handsome/ros_ws_test/install/nav_core_adapter/lib/x86_64-linux-gnu/pkgconfig:/home/handsome/ros_ws_test/install/nav_core_adapter/lib/pkgconfig:/home/handsome/ros_ws_test/install/dwb_plugins/lib/x86_64-linux-gnu/pkgconfig:/home/handsome/ros_ws_test/install/dwb_plugins/lib/pkgconfig:/home/handsome/ros_ws_test/install/dwb_local_planner/lib/x86_64-linux-gnu/pkgconfig:/home/handsome/ros_ws_test/install/dwb_local_planner/lib/pkgconfig:/home/handsome/ros_ws_test/install/nav_2d_utils/lib/x86_64-linux-gnu/pkgconfig:/home/handsome/ros_ws_test/install/nav_2d_utils/lib/pkgconfig:/home/handsome/ros_ws_test/install/global_planner_tests/lib/x86_64-linux-gnu/pkgconfig:/home/handsome/ros_ws_test/install/global_planner_tests/lib/pkgconfig:/home/handsome/ros_ws_test/install/costmap_queue/lib/x86_64-linux-gnu/pkgconfig:/home/handsome/ros_ws_test/install/costmap_queue/lib/pkgconfig:/home/handsome/ros_ws_test/install/nav_core2/lib/x86_64-linux-gnu/pkgconfig:/home/handsome/ros_ws_test/install/nav_core2/lib/pkgconfig:/home/handsome/ros_ws_test/install/nav_grid/lib/x86_64-linux-gnu/pkgconfig:/home/handsome/ros_ws_test/install/nav_grid/lib/pkgconfig:/home/handsome/ros_ws_test/install/actionlib_modules_msgs/lib/x86_64-linux-gnu/pkgconfig:/home/handsome/ros_ws_test/install/actionlib_modules_msgs/lib/pkgconfig:/home/handsome/ros_ws_test/install/dwb_msgs/lib/x86_64-linux-gnu/pkgconfig:/home/handsome/ros_ws_test/install/dwb_msgs/lib/pkgconfig:/home/handsome/ros_ws_test/install/mongodb_log/lib/x86_64-linux-gnu/pkgconfig:/home/handsome/ros_ws_test/install/mongodb_log/lib/pkgconfig:/home/handsome/ros_ws_test/install/mongodb_store/lib/x86_64-linux-gnu/pkgconfig:/home/handsome/ros_ws_test/install/mongodb_store/lib/pkgconfig:/home/handsome/ros_ws_test/install/mongodb_store_msgs/lib/x86_64-linux-gnu/pkgconfig:/home/handsome/ros_ws_test/install/mongodb_store_msgs/lib/pkgconfig:/home/handsome/ros_ws_test/install/create_autonomy/lib/x86_64-linux-gnu/pkgconfig:/home/handsome/ros_ws_test/install/create_autonomy/lib/pkgconfig:/home/handsome/ros_ws_test/install/ca_driver/lib/x86_64-linux-gnu/pkgconfig:/home/handsome/ros_ws_test/install/ca_driver/lib/pkgconfig:/home/handsome/ros_ws_test/install/libcreate/lib/x86_64-linux-gnu/pkgconfig:/home/handsome/ros_ws_test/install/libcreate/lib/pkgconfig:/home/handsome/ros_ws_test/install/i_robot_stage/lib/x86_64-linux-gnu/pkgconfig:/home/handsome/ros_ws_test/install/i_robot_stage/lib/pkgconfig:/home/handsome/ros_ws_test/install/i_robot_navigation/lib/x86_64-linux-gnu/pkgconfig:/home/handsome/ros_ws_test/install/i_robot_navigation/lib/pkgconfig:/home/handsome/ros_ws_test/install/cellctrl_control_msgs/lib/x86_64-linux-gnu/pkgconfig:/home/handsome/ros_ws_test/install/cellctrl_control_msgs/lib/pkgconfig:/home/handsome/ros_ws_test/install/ca_tools/lib/x86_64-linux-gnu/pkgconfig:/home/handsome/ros_ws_test/install/ca_tools/lib/pkgconfig:/home/handsome/ros_ws_test/install/ca_msgs/lib/x86_64-linux-gnu/pkgconfig:/home/handsome/ros_ws_test/install/ca_msgs/lib/pkgconfig:/home/handsome/ros_ws_test/install/ca_description/lib/x86_64-linux-gnu/pkgconfig:/home/handsome/ros_ws_test/install/ca_description/lib/pkgconfig:/opt/ros/melodic/lib/pkgconfig PYTHONPATH=/home/handsome/ros_ws_test/install/robot_scheduling_msgs/lib/python2.7/dist-packages:/home/handsome/ros_ws_test/install/locomotor_msgs/lib/python2.7/dist-packages:/home/handsome/ros_ws_test/install/reset_location/lib/python2.7/dist-packages:/home/handsome/ros_ws_test/install/pnp_msgs/lib/python2.7/dist-packages:/home/handsome/ros_ws_test/install/open_auto_dock_msgs/lib/python2.7/dist-packages:/home/handsome/ros_ws_test/install/nav_2d_msgs/lib/python2.7/dist-packages:/home/handsome/ros_ws_test/install/car_db_manager_msgs/lib/python2.7/dist-packages:/home/handsome/ros_ws_test/install/botcmd_msgs/lib/python2.7/dist-packages:/home/handsome/ros_ws_test/install/yocs_cmd_vel_mux/lib/python2.7/dist-packages:/home/handsome/ros_ws_test/install/tug_example_msgs/lib/python2.7/dist-packages:/home/handsome/ros_ws_test/install/teb2_local_planner/lib/python2.7/dist-packages:/home/handsome/ros_ws_test/install/spatio_temporal_voxel_layer/lib/python2.7/dist-packages:/home/handsome/ros_ws_test/install/samsungcmd_msgs/lib/python2.7/dist-packages:/home/handsome/ros_ws_test/install/rp_action_msgs/lib/python2.7/dist-packages:/home/handsome/ros_ws_test/install/robot_localization/lib/python2.7/dist-packages:/home/handsome/ros_ws_test/install/robot_control_msgs/lib/python2.7/dist-packages:/home/handsome/ros_ws_test/install/razor_imu_9dof/lib/python2.7/dist-packages:/home/handsome/ros_ws_test/install/dwb_plugins/lib/python2.7/dist-packages:/home/handsome/ros_ws_test/install/actionlib_modules_msgs/lib/python2.7/dist-packages:/home/handsome/ros_ws_test/install/dwb_msgs/lib/python2.7/dist-packages:/home/handsome/ros_ws_test/install/mongodb_store/lib/python2.7/dist-packages:/home/handsome/ros_ws_test/install/mongodb_store_msgs/lib/python2.7/dist-packages:/home/handsome/ros_ws_test/install/cellctrl_control_msgs/lib/python2.7/dist-packages:/home/handsome/ros_ws_test/install/ca_msgs/lib/python2.7/dist-packages:/opt/ros/melodic/lib/python2.7/dist-packages ROS_PACKAGE_PATH=/home/handsome/ros_ws_test/install/robot_scheduling_msgs/share:/home/handsome/ros_ws_test/install/pnp_ros/share:/home/handsome/ros_ws_test/install/locomotor_msgs/share:/home/handsome/ros_ws_test/install/ros_utility_tools/share:/home/handsome/ros_ws_test/install/reset_location/share:/home/handsome/ros_ws_test/install/pnp_msgs/share:/home/handsome/ros_ws_test/install/open_auto_dock_msgs/share:/home/handsome/ros_ws_test/install/nav_2d_msgs/share:/home/handsome/ros_ws_test/install/car_db_manager_msgs/share:/home/handsome/ros_ws_test/install/botcmd_msgs/share:/home/handsome/ros_ws_test/install/yocs_cmd_vel_mux/share:/home/handsome/ros_ws_test/install/turtlebot_teleop/share:/home/handsome/ros_ws_test/install/tug_example_pnp_server/share:/home/handsome/ros_ws_test/install/tug_example_actions/share:/home/handsome/ros_ws_test/install/tug_example_msgs/share:/home/handsome/ros_ws_test/install/timed_roslaunch/share:/home/handsome/ros_ws_test/install/teb2_local_planner/share:/home/handsome/ros_ws_test/install/stated_roslaunch/share:/home/handsome/ros_ws_test/install/spatio_temporal_voxel_layer/share:/home/handsome/ros_ws_test/install/robot_udp_bridge/share:/home/handsome/ros_ws_test/install/robot_database_bridge/share:/home/handsome/ros_ws_test/install/samsungcmd_msgs/share:/home/handsome/ros_ws_test/install/rplidar_ros/share:/home/handsome/ros_ws_test/install/rp_action/share:/home/handsome/ros_ws_test/install/rp_action_msgs/share:/home/handsome/ros_ws_test/install/robot_scheduling_actions/share:/home/handsome/ros_ws_test/install/cellctrl_qtgui_bridge/share:/home/handsome/ros_ws_test/install/cellctrl_database_bridge/share:/home/handsome/ros_ws_test/install/car_db_manager_qtgui/share:/home/handsome/ros_ws_test/install/car_db_manager_bridge/share:/home/handsome/ros_ws_test/install/car_db_manager_action/share:/home/handsome/ros_ws_test/install/robot_scheduling_server/share:/home/handsome/ros_ws_test/install/robot_navigation/share:/home/handsome/ros_ws_test/install/robot_localization/share:/home/handsome/ros_ws_test/install/robot_control_msgs/share:/home/handsome/ros_ws_test/install/razor_imu_9dof/share:/home/handsome/ros_ws_test/install/pnp_rosplan/share:/home/handsome/ros_ws_test/install/actionlib_modules_controller/share:/home/handsome/ros_ws_test/install/open_auto_dock/share:/home/handsome/ros_ws_test/install/omron_os32c_driver/share:/home/handsome/ros_ws_test/install/dlux_plugins/share:/home/handsome/ros_ws_test/install/dlux_global_planner/share:/home/handsome/ros_ws_test/install/nav_grid_pub_sub/share:/home/handsome/ros_ws_test/install/dwb_critics/share:/home/handsome/ros_ws_test/install/nav_grid_iterators/share:/home/handsome/ros_ws_test/install/locomove_base/share:/home/handsome/ros_ws_test/install/locomotor/share:/home/handsome/ros_ws_test/install/nav_core_adapter/share:/home/handsome/ros_ws_test/install/dwb_plugins/share:/home/handsome/ros_ws_test/install/dwb_local_planner/share:/home/handsome/ros_ws_test/install/nav_2d_utils/share:/home/handsome/ros_ws_test/install/global_planner_tests/share:/home/handsome/ros_ws_test/install/costmap_queue/share:/home/handsome/ros_ws_test/install/nav_core2/share:/home/handsome/ros_ws_test/install/nav_grid/share:/home/handsome/ros_ws_test/install/actionlib_modules_msgs/share:/home/handsome/ros_ws_test/install/dwb_msgs/share:/home/handsome/ros_ws_test/install/mongodb_log/share:/home/handsome/ros_ws_test/install/mongodb_store/share:/home/handsome/ros_ws_test/install/mongodb_store_msgs/share:/home/handsome/ros_ws_test/install/create_autonomy/share:/home/handsome/ros_ws_test/install/ca_driver/share:/home/handsome/ros_ws_test/install/i_robot_stage/share:/home/handsome/ros_ws_test/install/i_robot_navigation/share:/home/handsome/ros_ws_test/install/cellctrl_control_msgs/share:/home/handsome/ros_ws_test/install/ca_tools/share:/home/handsome/ros_ws_test/install/ca_msgs/share:/home/handsome/ros_ws_test/install/ca_description/share:/opt/ros/melodic/share /usr/bin/cmake --build /home/handsome/ros_ws_test/build/robot_scheduling_actions -- -j12 -l12
[0.161s] [35m[1mScanning dependencies of target robot_scheduling_actions_node[0m
[0.251s] [  4%] [32mBuilding CXX object CMakeFiles/robot_scheduling_actions_node.dir/src/robot_scheduling_service.cpp.o[0m
[0.256s] [  9%] [32mBuilding CXX object CMakeFiles/robot_scheduling_actions_node.dir/src/robot_scheduling_parameter.cpp.o[0m
[0.257s] [ 14%] [32mBuilding CXX object CMakeFiles/robot_scheduling_actions_node.dir/src/private_actions/robot_if_process_action.cpp.o[0m
[0.257s] [ 19%] [32mBuilding CXX object CMakeFiles/robot_scheduling_actions_node.dir/src/robot_scheduling_actions.cpp.o[0m
[0.258s] [ 23%] [32mBuilding CXX object CMakeFiles/robot_scheduling_actions_node.dir/src/private_actions/robot_if_proc_lower_action.cpp.o[0m
[0.260s] [ 28%] [32mBuilding CXX object CMakeFiles/robot_scheduling_actions_node.dir/src/public_actions/db_process_action.cpp.o[0m
[0.260s] [ 33%] [32mBuilding CXX object CMakeFiles/robot_scheduling_actions_node.dir/src/private_actions/robot_if_proc_upper_action.cpp.o[0m
[0.260s] [ 38%] [32mBuilding CXX object CMakeFiles/robot_scheduling_actions_node.dir/src/private_actions/robot_if_params_action.cpp.o[0m
[0.261s] [ 42%] [32mBuilding CXX object CMakeFiles/robot_scheduling_actions_node.dir/src/public_actions/pose_recognize_action.cpp.o[0m
[0.261s] [ 47%] [32mBuilding CXX object CMakeFiles/robot_scheduling_actions_node.dir/src/private_actions/robot_run_state_action.cpp.o[0m
[0.262s] [ 52%] [32mBuilding CXX object CMakeFiles/robot_scheduling_actions_node.dir/src/private_actions/interrupt_info_action.cpp.o[0m
[0.270s] [ 57%] [32mBuilding CXX object CMakeFiles/robot_scheduling_actions_node.dir/src/public_actions/pose_move_to_action.cpp.o[0m
[3.192s] [01m[K/home/handsome/ros_ws_test/src/ros_base/robot_scheduling/robot_scheduling_actions/src/robot_scheduling_parameter.cpp:[m[K In constructor â€˜[01m[Krobot_scheduling_parameter::robot_scheduling_parameter(ros::NodeHandle&)[m[Kâ€™:
[3.192s] [01m[K/home/handsome/ros_ws_test/src/ros_base/robot_scheduling/robot_scheduling_actions/src/robot_scheduling_parameter.cpp:18:5:[m[K [01;31m[Kerror: [m[Kâ€˜[01m[Kb_worksheet_action[m[Kâ€™ was not declared in this scope
[3.192s]      [01;31m[Kb_worksheet_action[m[K = false ;
[3.192s]      [01;31m[K^~~~~~~~~~~~~~~~~~[m[K
[3.357s] In file included from [01m[K/opt/ros/melodic/include/ros/ros.h:40:0[m[K,
[3.357s]                  from [01m[K/home/handsome/ros_ws_test/src/ros_base/robot_scheduling/robot_scheduling_actions/include/robot_scheduling_parameter.h:3[m[K,
[3.358s]                  from [01m[K/home/handsome/ros_ws_test/src/ros_base/robot_scheduling/robot_scheduling_actions/src/robot_scheduling_parameter.cpp:1[m[K:
[3.358s] [01m[K/home/handsome/ros_ws_test/src/ros_base/robot_scheduling/robot_scheduling_actions/src/robot_scheduling_parameter.cpp:[m[K In member function â€˜[01m[Kvoid robot_scheduling_parameter::ac_fixed_pose2d_init_set(ros::NodeHandle)[m[Kâ€™:
[3.358s] [01m[K/opt/ros/melodic/include/ros/console.h:348:176:[m[K [01;35m[Kwarning: [m[Kformat â€˜[01m[K%d[m[Kâ€™ expects argument of type â€˜[01m[Kint[m[Kâ€™, but argument 8 has type â€˜[01m[Kstd::map<std::__cxx11::basic_string<char>, std::shared_ptr<ac_locomotor_pos2d> >::size_type {aka long unsigned int}[m[Kâ€™ [[01;35m[K-Wformat=[m[K]
[3.358s]      ::ros::console::print(filter, __rosconsole_define_location__loc.logger_, __rosconsole_define_location__loc.level_, __FILE__, __LINE__, __ROSCONSOLE_FUNCTION__, __VA_ARGS__[01;35m[K)[m[K
[3.358s]                                                                                                                                                                                 [01;35m[K^[m[K
[3.358s] [01m[K/opt/ros/melodic/include/ros/console.h:351:5:[m[K [01;36m[Knote: [m[Kin expansion of macro â€˜[01m[KROSCONSOLE_PRINT_AT_LOCATION_WITH_FILTER[m[Kâ€™
[3.359s]      [01;36m[KROSCONSOLE_PRINT_AT_LOCATION_WITH_FILTER[m[K(NULL, __VA_ARGS__)
[3.359s]      [01;36m[K^~~~~~~~~~~~~~~~~~~~~~~~~~~~~~~~~~~~~~~~[m[K
[3.359s] [01m[K/opt/ros/melodic/include/ros/console.h:387:7:[m[K [01;36m[Knote: [m[Kin expansion of macro â€˜[01m[KROSCONSOLE_PRINT_AT_LOCATION[m[Kâ€™
[3.359s]        [01;36m[KROSCONSOLE_PRINT_AT_LOCATION[m[K(__VA_ARGS__); \
[3.359s]        [01;36m[K^~~~~~~~~~~~~~~~~~~~~~~~~~~~[m[K
[3.359s] [01m[K/opt/ros/melodic/include/ros/console.h:572:35:[m[K [01;36m[Knote: [m[Kin expansion of macro â€˜[01m[KROS_LOG_COND[m[Kâ€™
[3.360s]  #define ROS_LOG(level, name, ...) [01;36m[KROS_LOG_COND[m[K(true, level, name, __VA_ARGS__)
[3.360s]                                    [01;36m[K^~~~~~~~~~~~[m[K
[3.360s] [01m[K/opt/ros/melodic/include/rosconsole/macros_generated.h:110:23:[m[K [01;36m[Knote: [m[Kin expansion of macro â€˜[01m[KROS_LOG[m[Kâ€™
[3.360s]  #define ROS_INFO(...) [01;36m[KROS_LOG[m[K(::ros::console::levels::Info, ROSCONSOLE_DEFAULT_NAME, __VA_ARGS__)
[3.360s]                        [01;36m[K^~~~~~~[m[K
[3.361s] [01m[K/home/handsome/ros_ws_test/src/ros_base/robot_scheduling/robot_scheduling_actions/src/robot_scheduling_parameter.cpp:225:5:[m[K [01;36m[Knote: [m[Kin expansion of macro â€˜[01m[KROS_INFO[m[Kâ€™
[3.361s]      [01;36m[KR[m[KOS_INFO("ac_locomotor_pos2d_map_ size:%d",ac_locomotor_pos2d_map_.size());
[3.361s]      [01;36m[K^[m[K
[4.508s] [01m[K/home/handsome/ros_ws_test/src/ros_base/robot_scheduling/robot_scheduling_actions/src/private_actions/robot_if_params_action.cpp:[m[K In member function â€˜[01m[Kvoid robot_if_params_action::do_worksheet_function(const robot_interface_paramsGoalConstPtr&)[m[Kâ€™:
[4.509s] [01m[K/home/handsome/ros_ws_test/src/ros_base/robot_scheduling/robot_scheduling_actions/src/private_actions/robot_if_params_action.cpp:98:25:[m[K [01;31m[Kerror: [m[Kâ€˜[01m[Kclass robot_scheduling_parameter[m[Kâ€™ has no member named â€˜[01m[Kset_worksheet_action[m[Kâ€™; did you mean â€˜[01m[Kset_WorkSheetRun_Start[m[Kâ€™?
[4.509s]              parameter_->[01;31m[Kset_worksheet_action[m[K((bool)strtoint(goal->set_data[1],0));
[4.509s]                          [01;31m[K^~~~~~~~~~~~~~~~~~~~[m[K
[4.510s]                          [32m[Kset_WorkSheetRun_Start[m[K
[4.510s] [01m[K/home/handsome/ros_ws_test/src/ros_base/robot_scheduling/robot_scheduling_actions/src/private_actions/robot_if_params_action.cpp:100:25:[m[K [01;31m[Kerror: [m[Kâ€˜[01m[Kclass robot_scheduling_parameter[m[Kâ€™ has no member named â€˜[01m[Kset_action_worksheet_no[m[Kâ€™; did you mean â€˜[01m[Kset_ac_action_worksheet[m[Kâ€™?
[4.510s]              parameter_->[01;31m[Kset_action_worksheet_no[m[K(goal->set_data[1]);
[4.510s]                          [01;31m[K^~~~~~~~~~~~~~~~~~~~~~~[m[K
[4.510s]                          [32m[Kset_ac_action_worksheet[m[K
[4.938s] In file included from [01m[K/home/handsome/ros_ws_test/src/ros_base/robot_scheduling/robot_scheduling_actions/src/public_actions/db_process_action.cpp:2:0[m[K:
[4.938s] [01m[K/home/handsome/ros_ws_test/install/ros_utility_tools/include/ros_utility_tools/table_mongodbstore_client.h:[m[K In member function â€˜[01m[Kbool table_mongodbstore_client<MsgType, MsgType_req, MsgType_resp>::mongo_table_Insert(const boost::shared_ptr<X>&)[m[Kâ€™:
[4.939s] [01m[K/home/handsome/ros_ws_test/install/ros_utility_tools/include/ros_utility_tools/table_mongodbstore_client.h:96:27:[m[K [01;35m[Kwarning: [m[Kthere are no arguments to â€˜[01m[Kget_Now_LocalTime[m[Kâ€™ that depend on a template parameter, so a declaration of â€˜[01m[Kget_Now_LocalTime[m[Kâ€™ must be available [[01;35m[K-fpermissive[m[K]
[4.939s]     (*_data).update_time = [01;35m[Kget_Now_LocalTime[m[K();  //-- from tools
[4.939s]                            [01;35m[K^~~~~~~~~~~~~~~~~[m[K
[4.939s] [01m[K/home/handsome/ros_ws_test/install/ros_utility_tools/include/ros_utility_tools/table_mongodbstore_client.h:[m[K In member function â€˜[01m[Kbool table_mongodbstore_client<MsgType, MsgType_req, MsgType_resp>::mongo_table_modify(const boost::shared_ptr<X>&)[m[Kâ€™:
[4.939s] [01m[K/home/handsome/ros_ws_test/install/ros_utility_tools/include/ros_utility_tools/table_mongodbstore_client.h:107:27:[m[K [01;35m[Kwarning: [m[Kthere are no arguments to â€˜[01m[Kget_Now_LocalTime[m[Kâ€™ that depend on a template parameter, so a declaration of â€˜[01m[Kget_Now_LocalTime[m[Kâ€™ must be available [[01;35m[K-fpermissive[m[K]
[4.940s]     (*_data).update_time = [01;35m[Kget_Now_LocalTime[m[K();
[4.940s]                            [01;35m[K^~~~~~~~~~~~~~~~~[m[K
[4.960s] [01m[K/home/handsome/ros_ws_test/install/ros_utility_tools/include/ros_utility_tools/table_mongodbstore_client.h:[m[K In member function â€˜[01m[Kbool table_mongodbstore_client<MsgType, MsgType_req, MsgType_resp>::response_table_data_Query(std::__cxx11::string, std::__cxx11::string, std::__cxx11::string, MsgType_resp&)[m[Kâ€™:
[4.960s] [01m[K/home/handsome/ros_ws_test/install/ros_utility_tools/include/ros_utility_tools/table_mongodbstore_client.h:391:16:[m[K [01;35m[Kwarning: [m[Kthere are no arguments to â€˜[01m[Kstrtoint[m[Kâ€™ that depend on a template parameter, so a declaration of â€˜[01m[Kstrtoint[m[Kâ€™ must be available [[01;35m[K-fpermissive[m[K]
[4.961s]     int _type = [01;35m[Kstrtoint[m[K(base_index,-1); //-- search type
[4.961s]                 [01;35m[K^~~~~~~~[m[K
[4.962s] [01m[K/home/handsome/ros_ws_test/install/ros_utility_tools/include/ros_utility_tools/table_mongodbstore_client.h:[m[K In member function â€˜[01m[Kbool table_mongodbstore_client<MsgType, MsgType_req, MsgType_resp>::srv_Eval_db_table_srv_service(MsgType_req&, MsgType_resp&)[m[Kâ€™:
[4.962s] [01m[K/home/handsome/ros_ws_test/install/ros_utility_tools/include/ros_utility_tools/table_mongodbstore_client.h:470:25:[m[K [01;35m[Kwarning: [m[Kthere are no arguments to â€˜[01m[Kconvert_str[m[Kâ€™ that depend on a template parameter, so a declaration of â€˜[01m[Kconvert_str[m[Kâ€™ must be available [[01;35m[K-fpermissive[m[K]
[4.962s]        resp.error_code = [01;35m[Kconvert_str[m[K((int)table_srv_error_type) ;
[4.962s]                          [01;35m[K^~~~~~~~~~~[m[K
[4.963s] [01m[K/home/handsome/ros_ws_test/install/ros_utility_tools/include/ros_utility_tools/table_mongodbstore_client.h:479:25:[m[K [01;35m[Kwarning: [m[Kthere are no arguments to â€˜[01m[Kconvert_str[m[Kâ€™ that depend on a template parameter, so a declaration of â€˜[01m[Kconvert_str[m[Kâ€™ must be available [[01;35m[K-fpermissive[m[K]
[4.963s]        resp.error_code = [01;35m[Kconvert_str[m[K((int)table_srv_error_type) ;
[4.963s]                          [01;35m[K^~~~~~~~~~~[m[K
[4.963s] [01m[K/home/handsome/ros_ws_test/install/ros_utility_tools/include/ros_utility_tools/table_mongodbstore_client.h:487:25:[m[K [01;35m[Kwarning: [m[Kthere are no arguments to â€˜[01m[Kconvert_str[m[Kâ€™ that depend on a template parameter, so a declaration of â€˜[01m[Kconvert_str[m[Kâ€™ must be available [[01;35m[K-fpermissive[m[K]
[4.964s]        resp.error_code = [01;35m[Kconvert_str[m[K((int)edb_tb_err_type_none) ;
[4.964s]                          [01;35m[K^~~~~~~~~~~[m[K
[4.964s] [01m[K/home/handsome/ros_ws_test/install/ros_utility_tools/include/ros_utility_tools/table_mongodbstore_client.h:504:25:[m[K [01;35m[Kwarning: [m[Kthere are no arguments to â€˜[01m[Kconvert_str[m[Kâ€™ that depend on a template parameter, so a declaration of â€˜[01m[Kconvert_str[m[Kâ€™ must be available [[01;35m[K-fpermissive[m[K]
[4.964s]        resp.error_code = [01;35m[Kconvert_str[m[K((int)edb_tb_err_type_none) ;
[4.964s]                          [01;35m[K^~~~~~~~~~~[m[K
[4.964s] [01m[K/home/handsome/ros_ws_test/install/ros_utility_tools/include/ros_utility_tools/table_mongodbstore_client.h:509:25:[m[K [01;35m[Kwarning: [m[Kthere are no arguments to â€˜[01m[Kconvert_str[m[Kâ€™ that depend on a template parameter, so a declaration of â€˜[01m[Kconvert_str[m[Kâ€™ must be available [[01;35m[K-fpermissive[m[K]
[4.964s]        resp.error_code = [01;35m[Kconvert_str[m[K((int)table_srv_error_type) ;
[4.965s]                          [01;35m[K^~~~~~~~~~~[m[K
[4.965s] [01m[K/home/handsome/ros_ws_test/install/ros_utility_tools/include/ros_utility_tools/table_mongodbstore_client.h:520:25:[m[K [01;35m[Kwarning: [m[Kthere are no arguments to â€˜[01m[Kconvert_str[m[Kâ€™ that depend on a template parameter, so a declaration of â€˜[01m[Kconvert_str[m[Kâ€™ must be available [[01;35m[K-fpermissive[m[K]
[4.965s]        resp.error_code = [01;35m[Kconvert_str[m[K((int)edb_tb_err_type_none) ;
[4.965s]                          [01;35m[K^~~~~~~~~~~[m[K
[4.965s] [01m[K/home/handsome/ros_ws_test/install/ros_utility_tools/include/ros_utility_tools/table_mongodbstore_client.h:525:25:[m[K [01;35m[Kwarning: [m[Kthere are no arguments to â€˜[01m[Kconvert_str[m[Kâ€™ that depend on a template parameter, so a declaration of â€˜[01m[Kconvert_str[m[Kâ€™ must be available [[01;35m[K-fpermissive[m[K]
[4.965s]        resp.error_code = [01;35m[Kconvert_str[m[K((int)table_srv_error_type) ;
[4.965s]                          [01;35m[K^~~~~~~~~~~[m[K
[4.966s] [01m[K/home/handsome/ros_ws_test/install/ros_utility_tools/include/ros_utility_tools/table_mongodbstore_client.h:533:24:[m[K [01;35m[Kwarning: [m[Kthere are no arguments to â€˜[01m[Kconvert_str[m[Kâ€™ that depend on a template parameter, so a declaration of â€˜[01m[Kconvert_str[m[Kâ€™ must be available [[01;35m[K-fpermissive[m[K]
[4.966s]       resp.error_code = [01;35m[Kconvert_str[m[K((int)edb_tb_err_type_none) ;
[4.966s]                         [01;35m[K^~~~~~~~~~~[m[K
[4.999s] In file included from [01m[K/opt/ros/melodic/include/ros/ros.h:40:0[m[K,
[4.999s]                  from [01m[K/home/handsome/ros_ws_test/src/ros_base/robot_scheduling/robot_scheduling_actions/include/private_actions/robot_run_state_action.h:4[m[K,
[5.000s]                  from [01m[K/home/handsome/ros_ws_test/src/ros_base/robot_scheduling/robot_scheduling_actions/src/private_actions/robot_run_state_action.cpp:1[m[K:
[5.000s] [01m[K/home/handsome/ros_ws_test/src/ros_base/robot_scheduling/robot_scheduling_actions/src/private_actions/robot_run_state_action.cpp:[m[K In member function â€˜[01m[Kactionlib::SimpleClientGoalState robot_run_state_action::do_db_process_ac(const db_processGoal&)[m[Kâ€™:
[5.000s] [01m[K/opt/ros/melodic/include/ros/console.h:348:176:[m[K [01;35m[Kwarning: [m[Kformat not a string literal and no format arguments [[01;35m[K-Wformat-security[m[K]
[5.000s]      ::ros::console::print(filter, __rosconsole_define_location__loc.logger_, __rosconsole_define_location__loc.level_, __FILE__, __LINE__, __ROSCONSOLE_FUNCTION__, __VA_ARGS__[01;35m[K)[m[K
[5.000s]                                                                                                                                                                                 [01;35m[K^[m[K
[5.000s] [01m[K/opt/ros/melodic/include/ros/console.h:351:5:[m[K [01;36m[Knote: [m[Kin expansion of macro â€˜[01m[KROSCONSOLE_PRINT_AT_LOCATION_WITH_FILTER[m[Kâ€™
[5.001s]      [01;36m[KROSCONSOLE_PRINT_AT_LOCATION_WITH_FILTER[m[K(NULL, __VA_ARGS__)
[5.001s]      [01;36m[K^~~~~~~~~~~~~~~~~~~~~~~~~~~~~~~~~~~~~~~~[m[K
[5.001s] [01m[K/opt/ros/melodic/include/ros/console.h:387:7:[m[K [01;36m[Knote: [m[Kin expansion of macro â€˜[01m[KROSCONSOLE_PRINT_AT_LOCATION[m[Kâ€™
[5.001s]        [01;36m[KROSCONSOLE_PRINT_AT_LOCATION[m[K(__VA_ARGS__); \
[5.001s]        [01;36m[K^~~~~~~~~~~~~~~~~~~~~~~~~~~~[m[K
[5.001s] [01m[K/opt/ros/melodic/include/ros/console.h:572:35:[m[K [01;36m[Knote: [m[Kin expansion of macro â€˜[01m[KROS_LOG_COND[m[Kâ€™
[5.002s]  #define ROS_LOG(level, name, ...) [01;36m[KROS_LOG_COND[m[K(true, level, name, __VA_ARGS__)
[5.002s]                                    [01;36m[K^~~~~~~~~~~~[m[K
[5.002s] [01m[K/opt/ros/melodic/include/rosconsole/macros_generated.h:110:23:[m[K [01;36m[Knote: [m[Kin expansion of macro â€˜[01m[KROS_LOG[m[Kâ€™
[5.002s]  #define ROS_INFO(...) [01;36m[KROS_LOG[m[K(::ros::console::levels::Info, ROSCONSOLE_DEFAULT_NAME, __VA_ARGS__)
[5.002s]                        [01;36m[K^~~~~~~[m[K
[5.003s] [01m[K/home/handsome/ros_ws_test/src/ros_base/robot_scheduling/robot_scheduling_actions/src/private_actions/robot_run_state_action.cpp:502:5:[m[K [01;36m[Knote: [m[Kin expansion of macro â€˜[01m[KROS_INFO[m[Kâ€™
[5.003s]      [01;36m[KR[m[KOS_INFO(goal.db_process_ac_name.c_str());
[5.003s]      [01;36m[K^[m[K
[5.003s] [01m[K/opt/ros/melodic/include/ros/console.h:348:176:[m[K [01;35m[Kwarning: [m[Kformat not a string literal and no format arguments [[01;35m[K-Wformat-security[m[K]
[5.003s]      ::ros::console::print(filter, __rosconsole_define_location__loc.logger_, __rosconsole_define_location__loc.level_, __FILE__, __LINE__, __ROSCONSOLE_FUNCTION__, __VA_ARGS__[01;35m[K)[m[K
[5.003s]                                                                                                                                                                                 [01;35m[K^[m[K
[5.003s] [01m[K/opt/ros/melodic/include/ros/console.h:351:5:[m[K [01;36m[Knote: [m[Kin expansion of macro â€˜[01m[KROSCONSOLE_PRINT_AT_LOCATION_WITH_FILTER[m[Kâ€™
[5.004s]      [01;36m[KROSCONSOLE_PRINT_AT_LOCATION_WITH_FILTER[m[K(NULL, __VA_ARGS__)
[5.004s]      [01;36m[K^~~~~~~~~~~~~~~~~~~~~~~~~~~~~~~~~~~~~~~~[m[K
[5.004s] [01m[K/opt/ros/melodic/include/ros/console.h:387:7:[m[K [01;36m[Knote: [m[Kin expansion of macro â€˜[01m[KROSCONSOLE_PRINT_AT_LOCATION[m[Kâ€™
[5.004s]        [01;36m[KROSCONSOLE_PRINT_AT_LOCATION[m[K(__VA_ARGS__); \
[5.004s]        [01;36m[K^~~~~~~~~~~~~~~~~~~~~~~~~~~~[m[K
[5.004s] [01m[K/opt/ros/melodic/include/ros/console.h:572:35:[m[K [01;36m[Knote: [m[Kin expansion of macro â€˜[01m[KROS_LOG_COND[m[Kâ€™
[5.005s]  #define ROS_LOG(level, name, ...) [01;36m[KROS_LOG_COND[m[K(true, level, name, __VA_ARGS__)
[5.005s]                                    [01;36m[K^~~~~~~~~~~~[m[K
[5.005s] [01m[K/opt/ros/melodic/include/rosconsole/macros_generated.h:110:23:[m[K [01;36m[Knote: [m[Kin expansion of macro â€˜[01m[KROS_LOG[m[Kâ€™
[5.005s]  #define ROS_INFO(...) [01;36m[KROS_LOG[m[K(::ros::console::levels::Info, ROSCONSOLE_DEFAULT_NAME, __VA_ARGS__)
[5.005s]                        [01;36m[K^~~~~~~[m[K
[5.005s] [01m[K/home/handsome/ros_ws_test/src/ros_base/robot_scheduling/robot_scheduling_actions/src/private_actions/robot_run_state_action.cpp:516:5:[m[K [01;36m[Knote: [m[Kin expansion of macro â€˜[01m[KROS_INFO[m[Kâ€™
[5.006s]      [01;36m[KR[m[KOS_INFO(goal.cmd_data.c_str());
[5.006s]      [01;36m[K^[m[K
[5.179s] In file included from [01m[K/opt/ros/melodic/include/ros/ros.h:40:0[m[K,
[5.179s]                  from [01m[K/home/handsome/ros_ws_test/src/ros_base/robot_scheduling/robot_scheduling_actions/include/public_actions/db_process_action.h:4[m[K,
[5.179s]                  from [01m[K/home/handsome/ros_ws_test/src/ros_base/robot_scheduling/robot_scheduling_actions/src/public_actions/db_process_action.cpp:1[m[K:
[5.179s] [01m[K/home/handsome/ros_ws_test/src/ros_base/robot_scheduling/robot_scheduling_actions/src/public_actions/db_process_action.cpp:[m[K In member function â€˜[01m[Kvoid db_process_action::ac_doneCb(const actionlib::SimpleClientGoalState&, const car_db_processResultConstPtr&)[m[Kâ€™:
[5.180s] [01m[K/opt/ros/melodic/include/ros/console.h:348:176:[m[K [01;35m[Kwarning: [m[Kformat â€˜[01m[K%d[m[Kâ€™ expects argument of type â€˜[01m[Kint[m[Kâ€™, but argument 8 has type â€˜[01m[Kstd::vector<std::__cxx11::basic_string<char> >::size_type {aka long unsigned int}[m[Kâ€™ [[01;35m[K-Wformat=[m[K]
[5.180s]      ::ros::console::print(filter, __rosconsole_define_location__loc.logger_, __rosconsole_define_location__loc.level_, __FILE__, __LINE__, __ROSCONSOLE_FUNCTION__, __VA_ARGS__[01;35m[K)[m[K
[5.180s]                                                                                                                                                                                 [01;35m[K^[m[K
[5.180s] [01m[K/opt/ros/melodic/include/ros/console.h:351:5:[m[K [01;36m[Knote: [m[Kin expansion of macro â€˜[01m[KROSCONSOLE_PRINT_AT_LOCATION_WITH_FILTER[m[Kâ€™
[5.180s]      [01;36m[KROSCONSOLE_PRINT_AT_LOCATION_WITH_FILTER[m[K(NULL, __VA_ARGS__)
[5.180s]      [01;36m[K^~~~~~~~~~~~~~~~~~~~~~~~~~~~~~~~~~~~~~~~[m[K
[5.180s] [01m[K/opt/ros/melodic/include/ros/console.h:387:7:[m[K [01;36m[Knote: [m[Kin expansion of macro â€˜[01m[KROSCONSOLE_PRINT_AT_LOCATION[m[Kâ€™
[5.180s]        [01;36m[KROSCONSOLE_PRINT_AT_LOCATION[m[K(__VA_ARGS__); \
[5.181s]        [01;36m[K^~~~~~~~~~~~~~~~~~~~~~~~~~~~[m[K
[5.181s] [01m[K/opt/ros/melodic/include/ros/console.h:572:35:[m[K [01;36m[Knote: [m[Kin expansion of macro â€˜[01m[KROS_LOG_COND[m[Kâ€™
[5.181s]  #define ROS_LOG(level, name, ...) [01;36m[KROS_LOG_COND[m[K(true, level, name, __VA_ARGS__)
[5.181s]                                    [01;36m[K^~~~~~~~~~~~[m[K
[5.181s] [01m[K/opt/ros/melodic/include/rosconsole/macros_generated.h:110:23:[m[K [01;36m[Knote: [m[Kin expansion of macro â€˜[01m[KROS_LOG[m[Kâ€™
[5.181s]  #define ROS_INFO(...) [01;36m[KROS_LOG[m[K(::ros::console::levels::Info, ROSCONSOLE_DEFAULT_NAME, __VA_ARGS__)
[5.181s]                        [01;36m[K^~~~~~~[m[K
[5.182s] [01m[K/home/handsome/ros_ws_test/src/ros_base/robot_scheduling/robot_scheduling_actions/src/public_actions/db_process_action.cpp:269:9:[m[K [01;36m[Knote: [m[Kin expansion of macro â€˜[01m[KROS_INFO[m[Kâ€™
[5.182s]          [01;36m[KR[m[KOS_INFO("counter = result_data_vector.size()==>%d",result_data_vector.size());
[5.182s]          [01;36m[K^[m[K
[5.382s] CMakeFiles/robot_scheduling_actions_node.dir/build.make:86: recipe for target 'CMakeFiles/robot_scheduling_actions_node.dir/src/robot_scheduling_parameter.cpp.o' failed
[5.382s] make[2]: *** [CMakeFiles/robot_scheduling_actions_node.dir/src/robot_scheduling_parameter.cpp.o] Error 1
[5.382s] make[2]: *** Waiting for unfinished jobs....
[6.088s] In file included from [01m[K/opt/ros/melodic/include/ros/ros.h:40:0[m[K,
[6.088s]                  from [01m[K/home/handsome/ros_ws_test/src/ros_base/robot_scheduling/robot_scheduling_actions/include/public_actions/pose_move_to_action.h:4[m[K,
[6.088s]                  from [01m[K/home/handsome/ros_ws_test/src/ros_base/robot_scheduling/robot_scheduling_actions/src/public_actions/pose_move_to_action.cpp:1[m[K:
[6.088s] [01m[K/home/handsome/ros_ws_test/src/ros_base/robot_scheduling/robot_scheduling_actions/src/public_actions/pose_move_to_action.cpp:[m[K In member function â€˜[01m[Kvoid pose_move_to_action::move_to_CB(const pose_move_toGoalConstPtr&)[m[Kâ€™:
[6.088s] [01m[K/opt/ros/melodic/include/ros/console.h:348:176:[m[K [01;35m[Kwarning: [m[Kformat not a string literal and no format arguments [[01;35m[K-Wformat-security[m[K]
[6.089s]      ::ros::console::print(filter, __rosconsole_define_location__loc.logger_, __rosconsole_define_location__loc.level_, __FILE__, __LINE__, __ROSCONSOLE_FUNCTION__, __VA_ARGS__[01;35m[K)[m[K
[6.089s]                                                                                                                                                                                 [01;35m[K^[m[K
[6.089s] [01m[K/opt/ros/melodic/include/ros/console.h:351:5:[m[K [01;36m[Knote: [m[Kin expansion of macro â€˜[01m[KROSCONSOLE_PRINT_AT_LOCATION_WITH_FILTER[m[Kâ€™
[6.089s]      [01;36m[KROSCONSOLE_PRINT_AT_LOCATION_WITH_FILTER[m[K(NULL, __VA_ARGS__)
[6.089s]      [01;36m[K^~~~~~~~~~~~~~~~~~~~~~~~~~~~~~~~~~~~~~~~[m[K
[6.089s] [01m[K/opt/ros/melodic/include/ros/console.h:387:7:[m[K [01;36m[Knote: [m[Kin expansion of macro â€˜[01m[KROSCONSOLE_PRINT_AT_LOCATION[m[Kâ€™
[6.089s]        [01;36m[KROSCONSOLE_PRINT_AT_LOCATION[m[K(__VA_ARGS__); \
[6.089s]        [01;36m[K^~~~~~~~~~~~~~~~~~~~~~~~~~~~[m[K
[6.090s] [01m[K/opt/ros/melodic/include/ros/console.h:572:35:[m[K [01;36m[Knote: [m[Kin expansion of macro â€˜[01m[KROS_LOG_COND[m[Kâ€™
[6.090s]  #define ROS_LOG(level, name, ...) [01;36m[KROS_LOG_COND[m[K(true, level, name, __VA_ARGS__)
[6.090s]                                    [01;36m[K^~~~~~~~~~~~[m[K
[6.090s] [01m[K/opt/ros/melodic/include/rosconsole/macros_generated.h:110:23:[m[K [01;36m[Knote: [m[Kin expansion of macro â€˜[01m[KROS_LOG[m[Kâ€™
[6.090s]  #define ROS_INFO(...) [01;36m[KROS_LOG[m[K(::ros::console::levels::Info, ROSCONSOLE_DEFAULT_NAME, __VA_ARGS__)
[6.090s]                        [01;36m[K^~~~~~~[m[K
[6.090s] [01m[K/home/handsome/ros_ws_test/src/ros_base/robot_scheduling/robot_scheduling_actions/src/public_actions/pose_move_to_action.cpp:56:9:[m[K [01;36m[Knote: [m[Kin expansion of macro â€˜[01m[KROS_INFO[m[Kâ€™
[6.090s]          [01;36m[KR[m[KOS_INFO(pose_id.c_str());
[6.091s]          [01;36m[K^[m[K
[6.241s] CMakeFiles/robot_scheduling_actions_node.dir/build.make:302: recipe for target 'CMakeFiles/robot_scheduling_actions_node.dir/src/private_actions/robot_if_params_action.cpp.o' failed
[6.242s] make[2]: *** [CMakeFiles/robot_scheduling_actions_node.dir/src/private_actions/robot_if_params_action.cpp.o] Error 1
[11.711s] make[1]: *** [CMakeFiles/robot_scheduling_actions_node.dir/all] Error 2
[11.711s] make: *** [all] Error 2
[11.711s] CMakeFiles/Makefile2:227: recipe for target 'CMakeFiles/robot_scheduling_actions_node.dir/all' failed
[11.711s] Makefile:140: recipe for target 'all' failed
[11.714s] Invoked command in '/home/handsome/ros_ws_test/build/robot_scheduling_actions' returned '2': CMAKE_PREFIX_PATH=/home/handsome/ros_ws_test/install/robot_scheduling_msgs:/home/handsome/ros_ws_test/install/pnp_ros:/home/handsome/ros_ws_test/install/locomotor_msgs:/home/handsome/ros_ws_test/install/ros_utility_tools:/home/handsome/ros_ws_test/install/reset_location:/home/handsome/ros_ws_test/install/pnp_msgs:/home/handsome/ros_ws_test/install/open_auto_dock_msgs:/home/handsome/ros_ws_test/install/nav_2d_msgs:/home/handsome/ros_ws_test/install/car_db_manager_msgs:/home/handsome/ros_ws_test/install/botcmd_msgs:/home/handsome/ros_ws_test/install/yocs_cmd_vel_mux:/home/handsome/ros_ws_test/install/turtlebot_teleop:/home/handsome/ros_ws_test/install/tug_example_pnp_server:/home/handsome/ros_ws_test/install/tug_example_actions:/home/handsome/ros_ws_test/install/tug_example_msgs:/home/handsome/ros_ws_test/install/timed_roslaunch:/home/handsome/ros_ws_test/install/teb2_local_planner:/home/handsome/ros_ws_test/install/stated_roslaunch:/home/handsome/ros_ws_test/install/spatio_temporal_voxel_layer:/home/handsome/ros_ws_test/install/robot_udp_bridge:/home/handsome/ros_ws_test/install/robot_database_bridge:/home/handsome/ros_ws_test/install/samsungcmd_msgs:/home/handsome/ros_ws_test/install/rplidar_ros:/home/handsome/ros_ws_test/install/rp_action:/home/handsome/ros_ws_test/install/rp_action_msgs:/home/handsome/ros_ws_test/install/robot_scheduling_actions:/home/handsome/ros_ws_test/install/cellctrl_qtgui_bridge:/home/handsome/ros_ws_test/install/car_db_manager_qtgui:/home/handsome/ros_ws_test/install/car_db_manager_bridge:/home/handsome/ros_ws_test/install/car_db_manager_action:/home/handsome/ros_ws_test/install/robot_scheduling_server:/home/handsome/ros_ws_test/install/robot_localization:/home/handsome/ros_ws_test/install/robot_control_msgs:/home/handsome/ros_ws_test/install/razor_imu_9dof:/home/handsome/ros_ws_test/install/pnp_rosplan:/home/handsome/ros_ws_test/install/open_auto_dock:/home/handsome/ros_ws_test/install/omron_os32c_driver:/home/handsome/ros_ws_test/install/dlux_plugins:/home/handsome/ros_ws_test/install/dlux_global_planner:/home/handsome/ros_ws_test/install/nav_grid_pub_sub:/home/handsome/ros_ws_test/install/dwb_critics:/home/handsome/ros_ws_test/install/nav_grid_iterators:/home/handsome/ros_ws_test/install/locomove_base:/home/handsome/ros_ws_test/install/locomotor:/home/handsome/ros_ws_test/install/nav_core_adapter:/home/handsome/ros_ws_test/install/dwb_plugins:/home/handsome/ros_ws_test/install/dwb_local_planner:/home/handsome/ros_ws_test/install/nav_2d_utils:/home/handsome/ros_ws_test/install/global_planner_tests:/home/handsome/ros_ws_test/install/costmap_queue:/home/handsome/ros_ws_test/install/nav_core2:/home/handsome/ros_ws_test/install/nav_grid:/home/handsome/ros_ws_test/install/actionlib_modules_msgs:/home/handsome/ros_ws_test/install/dwb_msgs:/home/handsome/ros_ws_test/install/mongodb_log:/home/handsome/ros_ws_test/install/mongodb_store:/home/handsome/ros_ws_test/install/mongodb_store_msgs:/home/handsome/ros_ws_test/install/ca_driver:/home/handsome/ros_ws_test/install/libcreate:/home/handsome/ros_ws_test/install/i_robot_stage:/home/handsome/ros_ws_test/install/i_robot_navigation:/home/handsome/ros_ws_test/install/cellctrl_control_msgs:/home/handsome/ros_ws_test/install/ca_tools:/home/handsome/ros_ws_test/install/ca_msgs:/home/handsome/ros_ws_test/install/ca_description:/opt/ros/melodic LD_LIBRARY_PATH=/home/handsome/ros_ws_test/install/pnp_ros/lib:/home/handsome/ros_ws_test/install/ros_utility_tools/lib:/home/handsome/ros_ws_test/install/yocs_cmd_vel_mux/lib:/home/handsome/ros_ws_test/install/teb2_local_planner/lib:/home/handsome/ros_ws_test/install/spatio_temporal_voxel_layer/lib:/home/handsome/ros_ws_test/install/robot_database_bridge/lib:/home/handsome/ros_ws_test/install/robot_localization/lib:/home/handsome/ros_ws_test/install/omron_os32c_driver/lib:/home/handsome/ros_ws_test/install/dlux_plugins/lib:/home/handsome/ros_ws_test/install/dlux_global_planner/lib:/home/handsome/ros_ws_test/install/nav_grid_pub_sub/lib:/home/handsome/ros_ws_test/install/dwb_critics/lib:/home/handsome/ros_ws_test/install/nav_grid_iterators/lib:/home/handsome/ros_ws_test/install/locomotor/lib:/home/handsome/ros_ws_test/install/nav_core_adapter/lib:/home/handsome/ros_ws_test/install/dwb_plugins/lib:/home/handsome/ros_ws_test/install/dwb_local_planner/lib:/home/handsome/ros_ws_test/install/nav_2d_utils/lib:/home/handsome/ros_ws_test/install/global_planner_tests/lib:/home/handsome/ros_ws_test/install/costmap_queue/lib:/home/handsome/ros_ws_test/install/nav_core2/lib:/home/handsome/ros_ws_test/install/mongodb_store/lib:/home/handsome/ros_ws_test/install/libcreate/lib:/opt/ros/melodic/lib:/usr/local/lib PKG_CONFIG_PATH=/home/handsome/ros_ws_test/install/robot_scheduling_msgs/lib/x86_64-linux-gnu/pkgconfig:/home/handsome/ros_ws_test/install/robot_scheduling_msgs/lib/pkgconfig:/home/handsome/ros_ws_test/install/pnp_ros/lib/x86_64-linux-gnu/pkgconfig:/home/handsome/ros_ws_test/install/pnp_ros/lib/pkgconfig:/home/handsome/ros_ws_test/install/locomotor_msgs/lib/x86_64-linux-gnu/pkgconfig:/home/handsome/ros_ws_test/install/locomotor_msgs/lib/pkgconfig:/home/handsome/ros_ws_test/install/ros_utility_tools/lib/x86_64-linux-gnu/pkgconfig:/home/handsome/ros_ws_test/install/ros_utility_tools/lib/pkgconfig:/home/handsome/ros_ws_test/install/reset_location/lib/x86_64-linux-gnu/pkgconfig:/home/handsome/ros_ws_test/install/reset_location/lib/pkgconfig:/home/handsome/ros_ws_test/install/pnp_msgs/lib/x86_64-linux-gnu/pkgconfig:/home/handsome/ros_ws_test/install/pnp_msgs/lib/pkgconfig:/home/handsome/ros_ws_test/install/open_auto_dock_msgs/lib/x86_64-linux-gnu/pkgconfig:/home/handsome/ros_ws_test/install/open_auto_dock_msgs/lib/pkgconfig:/home/handsome/ros_ws_test/install/nav_2d_msgs/lib/x86_64-linux-gnu/pkgconfig:/home/handsome/ros_ws_test/install/nav_2d_msgs/lib/pkgconfig:/home/handsome/ros_ws_test/install/car_db_manager_msgs/lib/x86_64-linux-gnu/pkgconfig:/home/handsome/ros_ws_test/install/car_db_manager_msgs/lib/pkgconfig:/home/handsome/ros_ws_test/install/botcmd_msgs/lib/x86_64-linux-gnu/pkgconfig:/home/handsome/ros_ws_test/install/botcmd_msgs/lib/pkgconfig:/home/handsome/ros_ws_test/install/yocs_cmd_vel_mux/lib/x86_64-linux-gnu/pkgconfig:/home/handsome/ros_ws_test/install/yocs_cmd_vel_mux/lib/pkgconfig:/home/handsome/ros_ws_test/install/turtlebot_teleop/lib/x86_64-linux-gnu/pkgconfig:/home/handsome/ros_ws_test/install/turtlebot_teleop/lib/pkgconfig:/home/handsome/ros_ws_test/install/tug_example_pnp_server/lib/x86_64-linux-gnu/pkgconfig:/home/handsome/ros_ws_test/install/tug_example_pnp_server/lib/pkgconfig:/home/handsome/ros_ws_test/install/tug_example_actions/lib/x86_64-linux-gnu/pkgconfig:/home/handsome/ros_ws_test/install/tug_example_actions/lib/pkgconfig:/home/handsome/ros_ws_test/install/tug_example_msgs/lib/x86_64-linux-gnu/pkgconfig:/home/handsome/ros_ws_test/install/tug_example_msgs/lib/pkgconfig:/home/handsome/ros_ws_test/install/timed_roslaunch/lib/x86_64-linux-gnu/pkgconfig:/home/handsome/ros_ws_test/install/timed_roslaunch/lib/pkgconfig:/home/handsome/ros_ws_test/install/teb2_local_planner/lib/x86_64-linux-gnu/pkgconfig:/home/handsome/ros_ws_test/install/teb2_local_planner/lib/pkgconfig:/home/handsome/ros_ws_test/install/stated_roslaunch/lib/x86_64-linux-gnu/pkgconfig:/home/handsome/ros_ws_test/install/stated_roslaunch/lib/pkgconfig:/home/handsome/ros_ws_test/install/spatio_temporal_voxel_layer/lib/x86_64-linux-gnu/pkgconfig:/home/handsome/ros_ws_test/install/spatio_temporal_voxel_layer/lib/pkgconfig:/home/handsome/ros_ws_test/install/robot_udp_bridge/lib/x86_64-linux-gnu/pkgconfig:/home/handsome/ros_ws_test/install/robot_udp_bridge/lib/pkgconfig:/home/handsome/ros_ws_test/install/robot_database_bridge/lib/x86_64-linux-gnu/pkgconfig:/home/handsome/ros_ws_test/install/robot_database_bridge/lib/pkgconfig:/home/handsome/ros_ws_test/install/samsungcmd_msgs/lib/x86_64-linux-gnu/pkgconfig:/home/handsome/ros_ws_test/install/samsungcmd_msgs/lib/pkgconfig:/home/handsome/ros_ws_test/install/rplidar_ros/lib/x86_64-linux-gnu/pkgconfig:/home/handsome/ros_ws_test/install/rplidar_ros/lib/pkgconfig:/home/handsome/ros_ws_test/install/rp_action/lib/x86_64-linux-gnu/pkgconfig:/home/handsome/ros_ws_test/install/rp_action/lib/pkgconfig:/home/handsome/ros_ws_test/install/rp_action_msgs/lib/x86_64-linux-gnu/pkgconfig:/home/handsome/ros_ws_test/install/rp_action_msgs/lib/pkgconfig:/home/handsome/ros_ws_test/install/robot_scheduling_actions/lib/x86_64-linux-gnu/pkgconfig:/home/handsome/ros_ws_test/install/robot_scheduling_actions/lib/pkgconfig:/home/handsome/ros_ws_test/install/cellctrl_qtgui_bridge/lib/x86_64-linux-gnu/pkgconfig:/home/handsome/ros_ws_test/install/cellctrl_qtgui_bridge/lib/pkgconfig:/home/handsome/ros_ws_test/install/cellctrl_database_bridge/lib/x86_64-linux-gnu/pkgconfig:/home/handsome/ros_ws_test/install/cellctrl_database_bridge/lib/pkgconfig:/home/handsome/ros_ws_test/install/car_db_manager_qtgui/lib/x86_64-linux-gnu/pkgconfig:/home/handsome/ros_ws_test/install/car_db_manager_qtgui/lib/pkgconfig:/home/handsome/ros_ws_test/install/car_db_manager_bridge/lib/x86_64-linux-gnu/pkgconfig:/home/handsome/ros_ws_test/install/car_db_manager_bridge/lib/pkgconfig:/home/handsome/ros_ws_test/install/car_db_manager_action/lib/x86_64-linux-gnu/pkgconfig:/home/handsome/ros_ws_test/install/car_db_manager_action/lib/pkgconfig:/home/handsome/ros_ws_test/install/robot_scheduling_server/lib/x86_64-linux-gnu/pkgconfig:/home/handsome/ros_ws_test/install/robot_scheduling_server/lib/pkgconfig:/home/handsome/ros_ws_test/install/robot_navigation/lib/x86_64-linux-gnu/pkgconfig:/home/handsome/ros_ws_test/install/robot_navigation/lib/pkgconfig:/home/handsome/ros_ws_test/install/robot_localization/lib/x86_64-linux-gnu/pkgconfig:/home/handsome/ros_ws_test/install/robot_localization/lib/pkgconfig:/home/handsome/ros_ws_test/install/robot_control_msgs/lib/x86_64-linux-gnu/pkgconfig:/home/handsome/ros_ws_test/install/robot_control_msgs/lib/pkgconfig:/home/handsome/ros_ws_test/install/razor_imu_9dof/lib/x86_64-linux-gnu/pkgconfig:/home/handsome/ros_ws_test/install/razor_imu_9dof/lib/pkgconfig:/home/handsome/ros_ws_test/install/pnp_rosplan/lib/x86_64-linux-gnu/pkgconfig:/home/handsome/ros_ws_test/install/pnp_rosplan/lib/pkgconfig:/home/handsome/ros_ws_test/install/actionlib_modules_controller/lib/x86_64-linux-gnu/pkgconfig:/home/handsome/ros_ws_test/install/actionlib_modules_controller/lib/pkgconfig:/home/handsome/ros_ws_test/install/open_auto_dock/lib/x86_64-linux-gnu/pkgconfig:/home/handsome/ros_ws_test/install/open_auto_dock/lib/pkgconfig:/home/handsome/ros_ws_test/install/omron_os32c_driver/lib/x86_64-linux-gnu/pkgconfig:/home/handsome/ros_ws_test/install/omron_os32c_driver/lib/pkgconfig:/home/handsome/ros_ws_test/install/dlux_plugins/lib/x86_64-linux-gnu/pkgconfig:/home/handsome/ros_ws_test/install/dlux_plugins/lib/pkgconfig:/home/handsome/ros_ws_test/install/dlux_global_planner/lib/x86_64-linux-gnu/pkgconfig:/home/handsome/ros_ws_test/install/dlux_global_planner/lib/pkgconfig:/home/handsome/ros_ws_test/install/nav_grid_pub_sub/lib/x86_64-linux-gnu/pkgconfig:/home/handsome/ros_ws_test/install/nav_grid_pub_sub/lib/pkgconfig:/home/handsome/ros_ws_test/install/dwb_critics/lib/x86_64-linux-gnu/pkgconfig:/home/handsome/ros_ws_test/install/dwb_critics/lib/pkgconfig:/home/handsome/ros_ws_test/install/nav_grid_iterators/lib/x86_64-linux-gnu/pkgconfig:/home/handsome/ros_ws_test/install/nav_grid_iterators/lib/pkgconfig:/home/handsome/ros_ws_test/install/locomove_base/lib/x86_64-linux-gnu/pkgconfig:/home/handsome/ros_ws_test/install/locomove_base/lib/pkgconfig:/home/handsome/ros_ws_test/install/locomotor/lib/x86_64-linux-gnu/pkgconfig:/home/handsome/ros_ws_test/install/locomotor/lib/pkgconfig:/home/handsome/ros_ws_test/install/nav_core_adapter/lib/x86_64-linux-gnu/pkgconfig:/home/handsome/ros_ws_test/install/nav_core_adapter/lib/pkgconfig:/home/handsome/ros_ws_test/install/dwb_plugins/lib/x86_64-linux-gnu/pkgconfig:/home/handsome/ros_ws_test/install/dwb_plugins/lib/pkgconfig:/home/handsome/ros_ws_test/install/dwb_local_planner/lib/x86_64-linux-gnu/pkgconfig:/home/handsome/ros_ws_test/install/dwb_local_planner/lib/pkgconfig:/home/handsome/ros_ws_test/install/nav_2d_utils/lib/x86_64-linux-gnu/pkgconfig:/home/handsome/ros_ws_test/install/nav_2d_utils/lib/pkgconfig:/home/handsome/ros_ws_test/install/global_planner_tests/lib/x86_64-linux-gnu/pkgconfig:/home/handsome/ros_ws_test/install/global_planner_tests/lib/pkgconfig:/home/handsome/ros_ws_test/install/costmap_queue/lib/x86_64-linux-gnu/pkgconfig:/home/handsome/ros_ws_test/install/costmap_queue/lib/pkgconfig:/home/handsome/ros_ws_test/install/nav_core2/lib/x86_64-linux-gnu/pkgconfig:/home/handsome/ros_ws_test/install/nav_core2/lib/pkgconfig:/home/handsome/ros_ws_test/install/nav_grid/lib/x86_64-linux-gnu/pkgconfig:/home/handsome/ros_ws_test/install/nav_grid/lib/pkgconfig:/home/handsome/ros_ws_test/install/actionlib_modules_msgs/lib/x86_64-linux-gnu/pkgconfig:/home/handsome/ros_ws_test/install/actionlib_modules_msgs/lib/pkgconfig:/home/handsome/ros_ws_test/install/dwb_msgs/lib/x86_64-linux-gnu/pkgconfig:/home/handsome/ros_ws_test/install/dwb_msgs/lib/pkgconfig:/home/handsome/ros_ws_test/install/mongodb_log/lib/x86_64-linux-gnu/pkgconfig:/home/handsome/ros_ws_test/install/mongodb_log/lib/pkgconfig:/home/handsome/ros_ws_test/install/mongodb_store/lib/x86_64-linux-gnu/pkgconfig:/home/handsome/ros_ws_test/install/mongodb_store/lib/pkgconfig:/home/handsome/ros_ws_test/install/mongodb_store_msgs/lib/x86_64-linux-gnu/pkgconfig:/home/handsome/ros_ws_test/install/mongodb_store_msgs/lib/pkgconfig:/home/handsome/ros_ws_test/install/create_autonomy/lib/x86_64-linux-gnu/pkgconfig:/home/handsome/ros_ws_test/install/create_autonomy/lib/pkgconfig:/home/handsome/ros_ws_test/install/ca_driver/lib/x86_64-linux-gnu/pkgconfig:/home/handsome/ros_ws_test/install/ca_driver/lib/pkgconfig:/home/handsome/ros_ws_test/install/libcreate/lib/x86_64-linux-gnu/pkgconfig:/home/handsome/ros_ws_test/install/libcreate/lib/pkgconfig:/home/handsome/ros_ws_test/install/i_robot_stage/lib/x86_64-linux-gnu/pkgconfig:/home/handsome/ros_ws_test/install/i_robot_stage/lib/pkgconfig:/home/handsome/ros_ws_test/install/i_robot_navigation/lib/x86_64-linux-gnu/pkgconfig:/home/handsome/ros_ws_test/install/i_robot_navigation/lib/pkgconfig:/home/handsome/ros_ws_test/install/cellctrl_control_msgs/lib/x86_64-linux-gnu/pkgconfig:/home/handsome/ros_ws_test/install/cellctrl_control_msgs/lib/pkgconfig:/home/handsome/ros_ws_test/install/ca_tools/lib/x86_64-linux-gnu/pkgconfig:/home/handsome/ros_ws_test/install/ca_tools/lib/pkgconfig:/home/handsome/ros_ws_test/install/ca_msgs/lib/x86_64-linux-gnu/pkgconfig:/home/handsome/ros_ws_test/install/ca_msgs/lib/pkgconfig:/home/handsome/ros_ws_test/install/ca_description/lib/x86_64-linux-gnu/pkgconfig:/home/handsome/ros_ws_test/install/ca_description/lib/pkgconfig:/opt/ros/melodic/lib/pkgconfig PYTHONPATH=/home/handsome/ros_ws_test/install/robot_scheduling_msgs/lib/python2.7/dist-packages:/home/handsome/ros_ws_test/install/locomotor_msgs/lib/python2.7/dist-packages:/home/handsome/ros_ws_test/install/reset_location/lib/python2.7/dist-packages:/home/handsome/ros_ws_test/install/pnp_msgs/lib/python2.7/dist-packages:/home/handsome/ros_ws_test/install/open_auto_dock_msgs/lib/python2.7/dist-packages:/home/handsome/ros_ws_test/install/nav_2d_msgs/lib/python2.7/dist-packages:/home/handsome/ros_ws_test/install/car_db_manager_msgs/lib/python2.7/dist-packages:/home/handsome/ros_ws_test/install/botcmd_msgs/lib/python2.7/dist-packages:/home/handsome/ros_ws_test/install/yocs_cmd_vel_mux/lib/python2.7/dist-packages:/home/handsome/ros_ws_test/install/tug_example_msgs/lib/python2.7/dist-packages:/home/handsome/ros_ws_test/install/teb2_local_planner/lib/python2.7/dist-packages:/home/handsome/ros_ws_test/install/spatio_temporal_voxel_layer/lib/python2.7/dist-packages:/home/handsome/ros_ws_test/install/samsungcmd_msgs/lib/python2.7/dist-packages:/home/handsome/ros_ws_test/install/rp_action_msgs/lib/python2.7/dist-packages:/home/handsome/ros_ws_test/install/robot_localization/lib/python2.7/dist-packages:/home/handsome/ros_ws_test/install/robot_control_msgs/lib/python2.7/dist-packages:/home/handsome/ros_ws_test/install/razor_imu_9dof/lib/python2.7/dist-packages:/home/handsome/ros_ws_test/install/dwb_plugins/lib/python2.7/dist-packages:/home/handsome/ros_ws_test/install/actionlib_modules_msgs/lib/python2.7/dist-packages:/home/handsome/ros_ws_test/install/dwb_msgs/lib/python2.7/dist-packages:/home/handsome/ros_ws_test/install/mongodb_store/lib/python2.7/dist-packages:/home/handsome/ros_ws_test/install/mongodb_store_msgs/lib/python2.7/dist-packages:/home/handsome/ros_ws_test/install/cellctrl_control_msgs/lib/python2.7/dist-packages:/home/handsome/ros_ws_test/install/ca_msgs/lib/python2.7/dist-packages:/opt/ros/melodic/lib/python2.7/dist-packages ROS_PACKAGE_PATH=/home/handsome/ros_ws_test/install/robot_scheduling_msgs/share:/home/handsome/ros_ws_test/install/pnp_ros/share:/home/handsome/ros_ws_test/install/locomotor_msgs/share:/home/handsome/ros_ws_test/install/ros_utility_tools/share:/home/handsome/ros_ws_test/install/reset_location/share:/home/handsome/ros_ws_test/install/pnp_msgs/share:/home/handsome/ros_ws_test/install/open_auto_dock_msgs/share:/home/handsome/ros_ws_test/install/nav_2d_msgs/share:/home/handsome/ros_ws_test/install/car_db_manager_msgs/share:/home/handsome/ros_ws_test/install/botcmd_msgs/share:/home/handsome/ros_ws_test/install/yocs_cmd_vel_mux/share:/home/handsome/ros_ws_test/install/turtlebot_teleop/share:/home/handsome/ros_ws_test/install/tug_example_pnp_server/share:/home/handsome/ros_ws_test/install/tug_example_actions/share:/home/handsome/ros_ws_test/install/tug_example_msgs/share:/home/handsome/ros_ws_test/install/timed_roslaunch/share:/home/handsome/ros_ws_test/install/teb2_local_planner/share:/home/handsome/ros_ws_test/install/stated_roslaunch/share:/home/handsome/ros_ws_test/install/spatio_temporal_voxel_layer/share:/home/handsome/ros_ws_test/install/robot_udp_bridge/share:/home/handsome/ros_ws_test/install/robot_database_bridge/share:/home/handsome/ros_ws_test/install/samsungcmd_msgs/share:/home/handsome/ros_ws_test/install/rplidar_ros/share:/home/handsome/ros_ws_test/install/rp_action/share:/home/handsome/ros_ws_test/install/rp_action_msgs/share:/home/handsome/ros_ws_test/install/robot_scheduling_actions/share:/home/handsome/ros_ws_test/install/cellctrl_qtgui_bridge/share:/home/handsome/ros_ws_test/install/cellctrl_database_bridge/share:/home/handsome/ros_ws_test/install/car_db_manager_qtgui/share:/home/handsome/ros_ws_test/install/car_db_manager_bridge/share:/home/handsome/ros_ws_test/install/car_db_manager_action/share:/home/handsome/ros_ws_test/install/robot_scheduling_server/share:/home/handsome/ros_ws_test/install/robot_navigation/share:/home/handsome/ros_ws_test/install/robot_localization/share:/home/handsome/ros_ws_test/install/robot_control_msgs/share:/home/handsome/ros_ws_test/install/razor_imu_9dof/share:/home/handsome/ros_ws_test/install/pnp_rosplan/share:/home/handsome/ros_ws_test/install/actionlib_modules_controller/share:/home/handsome/ros_ws_test/install/open_auto_dock/share:/home/handsome/ros_ws_test/install/omron_os32c_driver/share:/home/handsome/ros_ws_test/install/dlux_plugins/share:/home/handsome/ros_ws_test/install/dlux_global_planner/share:/home/handsome/ros_ws_test/install/nav_grid_pub_sub/share:/home/handsome/ros_ws_test/install/dwb_critics/share:/home/handsome/ros_ws_test/install/nav_grid_iterators/share:/home/handsome/ros_ws_test/install/locomove_base/share:/home/handsome/ros_ws_test/install/locomotor/share:/home/handsome/ros_ws_test/install/nav_core_adapter/share:/home/handsome/ros_ws_test/install/dwb_plugins/share:/home/handsome/ros_ws_test/install/dwb_local_planner/share:/home/handsome/ros_ws_test/install/nav_2d_utils/share:/home/handsome/ros_ws_test/install/global_planner_tests/share:/home/handsome/ros_ws_test/install/costmap_queue/share:/home/handsome/ros_ws_test/install/nav_core2/share:/home/handsome/ros_ws_test/install/nav_grid/share:/home/handsome/ros_ws_test/install/actionlib_modules_msgs/share:/home/handsome/ros_ws_test/install/dwb_msgs/share:/home/handsome/ros_ws_test/install/mongodb_log/share:/home/handsome/ros_ws_test/install/mongodb_store/share:/home/handsome/ros_ws_test/install/mongodb_store_msgs/share:/home/handsome/ros_ws_test/install/create_autonomy/share:/home/handsome/ros_ws_test/install/ca_driver/share:/home/handsome/ros_ws_test/install/i_robot_stage/share:/home/handsome/ros_ws_test/install/i_robot_navigation/share:/home/handsome/ros_ws_test/install/cellctrl_control_msgs/share:/home/handsome/ros_ws_test/install/ca_tools/share:/home/handsome/ros_ws_test/install/ca_msgs/share:/home/handsome/ros_ws_test/install/ca_description/share:/opt/ros/melodic/share /usr/bin/cmake --build /home/handsome/ros_ws_test/build/robot_scheduling_actions -- -j12 -l12
