[35m[1mScanning dependencies of target _reset_location_generate_messages_check_deps_TrilaterationAction[0m
[35m[1mScanning dependencies of target actionlib_msgs_generate_messages_lisp[0m
[35m[1mScanning dependencies of target _reset_location_generate_messages_check_deps_TrilaterationGoal[0m
[35m[1mScanning dependencies of target _reset_location_generate_messages_check_deps_TrilaterationActionFeedback[0m
[35m[1mScanning dependencies of target _reset_location_generate_messages_check_deps_TrilaterationFeedback[0m
[35m[1mScanning dependencies of target reset_location_node[0m
[35m[1mScanning dependencies of target _reset_location_generate_messages_check_deps_TrilaterationResult[0m
[35m[1mScanning dependencies of target std_msgs_generate_messages_lisp[0m
[35m[1mScanning dependencies of target _reset_location_generate_messages_check_deps_TrilaterationActionGoal[0m
[35m[1mScanning dependencies of target _reset_location_generate_messages_check_deps_TrilaterationActionResult[0m
[35m[1mScanning dependencies of target actionlib_msgs_generate_messages_py[0m
[  0%] Built target actionlib_msgs_generate_messages_lisp
[  2%] [32mBuilding CXX object CMakeFiles/reset_location_ac_node.dir/src/reset_location_ac_node.cpp.o[0m
[  2%] Built target std_msgs_generate_messages_lisp
[  2%] Built target actionlib_msgs_generate_messages_py
[35m[1mScanning dependencies of target std_msgs_generate_messages_py[0m
[35m[1mScanning dependencies of target std_msgs_generate_messages_nodejs[0m
[  4%] [32mBuilding CXX object CMakeFiles/reset_location_node.dir/src/reset_location_node.cpp.o[0m
[35m[1mScanning dependencies of target actionlib_msgs_generate_messages_nodejs[0m
[  4%] Built target std_msgs_generate_messages_py
[  4%] Built target std_msgs_generate_messages_nodejs
[  4%] Built target _reset_location_generate_messages_check_deps_TrilaterationFeedback
[  4%] Built target actionlib_msgs_generate_messages_nodejs
[  4%] Built target _reset_location_generate_messages_check_deps_TrilaterationActionFeedback
[  4%] Built target _reset_location_generate_messages_check_deps_TrilaterationActionGoal
[  4%] Built target _reset_location_generate_messages_check_deps_TrilaterationGoal
[  4%] Built target _reset_location_generate_messages_check_deps_TrilaterationResult
[  4%] Built target _reset_location_generate_messages_check_deps_TrilaterationAction
[35m[1mScanning dependencies of target actionlib_msgs_generate_messages_cpp[0m
[35m[1mScanning dependencies of target std_msgs_generate_messages_cpp[0m
[  4%] Built target _reset_location_generate_messages_check_deps_TrilaterationActionResult
[35m[1mScanning dependencies of target std_msgs_generate_messages_eus[0m
[35m[1mScanning dependencies of target actionlib_generate_messages_py[0m
[35m[1mScanning dependencies of target actionlib_msgs_generate_messages_eus[0m
[35m[1mScanning dependencies of target actionlib_generate_messages_lisp[0m
[35m[1mScanning dependencies of target actionlib_generate_messages_nodejs[0m
[35m[1mScanning dependencies of target actionlib_generate_messages_eus[0m
[  4%] Built target std_msgs_generate_messages_cpp
[35m[1mScanning dependencies of target rosgraph_msgs_generate_messages_nodejs[0m
[  4%] Built target actionlib_msgs_generate_messages_cpp
[35m[1mScanning dependencies of target rosgraph_msgs_generate_messages_py[0m
[  4%] Built target std_msgs_generate_messages_eus
[  4%] Built target actionlib_generate_messages_eus
[  4%] Built target actionlib_generate_messages_py
[  4%] Built target actionlib_msgs_generate_messages_eus
[  4%] Built target actionlib_generate_messages_nodejs
[  4%] Built target actionlib_generate_messages_lisp
[35m[1mScanning dependencies of target rosgraph_msgs_generate_messages_lisp[0m
[  4%] Built target rosgraph_msgs_generate_messages_nodejs
[35m[1mScanning dependencies of target rosgraph_msgs_generate_messages_eus[0m
[  4%] Built target rosgraph_msgs_generate_messages_py
[35m[1mScanning dependencies of target rosgraph_msgs_generate_messages_cpp[0m
[35m[1mScanning dependencies of target geometry_msgs_generate_messages_eus[0m
[35m[1mScanning dependencies of target roscpp_generate_messages_py[0m
[35m[1mScanning dependencies of target roscpp_generate_messages_nodejs[0m
[35m[1mScanning dependencies of target roscpp_generate_messages_eus[0m
[35m[1mScanning dependencies of target roscpp_generate_messages_lisp[0m
[  4%] Built target rosgraph_msgs_generate_messages_lisp
[35m[1mScanning dependencies of target tf2_msgs_generate_messages_eus[0m
[  4%] Built target rosgraph_msgs_generate_messages_eus
[  4%] Built target roscpp_generate_messages_py
[35m[1mScanning dependencies of target actionlib_generate_messages_cpp[0m
[  4%] Built target rosgraph_msgs_generate_messages_cpp
[  4%] Built target geometry_msgs_generate_messages_eus
[  4%] Built target roscpp_generate_messages_nodejs
[  4%] Built target roscpp_generate_messages_eus
[  4%] Built target roscpp_generate_messages_lisp
[35m[1mScanning dependencies of target roscpp_generate_messages_cpp[0m
[  4%] Built target tf2_msgs_generate_messages_eus
[35m[1mScanning dependencies of target geometry_msgs_generate_messages_nodejs[0m
[35m[1mScanning dependencies of target geometry_msgs_generate_messages_cpp[0m
[  4%] Built target actionlib_generate_messages_cpp
[35m[1mScanning dependencies of target geometry_msgs_generate_messages_lisp[0m
[35m[1mScanning dependencies of target tf2_msgs_generate_messages_nodejs[0m
[35m[1mScanning dependencies of target tf2_msgs_generate_messages_cpp[0m
[35m[1mScanning dependencies of target geometry_msgs_generate_messages_py[0m
[35m[1mScanning dependencies of target tf2_msgs_generate_messages_py[0m
[  4%] Built target roscpp_generate_messages_cpp
[35m[1mScanning dependencies of target tf2_msgs_generate_messages_lisp[0m
[  4%] Built target geometry_msgs_generate_messages_nodejs
[  4%] Built target geometry_msgs_generate_messages_lisp
[35m[1mScanning dependencies of target reset_location_generate_messages_lisp[0m
[  4%] Built target tf2_msgs_generate_messages_nodejs
[  4%] Built target tf2_msgs_generate_messages_cpp
[  4%] Built target geometry_msgs_generate_messages_cpp
[  4%] Built target geometry_msgs_generate_messages_py
[  4%] Built target tf2_msgs_generate_messages_py
[35m[1mScanning dependencies of target reset_location_generate_messages_py[0m
[35m[1mScanning dependencies of target reset_location_generate_messages_nodejs[0m
[  4%] Built target tf2_msgs_generate_messages_lisp
[35m[1mScanning dependencies of target reset_location_generate_messages_eus[0m
[35m[1mScanning dependencies of target reset_location_generate_messages_cpp[0m
[  6%] [34m[1mGenerating Lisp code from reset_location/TrilaterationActionGoal.msg[0m
[  9%] [34m[1mGenerating Lisp code from reset_location/TrilaterationGoal.msg[0m
[ 11%] [34m[1mGenerating Lisp code from reset_location/TrilaterationAction.msg[0m
[ 13%] [34m[1mGenerating Lisp code from reset_location/TrilaterationFeedback.msg[0m
[ 18%] [34m[1mGenerating Lisp code from reset_location/TrilaterationActionFeedback.msg[0m
[ 18%] [34m[1mGenerating Lisp code from reset_location/TrilaterationActionResult.msg[0m
[ 20%] [34m[1mGenerating Python from MSG reset_location/TrilaterationActionGoal[0m
[ 23%] [34m[1mGenerating Javascript code from reset_location/TrilaterationActionGoal.msg[0m
[ 25%] [34m[1mGenerating C++ code from reset_location/TrilaterationActionGoal.msg[0m
[ 27%] [34m[1mGenerating EusLisp code from reset_location/TrilaterationActionGoal.msg[0m
[ 30%] [34m[1mGenerating Lisp code from reset_location/TrilaterationResult.msg[0m
[ 32%] [34m[1mGenerating EusLisp code from reset_location/TrilaterationGoal.msg[0m
[ 34%] [34m[1mGenerating Python from MSG reset_location/TrilaterationAction[0m
[ 37%] [34m[1mGenerating Javascript code from reset_location/TrilaterationGoal.msg[0m
[ 39%] [34m[1mGenerating Python from MSG reset_location/TrilaterationGoal[0m
[ 41%] [34m[1mGenerating Python from MSG reset_location/TrilaterationFeedback[0m
[35m[1mScanning dependencies of target reset_location_as_node[0m
[ 44%] [32mBuilding CXX object CMakeFiles/reset_location_as_node.dir/src/reset_location_as_node.cpp.o[0m
[ 46%] [34m[1mGenerating Python from MSG reset_location/TrilaterationActionFeedback[0m
[ 48%] [34m[1mGenerating C++ code from reset_location/TrilaterationGoal.msg[0m
[ 48%] Built target reset_location_generate_messages_lisp
[ 51%] [34m[1mGenerating Javascript code from reset_location/TrilaterationAction.msg[0m
[ 53%] [34m[1mGenerating C++ code from reset_location/TrilaterationAction.msg[0m
[ 55%] [34m[1mGenerating EusLisp code from reset_location/TrilaterationAction.msg[0m
[ 58%] [34m[1mGenerating C++ code from reset_location/TrilaterationFeedback.msg[0m
[ 60%] [34m[1mGenerating Python from MSG reset_location/TrilaterationActionResult[0m
[ 62%] [34m[1mGenerating Python from MSG reset_location/TrilaterationResult[0m
[ 65%] [34m[1mGenerating C++ code from reset_location/TrilaterationActionFeedback.msg[0m
[ 67%] [34m[1mGenerating Javascript code from reset_location/TrilaterationFeedback.msg[0m
[ 69%] [34m[1mGenerating Javascript code from reset_location/TrilaterationActionFeedback.msg[0m
[ 72%] [34m[1mGenerating EusLisp code from reset_location/TrilaterationFeedback.msg[0m
[ 74%] [34m[1mGenerating C++ code from reset_location/TrilaterationActionResult.msg[0m
[ 76%] [34m[1mGenerating Javascript code from reset_location/TrilaterationActionResult.msg[0m
[ 79%] [34m[1mGenerating Javascript code from reset_location/TrilaterationResult.msg[0m
[ 81%] [34m[1mGenerating C++ code from reset_location/TrilaterationResult.msg[0m
[ 83%] [34m[1mGenerating EusLisp code from reset_location/TrilaterationActionFeedback.msg[0m
[ 86%] [34m[1mGenerating EusLisp code from reset_location/TrilaterationActionResult.msg[0m
[ 88%] [34m[1mGenerating Python msg __init__.py for reset_location[0m
[ 90%] [34m[1mGenerating EusLisp code from reset_location/TrilaterationResult.msg[0m
[ 93%] [34m[1mGenerating EusLisp manifest code for reset_location[0m
[ 93%] Built target reset_location_generate_messages_nodejs
In file included from [01m[K/home/handsome/ros_ws_test/build/reset_location/devel/include/reset_location/TrilaterationActionResult.h:20:0[m[K,
                 from [01m[K/home/handsome/ros_ws_test/build/reset_location/devel/include/reset_location/TrilaterationAction.h:19[m[K,
                 from [01m[K/home/handsome/ros_ws_test/src/ros_base/reset_location/src/reset_location_ac_node.cpp:4[m[K:
[01m[K/home/handsome/ros_ws_test/build/reset_location/devel/include/reset_location/TrilaterationResult.h:5:0:[m[K [01;31m[Kerror: [m[Kunterminated #ifndef
 #ifndef RESET_LOCATION_MESSAGE_TRILATERATIONRESULT_H
 
[ 93%] Built target reset_location_generate_messages_py
[ 93%] Built target reset_location_generate_messages_cpp
In file included from [01m[K/home/handsome/ros_ws_test/build/reset_location/devel/include/reset_location/TrilaterationActionResult.h:20:0[m[K,
                 from [01m[K/home/handsome/ros_ws_test/build/reset_location/devel/include/reset_location/TrilaterationAction.h:19[m[K,
                 from [01m[K/home/handsome/ros_ws_test/src/ros_base/reset_location/src/reset_location_ac_node.cpp:4[m[K:
[01m[K/home/handsome/ros_ws_test/build/reset_location/devel/include/reset_location/TrilaterationResult.h:159:73:[m[K [01;31m[Kerror: [m[Kâ€˜[01m[KContainerAllo[m[Kâ€™ was not declared in this scope
   static const char* value(const ::reset_location::TrilaterationResult_<[01;31m[KContainerAllo[m[K
                                                                         [01;31m[K^~~~~~~~~~~~~[m[K
[01m[K/home/handsome/ros_ws_test/build/reset_location/devel/include/reset_location/TrilaterationResult.h:159:73:[m[K [01;36m[Knote: [m[Ksuggested alternative: â€˜[01m[KContainerAllocator[m[Kâ€™
   static const char* value(const ::reset_location::TrilaterationResult_<[01;36m[KContainerAllo[m[K
                                                                         [01;36m[K^~~~~~~~~~~~~[m[K
                                                                         [32m[KContainerAllocator[m[K
In file included from [01m[K/home/handsome/ros_ws_test/build/reset_location/devel/include/reset_location/TrilaterationAction.h:19:0[m[K,
                 from [01m[K/home/handsome/ros_ws_test/src/ros_base/reset_location/src/reset_location_ac_node.cpp:4[m[K:
[01m[K/home/handsome/ros_ws_test/build/reset_location/devel/include/reset_location/TrilaterationActionResult.h:22:11:[m[K [01;31m[Kerror: [m[Ktemplate argument 1 is invalid
 namespace [01;31m[Kreset_location[m[K
           [01;31m[K^~~~~~~~~~~~~~[m[K
In file included from [01m[K/home/handsome/ros_ws_test/build/reset_location/devel/include/reset_location/TrilaterationActionResult.h:20:0[m[K,
                 from [01m[K/home/handsome/ros_ws_test/build/reset_location/devel/include/reset_location/TrilaterationAction.h:19[m[K,
                 from [01m[K/home/handsome/ros_ws_test/src/ros_base/reset_location/src/reset_location_ac_node.cpp:4[m[K:
[01m[K/home/handsome/ros_ws_test/build/reset_location/devel/include/reset_location/TrilaterationResult.h:159:73:[m[K [01;31m[Kerror: [m[Kâ€˜[01m[KContainerAllo[m[Kâ€™ was not declared in this scope
   static const char* value(const ::reset_location::TrilaterationResult_<[01;31m[KContainerAllo[m[K
                                                                         [01;31m[K^~~~~~~~~~~~~[m[K
[01m[K/home/handsome/ros_ws_test/build/reset_location/devel/include/reset_location/TrilaterationResult.h:159:73:[m[K [01;36m[Knote: [m[Ksuggested alternative: â€˜[01m[KContainerAllocator[m[Kâ€™
   static const char* value(const ::reset_location::TrilaterationResult_<[01;36m[KContainerAllo[m[K
                                                                         [01;36m[K^~~~~~~~~~~~~[m[K
                                                                         [32m[KContainerAllocator[m[K
In file included from [01m[K/home/handsome/ros_ws_test/build/reset_location/devel/include/reset_location/TrilaterationAction.h:19:0[m[K,
                 from [01m[K/home/handsome/ros_ws_test/src/ros_base/reset_location/src/reset_location_ac_node.cpp:4[m[K:
[01m[K/home/handsome/ros_ws_test/build/reset_location/devel/include/reset_location/TrilaterationActionResult.h:22:11:[m[K [01;31m[Kerror: [m[Ktemplate argument 1 is invalid
 namespace [01;31m[Kreset_location[m[K
           [01;31m[K^~~~~~~~~~~~~~[m[K
In file included from [01m[K/home/handsome/ros_ws_test/build/reset_location/devel/include/reset_location/TrilaterationActionResult.h:20:0[m[K,
                 from [01m[K/home/handsome/ros_ws_test/build/reset_location/devel/include/reset_location/TrilaterationAction.h:19[m[K,
                 from [01m[K/home/handsome/ros_ws_test/src/ros_base/reset_location/src/reset_location_ac_node.cpp:4[m[K:
[01m[K/home/handsome/ros_ws_test/build/reset_location/devel/include/reset_location/TrilaterationResult.h:159:73:[m[K [01;31m[Kerror: [m[Kâ€˜[01m[KContainerAllo[m[Kâ€™ was not declared in this scope
   static const char* value(const ::reset_location::TrilaterationResult_<[01;31m[KContainerAllo[m[K
                                                                         [01;31m[K^~~~~~~~~~~~~[m[K
[01m[K/home/handsome/ros_ws_test/build/reset_location/devel/include/reset_location/TrilaterationResult.h:159:73:[m[K [01;36m[Knote: [m[Ksuggested alternative: â€˜[01m[KContainerAllocator[m[Kâ€™
   static const char* value(const ::reset_location::TrilaterationResult_<[01;36m[KContainerAllo[m[K
                                                                         [01;36m[K^~~~~~~~~~~~~[m[K
                                                                         [32m[KContainerAllocator[m[K
In file included from [01m[K/home/handsome/ros_ws_test/build/reset_location/devel/include/reset_location/TrilaterationAction.h:19:0[m[K,
                 from [01m[K/home/handsome/ros_ws_test/src/ros_base/reset_location/src/reset_location_ac_node.cpp:4[m[K:
[01m[K/home/handsome/ros_ws_test/build/reset_location/devel/include/reset_location/TrilaterationActionResult.h:22:11:[m[K [01;31m[Kerror: [m[Ktemplate argument 1 is invalid
 namespace [01;31m[Kreset_location[m[K
           [01;31m[K^~~~~~~~~~~~~~[m[K
In file included from [01m[K/home/handsome/ros_ws_test/build/reset_location/devel/include/reset_location/TrilaterationActionResult.h:20:0[m[K,
                 from [01m[K/home/handsome/ros_ws_test/build/reset_location/devel/include/reset_location/TrilaterationAction.h:19[m[K,
                 from [01m[K/home/handsome/ros_ws_test/src/ros_base/reset_location/src/reset_location_ac_node.cpp:4[m[K:
[01m[K/home/handsome/ros_ws_test/build/reset_location/devel/include/reset_location/TrilaterationResult.h:159:73:[m[K [01;31m[Kerror: [m[Kâ€˜[01m[KContainerAllo[m[Kâ€™ was not declared in this scope
   static const char* value(const ::reset_location::TrilaterationResult_<[01;31m[KContainerAllo[m[K
                                                                         [01;31m[K^~~~~~~~~~~~~[m[K
[01m[K/home/handsome/ros_ws_test/build/reset_location/devel/include/reset_location/TrilaterationResult.h:159:73:[m[K [01;36m[Knote: [m[Ksuggested alternative: â€˜[01m[KContainerAllocator[m[Kâ€™
   static const char* value(const ::reset_location::TrilaterationResult_<[01;36m[KContainerAllo[m[K
                                                                         [01;36m[K^~~~~~~~~~~~~[m[K
                                                                         [32m[KContainerAllocator[m[K
In file included from [01m[K/home/handsome/ros_ws_test/build/reset_location/devel/include/reset_location/TrilaterationAction.h:19:0[m[K,
                 from [01m[K/home/handsome/ros_ws_test/src/ros_base/reset_location/src/reset_location_ac_node.cpp:4[m[K:
[01m[K/home/handsome/ros_ws_test/build/reset_location/devel/include/reset_location/TrilaterationActionResult.h:22:11:[m[K [01;31m[Kerror: [m[Ktemplate argument 1 is invalid
 namespace [01;31m[Kreset_location[m[K
           [01;31m[K^~~~~~~~~~~~~~[m[K
In file included from [01m[K/home/handsome/ros_ws_test/build/reset_location/devel/include/reset_location/TrilaterationActionResult.h:20:0[m[K,
                 from [01m[K/home/handsome/ros_ws_test/build/reset_location/devel/include/reset_location/TrilaterationAction.h:19[m[K,
                 from [01m[K/home/handsome/ros_ws_test/src/ros_base/reset_location/src/reset_location_ac_node.cpp:4[m[K:
[01m[K/home/handsome/ros_ws_test/build/reset_location/devel/include/reset_location/TrilaterationResult.h:159:73:[m[K [01;31m[Kerror: [m[Kâ€˜[01m[KContainerAllo[m[Kâ€™ was not declared in this scope
   static const char* value(const ::reset_location::TrilaterationResult_<[01;31m[KContainerAllo[m[K
                                                                         [01;31m[K^~~~~~~~~~~~~[m[K
[01m[K/home/handsome/ros_ws_test/build/reset_location/devel/include/reset_location/TrilaterationResult.h:159:73:[m[K [01;36m[Knote: [m[Ksuggested alternative: â€˜[01m[KContainerAllocator[m[Kâ€™
   static const char* value(const ::reset_location::TrilaterationResult_<[01;36m[KContainerAllo[m[K
                                                                         [01;36m[K^~~~~~~~~~~~~[m[K
                                                                         [32m[KContainerAllocator[m[K
In file included from [01m[K/home/handsome/ros_ws_test/build/reset_location/devel/include/reset_location/TrilaterationAction.h:19:0[m[K,
                 from [01m[K/home/handsome/ros_ws_test/src/ros_base/reset_location/src/reset_location_ac_node.cpp:4[m[K:
[01m[K/home/handsome/ros_ws_test/build/reset_location/devel/include/reset_location/TrilaterationActionResult.h:22:11:[m[K [01;31m[Kerror: [m[Ktemplate argument 1 is invalid
 namespace [01;31m[Kreset_location[m[K
           [01;31m[K^~~~~~~~~~~~~~[m[K
In file included from [01m[K/home/handsome/ros_ws_test/build/reset_location/devel/include/reset_location/TrilaterationActionResult.h:20:0[m[K,
                 from [01m[K/home/handsome/ros_ws_test/build/reset_location/devel/include/reset_location/TrilaterationAction.h:19[m[K,
                 from [01m[K/home/handsome/ros_ws_test/src/ros_base/reset_location/src/reset_location_ac_node.cpp:4[m[K:
[01m[K/home/handsome/ros_ws_test/build/reset_location/devel/include/reset_location/TrilaterationResult.h:159:34:[m[K [01;31m[Kerror: [m[Kinvalid use of template-name â€˜[01m[Kreset_location::TrilaterationResult_[m[Kâ€™ without an argument list
   static const char* value(const [01;31m[K::[m[Kreset_location::TrilaterationResult_<ContainerAllo
                                  [01;31m[K^~[m[K
[01m[K/home/handsome/ros_ws_test/build/reset_location/devel/include/reset_location/TrilaterationResult.h:159:34:[m[K [01;36m[Knote: [m[Kclass template argument deduction is only available with -std=c++1z or -std=gnu++1z
In file included from [01m[K/home/handsome/ros_ws_test/build/reset_location/devel/include/reset_location/TrilaterationActionResult.h:20:0[m[K,
                 from [01m[K/home/handsome/ros_ws_test/build/reset_location/devel/include/reset_location/TrilaterationAction.h:19[m[K,
                 from [01m[K/home/handsome/ros_ws_test/src/ros_base/reset_location/src/reset_location_ac_node.cpp:4[m[K:
[01m[K/home/handsome/ros_ws_test/build/reset_location/devel/include/reset_location/TrilaterationResult.h:22:8:[m[K [01;36m[Knote: [m[Kâ€˜[01m[Ktemplate<class ContainerAllocator> struct reset_location::TrilaterationResult_[m[Kâ€™ declared here
 struct [01;36m[KTrilaterationResult_[m[K
        [01;36m[K^~~~~~~~~~~~~~~~~~~~[m[K
In file included from [01m[K/home/handsome/ros_ws_test/build/reset_location/devel/include/reset_location/TrilaterationActionResult.h:20:0[m[K,
                 from [01m[K/home/handsome/ros_ws_test/build/reset_location/devel/include/reset_location/TrilaterationAction.h:19[m[K,
                 from [01m[K/home/handsome/ros_ws_test/src/ros_base/reset_location/src/reset_location_ac_node.cpp:4[m[K:
[01m[K/home/handsome/ros_ws_test/build/reset_location/devel/include/reset_location/TrilaterationResult.h:159:72:[m[K [01;31m[Kerror: [m[Kexpected â€˜[01m[K,[m[Kâ€™ or â€˜[01m[K...[m[Kâ€™ before â€˜[01m[K<[m[Kâ€™ token
   static const char* value(const ::reset_location::TrilaterationResult_[01;31m[K<[m[KContainerAllo
                                                                        [01;31m[K^[m[K
[01m[K/home/handsome/ros_ws_test/src/ros_base/reset_location/src/reset_location_ac_node.cpp:43:1:[m[K [01;31m[Kerror: [m[Kexpected â€˜[01m[K)[m[Kâ€™ at end of input
 [01;31m[K}[m[K
 [01;31m[K^[m[K
[01m[K/home/handsome/ros_ws_test/src/ros_base/reset_location/src/reset_location_ac_node.cpp:43:1:[m[K [01;31m[Kerror: [m[Kexpected â€˜[01m[K;[m[Kâ€™ at end of member declaration
[01m[K/home/handsome/ros_ws_test/src/ros_base/reset_location/src/reset_location_ac_node.cpp:43:1:[m[K [01;31m[Kerror: [m[Kexpected â€˜[01m[K}[m[Kâ€™ at end of input
In file included from [01m[K/home/handsome/ros_ws_test/build/reset_location/devel/include/reset_location/TrilaterationActionResult.h:20:0[m[K,
                 from [01m[K/home/handsome/ros_ws_test/build/reset_location/devel/include/reset_location/TrilaterationAction.h:19[m[K,
                 from [01m[K/home/handsome/ros_ws_test/src/ros_base/reset_location/src/reset_location_ac_node.cpp:4[m[K:
[01m[K/home/handsome/ros_ws_test/build/reset_location/devel/include/reset_location/TrilaterationResult.h:157:3:[m[K [01;31m[Kerror: [m[Kexpected â€˜[01m[K;[m[Kâ€™ at end of input
   [01;31m[K}[m[K
   [01;31m[K^[m[K
[01m[K/home/handsome/ros_ws_test/build/reset_location/devel/include/reset_location/TrilaterationResult.h:157:3:[m[K [01;31m[Kerror: [m[Kexpected â€˜[01m[K}[m[Kâ€™ at end of input
[01m[K/home/handsome/ros_ws_test/build/reset_location/devel/include/reset_location/TrilaterationResult.h:157:3:[m[K [01;31m[Kerror: [m[Kexpected â€˜[01m[K}[m[Kâ€™ at end of input
[ 93%] Built target reset_location_generate_messages_eus
[35m[1mScanning dependencies of target reset_location_generate_messages[0m
[ 93%] Built target reset_location_generate_messages
CMakeFiles/reset_location_ac_node.dir/build.make:62: recipe for target 'CMakeFiles/reset_location_ac_node.dir/src/reset_location_ac_node.cpp.o' failed
make[2]: *** [CMakeFiles/reset_location_ac_node.dir/src/reset_location_ac_node.cpp.o] Error 1
CMakeFiles/Makefile2:67: recipe for target 'CMakeFiles/reset_location_ac_node.dir/all' failed
make[1]: *** [CMakeFiles/reset_location_ac_node.dir/all] Error 2
make[1]: *** Waiting for unfinished jobs....
[ 95%] [32m[1mLinking CXX executable devel/lib/reset_location/reset_location_node[0m
[ 95%] Built target reset_location_node
[ 97%] [32m[1mLinking CXX executable devel/lib/reset_location/reset_location_as_node[0m
[ 97%] Built target reset_location_as_node
Makefile:140: recipe for target 'all' failed
make: *** [all] Error 2
