WARNING: Target "robot_scheduling_actions_node" requests linking to directory "/usr/include".  Targets may link only to libraries.  CMake is dropping the item.
[01m[K/home/handsome/ros_ws_test/src/ros_base/robot_scheduling/robot_scheduling_actions/src/robot_scheduling_service.cpp:[m[K In member function â€˜[01m[Kvoid robot_scheduling_service::sub_upper_topic_command_CB(const robot_topic_command&)[m[Kâ€™:
[01m[K/home/handsome/ros_ws_test/src/ros_base/robot_scheduling/robot_scheduling_actions/src/robot_scheduling_service.cpp:62:75:[m[K [01;31m[Kerror: [m[Kâ€˜[01m[KMODE_MANU_MOVEINT[m[Kâ€™ is not a member of â€˜[01m[Krobot_scheduling_msgs::robot_topic_command {aka robot_scheduling_msgs::robot_topic_command_<std::allocator<void> >}[m[Kâ€™
                     cmd_id == robot_scheduling_msgs::robot_topic_command::[01;31m[KMODE_MANU_MOVEINT[m[K ||
                                                                           [01;31m[K^~~~~~~~~~~~~~~~~[m[K
[01m[K/home/handsome/ros_ws_test/src/ros_base/robot_scheduling/robot_scheduling_actions/src/robot_scheduling_service.cpp:[m[K In member function â€˜[01m[Kbool robot_scheduling_service::manual_change_decise(int)[m[Kâ€™:
[01m[K/home/handsome/ros_ws_test/src/ros_base/robot_scheduling/robot_scheduling_actions/src/robot_scheduling_service.cpp:185:75:[m[K [01;31m[Kerror: [m[Kâ€˜[01m[KMODE_MANU_MOVEINT[m[Kâ€™ is not a member of â€˜[01m[Krobot_scheduling_msgs::robot_topic_command {aka robot_scheduling_msgs::robot_topic_command_<std::allocator<void> >}[m[Kâ€™
             else if(cmd_id == robot_scheduling_msgs::robot_topic_command::[01;31m[KMODE_MANU_MOVEINT[m[K){
                                                                           [01;31m[K^~~~~~~~~~~~~~~~~[m[K
[01m[K/home/handsome/ros_ws_test/src/ros_base/robot_scheduling/robot_scheduling_actions/src/robot_scheduling_service.cpp:[m[K In member function â€˜[01m[Kbool robot_scheduling_service::srv_Eval_service_for_upper(robot_scheduling_msgs::upper_if_command::Request&, robot_scheduling_msgs::upper_if_command::Response&)[m[Kâ€™:
[01m[K/home/handsome/ros_ws_test/src/ros_base/robot_scheduling/robot_scheduling_actions/src/robot_scheduling_service.cpp:339:71:[m[K [01;31m[Kerror: [m[Kâ€˜[01m[KMODE_MANU_MOVEINT[m[Kâ€™ is not a member of â€˜[01m[Krobot_scheduling_msgs::robot_topic_command {aka robot_scheduling_msgs::robot_topic_command_<std::allocator<void> >}[m[Kâ€™
                 cmd_id == robot_scheduling_msgs::robot_topic_command::[01;31m[KMODE_MANU_MOVEINT[m[K ||
                                                                       [01;31m[K^~~~~~~~~~~~~~~~~[m[K
In file included from [01m[K/opt/ros/melodic/include/ros/ros.h:40:0[m[K,
                 from [01m[K/home/handsome/ros_ws_test/src/ros_base/robot_scheduling/robot_scheduling_actions/include/private_actions/robot_run_state_action.h:4[m[K,
                 from [01m[K/home/handsome/ros_ws_test/src/ros_base/robot_scheduling/robot_scheduling_actions/src/private_actions/robot_run_state_action.cpp:1[m[K:
[01m[K/home/handsome/ros_ws_test/src/ros_base/robot_scheduling/robot_scheduling_actions/src/private_actions/robot_run_state_action.cpp:[m[K In member function â€˜[01m[Kactionlib::SimpleClientGoalState robot_run_state_action::do_db_process_ac(const db_processGoal&)[m[Kâ€™:
[01m[K/opt/ros/melodic/include/ros/console.h:348:176:[m[K [01;35m[Kwarning: [m[Kformat not a string literal and no format arguments [[01;35m[K-Wformat-security[m[K]
     ::ros::console::print(filter, __rosconsole_define_location__loc.logger_, __rosconsole_define_location__loc.level_, __FILE__, __LINE__, __ROSCONSOLE_FUNCTION__, __VA_ARGS__[01;35m[K)[m[K
                                                                                                                                                                                [01;35m[K^[m[K
[01m[K/opt/ros/melodic/include/ros/console.h:351:5:[m[K [01;36m[Knote: [m[Kin expansion of macro â€˜[01m[KROSCONSOLE_PRINT_AT_LOCATION_WITH_FILTER[m[Kâ€™
     [01;36m[KROSCONSOLE_PRINT_AT_LOCATION_WITH_FILTER[m[K(NULL, __VA_ARGS__)
     [01;36m[K^~~~~~~~~~~~~~~~~~~~~~~~~~~~~~~~~~~~~~~~[m[K
[01m[K/opt/ros/melodic/include/ros/console.h:387:7:[m[K [01;36m[Knote: [m[Kin expansion of macro â€˜[01m[KROSCONSOLE_PRINT_AT_LOCATION[m[Kâ€™
       [01;36m[KROSCONSOLE_PRINT_AT_LOCATION[m[K(__VA_ARGS__); \
       [01;36m[K^~~~~~~~~~~~~~~~~~~~~~~~~~~~[m[K
[01m[K/opt/ros/melodic/include/ros/console.h:572:35:[m[K [01;36m[Knote: [m[Kin expansion of macro â€˜[01m[KROS_LOG_COND[m[Kâ€™
 #define ROS_LOG(level, name, ...) [01;36m[KROS_LOG_COND[m[K(true, level, name, __VA_ARGS__)
                                   [01;36m[K^~~~~~~~~~~~[m[K
[01m[K/opt/ros/melodic/include/rosconsole/macros_generated.h:110:23:[m[K [01;36m[Knote: [m[Kin expansion of macro â€˜[01m[KROS_LOG[m[Kâ€™
 #define ROS_INFO(...) [01;36m[KROS_LOG[m[K(::ros::console::levels::Info, ROSCONSOLE_DEFAULT_NAME, __VA_ARGS__)
                       [01;36m[K^~~~~~~[m[K
[01m[K/home/handsome/ros_ws_test/src/ros_base/robot_scheduling/robot_scheduling_actions/src/private_actions/robot_run_state_action.cpp:502:5:[m[K [01;36m[Knote: [m[Kin expansion of macro â€˜[01m[KROS_INFO[m[Kâ€™
     [01;36m[KR[m[KOS_INFO(goal.db_process_ac_name.c_str());
     [01;36m[K^[m[K
[01m[K/opt/ros/melodic/include/ros/console.h:348:176:[m[K [01;35m[Kwarning: [m[Kformat not a string literal and no format arguments [[01;35m[K-Wformat-security[m[K]
     ::ros::console::print(filter, __rosconsole_define_location__loc.logger_, __rosconsole_define_location__loc.level_, __FILE__, __LINE__, __ROSCONSOLE_FUNCTION__, __VA_ARGS__[01;35m[K)[m[K
                                                                                                                                                                                [01;35m[K^[m[K
[01m[K/opt/ros/melodic/include/ros/console.h:351:5:[m[K [01;36m[Knote: [m[Kin expansion of macro â€˜[01m[KROSCONSOLE_PRINT_AT_LOCATION_WITH_FILTER[m[Kâ€™
     [01;36m[KROSCONSOLE_PRINT_AT_LOCATION_WITH_FILTER[m[K(NULL, __VA_ARGS__)
     [01;36m[K^~~~~~~~~~~~~~~~~~~~~~~~~~~~~~~~~~~~~~~~[m[K
[01m[K/opt/ros/melodic/include/ros/console.h:387:7:[m[K [01;36m[Knote: [m[Kin expansion of macro â€˜[01m[KROSCONSOLE_PRINT_AT_LOCATION[m[Kâ€™
       [01;36m[KROSCONSOLE_PRINT_AT_LOCATION[m[K(__VA_ARGS__); \
       [01;36m[K^~~~~~~~~~~~~~~~~~~~~~~~~~~~[m[K
[01m[K/opt/ros/melodic/include/ros/console.h:572:35:[m[K [01;36m[Knote: [m[Kin expansion of macro â€˜[01m[KROS_LOG_COND[m[Kâ€™
 #define ROS_LOG(level, name, ...) [01;36m[KROS_LOG_COND[m[K(true, level, name, __VA_ARGS__)
                                   [01;36m[K^~~~~~~~~~~~[m[K
[01m[K/opt/ros/melodic/include/rosconsole/macros_generated.h:110:23:[m[K [01;36m[Knote: [m[Kin expansion of macro â€˜[01m[KROS_LOG[m[Kâ€™
 #define ROS_INFO(...) [01;36m[KROS_LOG[m[K(::ros::console::levels::Info, ROSCONSOLE_DEFAULT_NAME, __VA_ARGS__)
                       [01;36m[K^~~~~~~[m[K
[01m[K/home/handsome/ros_ws_test/src/ros_base/robot_scheduling/robot_scheduling_actions/src/private_actions/robot_run_state_action.cpp:516:5:[m[K [01;36m[Knote: [m[Kin expansion of macro â€˜[01m[KROS_INFO[m[Kâ€™
     [01;36m[KR[m[KOS_INFO(goal.cmd_data.c_str());
     [01;36m[K^[m[K
make[2]: *** [CMakeFiles/robot_scheduling_actions_node.dir/src/robot_scheduling_service.cpp.o] Error 1
make[2]: *** Waiting for unfinished jobs....
In file included from [01m[K/home/handsome/ros_ws_test/src/ros_base/robot_scheduling/robot_scheduling_actions/src/public_actions/db_process_action.cpp:2:0[m[K:
[01m[K/home/handsome/ros_ws_test/install/ros_utility_tools/include/ros_utility_tools/table_mongodbstore_client.h:[m[K In member function â€˜[01m[Kbool table_mongodbstore_client<MsgType, MsgType_req, MsgType_resp>::mongo_table_Insert(const boost::shared_ptr<X>&)[m[Kâ€™:
[01m[K/home/handsome/ros_ws_test/install/ros_utility_tools/include/ros_utility_tools/table_mongodbstore_client.h:96:27:[m[K [01;35m[Kwarning: [m[Kthere are no arguments to â€˜[01m[Kget_Now_LocalTime[m[Kâ€™ that depend on a template parameter, so a declaration of â€˜[01m[Kget_Now_LocalTime[m[Kâ€™ must be available [[01;35m[K-fpermissive[m[K]
    (*_data).update_time = [01;35m[Kget_Now_LocalTime[m[K();  //-- from tools
                           [01;35m[K^~~~~~~~~~~~~~~~~[m[K
[01m[K/home/handsome/ros_ws_test/install/ros_utility_tools/include/ros_utility_tools/table_mongodbstore_client.h:[m[K In member function â€˜[01m[Kbool table_mongodbstore_client<MsgType, MsgType_req, MsgType_resp>::mongo_table_modify(const boost::shared_ptr<X>&)[m[Kâ€™:
[01m[K/home/handsome/ros_ws_test/install/ros_utility_tools/include/ros_utility_tools/table_mongodbstore_client.h:107:27:[m[K [01;35m[Kwarning: [m[Kthere are no arguments to â€˜[01m[Kget_Now_LocalTime[m[Kâ€™ that depend on a template parameter, so a declaration of â€˜[01m[Kget_Now_LocalTime[m[Kâ€™ must be available [[01;35m[K-fpermissive[m[K]
    (*_data).update_time = [01;35m[Kget_Now_LocalTime[m[K();
                           [01;35m[K^~~~~~~~~~~~~~~~~[m[K
[01m[K/home/handsome/ros_ws_test/install/ros_utility_tools/include/ros_utility_tools/table_mongodbstore_client.h:[m[K In member function â€˜[01m[Kbool table_mongodbstore_client<MsgType, MsgType_req, MsgType_resp>::response_table_data_Query(std::__cxx11::string, std::__cxx11::string, std::__cxx11::string, MsgType_resp&)[m[Kâ€™:
[01m[K/home/handsome/ros_ws_test/install/ros_utility_tools/include/ros_utility_tools/table_mongodbstore_client.h:391:16:[m[K [01;35m[Kwarning: [m[Kthere are no arguments to â€˜[01m[Kstrtoint[m[Kâ€™ that depend on a template parameter, so a declaration of â€˜[01m[Kstrtoint[m[Kâ€™ must be available [[01;35m[K-fpermissive[m[K]
    int _type = [01;35m[Kstrtoint[m[K(base_index,-1); //-- search type
                [01;35m[K^~~~~~~~[m[K
[01m[K/home/handsome/ros_ws_test/install/ros_utility_tools/include/ros_utility_tools/table_mongodbstore_client.h:[m[K In member function â€˜[01m[Kbool table_mongodbstore_client<MsgType, MsgType_req, MsgType_resp>::srv_Eval_db_table_srv_service(MsgType_req&, MsgType_resp&)[m[Kâ€™:
[01m[K/home/handsome/ros_ws_test/install/ros_utility_tools/include/ros_utility_tools/table_mongodbstore_client.h:470:25:[m[K [01;35m[Kwarning: [m[Kthere are no arguments to â€˜[01m[Kconvert_str[m[Kâ€™ that depend on a template parameter, so a declaration of â€˜[01m[Kconvert_str[m[Kâ€™ must be available [[01;35m[K-fpermissive[m[K]
       resp.error_code = [01;35m[Kconvert_str[m[K((int)table_srv_error_type) ;
                         [01;35m[K^~~~~~~~~~~[m[K
[01m[K/home/handsome/ros_ws_test/install/ros_utility_tools/include/ros_utility_tools/table_mongodbstore_client.h:479:25:[m[K [01;35m[Kwarning: [m[Kthere are no arguments to â€˜[01m[Kconvert_str[m[Kâ€™ that depend on a template parameter, so a declaration of â€˜[01m[Kconvert_str[m[Kâ€™ must be available [[01;35m[K-fpermissive[m[K]
       resp.error_code = [01;35m[Kconvert_str[m[K((int)table_srv_error_type) ;
                         [01;35m[K^~~~~~~~~~~[m[K
[01m[K/home/handsome/ros_ws_test/install/ros_utility_tools/include/ros_utility_tools/table_mongodbstore_client.h:487:25:[m[K [01;35m[Kwarning: [m[Kthere are no arguments to â€˜[01m[Kconvert_str[m[Kâ€™ that depend on a template parameter, so a declaration of â€˜[01m[Kconvert_str[m[Kâ€™ must be available [[01;35m[K-fpermissive[m[K]
       resp.error_code = [01;35m[Kconvert_str[m[K((int)edb_tb_err_type_none) ;
                         [01;35m[K^~~~~~~~~~~[m[K
[01m[K/home/handsome/ros_ws_test/install/ros_utility_tools/include/ros_utility_tools/table_mongodbstore_client.h:504:25:[m[K [01;35m[Kwarning: [m[Kthere are no arguments to â€˜[01m[Kconvert_str[m[Kâ€™ that depend on a template parameter, so a declaration of â€˜[01m[Kconvert_str[m[Kâ€™ must be available [[01;35m[K-fpermissive[m[K]
       resp.error_code = [01;35m[Kconvert_str[m[K((int)edb_tb_err_type_none) ;
                         [01;35m[K^~~~~~~~~~~[m[K
[01m[K/home/handsome/ros_ws_test/install/ros_utility_tools/include/ros_utility_tools/table_mongodbstore_client.h:509:25:[m[K [01;35m[Kwarning: [m[Kthere are no arguments to â€˜[01m[Kconvert_str[m[Kâ€™ that depend on a template parameter, so a declaration of â€˜[01m[Kconvert_str[m[Kâ€™ must be available [[01;35m[K-fpermissive[m[K]
       resp.error_code = [01;35m[Kconvert_str[m[K((int)table_srv_error_type) ;
                         [01;35m[K^~~~~~~~~~~[m[K
[01m[K/home/handsome/ros_ws_test/install/ros_utility_tools/include/ros_utility_tools/table_mongodbstore_client.h:520:25:[m[K [01;35m[Kwarning: [m[Kthere are no arguments to â€˜[01m[Kconvert_str[m[Kâ€™ that depend on a template parameter, so a declaration of â€˜[01m[Kconvert_str[m[Kâ€™ must be available [[01;35m[K-fpermissive[m[K]
       resp.error_code = [01;35m[Kconvert_str[m[K((int)edb_tb_err_type_none) ;
                         [01;35m[K^~~~~~~~~~~[m[K
[01m[K/home/handsome/ros_ws_test/install/ros_utility_tools/include/ros_utility_tools/table_mongodbstore_client.h:525:25:[m[K [01;35m[Kwarning: [m[Kthere are no arguments to â€˜[01m[Kconvert_str[m[Kâ€™ that depend on a template parameter, so a declaration of â€˜[01m[Kconvert_str[m[Kâ€™ must be available [[01;35m[K-fpermissive[m[K]
       resp.error_code = [01;35m[Kconvert_str[m[K((int)table_srv_error_type) ;
                         [01;35m[K^~~~~~~~~~~[m[K
[01m[K/home/handsome/ros_ws_test/install/ros_utility_tools/include/ros_utility_tools/table_mongodbstore_client.h:533:24:[m[K [01;35m[Kwarning: [m[Kthere are no arguments to â€˜[01m[Kconvert_str[m[Kâ€™ that depend on a template parameter, so a declaration of â€˜[01m[Kconvert_str[m[Kâ€™ must be available [[01;35m[K-fpermissive[m[K]
      resp.error_code = [01;35m[Kconvert_str[m[K((int)edb_tb_err_type_none) ;
                        [01;35m[K^~~~~~~~~~~[m[K
In file included from [01m[K/opt/ros/melodic/include/ros/ros.h:40:0[m[K,
                 from [01m[K/home/handsome/ros_ws_test/src/ros_base/robot_scheduling/robot_scheduling_actions/include/public_actions/db_process_action.h:4[m[K,
                 from [01m[K/home/handsome/ros_ws_test/src/ros_base/robot_scheduling/robot_scheduling_actions/src/public_actions/db_process_action.cpp:1[m[K:
[01m[K/home/handsome/ros_ws_test/src/ros_base/robot_scheduling/robot_scheduling_actions/src/public_actions/db_process_action.cpp:[m[K In member function â€˜[01m[Kvoid db_process_action::ac_doneCb(const actionlib::SimpleClientGoalState&, const car_db_processResultConstPtr&)[m[Kâ€™:
[01m[K/opt/ros/melodic/include/ros/console.h:348:176:[m[K [01;35m[Kwarning: [m[Kformat â€˜[01m[K%d[m[Kâ€™ expects argument of type â€˜[01m[Kint[m[Kâ€™, but argument 8 has type â€˜[01m[Kstd::vector<std::__cxx11::basic_string<char> >::size_type {aka long unsigned int}[m[Kâ€™ [[01;35m[K-Wformat=[m[K]
     ::ros::console::print(filter, __rosconsole_define_location__loc.logger_, __rosconsole_define_location__loc.level_, __FILE__, __LINE__, __ROSCONSOLE_FUNCTION__, __VA_ARGS__[01;35m[K)[m[K
                                                                                                                                                                                [01;35m[K^[m[K
[01m[K/opt/ros/melodic/include/ros/console.h:351:5:[m[K [01;36m[Knote: [m[Kin expansion of macro â€˜[01m[KROSCONSOLE_PRINT_AT_LOCATION_WITH_FILTER[m[Kâ€™
     [01;36m[KROSCONSOLE_PRINT_AT_LOCATION_WITH_FILTER[m[K(NULL, __VA_ARGS__)
     [01;36m[K^~~~~~~~~~~~~~~~~~~~~~~~~~~~~~~~~~~~~~~~[m[K
[01m[K/opt/ros/melodic/include/ros/console.h:387:7:[m[K [01;36m[Knote: [m[Kin expansion of macro â€˜[01m[KROSCONSOLE_PRINT_AT_LOCATION[m[Kâ€™
       [01;36m[KROSCONSOLE_PRINT_AT_LOCATION[m[K(__VA_ARGS__); \
       [01;36m[K^~~~~~~~~~~~~~~~~~~~~~~~~~~~[m[K
[01m[K/opt/ros/melodic/include/ros/console.h:572:35:[m[K [01;36m[Knote: [m[Kin expansion of macro â€˜[01m[KROS_LOG_COND[m[Kâ€™
 #define ROS_LOG(level, name, ...) [01;36m[KROS_LOG_COND[m[K(true, level, name, __VA_ARGS__)
                                   [01;36m[K^~~~~~~~~~~~[m[K
[01m[K/opt/ros/melodic/include/rosconsole/macros_generated.h:110:23:[m[K [01;36m[Knote: [m[Kin expansion of macro â€˜[01m[KROS_LOG[m[Kâ€™
 #define ROS_INFO(...) [01;36m[KROS_LOG[m[K(::ros::console::levels::Info, ROSCONSOLE_DEFAULT_NAME, __VA_ARGS__)
                       [01;36m[K^~~~~~~[m[K
[01m[K/home/handsome/ros_ws_test/src/ros_base/robot_scheduling/robot_scheduling_actions/src/public_actions/db_process_action.cpp:272:9:[m[K [01;36m[Knote: [m[Kin expansion of macro â€˜[01m[KROS_INFO[m[Kâ€™
         [01;36m[KR[m[KOS_INFO("counter = result_data_vector.size()==>%d",result_data_vector.size());
         [01;36m[K^[m[K
In file included from [01m[K/opt/ros/melodic/include/ros/ros.h:40:0[m[K,
                 from [01m[K/home/handsome/ros_ws_test/src/ros_base/robot_scheduling/robot_scheduling_actions/include/public_actions/pose_move_to_action.h:4[m[K,
                 from [01m[K/home/handsome/ros_ws_test/src/ros_base/robot_scheduling/robot_scheduling_actions/src/public_actions/pose_move_to_action.cpp:1[m[K:
[01m[K/home/handsome/ros_ws_test/src/ros_base/robot_scheduling/robot_scheduling_actions/src/public_actions/pose_move_to_action.cpp:[m[K In member function â€˜[01m[Kvoid pose_move_to_action::move_to_CB(const pose_move_toGoalConstPtr&)[m[Kâ€™:
[01m[K/opt/ros/melodic/include/ros/console.h:348:176:[m[K [01;35m[Kwarning: [m[Kformat not a string literal and no format arguments [[01;35m[K-Wformat-security[m[K]
     ::ros::console::print(filter, __rosconsole_define_location__loc.logger_, __rosconsole_define_location__loc.level_, __FILE__, __LINE__, __ROSCONSOLE_FUNCTION__, __VA_ARGS__[01;35m[K)[m[K
                                                                                                                                                                                [01;35m[K^[m[K
[01m[K/opt/ros/melodic/include/ros/console.h:351:5:[m[K [01;36m[Knote: [m[Kin expansion of macro â€˜[01m[KROSCONSOLE_PRINT_AT_LOCATION_WITH_FILTER[m[Kâ€™
     [01;36m[KROSCONSOLE_PRINT_AT_LOCATION_WITH_FILTER[m[K(NULL, __VA_ARGS__)
     [01;36m[K^~~~~~~~~~~~~~~~~~~~~~~~~~~~~~~~~~~~~~~~[m[K
[01m[K/opt/ros/melodic/include/ros/console.h:387:7:[m[K [01;36m[Knote: [m[Kin expansion of macro â€˜[01m[KROSCONSOLE_PRINT_AT_LOCATION[m[Kâ€™
       [01;36m[KROSCONSOLE_PRINT_AT_LOCATION[m[K(__VA_ARGS__); \
       [01;36m[K^~~~~~~~~~~~~~~~~~~~~~~~~~~~[m[K
[01m[K/opt/ros/melodic/include/ros/console.h:572:35:[m[K [01;36m[Knote: [m[Kin expansion of macro â€˜[01m[KROS_LOG_COND[m[Kâ€™
 #define ROS_LOG(level, name, ...) [01;36m[KROS_LOG_COND[m[K(true, level, name, __VA_ARGS__)
                                   [01;36m[K^~~~~~~~~~~~[m[K
[01m[K/opt/ros/melodic/include/rosconsole/macros_generated.h:110:23:[m[K [01;36m[Knote: [m[Kin expansion of macro â€˜[01m[KROS_LOG[m[Kâ€™
 #define ROS_INFO(...) [01;36m[KROS_LOG[m[K(::ros::console::levels::Info, ROSCONSOLE_DEFAULT_NAME, __VA_ARGS__)
                       [01;36m[K^~~~~~~[m[K
[01m[K/home/handsome/ros_ws_test/src/ros_base/robot_scheduling/robot_scheduling_actions/src/public_actions/pose_move_to_action.cpp:56:9:[m[K [01;36m[Knote: [m[Kin expansion of macro â€˜[01m[KROS_INFO[m[Kâ€™
         [01;36m[KR[m[KOS_INFO(pose_id.c_str());
         [01;36m[K^[m[K
make[1]: *** [CMakeFiles/robot_scheduling_actions_node.dir/all] Error 2
make: *** [all] Error 2
