[01m[K/home/handsome/ros_ws_test/src/ros_base/robot_scheduling/robot_scheduling_actions/src/private_actions/robot_run_state_action.cpp:[m[K In member function â€˜[01m[Kvoid robot_run_state_action::ctrl_state_rcvr_CB(const controller_state_recoveryGoalConstPtr&)[m[Kâ€™:
[01m[K/home/handsome/ros_ws_test/src/ros_base/robot_scheduling/robot_scheduling_actions/src/private_actions/robot_run_state_action.cpp:126:36:[m[K [01;31m[Kerror: [m[Kâ€˜[01m[Kaction_command_cmd[m[Kâ€™ is not a member of â€˜[01m[Krobot_scheduling_msgs[m[Kâ€™
             robot_scheduling_msgs::[01;31m[Kaction_command_cmd[m[K _cmd ;
                                    [01;31m[K^~~~~~~~~~~~~~~~~~[m[K
[01m[K/home/handsome/ros_ws_test/src/ros_base/robot_scheduling/robot_scheduling_actions/src/private_actions/robot_run_state_action.cpp:127:13:[m[K [01;31m[Kerror: [m[Kâ€˜[01m[K_cmd[m[Kâ€™ was not declared in this scope
             [01;31m[K_cmd[m[K.request.cmd_data = "";
             [01;31m[K^~~~[m[K
[01m[K/home/handsome/ros_ws_test/src/ros_base/robot_scheduling/robot_scheduling_actions/src/private_actions/robot_run_state_action.cpp:127:13:[m[K [01;36m[Knote: [m[Ksuggested alternative: â€˜[01m[Kbcmp[m[Kâ€™
             [01;36m[K_cmd[m[K.request.cmd_data = "";
             [01;36m[K^~~~[m[K
             [32m[Kbcmp[m[K
[01m[K/home/handsome/ros_ws_test/src/ros_base/robot_scheduling/robot_scheduling_actions/src/private_actions/robot_run_state_action.cpp:131:51:[m[K [01;31m[Kerror: [m[Kâ€˜[01m[Kclass robot_scheduling_service[m[Kâ€™ has no member named â€˜[01m[Kcall_service_to_system[m[Kâ€™; did you mean â€˜[01m[Kcall_service_to_host[m[Kâ€™?
             bool b_respone = scheduling_service_->[01;31m[Kcall_service_to_system[m[K(_cmd.request,_cmd.response);
                                                   [01;31m[K^~~~~~~~~~~~~~~~~~~~~~[m[K
                                                   [32m[Kcall_service_to_host[m[K
make[2]: *** [CMakeFiles/robot_scheduling_actions_node.dir/src/private_actions/robot_run_state_action.cpp.o] Error 1
make[1]: *** [CMakeFiles/robot_scheduling_actions_node.dir/all] Error 2
make: *** [all] Error 2
