[01m[K/home/handsome/ros_ws_test/src/ros_base/robot_scheduling/robot_scheduling_actions/src/private_actions/robot_run_state_action.cpp:[m[K In member function â€˜[01m[Kvoid robot_run_state_action::run_state_CB(const robot_run_stateGoalConstPtr&)[m[Kâ€™:
[01m[K/home/handsome/ros_ws_test/src/ros_base/robot_scheduling/robot_scheduling_actions/src/private_actions/robot_run_state_action.cpp:89:44:[m[K [01;31m[Kerror: [m[Kconversion from â€˜[01m[Kconst _set_status_code_type {aka const unsigned char}[m[Kâ€™ to non-scalar type â€˜[01m[Kstd::__cxx11::string {aka std::__cxx11::basic_string<char>}[m[Kâ€™ requested
             std::string alarm_code = [01;31m[Kgoal->set_status_code[m[K ;
                                      [01;31m[K~~~~~~^~~~~~~~~~~~~~~[m[K
make[2]: *** [CMakeFiles/robot_scheduling_actions_node.dir/src/private_actions/robot_run_state_action.cpp.o] Error 1
make[1]: *** [CMakeFiles/robot_scheduling_actions_node.dir/all] Error 2
make: *** [all] Error 2
