[0.067s] Invoking command in '/home/handsome/ros_ws_test/build/cellctrl_database_bridge': CMAKE_PREFIX_PATH=/home/handsome/ros_ws_test/install/mongodb_store:/home/handsome/ros_ws_test/install/ros_utility_tools:/home/handsome/ros_ws_test/install/mongodb_store_msgs:/home/handsome/ros_ws_test/install/cellctrl_control_msgs:${CMAKE_PREFIX_PATH} LD_LIBRARY_PATH=/home/handsome/ros_ws_test/install/mongodb_store/lib:/home/handsome/ros_ws_test/install/ros_utility_tools/lib:/home/handsome/ros_ws/install/yocs_cmd_vel_mux/lib:/home/handsome/ros_ws/install/tuw_multi_robot_router/lib:/home/handsome/ros_ws/install/tuw_voronoi_graph/lib:/home/handsome/ros_ws/install/tuw_vehicle_msgs/lib:/home/handsome/ros_ws/install/tuw_nav_rviz/lib:/home/handsome/ros_ws/install/tuw_multi_robot_local_behavior_controller/lib:/home/handsome/ros_ws/install/tuw_multi_robot_ctrl/lib:/home/handsome/ros_ws/install/tuw_nav_msgs/lib:/home/handsome/ros_ws/install/tuw_multi_robot_rviz/lib:/home/handsome/ros_ws/install/tuw_geometry_rviz/lib:/home/handsome/ros_ws/install/tuw_geometry_msgs/lib:/home/handsome/ros_ws/install/tuw_geometry/lib:/home/handsome/ros_ws/install/tuw_control/lib:/home/handsome/ros_ws/install/teb2_local_planner/lib:/home/handsome/ros_ws/install/spatio_temporal_voxel_layer/lib:/home/handsome/ros_ws/install/robot_database_bridge/lib:/home/handsome/ros_ws/install/ros_utility_tools/lib:/home/handsome/ros_ws/install/robot_localization/lib:/home/handsome/ros_ws/install/pnp_ros/lib:/home/handsome/ros_ws/install/omron_os32c_driver/lib:/home/handsome/ros_ws/install/dlux_plugins/lib:/home/handsome/ros_ws/install/dlux_global_planner/lib:/home/handsome/ros_ws/install/nav_grid_pub_sub/lib:/home/handsome/ros_ws/install/dwb_critics/lib:/home/handsome/ros_ws/install/nav_grid_iterators/lib:/home/handsome/ros_ws/install/locomotor/lib:/home/handsome/ros_ws/install/nav_core_adapter/lib:/home/handsome/ros_ws/install/dwb_plugins/lib:/home/handsome/ros_ws/install/dwb_local_planner/lib:/home/handsome/ros_ws/install/nav_2d_utils/lib:/home/handsome/ros_ws/install/global_planner_tests/lib:/home/handsome/ros_ws/install/costmap_queue/lib:/home/handsome/ros_ws/install/nav_core2/lib:/home/handsome/ros_ws/install/mongodb_store/lib:/home/handsome/ros_ws/install/libcreate/lib:/opt/ros/melodic/lib:/usr/local/lib PKG_CONFIG_PATH=/home/handsome/ros_ws_test/install/mongodb_store/lib/x86_64-linux-gnu/pkgconfig:/home/handsome/ros_ws_test/install/mongodb_store/lib/pkgconfig:/home/handsome/ros_ws_test/install/ros_utility_tools/lib/x86_64-linux-gnu/pkgconfig:/home/handsome/ros_ws_test/install/ros_utility_tools/lib/pkgconfig:/home/handsome/ros_ws_test/install/mongodb_store_msgs/lib/x86_64-linux-gnu/pkgconfig:/home/handsome/ros_ws_test/install/mongodb_store_msgs/lib/pkgconfig:/home/handsome/ros_ws_test/install/cellctrl_control_msgs/lib/x86_64-linux-gnu/pkgconfig:/home/handsome/ros_ws_test/install/cellctrl_control_msgs/lib/pkgconfig:${PKG_CONFIG_PATH} PYTHONPATH=/home/handsome/ros_ws_test/install/mongodb_store/lib/python2.7/dist-packages:/home/handsome/ros_ws_test/install/mongodb_store_msgs/lib/python2.7/dist-packages:/home/handsome/ros_ws_test/install/cellctrl_control_msgs/lib/python2.7/dist-packages:${PYTHONPATH} ROS_PACKAGE_PATH=/home/handsome/ros_ws_test/install/mongodb_store/share:/home/handsome/ros_ws_test/install/ros_utility_tools/share:/home/handsome/ros_ws_test/install/mongodb_store_msgs/share:/home/handsome/ros_ws_test/install/cellctrl_control_msgs/share:${ROS_PACKAGE_PATH} /usr/bin/cmake --build /home/handsome/ros_ws_test/build/cellctrl_database_bridge -- -j12 -l12
[0.146s] [ 10%] [32mBuilding CXX object CMakeFiles/cellctrl_database_bridge.dir/src/cell_controller_tables/cellctrl_dbtable_process.cpp.o[0m
[1.453s] In file included from [01m[K/home/handsome/ros_ws_test/src/ros_base/cell_controller/Model/cellctrl_database_bridge/include/cell_controller_tables/cellctrl_dbtable_process.h:4:0[m[K,
[1.453s]                  from [01m[K/home/handsome/ros_ws_test/src/ros_base/cell_controller/Model/cellctrl_database_bridge/src/cell_controller_tables/cellctrl_dbtable_process.cpp:1[m[K:
[1.453s] [01m[K/home/handsome/ros_ws_test/install/ros_utility_tools/include/ros_utility_tools/table_mongodbstore_client.h:[m[K In member function â€˜[01m[Kbool table_mongodbstore_client<MsgType, MsgType_req, MsgType_resp>::mongo_table_Insert(const boost::shared_ptr<X>&)[m[Kâ€™:
[1.453s] [01m[K/home/handsome/ros_ws_test/install/ros_utility_tools/include/ros_utility_tools/table_mongodbstore_client.h:96:27:[m[K [01;35m[Kwarning: [m[Kthere are no arguments to â€˜[01m[Kget_Now_LocalTime[m[Kâ€™ that depend on a template parameter, so a declaration of â€˜[01m[Kget_Now_LocalTime[m[Kâ€™ must be available [[01;35m[K-fpermissive[m[K]
[1.453s]     (*_data).update_time = [01;35m[Kget_Now_LocalTime[m[K();  //-- from tools
[1.454s]                            [01;35m[K^~~~~~~~~~~~~~~~~[m[K
[1.454s] [01m[K/home/handsome/ros_ws_test/install/ros_utility_tools/include/ros_utility_tools/table_mongodbstore_client.h:[m[K In member function â€˜[01m[Kbool table_mongodbstore_client<MsgType, MsgType_req, MsgType_resp>::mongo_table_modify(const boost::shared_ptr<X>&)[m[Kâ€™:
[1.454s] [01m[K/home/handsome/ros_ws_test/install/ros_utility_tools/include/ros_utility_tools/table_mongodbstore_client.h:107:27:[m[K [01;35m[Kwarning: [m[Kthere are no arguments to â€˜[01m[Kget_Now_LocalTime[m[Kâ€™ that depend on a template parameter, so a declaration of â€˜[01m[Kget_Now_LocalTime[m[Kâ€™ must be available [[01;35m[K-fpermissive[m[K]
[1.454s]     (*_data).update_time = [01;35m[Kget_Now_LocalTime[m[K();
[1.454s]                            [01;35m[K^~~~~~~~~~~~~~~~~[m[K
[1.463s] [01m[K/home/handsome/ros_ws_test/install/ros_utility_tools/include/ros_utility_tools/table_mongodbstore_client.h:[m[K In member function â€˜[01m[Kbool table_mongodbstore_client<MsgType, MsgType_req, MsgType_resp>::response_table_data_Query(std::__cxx11::string, std::__cxx11::string, std::__cxx11::string, MsgType_resp&)[m[Kâ€™:
[1.463s] [01m[K/home/handsome/ros_ws_test/install/ros_utility_tools/include/ros_utility_tools/table_mongodbstore_client.h:391:16:[m[K [01;35m[Kwarning: [m[Kthere are no arguments to â€˜[01m[Kstrtoint[m[Kâ€™ that depend on a template parameter, so a declaration of â€˜[01m[Kstrtoint[m[Kâ€™ must be available [[01;35m[K-fpermissive[m[K]
[1.464s]     int _type = [01;35m[Kstrtoint[m[K(base_index,-1); //-- search type
[1.464s]                 [01;35m[K^~~~~~~~[m[K
[1.464s] [01m[K/home/handsome/ros_ws_test/install/ros_utility_tools/include/ros_utility_tools/table_mongodbstore_client.h:[m[K In member function â€˜[01m[Kbool table_mongodbstore_client<MsgType, MsgType_req, MsgType_resp>::srv_Eval_db_table_srv_service(MsgType_req&, MsgType_resp&)[m[Kâ€™:
[1.464s] [01m[K/home/handsome/ros_ws_test/install/ros_utility_tools/include/ros_utility_tools/table_mongodbstore_client.h:470:25:[m[K [01;35m[Kwarning: [m[Kthere are no arguments to â€˜[01m[Kconvert_str[m[Kâ€™ that depend on a template parameter, so a declaration of â€˜[01m[Kconvert_str[m[Kâ€™ must be available [[01;35m[K-fpermissive[m[K]
[1.464s]        resp.error_code = [01;35m[Kconvert_str[m[K((int)table_srv_error_type) ;
[1.464s]                          [01;35m[K^~~~~~~~~~~[m[K
[1.464s] [01m[K/home/handsome/ros_ws_test/install/ros_utility_tools/include/ros_utility_tools/table_mongodbstore_client.h:479:25:[m[K [01;35m[Kwarning: [m[Kthere are no arguments to â€˜[01m[Kconvert_str[m[Kâ€™ that depend on a template parameter, so a declaration of â€˜[01m[Kconvert_str[m[Kâ€™ must be available [[01;35m[K-fpermissive[m[K]
[1.464s]        resp.error_code = [01;35m[Kconvert_str[m[K((int)table_srv_error_type) ;
[1.464s]                          [01;35m[K^~~~~~~~~~~[m[K
[1.465s] [01m[K/home/handsome/ros_ws_test/install/ros_utility_tools/include/ros_utility_tools/table_mongodbstore_client.h:487:25:[m[K [01;35m[Kwarning: [m[Kthere are no arguments to â€˜[01m[Kconvert_str[m[Kâ€™ that depend on a template parameter, so a declaration of â€˜[01m[Kconvert_str[m[Kâ€™ must be available [[01;35m[K-fpermissive[m[K]
[1.465s]        resp.error_code = [01;35m[Kconvert_str[m[K((int)edb_tb_err_type_none) ;
[1.465s]                          [01;35m[K^~~~~~~~~~~[m[K
[1.465s] [01m[K/home/handsome/ros_ws_test/install/ros_utility_tools/include/ros_utility_tools/table_mongodbstore_client.h:504:25:[m[K [01;35m[Kwarning: [m[Kthere are no arguments to â€˜[01m[Kconvert_str[m[Kâ€™ that depend on a template parameter, so a declaration of â€˜[01m[Kconvert_str[m[Kâ€™ must be available [[01;35m[K-fpermissive[m[K]
[1.465s]        resp.error_code = [01;35m[Kconvert_str[m[K((int)edb_tb_err_type_none) ;
[1.465s]                          [01;35m[K^~~~~~~~~~~[m[K
[1.465s] [01m[K/home/handsome/ros_ws_test/install/ros_utility_tools/include/ros_utility_tools/table_mongodbstore_client.h:509:25:[m[K [01;35m[Kwarning: [m[Kthere are no arguments to â€˜[01m[Kconvert_str[m[Kâ€™ that depend on a template parameter, so a declaration of â€˜[01m[Kconvert_str[m[Kâ€™ must be available [[01;35m[K-fpermissive[m[K]
[1.465s]        resp.error_code = [01;35m[Kconvert_str[m[K((int)table_srv_error_type) ;
[1.465s]                          [01;35m[K^~~~~~~~~~~[m[K
[1.465s] [01m[K/home/handsome/ros_ws_test/install/ros_utility_tools/include/ros_utility_tools/table_mongodbstore_client.h:520:25:[m[K [01;35m[Kwarning: [m[Kthere are no arguments to â€˜[01m[Kconvert_str[m[Kâ€™ that depend on a template parameter, so a declaration of â€˜[01m[Kconvert_str[m[Kâ€™ must be available [[01;35m[K-fpermissive[m[K]
[1.465s]        resp.error_code = [01;35m[Kconvert_str[m[K((int)edb_tb_err_type_none) ;
[1.465s]                          [01;35m[K^~~~~~~~~~~[m[K
[1.465s] [01m[K/home/handsome/ros_ws_test/install/ros_utility_tools/include/ros_utility_tools/table_mongodbstore_client.h:525:25:[m[K [01;35m[Kwarning: [m[Kthere are no arguments to â€˜[01m[Kconvert_str[m[Kâ€™ that depend on a template parameter, so a declaration of â€˜[01m[Kconvert_str[m[Kâ€™ must be available [[01;35m[K-fpermissive[m[K]
[1.465s]        resp.error_code = [01;35m[Kconvert_str[m[K((int)table_srv_error_type) ;
[1.465s]                          [01;35m[K^~~~~~~~~~~[m[K
[1.465s] [01m[K/home/handsome/ros_ws_test/install/ros_utility_tools/include/ros_utility_tools/table_mongodbstore_client.h:533:24:[m[K [01;35m[Kwarning: [m[Kthere are no arguments to â€˜[01m[Kconvert_str[m[Kâ€™ that depend on a template parameter, so a declaration of â€˜[01m[Kconvert_str[m[Kâ€™ must be available [[01;35m[K-fpermissive[m[K]
[1.465s]       resp.error_code = [01;35m[Kconvert_str[m[K((int)edb_tb_err_type_none) ;
[1.465s]                         [01;35m[K^~~~~~~~~~~[m[K
[1.649s] [01m[K/home/handsome/ros_ws_test/src/ros_base/cell_controller/Model/cellctrl_database_bridge/src/cell_controller_tables/cellctrl_dbtable_process.cpp:[m[K In constructor â€˜[01m[Kcellctrl_dbtable_process::cellctrl_dbtable_process(ros::NodeHandle&)[m[Kâ€™:
[1.649s] [01m[K/home/handsome/ros_ws_test/src/ros_base/cell_controller/Model/cellctrl_database_bridge/src/cell_controller_tables/cellctrl_dbtable_process.cpp:8:67:[m[K [01;31m[Kerror: [m[Kinvalid new-expression of abstract class type â€˜[01m[Kmodule_tbcell_agv_main[m[Kâ€™
[1.649s]      cell_agv_main = new module_tbcell_agv_main(nh_,tbname_agv_main[01;31m[K)[m[K;
[1.649s]                                                                    [01;31m[K^[m[K
[1.649s] In file included from [01m[K/home/handsome/ros_ws_test/src/ros_base/cell_controller/Model/cellctrl_database_bridge/include/cell_controller_tables/cellctrl_dbtable_process.h:5:0[m[K,
[1.650s]                  from [01m[K/home/handsome/ros_ws_test/src/ros_base/cell_controller/Model/cellctrl_database_bridge/src/cell_controller_tables/cellctrl_dbtable_process.cpp:1[m[K:
[1.650s] [01m[K/home/handsome/ros_ws_test/src/ros_base/cell_controller/Model/cellctrl_database_bridge/include/cell_controller_tables/cellctrl_agvapp_tables.h:33:7:[m[K [01;36m[Knote: [m[K  because the following virtual functions are pure within â€˜[01m[Kmodule_tbcell_agv_main[m[Kâ€™:
[1.650s]  class [01;36m[Kmodule_tbcell_agv_main[m[K : public table_mongodbstore_client<type_tbcell_agv_main,type_tbcell_agv_main_req,type_tbcell_agv_main_resp>
[1.650s]        [01;36m[K^~~~~~~~~~~~~~~~~~~~~~[m[K
[1.650s] In file included from [01m[K/home/handsome/ros_ws_test/src/ros_base/cell_controller/Model/cellctrl_database_bridge/include/cell_controller_tables/cellctrl_dbtable_process.h:4:0[m[K,
[1.650s]                  from [01m[K/home/handsome/ros_ws_test/src/ros_base/cell_controller/Model/cellctrl_database_bridge/src/cell_controller_tables/cellctrl_dbtable_process.cpp:1[m[K:
[1.650s] [01m[K/home/handsome/ros_ws_test/install/ros_utility_tools/include/ros_utility_tools/table_mongodbstore_client.h:268:16:[m[K [01;36m[Knote: [m[K	bool table_mongodbstore_client<MsgType, MsgType_req, MsgType_resp>::v_ptr_results_vector_find_if(std::__cxx11::string, std::__cxx11::string, db_tb_search_type, int&) [with MsgType = cellctrl_control_msgs::cell_agv_main_<std::allocator<void> >; MsgType_req = cellctrl_control_msgs::cell_agv_main_cmdRequest_<std::allocator<void> >; MsgType_resp = cellctrl_control_msgs::cell_agv_main_cmdResponse_<std::allocator<void> >; std::__cxx11::string = std::__cxx11::basic_string<char>]
[1.650s]    virtual bool [01;36m[Kv_ptr_results_vector_find_if[m[K(std::string _sch_keydata,std::string _sub_sch_keydata,db_tb_search_type _search_type,int &rst_distance) = 0 ;
[1.650s]                 [01;36m[K^~~~~~~~~~~~~~~~~~~~~~~~~~~~[m[K
[1.650s] [01m[K/home/handsome/ros_ws_test/src/ros_base/cell_controller/Model/cellctrl_database_bridge/src/cell_controller_tables/cellctrl_dbtable_process.cpp:9:70:[m[K [01;31m[Kerror: [m[Kinvalid new-expression of abstract class type â€˜[01m[Kmodule_tbcell_agv_motor[m[Kâ€™
[1.650s]      cell_agv_motor = new module_tbcell_agv_motor(nh_,tbname_agv_motor[01;31m[K)[m[K;
[1.650s]                                                                       [01;31m[K^[m[K
[1.650s] In file included from [01m[K/home/handsome/ros_ws_test/src/ros_base/cell_controller/Model/cellctrl_database_bridge/include/cell_controller_tables/cellctrl_dbtable_process.h:5:0[m[K,
[1.650s]                  from [01m[K/home/handsome/ros_ws_test/src/ros_base/cell_controller/Model/cellctrl_database_bridge/src/cell_controller_tables/cellctrl_dbtable_process.cpp:1[m[K:
[1.650s] [01m[K/home/handsome/ros_ws_test/src/ros_base/cell_controller/Model/cellctrl_database_bridge/include/cell_controller_tables/cellctrl_agvapp_tables.h:73:7:[m[K [01;36m[Knote: [m[K  because the following virtual functions are pure within â€˜[01m[Kmodule_tbcell_agv_motor[m[Kâ€™:
[1.650s]  class [01;36m[Kmodule_tbcell_agv_motor[m[K : public table_mongodbstore_client<type_tbcell_agv_motor,type_tbcell_agv_motor_req,type_tbcell_agv_motor_resp>
[1.650s]        [01;36m[K^~~~~~~~~~~~~~~~~~~~~~~[m[K
[1.650s] In file included from [01m[K/home/handsome/ros_ws_test/src/ros_base/cell_controller/Model/cellctrl_database_bridge/include/cell_controller_tables/cellctrl_dbtable_process.h:4:0[m[K,
[1.651s]                  from [01m[K/home/handsome/ros_ws_test/src/ros_base/cell_controller/Model/cellctrl_database_bridge/src/cell_controller_tables/cellctrl_dbtable_process.cpp:1[m[K:
[1.651s] [01m[K/home/handsome/ros_ws_test/install/ros_utility_tools/include/ros_utility_tools/table_mongodbstore_client.h:268:16:[m[K [01;36m[Knote: [m[K	bool table_mongodbstore_client<MsgType, MsgType_req, MsgType_resp>::v_ptr_results_vector_find_if(std::__cxx11::string, std::__cxx11::string, db_tb_search_type, int&) [with MsgType = cellctrl_control_msgs::cell_agv_motor_<std::allocator<void> >; MsgType_req = cellctrl_control_msgs::cell_agv_motor_cmdRequest_<std::allocator<void> >; MsgType_resp = cellctrl_control_msgs::cell_agv_motor_cmdResponse_<std::allocator<void> >; std::__cxx11::string = std::__cxx11::basic_string<char>]
[1.651s]    virtual bool [01;36m[Kv_ptr_results_vector_find_if[m[K(std::string _sch_keydata,std::string _sub_sch_keydata,db_tb_search_type _search_type,int &rst_distance) = 0 ;
[1.651s]                 [01;36m[K^~~~~~~~~~~~~~~~~~~~~~~~~~~~[m[K
[1.651s] [01m[K/home/handsome/ros_ws_test/src/ros_base/cell_controller/Model/cellctrl_database_bridge/src/cell_controller_tables/cellctrl_dbtable_process.cpp:10:64:[m[K [01;31m[Kerror: [m[Kinvalid new-expression of abstract class type â€˜[01m[Kmodule_tbcell_agv_imu[m[Kâ€™
[1.651s]      cell_agv_imu = new module_tbcell_agv_imu(nh_,tbname_agv_imu[01;31m[K)[m[K;
[1.651s]                                                                 [01;31m[K^[m[K
[1.651s] In file included from [01m[K/home/handsome/ros_ws_test/src/ros_base/cell_controller/Model/cellctrl_database_bridge/include/cell_controller_tables/cellctrl_dbtable_process.h:5:0[m[K,
[1.651s]                  from [01m[K/home/handsome/ros_ws_test/src/ros_base/cell_controller/Model/cellctrl_database_bridge/src/cell_controller_tables/cellctrl_dbtable_process.cpp:1[m[K:
[1.651s] [01m[K/home/handsome/ros_ws_test/src/ros_base/cell_controller/Model/cellctrl_database_bridge/include/cell_controller_tables/cellctrl_agvapp_tables.h:112:7:[m[K [01;36m[Knote: [m[K  because the following virtual functions are pure within â€˜[01m[Kmodule_tbcell_agv_imu[m[Kâ€™:
[1.651s]  class [01;36m[Kmodule_tbcell_agv_imu[m[K : public table_mongodbstore_client<type_tbcell_agv_imu,type_tbcell_agv_imu_req,type_tbcell_agv_imu_resp>
[1.651s]        [01;36m[K^~~~~~~~~~~~~~~~~~~~~[m[K
[1.651s] In file included from [01m[K/home/handsome/ros_ws_test/src/ros_base/cell_controller/Model/cellctrl_database_bridge/include/cell_controller_tables/cellctrl_dbtable_process.h:4:0[m[K,
[1.651s]                  from [01m[K/home/handsome/ros_ws_test/src/ros_base/cell_controller/Model/cellctrl_database_bridge/src/cell_controller_tables/cellctrl_dbtable_process.cpp:1[m[K:
[1.651s] [01m[K/home/handsome/ros_ws_test/install/ros_utility_tools/include/ros_utility_tools/table_mongodbstore_client.h:268:16:[m[K [01;36m[Knote: [m[K	bool table_mongodbstore_client<MsgType, MsgType_req, MsgType_resp>::v_ptr_results_vector_find_if(std::__cxx11::string, std::__cxx11::string, db_tb_search_type, int&) [with MsgType = cellctrl_control_msgs::cell_agv_imu_<std::allocator<void> >; MsgType_req = cellctrl_control_msgs::cell_agv_imu_cmdRequest_<std::allocator<void> >; MsgType_resp = cellctrl_control_msgs::cell_agv_imu_cmdResponse_<std::allocator<void> >; std::__cxx11::string = std::__cxx11::basic_string<char>]
[1.651s]    virtual bool [01;36m[Kv_ptr_results_vector_find_if[m[K(std::string _sch_keydata,std::string _sub_sch_keydata,db_tb_search_type _search_type,int &rst_distance) = 0 ;
[1.651s]                 [01;36m[K^~~~~~~~~~~~~~~~~~~~~~~~~~~~[m[K
[1.651s] [01m[K/home/handsome/ros_ws_test/src/ros_base/cell_controller/Model/cellctrl_database_bridge/src/cell_controller_tables/cellctrl_dbtable_process.cpp:11:73:[m[K [01;31m[Kerror: [m[Kinvalid new-expression of abstract class type â€˜[01m[Kmodule_tbcell_agv_camera[m[Kâ€™
[1.652s]      cell_agv_camera = new module_tbcell_agv_camera(nh_,tbname_agv_camera[01;31m[K)[m[K;
[1.652s]                                                                          [01;31m[K^[m[K
[1.652s] In file included from [01m[K/home/handsome/ros_ws_test/src/ros_base/cell_controller/Model/cellctrl_database_bridge/include/cell_controller_tables/cellctrl_dbtable_process.h:5:0[m[K,
[1.652s]                  from [01m[K/home/handsome/ros_ws_test/src/ros_base/cell_controller/Model/cellctrl_database_bridge/src/cell_controller_tables/cellctrl_dbtable_process.cpp:1[m[K:
[1.652s] [01m[K/home/handsome/ros_ws_test/src/ros_base/cell_controller/Model/cellctrl_database_bridge/include/cell_controller_tables/cellctrl_agvapp_tables.h:152:7:[m[K [01;36m[Knote: [m[K  because the following virtual functions are pure within â€˜[01m[Kmodule_tbcell_agv_camera[m[Kâ€™:
[1.652s]  class [01;36m[Kmodule_tbcell_agv_camera[m[K : public table_mongodbstore_client<type_tbcell_agv_camera,type_tbcell_agv_camera_req,type_tbcell_agv_camera_resp>
[1.652s]        [01;36m[K^~~~~~~~~~~~~~~~~~~~~~~~[m[K
[1.652s] In file included from [01m[K/home/handsome/ros_ws_test/src/ros_base/cell_controller/Model/cellctrl_database_bridge/include/cell_controller_tables/cellctrl_dbtable_process.h:4:0[m[K,
[1.652s]                  from [01m[K/home/handsome/ros_ws_test/src/ros_base/cell_controller/Model/cellctrl_database_bridge/src/cell_controller_tables/cellctrl_dbtable_process.cpp:1[m[K:
[1.652s] [01m[K/home/handsome/ros_ws_test/install/ros_utility_tools/include/ros_utility_tools/table_mongodbstore_client.h:268:16:[m[K [01;36m[Knote: [m[K	bool table_mongodbstore_client<MsgType, MsgType_req, MsgType_resp>::v_ptr_results_vector_find_if(std::__cxx11::string, std::__cxx11::string, db_tb_search_type, int&) [with MsgType = cellctrl_control_msgs::cell_agv_camera_<std::allocator<void> >; MsgType_req = cellctrl_control_msgs::cell_agv_camera_cmdRequest_<std::allocator<void> >; MsgType_resp = cellctrl_control_msgs::cell_agv_camera_cmdResponse_<std::allocator<void> >; std::__cxx11::string = std::__cxx11::basic_string<char>]
[1.652s]    virtual bool [01;36m[Kv_ptr_results_vector_find_if[m[K(std::string _sch_keydata,std::string _sub_sch_keydata,db_tb_search_type _search_type,int &rst_distance) = 0 ;
[1.652s]                 [01;36m[K^~~~~~~~~~~~~~~~~~~~~~~~~~~~[m[K
[1.652s] [01m[K/home/handsome/ros_ws_test/src/ros_base/cell_controller/Model/cellctrl_database_bridge/src/cell_controller_tables/cellctrl_dbtable_process.cpp:12:70:[m[K [01;31m[Kerror: [m[Kinvalid new-expression of abstract class type â€˜[01m[Kmodule_tbcell_agv_lidar[m[Kâ€™
[1.652s]      cell_agv_lidar = new module_tbcell_agv_lidar(nh_,tbname_agv_lidar[01;31m[K)[m[K;
[1.652s]                                                                       [01;31m[K^[m[K
[1.652s] In file included from [01m[K/home/handsome/ros_ws_test/src/ros_base/cell_controller/Model/cellctrl_database_bridge/include/cell_controller_tables/cellctrl_dbtable_process.h:5:0[m[K,
[1.652s]                  from [01m[K/home/handsome/ros_ws_test/src/ros_base/cell_controller/Model/cellctrl_database_bridge/src/cell_controller_tables/cellctrl_dbtable_process.cpp:1[m[K:
[1.652s] [01m[K/home/handsome/ros_ws_test/src/ros_base/cell_controller/Model/cellctrl_database_bridge/include/cell_controller_tables/cellctrl_agvapp_tables.h:192:7:[m[K [01;36m[Knote: [m[K  because the following virtual functions are pure within â€˜[01m[Kmodule_tbcell_agv_lidar[m[Kâ€™:
[1.653s]  class [01;36m[Kmodule_tbcell_agv_lidar[m[K : public table_mongodbstore_client<type_tbcell_agv_lidar,type_tbcell_agv_lidar_req,type_tbcell_agv_lidar_resp>
[1.653s]        [01;36m[K^~~~~~~~~~~~~~~~~~~~~~~[m[K
[1.653s] In file included from [01m[K/home/handsome/ros_ws_test/src/ros_base/cell_controller/Model/cellctrl_database_bridge/include/cell_controller_tables/cellctrl_dbtable_process.h:4:0[m[K,
[1.653s]                  from [01m[K/home/handsome/ros_ws_test/src/ros_base/cell_controller/Model/cellctrl_database_bridge/src/cell_controller_tables/cellctrl_dbtable_process.cpp:1[m[K:
[1.653s] [01m[K/home/handsome/ros_ws_test/install/ros_utility_tools/include/ros_utility_tools/table_mongodbstore_client.h:268:16:[m[K [01;36m[Knote: [m[K	bool table_mongodbstore_client<MsgType, MsgType_req, MsgType_resp>::v_ptr_results_vector_find_if(std::__cxx11::string, std::__cxx11::string, db_tb_search_type, int&) [with MsgType = cellctrl_control_msgs::cell_agv_lidar_<std::allocator<void> >; MsgType_req = cellctrl_control_msgs::cell_agv_lidar_cmdRequest_<std::allocator<void> >; MsgType_resp = cellctrl_control_msgs::cell_agv_lidar_cmdResponse_<std::allocator<void> >; std::__cxx11::string = std::__cxx11::basic_string<char>]
[1.653s]    virtual bool [01;36m[Kv_ptr_results_vector_find_if[m[K(std::string _sch_keydata,std::string _sub_sch_keydata,db_tb_search_type _search_type,int &rst_distance) = 0 ;
[1.653s]                 [01;36m[K^~~~~~~~~~~~~~~~~~~~~~~~~~~~[m[K
[1.653s] [01m[K/home/handsome/ros_ws_test/src/ros_base/cell_controller/Model/cellctrl_database_bridge/src/cell_controller_tables/cellctrl_dbtable_process.cpp:13:76:[m[K [01;31m[Kerror: [m[Kinvalid new-expression of abstract class type â€˜[01m[Kmodule_tbcell_agv_battery[m[Kâ€™
[1.653s]      cell_agv_battery = new module_tbcell_agv_battery(nh_,tbname_agv_battery[01;31m[K)[m[K;
[1.653s]                                                                             [01;31m[K^[m[K
[1.653s] In file included from [01m[K/home/handsome/ros_ws_test/src/ros_base/cell_controller/Model/cellctrl_database_bridge/include/cell_controller_tables/cellctrl_dbtable_process.h:5:0[m[K,
[1.653s]                  from [01m[K/home/handsome/ros_ws_test/src/ros_base/cell_controller/Model/cellctrl_database_bridge/src/cell_controller_tables/cellctrl_dbtable_process.cpp:1[m[K:
[1.653s] [01m[K/home/handsome/ros_ws_test/src/ros_base/cell_controller/Model/cellctrl_database_bridge/include/cell_controller_tables/cellctrl_agvapp_tables.h:232:7:[m[K [01;36m[Knote: [m[K  because the following virtual functions are pure within â€˜[01m[Kmodule_tbcell_agv_battery[m[Kâ€™:
[1.653s]  class [01;36m[Kmodule_tbcell_agv_battery[m[K : public table_mongodbstore_client<type_tbcell_agv_battery,type_tbcell_agv_battery_req,type_tbcell_agv_battery_resp>
[1.653s]        [01;36m[K^~~~~~~~~~~~~~~~~~~~~~~~~[m[K
[1.653s] In file included from [01m[K/home/handsome/ros_ws_test/src/ros_base/cell_controller/Model/cellctrl_database_bridge/include/cell_controller_tables/cellctrl_dbtable_process.h:4:0[m[K,
[1.653s]                  from [01m[K/home/handsome/ros_ws_test/src/ros_base/cell_controller/Model/cellctrl_database_bridge/src/cell_controller_tables/cellctrl_dbtable_process.cpp:1[m[K:
[1.653s] [01m[K/home/handsome/ros_ws_test/install/ros_utility_tools/include/ros_utility_tools/table_mongodbstore_client.h:268:16:[m[K [01;36m[Knote: [m[K	bool table_mongodbstore_client<MsgType, MsgType_req, MsgType_resp>::v_ptr_results_vector_find_if(std::__cxx11::string, std::__cxx11::string, db_tb_search_type, int&) [with MsgType = cellctrl_control_msgs::cell_agv_battery_<std::allocator<void> >; MsgType_req = cellctrl_control_msgs::cell_agv_battery_cmdRequest_<std::allocator<void> >; MsgType_resp = cellctrl_control_msgs::cell_agv_battery_cmdResponse_<std::allocator<void> >; std::__cxx11::string = std::__cxx11::basic_string<char>]
[1.654s]    virtual bool [01;36m[Kv_ptr_results_vector_find_if[m[K(std::string _sch_keydata,std::string _sub_sch_keydata,db_tb_search_type _search_type,int &rst_distance) = 0 ;
[1.654s]                 [01;36m[K^~~~~~~~~~~~~~~~~~~~~~~~~~~~[m[K
[1.654s] [01m[K/home/handsome/ros_ws_test/src/ros_base/cell_controller/Model/cellctrl_database_bridge/src/cell_controller_tables/cellctrl_dbtable_process.cpp:14:79:[m[K [01;31m[Kerror: [m[Kinvalid new-expression of abstract class type â€˜[01m[Kmodule_tbcell_alarmhistory[m[Kâ€™
[1.654s]      cell_alarmhistory = new module_tbcell_alarmhistory(nh_,tbname_alarmhistory[01;31m[K)[m[K;
[1.654s]                                                                                [01;31m[K^[m[K
[1.654s] In file included from [01m[K/home/handsome/ros_ws_test/src/ros_base/cell_controller/Model/cellctrl_database_bridge/include/cell_controller_tables/cellctrl_dbtable_process.h:5:0[m[K,
[1.654s]                  from [01m[K/home/handsome/ros_ws_test/src/ros_base/cell_controller/Model/cellctrl_database_bridge/src/cell_controller_tables/cellctrl_dbtable_process.cpp:1[m[K:
[1.654s] [01m[K/home/handsome/ros_ws_test/src/ros_base/cell_controller/Model/cellctrl_database_bridge/include/cell_controller_tables/cellctrl_agvapp_tables.h:272:7:[m[K [01;36m[Knote: [m[K  because the following virtual functions are pure within â€˜[01m[Kmodule_tbcell_alarmhistory[m[Kâ€™:
[1.654s]  class [01;36m[Kmodule_tbcell_alarmhistory[m[K : public table_mongodbstore_client<type_tbcell_alarmhistory,type_tbcell_alarmhistory_req,type_tbcell_alarmhistory_resp>
[1.654s]        [01;36m[K^~~~~~~~~~~~~~~~~~~~~~~~~~[m[K
[1.654s] In file included from [01m[K/home/handsome/ros_ws_test/src/ros_base/cell_controller/Model/cellctrl_database_bridge/include/cell_controller_tables/cellctrl_dbtable_process.h:4:0[m[K,
[1.654s]                  from [01m[K/home/handsome/ros_ws_test/src/ros_base/cell_controller/Model/cellctrl_database_bridge/src/cell_controller_tables/cellctrl_dbtable_process.cpp:1[m[K:
[1.654s] [01m[K/home/handsome/ros_ws_test/install/ros_utility_tools/include/ros_utility_tools/table_mongodbstore_client.h:268:16:[m[K [01;36m[Knote: [m[K	bool table_mongodbstore_client<MsgType, MsgType_req, MsgType_resp>::v_ptr_results_vector_find_if(std::__cxx11::string, std::__cxx11::string, db_tb_search_type, int&) [with MsgType = cellctrl_control_msgs::cell_alarmhistory_<std::allocator<void> >; MsgType_req = cellctrl_control_msgs::cell_alarmhistory_cmdRequest_<std::allocator<void> >; MsgType_resp = cellctrl_control_msgs::cell_alarmhistory_cmdResponse_<std::allocator<void> >; std::__cxx11::string = std::__cxx11::basic_string<char>]
[1.654s]    virtual bool [01;36m[Kv_ptr_results_vector_find_if[m[K(std::string _sch_keydata,std::string _sub_sch_keydata,db_tb_search_type _search_type,int &rst_distance) = 0 ;
[1.654s]                 [01;36m[K^~~~~~~~~~~~~~~~~~~~~~~~~~~~[m[K
[1.654s] [01m[K/home/handsome/ros_ws_test/src/ros_base/cell_controller/Model/cellctrl_database_bridge/src/cell_controller_tables/cellctrl_dbtable_process.cpp:15:88:[m[K [01;31m[Kerror: [m[Kinvalid new-expression of abstract class type â€˜[01m[Kmodule_tbcell_maintainhistory[m[Kâ€™
[1.654s]      cell_maintainhistory = new module_tbcell_maintainhistory(nh_,tbname_maintainhistory[01;31m[K)[m[K;
[1.654s]                                                                                         [01;31m[K^[m[K
[1.655s] In file included from [01m[K/home/handsome/ros_ws_test/src/ros_base/cell_controller/Model/cellctrl_database_bridge/include/cell_controller_tables/cellctrl_dbtable_process.h:5:0[m[K,
[1.655s]                  from [01m[K/home/handsome/ros_ws_test/src/ros_base/cell_controller/Model/cellctrl_database_bridge/src/cell_controller_tables/cellctrl_dbtable_process.cpp:1[m[K:
[1.655s] [01m[K/home/handsome/ros_ws_test/src/ros_base/cell_controller/Model/cellctrl_database_bridge/include/cell_controller_tables/cellctrl_agvapp_tables.h:312:7:[m[K [01;36m[Knote: [m[K  because the following virtual functions are pure within â€˜[01m[Kmodule_tbcell_maintainhistory[m[Kâ€™:
[1.655s]  class [01;36m[Kmodule_tbcell_maintainhistory[m[K : public table_mongodbstore_client<type_tbcell_maintainhistory,type_tbcell_maintainhistory_req,type_tbcell_maintainhistory_resp>
[1.655s]        [01;36m[K^~~~~~~~~~~~~~~~~~~~~~~~~~~~~[m[K
[1.655s] In file included from [01m[K/home/handsome/ros_ws_test/src/ros_base/cell_controller/Model/cellctrl_database_bridge/include/cell_controller_tables/cellctrl_dbtable_process.h:4:0[m[K,
[1.655s]                  from [01m[K/home/handsome/ros_ws_test/src/ros_base/cell_controller/Model/cellctrl_database_bridge/src/cell_controller_tables/cellctrl_dbtable_process.cpp:1[m[K:
[1.655s] [01m[K/home/handsome/ros_ws_test/install/ros_utility_tools/include/ros_utility_tools/table_mongodbstore_client.h:268:16:[m[K [01;36m[Knote: [m[K	bool table_mongodbstore_client<MsgType, MsgType_req, MsgType_resp>::v_ptr_results_vector_find_if(std::__cxx11::string, std::__cxx11::string, db_tb_search_type, int&) [with MsgType = cellctrl_control_msgs::cell_maintainhistory_<std::allocator<void> >; MsgType_req = cellctrl_control_msgs::cell_maintainhistory_cmdRequest_<std::allocator<void> >; MsgType_resp = cellctrl_control_msgs::cell_maintainhistory_cmdResponse_<std::allocator<void> >; std::__cxx11::string = std::__cxx11::basic_string<char>]
[1.655s]    virtual bool [01;36m[Kv_ptr_results_vector_find_if[m[K(std::string _sch_keydata,std::string _sub_sch_keydata,db_tb_search_type _search_type,int &rst_distance) = 0 ;
[1.655s]                 [01;36m[K^~~~~~~~~~~~~~~~~~~~~~~~~~~~[m[K
[1.655s] [01m[K/home/handsome/ros_ws_test/src/ros_base/cell_controller/Model/cellctrl_database_bridge/src/cell_controller_tables/cellctrl_dbtable_process.cpp:16:85:[m[K [01;31m[Kerror: [m[Kinvalid new-expression of abstract class type â€˜[01m[Kmodule_tbcell_operatehistory[m[Kâ€™
[1.655s]      cell_operatehistory = new module_tbcell_operatehistory(nh_,tbname_operatehistory[01;31m[K)[m[K;
[1.655s]                                                                                      [01;31m[K^[m[K
[1.655s] In file included from [01m[K/home/handsome/ros_ws_test/src/ros_base/cell_controller/Model/cellctrl_database_bridge/include/cell_controller_tables/cellctrl_dbtable_process.h:5:0[m[K,
[1.655s]                  from [01m[K/home/handsome/ros_ws_test/src/ros_base/cell_controller/Model/cellctrl_database_bridge/src/cell_controller_tables/cellctrl_dbtable_process.cpp:1[m[K:
[1.655s] [01m[K/home/handsome/ros_ws_test/src/ros_base/cell_controller/Model/cellctrl_database_bridge/include/cell_controller_tables/cellctrl_agvapp_tables.h:352:7:[m[K [01;36m[Knote: [m[K  because the following virtual functions are pure within â€˜[01m[Kmodule_tbcell_operatehistory[m[Kâ€™:
[1.655s]  class [01;36m[Kmodule_tbcell_operatehistory[m[K : public table_mongodbstore_client<type_tbcell_operatehistory,type_tbcell_operatehistory_req,type_tbcell_operatehistory_resp>
[1.655s]        [01;36m[K^~~~~~~~~~~~~~~~~~~~~~~~~~~~[m[K
[1.656s] In file included from [01m[K/home/handsome/ros_ws_test/src/ros_base/cell_controller/Model/cellctrl_database_bridge/include/cell_controller_tables/cellctrl_dbtable_process.h:4:0[m[K,
[1.656s]                  from [01m[K/home/handsome/ros_ws_test/src/ros_base/cell_controller/Model/cellctrl_database_bridge/src/cell_controller_tables/cellctrl_dbtable_process.cpp:1[m[K:
[1.656s] [01m[K/home/handsome/ros_ws_test/install/ros_utility_tools/include/ros_utility_tools/table_mongodbstore_client.h:268:16:[m[K [01;36m[Knote: [m[K	bool table_mongodbstore_client<MsgType, MsgType_req, MsgType_resp>::v_ptr_results_vector_find_if(std::__cxx11::string, std::__cxx11::string, db_tb_search_type, int&) [with MsgType = cellctrl_control_msgs::cell_operatehistory_<std::allocator<void> >; MsgType_req = cellctrl_control_msgs::cell_operatehistory_cmdRequest_<std::allocator<void> >; MsgType_resp = cellctrl_control_msgs::cell_operatehistory_cmdResponse_<std::allocator<void> >; std::__cxx11::string = std::__cxx11::basic_string<char>]
[1.656s]    virtual bool [01;36m[Kv_ptr_results_vector_find_if[m[K(std::string _sch_keydata,std::string _sub_sch_keydata,db_tb_search_type _search_type,int &rst_distance) = 0 ;
[1.656s]                 [01;36m[K^~~~~~~~~~~~~~~~~~~~~~~~~~~~[m[K
[1.656s] [01m[K/home/handsome/ros_ws_test/src/ros_base/cell_controller/Model/cellctrl_database_bridge/src/cell_controller_tables/cellctrl_dbtable_process.cpp:18:79:[m[K [01;31m[Kerror: [m[Kinvalid new-expression of abstract class type â€˜[01m[Kmodule_tbcell_agv_basetype[m[Kâ€™
[1.656s]      cell_agv_basetype = new module_tbcell_agv_basetype(nh_,tbname_agv_basetype[01;31m[K)[m[K;
[1.656s]                                                                                [01;31m[K^[m[K
[1.656s] In file included from [01m[K/home/handsome/ros_ws_test/src/ros_base/cell_controller/Model/cellctrl_database_bridge/include/cell_controller_tables/cellctrl_dbtable_process.h:6:0[m[K,
[1.656s]                  from [01m[K/home/handsome/ros_ws_test/src/ros_base/cell_controller/Model/cellctrl_database_bridge/src/cell_controller_tables/cellctrl_dbtable_process.cpp:1[m[K:
[1.656s] [01m[K/home/handsome/ros_ws_test/src/ros_base/cell_controller/Model/cellctrl_database_bridge/include/cell_controller_tables/cellctrl_agvbasetype_tables.h:26:7:[m[K [01;36m[Knote: [m[K  because the following virtual functions are pure within â€˜[01m[Kmodule_tbcell_agv_basetype[m[Kâ€™:
[1.656s]  class [01;36m[Kmodule_tbcell_agv_basetype[m[K : public table_mongodbstore_client<type_tbcell_agv_basetype,type_tbcell_agv_basetype_req,type_tbcell_agv_basetype_resp>
[1.656s]        [01;36m[K^~~~~~~~~~~~~~~~~~~~~~~~~~[m[K
[1.656s] In file included from [01m[K/home/handsome/ros_ws_test/src/ros_base/cell_controller/Model/cellctrl_database_bridge/include/cell_controller_tables/cellctrl_dbtable_process.h:4:0[m[K,
[1.656s]                  from [01m[K/home/handsome/ros_ws_test/src/ros_base/cell_controller/Model/cellctrl_database_bridge/src/cell_controller_tables/cellctrl_dbtable_process.cpp:1[m[K:
[1.656s] [01m[K/home/handsome/ros_ws_test/install/ros_utility_tools/include/ros_utility_tools/table_mongodbstore_client.h:268:16:[m[K [01;36m[Knote: [m[K	bool table_mongodbstore_client<MsgType, MsgType_req, MsgType_resp>::v_ptr_results_vector_find_if(std::__cxx11::string, std::__cxx11::string, db_tb_search_type, int&) [with MsgType = cellctrl_control_msgs::cell_agv_basetype_<std::allocator<void> >; MsgType_req = cellctrl_control_msgs::cell_agv_basetype_cmdRequest_<std::allocator<void> >; MsgType_resp = cellctrl_control_msgs::cell_agv_basetype_cmdResponse_<std::allocator<void> >; std::__cxx11::string = std::__cxx11::basic_string<char>]
[1.656s]    virtual bool [01;36m[Kv_ptr_results_vector_find_if[m[K(std::string _sch_keydata,std::string _sub_sch_keydata,db_tb_search_type _search_type,int &rst_distance) = 0 ;
[1.656s]                 [01;36m[K^~~~~~~~~~~~~~~~~~~~~~~~~~~~[m[K
[1.657s] [01m[K/home/handsome/ros_ws_test/src/ros_base/cell_controller/Model/cellctrl_database_bridge/src/cell_controller_tables/cellctrl_dbtable_process.cpp:19:94:[m[K [01;31m[Kerror: [m[Kinvalid new-expression of abstract class type â€˜[01m[Kmodule_tbcell_agv_basetypeitems[m[Kâ€™
[1.657s]      cell_agv_basetypeitems = new module_tbcell_agv_basetypeitems(nh_,tbname_agv_basetypeitems[01;31m[K)[m[K;
[1.657s]                                                                                               [01;31m[K^[m[K
[1.657s] In file included from [01m[K/home/handsome/ros_ws_test/src/ros_base/cell_controller/Model/cellctrl_database_bridge/include/cell_controller_tables/cellctrl_dbtable_process.h:6:0[m[K,
[1.657s]                  from [01m[K/home/handsome/ros_ws_test/src/ros_base/cell_controller/Model/cellctrl_database_bridge/src/cell_controller_tables/cellctrl_dbtable_process.cpp:1[m[K:
[1.657s] [01m[K/home/handsome/ros_ws_test/src/ros_base/cell_controller/Model/cellctrl_database_bridge/include/cell_controller_tables/cellctrl_agvbasetype_tables.h:66:7:[m[K [01;36m[Knote: [m[K  because the following virtual functions are pure within â€˜[01m[Kmodule_tbcell_agv_basetypeitems[m[Kâ€™:
[1.657s]  class [01;36m[Kmodule_tbcell_agv_basetypeitems[m[K : public table_mongodbstore_client<type_tbcell_agv_basetypeitems,type_tbcell_agv_basetypeitems_req,type_tbcell_agv_basetypeitems_resp>
[1.657s]        [01;36m[K^~~~~~~~~~~~~~~~~~~~~~~~~~~~~~~[m[K
[1.657s] In file included from [01m[K/home/handsome/ros_ws_test/src/ros_base/cell_controller/Model/cellctrl_database_bridge/include/cell_controller_tables/cellctrl_dbtable_process.h:4:0[m[K,
[1.657s]                  from [01m[K/home/handsome/ros_ws_test/src/ros_base/cell_controller/Model/cellctrl_database_bridge/src/cell_controller_tables/cellctrl_dbtable_process.cpp:1[m[K:
[1.657s] [01m[K/home/handsome/ros_ws_test/install/ros_utility_tools/include/ros_utility_tools/table_mongodbstore_client.h:268:16:[m[K [01;36m[Knote: [m[K	bool table_mongodbstore_client<MsgType, MsgType_req, MsgType_resp>::v_ptr_results_vector_find_if(std::__cxx11::string, std::__cxx11::string, db_tb_search_type, int&) [with MsgType = cellctrl_control_msgs::cell_agv_basetypeitems_<std::allocator<void> >; MsgType_req = cellctrl_control_msgs::cell_agv_basetypeitems_cmdRequest_<std::allocator<void> >; MsgType_resp = cellctrl_control_msgs::cell_agv_basetypeitems_cmdResponse_<std::allocator<void> >; std::__cxx11::string = std::__cxx11::basic_string<char>]
[1.657s]    virtual bool [01;36m[Kv_ptr_results_vector_find_if[m[K(std::string _sch_keydata,std::string _sub_sch_keydata,db_tb_search_type _search_type,int &rst_distance) = 0 ;
[1.657s]                 [01;36m[K^~~~~~~~~~~~~~~~~~~~~~~~~~~~[m[K
[1.657s] [01m[K/home/handsome/ros_ws_test/src/ros_base/cell_controller/Model/cellctrl_database_bridge/src/cell_controller_tables/cellctrl_dbtable_process.cpp:20:71:[m[K [01;31m[Kerror: [m[Kinvalid new-expression of abstract class type â€˜[01m[Kmodule_tbcell_device[m[Kâ€™
[1.657s]      cell_base_device = new module_tbcell_device(nh_,tbname_base_device[01;31m[K)[m[K;
[1.657s]                                                                        [01;31m[K^[m[K
[1.657s] In file included from [01m[K/home/handsome/ros_ws_test/src/ros_base/cell_controller/Model/cellctrl_database_bridge/include/cell_controller_tables/cellctrl_dbtable_process.h:6:0[m[K,
[1.657s]                  from [01m[K/home/handsome/ros_ws_test/src/ros_base/cell_controller/Model/cellctrl_database_bridge/src/cell_controller_tables/cellctrl_dbtable_process.cpp:1[m[K:
[1.657s] [01m[K/home/handsome/ros_ws_test/src/ros_base/cell_controller/Model/cellctrl_database_bridge/include/cell_controller_tables/cellctrl_agvbasetype_tables.h:104:7:[m[K [01;36m[Knote: [m[K  because the following virtual functions are pure within â€˜[01m[Kmodule_tbcell_device[m[Kâ€™:
[1.658s]  class [01;36m[Kmodule_tbcell_device[m[K : public table_mongodbstore_client<type_tbcell_device,type_tbcell_device_req,type_tbcell_device_resp>
[1.658s]        [01;36m[K^~~~~~~~~~~~~~~~~~~~[m[K
[1.658s] In file included from [01m[K/home/handsome/ros_ws_test/src/ros_base/cell_controller/Model/cellctrl_database_bridge/include/cell_controller_tables/cellctrl_dbtable_process.h:4:0[m[K,
[1.658s]                  from [01m[K/home/handsome/ros_ws_test/src/ros_base/cell_controller/Model/cellctrl_database_bridge/src/cell_controller_tables/cellctrl_dbtable_process.cpp:1[m[K:
[1.658s] [01m[K/home/handsome/ros_ws_test/install/ros_utility_tools/include/ros_utility_tools/table_mongodbstore_client.h:268:16:[m[K [01;36m[Knote: [m[K	bool table_mongodbstore_client<MsgType, MsgType_req, MsgType_resp>::v_ptr_results_vector_find_if(std::__cxx11::string, std::__cxx11::string, db_tb_search_type, int&) [with MsgType = cellctrl_control_msgs::cell_base_device_<std::allocator<void> >; MsgType_req = cellctrl_control_msgs::cell_base_device_cmdRequest_<std::allocator<void> >; MsgType_resp = cellctrl_control_msgs::cell_base_device_cmdResponse_<std::allocator<void> >; std::__cxx11::string = std::__cxx11::basic_string<char>]
[1.658s]    virtual bool [01;36m[Kv_ptr_results_vector_find_if[m[K(std::string _sch_keydata,std::string _sub_sch_keydata,db_tb_search_type _search_type,int &rst_distance) = 0 ;
[1.658s]                 [01;36m[K^~~~~~~~~~~~~~~~~~~~~~~~~~~~[m[K
[1.658s] [01m[K/home/handsome/ros_ws_test/src/ros_base/cell_controller/Model/cellctrl_database_bridge/src/cell_controller_tables/cellctrl_dbtable_process.cpp:21:91:[m[K [01;31m[Kerror: [m[Kinvalid new-expression of abstract class type â€˜[01m[Kmodule_tbcell_battery_caculate[m[Kâ€™
[1.658s]      cell_battery_caculate = new module_tbcell_battery_caculate(nh_,tbname_battery_caculate[01;31m[K)[m[K;
[1.658s]                                                                                            [01;31m[K^[m[K
[1.658s] In file included from [01m[K/home/handsome/ros_ws_test/src/ros_base/cell_controller/Model/cellctrl_database_bridge/include/cell_controller_tables/cellctrl_dbtable_process.h:6:0[m[K,
[1.658s]                  from [01m[K/home/handsome/ros_ws_test/src/ros_base/cell_controller/Model/cellctrl_database_bridge/src/cell_controller_tables/cellctrl_dbtable_process.cpp:1[m[K:
[1.658s] [01m[K/home/handsome/ros_ws_test/src/ros_base/cell_controller/Model/cellctrl_database_bridge/include/cell_controller_tables/cellctrl_agvbasetype_tables.h:144:7:[m[K [01;36m[Knote: [m[K  because the following virtual functions are pure within â€˜[01m[Kmodule_tbcell_battery_caculate[m[Kâ€™:
[1.658s]  class [01;36m[Kmodule_tbcell_battery_caculate[m[K : public table_mongodbstore_client<type_tbcell_battery_caculate,type_tbcell_battery_caculate_req,type_tbcell_battery_caculate_resp>
[1.658s]        [01;36m[K^~~~~~~~~~~~~~~~~~~~~~~~~~~~~~[m[K
[1.658s] In file included from [01m[K/home/handsome/ros_ws_test/src/ros_base/cell_controller/Model/cellctrl_database_bridge/include/cell_controller_tables/cellctrl_dbtable_process.h:4:0[m[K,
[1.658s]                  from [01m[K/home/handsome/ros_ws_test/src/ros_base/cell_controller/Model/cellctrl_database_bridge/src/cell_controller_tables/cellctrl_dbtable_process.cpp:1[m[K:
[1.658s] [01m[K/home/handsome/ros_ws_test/install/ros_utility_tools/include/ros_utility_tools/table_mongodbstore_client.h:268:16:[m[K [01;36m[Knote: [m[K	bool table_mongodbstore_client<MsgType, MsgType_req, MsgType_resp>::v_ptr_results_vector_find_if(std::__cxx11::string, std::__cxx11::string, db_tb_search_type, int&) [with MsgType = cellctrl_control_msgs::cell_battery_caculate_<std::allocator<void> >; MsgType_req = cellctrl_control_msgs::cell_battery_caculate_cmdRequest_<std::allocator<void> >; MsgType_resp = cellctrl_control_msgs::cell_battery_caculate_cmdResponse_<std::allocator<void> >; std::__cxx11::string = std::__cxx11::basic_string<char>]
[1.659s]    virtual bool [01;36m[Kv_ptr_results_vector_find_if[m[K(std::string _sch_keydata,std::string _sub_sch_keydata,db_tb_search_type _search_type,int &rst_distance) = 0 ;
[1.659s]                 [01;36m[K^~~~~~~~~~~~~~~~~~~~~~~~~~~~[m[K
[1.659s] [01m[K/home/handsome/ros_ws_test/src/ros_base/cell_controller/Model/cellctrl_database_bridge/src/cell_controller_tables/cellctrl_dbtable_process.cpp:22:85:[m[K [01;31m[Kerror: [m[Kinvalid new-expression of abstract class type â€˜[01m[Kmodule_tbcell_battery_remain[m[Kâ€™
[1.659s]      cell_battery_remain = new module_tbcell_battery_remain(nh_,tbname_battery_remain[01;31m[K)[m[K;
[1.659s]                                                                                      [01;31m[K^[m[K
[1.659s] In file included from [01m[K/home/handsome/ros_ws_test/src/ros_base/cell_controller/Model/cellctrl_database_bridge/include/cell_controller_tables/cellctrl_dbtable_process.h:6:0[m[K,
[1.659s]                  from [01m[K/home/handsome/ros_ws_test/src/ros_base/cell_controller/Model/cellctrl_database_bridge/src/cell_controller_tables/cellctrl_dbtable_process.cpp:1[m[K:
[1.659s] [01m[K/home/handsome/ros_ws_test/src/ros_base/cell_controller/Model/cellctrl_database_bridge/include/cell_controller_tables/cellctrl_agvbasetype_tables.h:184:7:[m[K [01;36m[Knote: [m[K  because the following virtual functions are pure within â€˜[01m[Kmodule_tbcell_battery_remain[m[Kâ€™:
[1.659s]  class [01;36m[Kmodule_tbcell_battery_remain[m[K : public table_mongodbstore_client<type_tbcell_battery_remain,type_tbcell_battery_remain_req,type_tbcell_battery_remain_resp>
[1.659s]        [01;36m[K^~~~~~~~~~~~~~~~~~~~~~~~~~~~[m[K
[1.659s] In file included from [01m[K/home/handsome/ros_ws_test/src/ros_base/cell_controller/Model/cellctrl_database_bridge/include/cell_controller_tables/cellctrl_dbtable_process.h:4:0[m[K,
[1.659s]                  from [01m[K/home/handsome/ros_ws_test/src/ros_base/cell_controller/Model/cellctrl_database_bridge/src/cell_controller_tables/cellctrl_dbtable_process.cpp:1[m[K:
[1.659s] [01m[K/home/handsome/ros_ws_test/install/ros_utility_tools/include/ros_utility_tools/table_mongodbstore_client.h:268:16:[m[K [01;36m[Knote: [m[K	bool table_mongodbstore_client<MsgType, MsgType_req, MsgType_resp>::v_ptr_results_vector_find_if(std::__cxx11::string, std::__cxx11::string, db_tb_search_type, int&) [with MsgType = cellctrl_control_msgs::cell_battery_remain_<std::allocator<void> >; MsgType_req = cellctrl_control_msgs::cell_battery_remain_cmdRequest_<std::allocator<void> >; MsgType_resp = cellctrl_control_msgs::cell_battery_remain_cmdResponse_<std::allocator<void> >; std::__cxx11::string = std::__cxx11::basic_string<char>]
[1.659s]    virtual bool [01;36m[Kv_ptr_results_vector_find_if[m[K(std::string _sch_keydata,std::string _sub_sch_keydata,db_tb_search_type _search_type,int &rst_distance) = 0 ;
[1.659s]                 [01;36m[K^~~~~~~~~~~~~~~~~~~~~~~~~~~~[m[K
[1.659s] [01m[K/home/handsome/ros_ws_test/src/ros_base/cell_controller/Model/cellctrl_database_bridge/src/cell_controller_tables/cellctrl_dbtable_process.cpp:24:70:[m[K [01;31m[Kerror: [m[Kinvalid new-expression of abstract class type â€˜[01m[Kmodule_tbcell_transfer[m[Kâ€™
[1.659s]      cell_tb_transfer = new module_tbcell_transfer(nh_,tbname_transfer[01;31m[K)[m[K;
[1.659s]                                                                       [01;31m[K^[m[K
[1.659s] In file included from [01m[K/home/handsome/ros_ws_test/src/ros_base/cell_controller/Model/cellctrl_database_bridge/include/cell_controller_tables/cellctrl_dbtable_process.h:7:0[m[K,
[1.660s]                  from [01m[K/home/handsome/ros_ws_test/src/ros_base/cell_controller/Model/cellctrl_database_bridge/src/cell_controller_tables/cellctrl_dbtable_process.cpp:1[m[K:
[1.660s] [01m[K/home/handsome/ros_ws_test/src/ros_base/cell_controller/Model/cellctrl_database_bridge/include/cell_controller_tables/cellctrl_module_tables.h:31:7:[m[K [01;36m[Knote: [m[K  because the following virtual functions are pure within â€˜[01m[Kmodule_tbcell_transfer[m[Kâ€™:
[1.660s]  class [01;36m[Kmodule_tbcell_transfer[m[K : public table_mongodbstore_client<type_tbcell_transfer,type_tbcell_transfer_req,type_tbcell_transfer_resp>
[1.660s]        [01;36m[K^~~~~~~~~~~~~~~~~~~~~~[m[K
[1.660s] In file included from [01m[K/home/handsome/ros_ws_test/src/ros_base/cell_controller/Model/cellctrl_database_bridge/include/cell_controller_tables/cellctrl_dbtable_process.h:4:0[m[K,
[1.660s]                  from [01m[K/home/handsome/ros_ws_test/src/ros_base/cell_controller/Model/cellctrl_database_bridge/src/cell_controller_tables/cellctrl_dbtable_process.cpp:1[m[K:
[1.660s] [01m[K/home/handsome/ros_ws_test/install/ros_utility_tools/include/ros_utility_tools/table_mongodbstore_client.h:268:16:[m[K [01;36m[Knote: [m[K	bool table_mongodbstore_client<MsgType, MsgType_req, MsgType_resp>::v_ptr_results_vector_find_if(std::__cxx11::string, std::__cxx11::string, db_tb_search_type, int&) [with MsgType = cellctrl_control_msgs::cell_base_transfer_<std::allocator<void> >; MsgType_req = cellctrl_control_msgs::cell_base_transfer_cmdRequest_<std::allocator<void> >; MsgType_resp = cellctrl_control_msgs::cell_base_transfer_cmdResponse_<std::allocator<void> >; std::__cxx11::string = std::__cxx11::basic_string<char>]
[1.660s]    virtual bool [01;36m[Kv_ptr_results_vector_find_if[m[K(std::string _sch_keydata,std::string _sub_sch_keydata,db_tb_search_type _search_type,int &rst_distance) = 0 ;
[1.660s]                 [01;36m[K^~~~~~~~~~~~~~~~~~~~~~~~~~~~[m[K
[1.660s] [01m[K/home/handsome/ros_ws_test/src/ros_base/cell_controller/Model/cellctrl_database_bridge/src/cell_controller_tables/cellctrl_dbtable_process.cpp:25:76:[m[K [01;31m[Kerror: [m[Kinvalid new-expression of abstract class type â€˜[01m[Kmodule_tbcell_mcfunction[m[Kâ€™
[1.660s]      cell_tb_mcfunction = new module_tbcell_mcfunction(nh_,tbname_mcfunction[01;31m[K)[m[K;
[1.660s]                                                                             [01;31m[K^[m[K
[1.660s] In file included from [01m[K/home/handsome/ros_ws_test/src/ros_base/cell_controller/Model/cellctrl_database_bridge/include/cell_controller_tables/cellctrl_dbtable_process.h:7:0[m[K,
[1.660s]                  from [01m[K/home/handsome/ros_ws_test/src/ros_base/cell_controller/Model/cellctrl_database_bridge/src/cell_controller_tables/cellctrl_dbtable_process.cpp:1[m[K:
[1.660s] [01m[K/home/handsome/ros_ws_test/src/ros_base/cell_controller/Model/cellctrl_database_bridge/include/cell_controller_tables/cellctrl_module_tables.h:71:7:[m[K [01;36m[Knote: [m[K  because the following virtual functions are pure within â€˜[01m[Kmodule_tbcell_mcfunction[m[Kâ€™:
[1.660s]  class [01;36m[Kmodule_tbcell_mcfunction[m[K : public table_mongodbstore_client<type_tbcell_mcfunction,type_tbcell_mcfunction_req,type_tbcell_mcfunction_resp>
[1.660s]        [01;36m[K^~~~~~~~~~~~~~~~~~~~~~~~[m[K
[1.660s] In file included from [01m[K/home/handsome/ros_ws_test/src/ros_base/cell_controller/Model/cellctrl_database_bridge/include/cell_controller_tables/cellctrl_dbtable_process.h:4:0[m[K,
[1.661s]                  from [01m[K/home/handsome/ros_ws_test/src/ros_base/cell_controller/Model/cellctrl_database_bridge/src/cell_controller_tables/cellctrl_dbtable_process.cpp:1[m[K:
[1.661s] [01m[K/home/handsome/ros_ws_test/install/ros_utility_tools/include/ros_utility_tools/table_mongodbstore_client.h:268:16:[m[K [01;36m[Knote: [m[K	bool table_mongodbstore_client<MsgType, MsgType_req, MsgType_resp>::v_ptr_results_vector_find_if(std::__cxx11::string, std::__cxx11::string, db_tb_search_type, int&) [with MsgType = cellctrl_control_msgs::cell_base_mcfunction_<std::allocator<void> >; MsgType_req = cellctrl_control_msgs::cell_base_mcfunction_cmdRequest_<std::allocator<void> >; MsgType_resp = cellctrl_control_msgs::cell_base_mcfunction_cmdResponse_<std::allocator<void> >; std::__cxx11::string = std::__cxx11::basic_string<char>]
[1.661s]    virtual bool [01;36m[Kv_ptr_results_vector_find_if[m[K(std::string _sch_keydata,std::string _sub_sch_keydata,db_tb_search_type _search_type,int &rst_distance) = 0 ;
[1.661s]                 [01;36m[K^~~~~~~~~~~~~~~~~~~~~~~~~~~~[m[K
[1.661s] [01m[K/home/handsome/ros_ws_test/src/ros_base/cell_controller/Model/cellctrl_database_bridge/src/cell_controller_tables/cellctrl_dbtable_process.cpp:26:61:[m[K [01;31m[Kerror: [m[Kinvalid new-expression of abstract class type â€˜[01m[Kmodule_tbcell_alarm[m[Kâ€™
[1.661s]      cell_tb_alarm = new module_tbcell_alarm(nh_,tbname_alarm[01;31m[K)[m[K;
[1.661s]                                                              [01;31m[K^[m[K
[1.661s] In file included from [01m[K/home/handsome/ros_ws_test/src/ros_base/cell_controller/Model/cellctrl_database_bridge/include/cell_controller_tables/cellctrl_dbtable_process.h:7:0[m[K,
[1.661s]                  from [01m[K/home/handsome/ros_ws_test/src/ros_base/cell_controller/Model/cellctrl_database_bridge/src/cell_controller_tables/cellctrl_dbtable_process.cpp:1[m[K:
[1.661s] [01m[K/home/handsome/ros_ws_test/src/ros_base/cell_controller/Model/cellctrl_database_bridge/include/cell_controller_tables/cellctrl_module_tables.h:112:7:[m[K [01;36m[Knote: [m[K  because the following virtual functions are pure within â€˜[01m[Kmodule_tbcell_alarm[m[Kâ€™:
[1.661s]  class [01;36m[Kmodule_tbcell_alarm[m[K : public table_mongodbstore_client<type_tbcell_alarm,type_tbcell_alarm_req,type_tbcell_alarm_resp>
[1.661s]        [01;36m[K^~~~~~~~~~~~~~~~~~~[m[K
[1.661s] In file included from [01m[K/home/handsome/ros_ws_test/src/ros_base/cell_controller/Model/cellctrl_database_bridge/include/cell_controller_tables/cellctrl_dbtable_process.h:4:0[m[K,
[1.661s]                  from [01m[K/home/handsome/ros_ws_test/src/ros_base/cell_controller/Model/cellctrl_database_bridge/src/cell_controller_tables/cellctrl_dbtable_process.cpp:1[m[K:
[1.661s] [01m[K/home/handsome/ros_ws_test/install/ros_utility_tools/include/ros_utility_tools/table_mongodbstore_client.h:268:16:[m[K [01;36m[Knote: [m[K	bool table_mongodbstore_client<MsgType, MsgType_req, MsgType_resp>::v_ptr_results_vector_find_if(std::__cxx11::string, std::__cxx11::string, db_tb_search_type, int&) [with MsgType = cellctrl_control_msgs::cell_base_alarm_<std::allocator<void> >; MsgType_req = cellctrl_control_msgs::cell_base_alarm_cmdRequest_<std::allocator<void> >; MsgType_resp = cellctrl_control_msgs::cell_base_alarm_cmdResponse_<std::allocator<void> >; std::__cxx11::string = std::__cxx11::basic_string<char>]
[1.661s]    virtual bool [01;36m[Kv_ptr_results_vector_find_if[m[K(std::string _sch_keydata,std::string _sub_sch_keydata,db_tb_search_type _search_type,int &rst_distance) = 0 ;
[1.661s]                 [01;36m[K^~~~~~~~~~~~~~~~~~~~~~~~~~~~[m[K
[1.661s] [01m[K/home/handsome/ros_ws_test/src/ros_base/cell_controller/Model/cellctrl_database_bridge/src/cell_controller_tables/cellctrl_dbtable_process.cpp:27:70:[m[K [01;31m[Kerror: [m[Kinvalid new-expression of abstract class type â€˜[01m[Kmodule_tbcell_maintain[m[Kâ€™
[1.662s]      cell_tb_maintain = new module_tbcell_maintain(nh_,tbname_maintain[01;31m[K)[m[K;
[1.662s]                                                                       [01;31m[K^[m[K
[1.662s] In file included from [01m[K/home/handsome/ros_ws_test/src/ros_base/cell_controller/Model/cellctrl_database_bridge/include/cell_controller_tables/cellctrl_dbtable_process.h:7:0[m[K,
[1.662s]                  from [01m[K/home/handsome/ros_ws_test/src/ros_base/cell_controller/Model/cellctrl_database_bridge/src/cell_controller_tables/cellctrl_dbtable_process.cpp:1[m[K:
[1.662s] [01m[K/home/handsome/ros_ws_test/src/ros_base/cell_controller/Model/cellctrl_database_bridge/include/cell_controller_tables/cellctrl_module_tables.h:151:7:[m[K [01;36m[Knote: [m[K  because the following virtual functions are pure within â€˜[01m[Kmodule_tbcell_maintain[m[Kâ€™:
[1.662s]  class [01;36m[Kmodule_tbcell_maintain[m[K : public table_mongodbstore_client<type_tbcell_maintain,type_tbcell_maintain_req,type_tbcell_maintain_resp>
[1.662s]        [01;36m[K^~~~~~~~~~~~~~~~~~~~~~[m[K
[1.662s] In file included from [01m[K/home/handsome/ros_ws_test/src/ros_base/cell_controller/Model/cellctrl_database_bridge/include/cell_controller_tables/cellctrl_dbtable_process.h:4:0[m[K,
[1.662s]                  from [01m[K/home/handsome/ros_ws_test/src/ros_base/cell_controller/Model/cellctrl_database_bridge/src/cell_controller_tables/cellctrl_dbtable_process.cpp:1[m[K:
[1.662s] [01m[K/home/handsome/ros_ws_test/install/ros_utility_tools/include/ros_utility_tools/table_mongodbstore_client.h:268:16:[m[K [01;36m[Knote: [m[K	bool table_mongodbstore_client<MsgType, MsgType_req, MsgType_resp>::v_ptr_results_vector_find_if(std::__cxx11::string, std::__cxx11::string, db_tb_search_type, int&) [with MsgType = cellctrl_control_msgs::cell_base_maintain_<std::allocator<void> >; MsgType_req = cellctrl_control_msgs::cell_base_maintain_cmdRequest_<std::allocator<void> >; MsgType_resp = cellctrl_control_msgs::cell_base_maintain_cmdResponse_<std::allocator<void> >; std::__cxx11::string = std::__cxx11::basic_string<char>]
[1.662s]    virtual bool [01;36m[Kv_ptr_results_vector_find_if[m[K(std::string _sch_keydata,std::string _sub_sch_keydata,db_tb_search_type _search_type,int &rst_distance) = 0 ;
[1.662s]                 [01;36m[K^~~~~~~~~~~~~~~~~~~~~~~~~~~~[m[K
[1.662s] [01m[K/home/handsome/ros_ws_test/src/ros_base/cell_controller/Model/cellctrl_database_bridge/src/cell_controller_tables/cellctrl_dbtable_process.cpp:28:88:[m[K [01;31m[Kerror: [m[Kinvalid new-expression of abstract class type â€˜[01m[Kmodule_tbcell_basecontroller[m[Kâ€™
[1.662s]      cell_tb_basecontroller = new module_tbcell_basecontroller(nh_,tbname_basecontroller[01;31m[K)[m[K;
[1.662s]                                                                                         [01;31m[K^[m[K
[1.662s] In file included from [01m[K/home/handsome/ros_ws_test/src/ros_base/cell_controller/Model/cellctrl_database_bridge/include/cell_controller_tables/cellctrl_dbtable_process.h:7:0[m[K,
[1.662s]                  from [01m[K/home/handsome/ros_ws_test/src/ros_base/cell_controller/Model/cellctrl_database_bridge/src/cell_controller_tables/cellctrl_dbtable_process.cpp:1[m[K:
[1.662s] [01m[K/home/handsome/ros_ws_test/src/ros_base/cell_controller/Model/cellctrl_database_bridge/include/cell_controller_tables/cellctrl_module_tables.h:190:7:[m[K [01;36m[Knote: [m[K  because the following virtual functions are pure within â€˜[01m[Kmodule_tbcell_basecontroller[m[Kâ€™:
[1.662s]  class [01;36m[Kmodule_tbcell_basecontroller[m[K : public table_mongodbstore_client<type_tbcell_basecontroller,type_tbcell_basecontroller_req,type_tbcell_basecontroller_resp>
[1.663s]        [01;36m[K^~~~~~~~~~~~~~~~~~~~~~~~~~~~[m[K
[1.663s] In file included from [01m[K/home/handsome/ros_ws_test/src/ros_base/cell_controller/Model/cellctrl_database_bridge/include/cell_controller_tables/cellctrl_dbtable_process.h:4:0[m[K,
[1.663s]                  from [01m[K/home/handsome/ros_ws_test/src/ros_base/cell_controller/Model/cellctrl_database_bridge/src/cell_controller_tables/cellctrl_dbtable_process.cpp:1[m[K:
[1.663s] [01m[K/home/handsome/ros_ws_test/install/ros_utility_tools/include/ros_utility_tools/table_mongodbstore_client.h:268:16:[m[K [01;36m[Knote: [m[K	bool table_mongodbstore_client<MsgType, MsgType_req, MsgType_resp>::v_ptr_results_vector_find_if(std::__cxx11::string, std::__cxx11::string, db_tb_search_type, int&) [with MsgType = cellctrl_control_msgs::base_cell_controller_<std::allocator<void> >; MsgType_req = cellctrl_control_msgs::base_cell_controller_cmdRequest_<std::allocator<void> >; MsgType_resp = cellctrl_control_msgs::base_cell_controller_cmdResponse_<std::allocator<void> >; std::__cxx11::string = std::__cxx11::basic_string<char>]
[1.663s]    virtual bool [01;36m[Kv_ptr_results_vector_find_if[m[K(std::string _sch_keydata,std::string _sub_sch_keydata,db_tb_search_type _search_type,int &rst_distance) = 0 ;
[1.663s]                 [01;36m[K^~~~~~~~~~~~~~~~~~~~~~~~~~~~[m[K
[1.663s] [01m[K/home/handsome/ros_ws_test/src/ros_base/cell_controller/Model/cellctrl_database_bridge/src/cell_controller_tables/cellctrl_dbtable_process.cpp:29:67:[m[K [01;31m[Kerror: [m[Kinvalid new-expression of abstract class type â€˜[01m[Kmodule_tbcell_operate[m[Kâ€™
[1.663s]      cell_tb_operate = new module_tbcell_operate(nh_,tbname_operate[01;31m[K)[m[K;
[1.663s]                                                                    [01;31m[K^[m[K
[1.663s] In file included from [01m[K/home/handsome/ros_ws_test/src/ros_base/cell_controller/Model/cellctrl_database_bridge/include/cell_controller_tables/cellctrl_dbtable_process.h:7:0[m[K,
[1.663s]                  from [01m[K/home/handsome/ros_ws_test/src/ros_base/cell_controller/Model/cellctrl_database_bridge/src/cell_controller_tables/cellctrl_dbtable_process.cpp:1[m[K:
[1.663s] [01m[K/home/handsome/ros_ws_test/src/ros_base/cell_controller/Model/cellctrl_database_bridge/include/cell_controller_tables/cellctrl_module_tables.h:229:7:[m[K [01;36m[Knote: [m[K  because the following virtual functions are pure within â€˜[01m[Kmodule_tbcell_operate[m[Kâ€™:
[1.663s]  class [01;36m[Kmodule_tbcell_operate[m[K : public table_mongodbstore_client<type_tbcell_operate,type_tbcell_operate_req,type_tbcell_operate_resp>
[1.663s]        [01;36m[K^~~~~~~~~~~~~~~~~~~~~[m[K
[1.663s] In file included from [01m[K/home/handsome/ros_ws_test/src/ros_base/cell_controller/Model/cellctrl_database_bridge/include/cell_controller_tables/cellctrl_dbtable_process.h:4:0[m[K,
[1.663s]                  from [01m[K/home/handsome/ros_ws_test/src/ros_base/cell_controller/Model/cellctrl_database_bridge/src/cell_controller_tables/cellctrl_dbtable_process.cpp:1[m[K:
[1.663s] [01m[K/home/handsome/ros_ws_test/install/ros_utility_tools/include/ros_utility_tools/table_mongodbstore_client.h:268:16:[m[K [01;36m[Knote: [m[K	bool table_mongodbstore_client<MsgType, MsgType_req, MsgType_resp>::v_ptr_results_vector_find_if(std::__cxx11::string, std::__cxx11::string, db_tb_search_type, int&) [with MsgType = cellctrl_control_msgs::cell_base_operate_<std::allocator<void> >; MsgType_req = cellctrl_control_msgs::cell_base_operate_cmdRequest_<std::allocator<void> >; MsgType_resp = cellctrl_control_msgs::cell_base_operate_cmdResponse_<std::allocator<void> >; std::__cxx11::string = std::__cxx11::basic_string<char>]
[1.663s]    virtual bool [01;36m[Kv_ptr_results_vector_find_if[m[K(std::string _sch_keydata,std::string _sub_sch_keydata,db_tb_search_type _search_type,int &rst_distance) = 0 ;
[1.664s]                 [01;36m[K^~~~~~~~~~~~~~~~~~~~~~~~~~~~[m[K
[1.664s] [01m[K/home/handsome/ros_ws_test/src/ros_base/cell_controller/Model/cellctrl_database_bridge/src/cell_controller_tables/cellctrl_dbtable_process.cpp:31:73:[m[K [01;31m[Kerror: [m[Kinvalid new-expression of abstract class type â€˜[01m[Kmodule_tbcell_work_order[m[Kâ€™
[1.664s]      cell_work_order = new module_tbcell_work_order(nh_,tbname_work_order[01;31m[K)[m[K;
[1.664s]                                                                          [01;31m[K^[m[K
[1.664s] In file included from [01m[K/home/handsome/ros_ws_test/src/ros_base/cell_controller/Model/cellctrl_database_bridge/include/cell_controller_tables/cellctrl_dbtable_process.h:8:0[m[K,
[1.664s]                  from [01m[K/home/handsome/ros_ws_test/src/ros_base/cell_controller/Model/cellctrl_database_bridge/src/cell_controller_tables/cellctrl_dbtable_process.cpp:1[m[K:
[1.664s] [01m[K/home/handsome/ros_ws_test/src/ros_base/cell_controller/Model/cellctrl_database_bridge/include/cell_controller_tables/cellctrl_orders_tables.h:27:7:[m[K [01;36m[Knote: [m[K  because the following virtual functions are pure within â€˜[01m[Kmodule_tbcell_work_order[m[Kâ€™:
[1.664s]  class [01;36m[Kmodule_tbcell_work_order[m[K : public table_mongodbstore_client<type_tbcell_work_order,type_tbcell_work_order_req,type_tbcell_work_order_resp>
[1.664s]        [01;36m[K^~~~~~~~~~~~~~~~~~~~~~~~[m[K
[1.664s] In file included from [01m[K/home/handsome/ros_ws_test/src/ros_base/cell_controller/Model/cellctrl_database_bridge/include/cell_controller_tables/cellctrl_dbtable_process.h:4:0[m[K,
[1.664s]                  from [01m[K/home/handsome/ros_ws_test/src/ros_base/cell_controller/Model/cellctrl_database_bridge/src/cell_controller_tables/cellctrl_dbtable_process.cpp:1[m[K:
[1.664s] [01m[K/home/handsome/ros_ws_test/install/ros_utility_tools/include/ros_utility_tools/table_mongodbstore_client.h:268:16:[m[K [01;36m[Knote: [m[K	bool table_mongodbstore_client<MsgType, MsgType_req, MsgType_resp>::v_ptr_results_vector_find_if(std::__cxx11::string, std::__cxx11::string, db_tb_search_type, int&) [with MsgType = cellctrl_control_msgs::cell_work_order_<std::allocator<void> >; MsgType_req = cellctrl_control_msgs::cell_work_order_cmdRequest_<std::allocator<void> >; MsgType_resp = cellctrl_control_msgs::cell_work_order_cmdResponse_<std::allocator<void> >; std::__cxx11::string = std::__cxx11::basic_string<char>]
[1.664s]    virtual bool [01;36m[Kv_ptr_results_vector_find_if[m[K(std::string _sch_keydata,std::string _sub_sch_keydata,db_tb_search_type _search_type,int &rst_distance) = 0 ;
[1.664s]                 [01;36m[K^~~~~~~~~~~~~~~~~~~~~~~~~~~~[m[K
[1.664s] [01m[K/home/handsome/ros_ws_test/src/ros_base/cell_controller/Model/cellctrl_database_bridge/src/cell_controller_tables/cellctrl_dbtable_process.cpp:32:88:[m[K [01;31m[Kerror: [m[Kinvalid new-expression of abstract class type â€˜[01m[Kmodule_tbcell_work_orderitems[m[Kâ€™
[1.664s]      cell_work_orderitems = new module_tbcell_work_orderitems(nh_,tbname_work_orderitems[01;31m[K)[m[K;
[1.664s]                                                                                         [01;31m[K^[m[K
[1.664s] In file included from [01m[K/home/handsome/ros_ws_test/src/ros_base/cell_controller/Model/cellctrl_database_bridge/include/cell_controller_tables/cellctrl_dbtable_process.h:8:0[m[K,
[1.665s]                  from [01m[K/home/handsome/ros_ws_test/src/ros_base/cell_controller/Model/cellctrl_database_bridge/src/cell_controller_tables/cellctrl_dbtable_process.cpp:1[m[K:
[1.665s] [01m[K/home/handsome/ros_ws_test/src/ros_base/cell_controller/Model/cellctrl_database_bridge/include/cell_controller_tables/cellctrl_orders_tables.h:67:7:[m[K [01;36m[Knote: [m[K  because the following virtual functions are pure within â€˜[01m[Kmodule_tbcell_work_orderitems[m[Kâ€™:
[1.665s]  class [01;36m[Kmodule_tbcell_work_orderitems[m[K : public table_mongodbstore_client<type_tbcell_work_orderitems,type_tbcell_work_orderitems_req,type_tbcell_work_orderitems_resp>
[1.665s]        [01;36m[K^~~~~~~~~~~~~~~~~~~~~~~~~~~~~[m[K
[1.665s] In file included from [01m[K/home/handsome/ros_ws_test/src/ros_base/cell_controller/Model/cellctrl_database_bridge/include/cell_controller_tables/cellctrl_dbtable_process.h:4:0[m[K,
[1.665s]                  from [01m[K/home/handsome/ros_ws_test/src/ros_base/cell_controller/Model/cellctrl_database_bridge/src/cell_controller_tables/cellctrl_dbtable_process.cpp:1[m[K:
[1.665s] [01m[K/home/handsome/ros_ws_test/install/ros_utility_tools/include/ros_utility_tools/table_mongodbstore_client.h:268:16:[m[K [01;36m[Knote: [m[K	bool table_mongodbstore_client<MsgType, MsgType_req, MsgType_resp>::v_ptr_results_vector_find_if(std::__cxx11::string, std::__cxx11::string, db_tb_search_type, int&) [with MsgType = cellctrl_control_msgs::cell_work_orderitems_<std::allocator<void> >; MsgType_req = cellctrl_control_msgs::cell_work_orderitems_cmdRequest_<std::allocator<void> >; MsgType_resp = cellctrl_control_msgs::cell_work_orderitems_cmdResponse_<std::allocator<void> >; std::__cxx11::string = std::__cxx11::basic_string<char>]
[1.665s]    virtual bool [01;36m[Kv_ptr_results_vector_find_if[m[K(std::string _sch_keydata,std::string _sub_sch_keydata,db_tb_search_type _search_type,int &rst_distance) = 0 ;
[1.665s]                 [01;36m[K^~~~~~~~~~~~~~~~~~~~~~~~~~~~[m[K
[1.665s] [01m[K/home/handsome/ros_ws_test/src/ros_base/cell_controller/Model/cellctrl_database_bridge/src/cell_controller_tables/cellctrl_dbtable_process.cpp:33:88:[m[K [01;31m[Kerror: [m[Kinvalid new-expression of abstract class type â€˜[01m[Kmodule_tbcell_work_ordergoods[m[Kâ€™
[1.665s]      cell_work_ordergoods = new module_tbcell_work_ordergoods(nh_,tbname_work_ordergoods[01;31m[K)[m[K;
[1.665s]                                                                                         [01;31m[K^[m[K
[1.665s] In file included from [01m[K/home/handsome/ros_ws_test/src/ros_base/cell_controller/Model/cellctrl_database_bridge/include/cell_controller_tables/cellctrl_dbtable_process.h:8:0[m[K,
[1.665s]                  from [01m[K/home/handsome/ros_ws_test/src/ros_base/cell_controller/Model/cellctrl_database_bridge/src/cell_controller_tables/cellctrl_dbtable_process.cpp:1[m[K:
[1.665s] [01m[K/home/handsome/ros_ws_test/src/ros_base/cell_controller/Model/cellctrl_database_bridge/include/cell_controller_tables/cellctrl_orders_tables.h:107:7:[m[K [01;36m[Knote: [m[K  because the following virtual functions are pure within â€˜[01m[Kmodule_tbcell_work_ordergoods[m[Kâ€™:
[1.665s]  class [01;36m[Kmodule_tbcell_work_ordergoods[m[K : public table_mongodbstore_client<type_tbcell_work_ordergoods,type_tbcell_work_ordergoods_req,type_tbcell_work_ordergoods_resp>
[1.665s]        [01;36m[K^~~~~~~~~~~~~~~~~~~~~~~~~~~~~[m[K
[1.665s] In file included from [01m[K/home/handsome/ros_ws_test/src/ros_base/cell_controller/Model/cellctrl_database_bridge/include/cell_controller_tables/cellctrl_dbtable_process.h:4:0[m[K,
[1.665s]                  from [01m[K/home/handsome/ros_ws_test/src/ros_base/cell_controller/Model/cellctrl_database_bridge/src/cell_controller_tables/cellctrl_dbtable_process.cpp:1[m[K:
[1.666s] [01m[K/home/handsome/ros_ws_test/install/ros_utility_tools/include/ros_utility_tools/table_mongodbstore_client.h:268:16:[m[K [01;36m[Knote: [m[K	bool table_mongodbstore_client<MsgType, MsgType_req, MsgType_resp>::v_ptr_results_vector_find_if(std::__cxx11::string, std::__cxx11::string, db_tb_search_type, int&) [with MsgType = cellctrl_control_msgs::cell_work_ordergoods_<std::allocator<void> >; MsgType_req = cellctrl_control_msgs::cell_work_ordergoods_cmdRequest_<std::allocator<void> >; MsgType_resp = cellctrl_control_msgs::cell_work_ordergoods_cmdResponse_<std::allocator<void> >; std::__cxx11::string = std::__cxx11::basic_string<char>]
[1.666s]    virtual bool [01;36m[Kv_ptr_results_vector_find_if[m[K(std::string _sch_keydata,std::string _sub_sch_keydata,db_tb_search_type _search_type,int &rst_distance) = 0 ;
[1.666s]                 [01;36m[K^~~~~~~~~~~~~~~~~~~~~~~~~~~~[m[K
[1.666s] [01m[K/home/handsome/ros_ws_test/src/ros_base/cell_controller/Model/cellctrl_database_bridge/src/cell_controller_tables/cellctrl_dbtable_process.cpp:35:82:[m[K [01;31m[Kerror: [m[Kinvalid new-expression of abstract class type â€˜[01m[Kmodule_tbcell_work_stations[m[Kâ€™
[1.666s]      cell_work_stations = new module_tbcell_work_stations(nh_,tbname_work_stations[01;31m[K)[m[K;
[1.666s]                                                                                   [01;31m[K^[m[K
[1.666s] In file included from [01m[K/home/handsome/ros_ws_test/src/ros_base/cell_controller/Model/cellctrl_database_bridge/include/cell_controller_tables/cellctrl_dbtable_process.h:9:0[m[K,
[1.666s]                  from [01m[K/home/handsome/ros_ws_test/src/ros_base/cell_controller/Model/cellctrl_database_bridge/src/cell_controller_tables/cellctrl_dbtable_process.cpp:1[m[K:
[1.666s] [01m[K/home/handsome/ros_ws_test/src/ros_base/cell_controller/Model/cellctrl_database_bridge/include/cell_controller_tables/cellctrl_stations_tables.h:27:7:[m[K [01;36m[Knote: [m[K  because the following virtual functions are pure within â€˜[01m[Kmodule_tbcell_work_stations[m[Kâ€™:
[1.666s]  class [01;36m[Kmodule_tbcell_work_stations[m[K : public table_mongodbstore_client<type_tbcell_work_stations,type_tbcell_work_stations_req,type_tbcell_work_stations_resp>
[1.666s]        [01;36m[K^~~~~~~~~~~~~~~~~~~~~~~~~~~[m[K
[1.666s] In file included from [01m[K/home/handsome/ros_ws_test/src/ros_base/cell_controller/Model/cellctrl_database_bridge/include/cell_controller_tables/cellctrl_dbtable_process.h:4:0[m[K,
[1.666s]                  from [01m[K/home/handsome/ros_ws_test/src/ros_base/cell_controller/Model/cellctrl_database_bridge/src/cell_controller_tables/cellctrl_dbtable_process.cpp:1[m[K:
[1.666s] [01m[K/home/handsome/ros_ws_test/install/ros_utility_tools/include/ros_utility_tools/table_mongodbstore_client.h:268:16:[m[K [01;36m[Knote: [m[K	bool table_mongodbstore_client<MsgType, MsgType_req, MsgType_resp>::v_ptr_results_vector_find_if(std::__cxx11::string, std::__cxx11::string, db_tb_search_type, int&) [with MsgType = cellctrl_control_msgs::cell_work_stations_<std::allocator<void> >; MsgType_req = cellctrl_control_msgs::cell_work_stations_cmdRequest_<std::allocator<void> >; MsgType_resp = cellctrl_control_msgs::cell_work_stations_cmdResponse_<std::allocator<void> >; std::__cxx11::string = std::__cxx11::basic_string<char>]
[1.666s]    virtual bool [01;36m[Kv_ptr_results_vector_find_if[m[K(std::string _sch_keydata,std::string _sub_sch_keydata,db_tb_search_type _search_type,int &rst_distance) = 0 ;
[1.666s]                 [01;36m[K^~~~~~~~~~~~~~~~~~~~~~~~~~~~[m[K
[1.666s] [01m[K/home/handsome/ros_ws_test/src/ros_base/cell_controller/Model/cellctrl_database_bridge/src/cell_controller_tables/cellctrl_dbtable_process.cpp:36:94:[m[K [01;31m[Kerror: [m[Kinvalid new-expression of abstract class type â€˜[01m[Kmodule_tbcell_work_stationitems[m[Kâ€™
[1.666s]      cell_work_stationitems = new module_tbcell_work_stationitems(nh_,tbname_work_stationitems[01;31m[K)[m[K;
[1.667s]                                                                                               [01;31m[K^[m[K
[1.667s] In file included from [01m[K/home/handsome/ros_ws_test/src/ros_base/cell_controller/Model/cellctrl_database_bridge/include/cell_controller_tables/cellctrl_dbtable_process.h:9:0[m[K,
[1.667s]                  from [01m[K/home/handsome/ros_ws_test/src/ros_base/cell_controller/Model/cellctrl_database_bridge/src/cell_controller_tables/cellctrl_dbtable_process.cpp:1[m[K:
[1.667s] [01m[K/home/handsome/ros_ws_test/src/ros_base/cell_controller/Model/cellctrl_database_bridge/include/cell_controller_tables/cellctrl_stations_tables.h:67:7:[m[K [01;36m[Knote: [m[K  because the following virtual functions are pure within â€˜[01m[Kmodule_tbcell_work_stationitems[m[Kâ€™:
[1.667s]  class [01;36m[Kmodule_tbcell_work_stationitems[m[K : public table_mongodbstore_client<type_tbcell_work_stationitems,type_tbcell_work_stationitems_req,type_tbcell_work_stationitems_resp>
[1.667s]        [01;36m[K^~~~~~~~~~~~~~~~~~~~~~~~~~~~~~~[m[K
[1.667s] In file included from [01m[K/home/handsome/ros_ws_test/src/ros_base/cell_controller/Model/cellctrl_database_bridge/include/cell_controller_tables/cellctrl_dbtable_process.h:4:0[m[K,
[1.667s]                  from [01m[K/home/handsome/ros_ws_test/src/ros_base/cell_controller/Model/cellctrl_database_bridge/src/cell_controller_tables/cellctrl_dbtable_process.cpp:1[m[K:
[1.667s] [01m[K/home/handsome/ros_ws_test/install/ros_utility_tools/include/ros_utility_tools/table_mongodbstore_client.h:268:16:[m[K [01;36m[Knote: [m[K	bool table_mongodbstore_client<MsgType, MsgType_req, MsgType_resp>::v_ptr_results_vector_find_if(std::__cxx11::string, std::__cxx11::string, db_tb_search_type, int&) [with MsgType = cellctrl_control_msgs::cell_work_stationitems_<std::allocator<void> >; MsgType_req = cellctrl_control_msgs::cell_work_stationitems_cmdRequest_<std::allocator<void> >; MsgType_resp = cellctrl_control_msgs::cell_work_stationitems_cmdResponse_<std::allocator<void> >; std::__cxx11::string = std::__cxx11::basic_string<char>]
[1.667s]    virtual bool [01;36m[Kv_ptr_results_vector_find_if[m[K(std::string _sch_keydata,std::string _sub_sch_keydata,db_tb_search_type _search_type,int &rst_distance) = 0 ;
[1.667s]                 [01;36m[K^~~~~~~~~~~~~~~~~~~~~~~~~~~~[m[K
[1.913s] make[2]: *** [CMakeFiles/cellctrl_database_bridge.dir/src/cell_controller_tables/cellctrl_dbtable_process.cpp.o] Error 1
[1.913s] CMakeFiles/cellctrl_database_bridge.dir/build.make:254: recipe for target 'CMakeFiles/cellctrl_database_bridge.dir/src/cell_controller_tables/cellctrl_dbtable_process.cpp.o' failed
[1.914s] CMakeFiles/Makefile2:899: recipe for target 'CMakeFiles/cellctrl_database_bridge.dir/all' failed
[1.914s] Makefile:140: recipe for target 'all' failed
[1.914s] make[1]: *** [CMakeFiles/cellctrl_database_bridge.dir/all] Error 2
[1.914s] make: *** [all] Error 2
[1.917s] Invoked command in '/home/handsome/ros_ws_test/build/cellctrl_database_bridge' returned '2': CMAKE_PREFIX_PATH=/home/handsome/ros_ws_test/install/mongodb_store:/home/handsome/ros_ws_test/install/ros_utility_tools:/home/handsome/ros_ws_test/install/mongodb_store_msgs:/home/handsome/ros_ws_test/install/cellctrl_control_msgs:${CMAKE_PREFIX_PATH} LD_LIBRARY_PATH=/home/handsome/ros_ws_test/install/mongodb_store/lib:/home/handsome/ros_ws_test/install/ros_utility_tools/lib:/home/handsome/ros_ws/install/yocs_cmd_vel_mux/lib:/home/handsome/ros_ws/install/tuw_multi_robot_router/lib:/home/handsome/ros_ws/install/tuw_voronoi_graph/lib:/home/handsome/ros_ws/install/tuw_vehicle_msgs/lib:/home/handsome/ros_ws/install/tuw_nav_rviz/lib:/home/handsome/ros_ws/install/tuw_multi_robot_local_behavior_controller/lib:/home/handsome/ros_ws/install/tuw_multi_robot_ctrl/lib:/home/handsome/ros_ws/install/tuw_nav_msgs/lib:/home/handsome/ros_ws/install/tuw_multi_robot_rviz/lib:/home/handsome/ros_ws/install/tuw_geometry_rviz/lib:/home/handsome/ros_ws/install/tuw_geometry_msgs/lib:/home/handsome/ros_ws/install/tuw_geometry/lib:/home/handsome/ros_ws/install/tuw_control/lib:/home/handsome/ros_ws/install/teb2_local_planner/lib:/home/handsome/ros_ws/install/spatio_temporal_voxel_layer/lib:/home/handsome/ros_ws/install/robot_database_bridge/lib:/home/handsome/ros_ws/install/ros_utility_tools/lib:/home/handsome/ros_ws/install/robot_localization/lib:/home/handsome/ros_ws/install/pnp_ros/lib:/home/handsome/ros_ws/install/omron_os32c_driver/lib:/home/handsome/ros_ws/install/dlux_plugins/lib:/home/handsome/ros_ws/install/dlux_global_planner/lib:/home/handsome/ros_ws/install/nav_grid_pub_sub/lib:/home/handsome/ros_ws/install/dwb_critics/lib:/home/handsome/ros_ws/install/nav_grid_iterators/lib:/home/handsome/ros_ws/install/locomotor/lib:/home/handsome/ros_ws/install/nav_core_adapter/lib:/home/handsome/ros_ws/install/dwb_plugins/lib:/home/handsome/ros_ws/install/dwb_local_planner/lib:/home/handsome/ros_ws/install/nav_2d_utils/lib:/home/handsome/ros_ws/install/global_planner_tests/lib:/home/handsome/ros_ws/install/costmap_queue/lib:/home/handsome/ros_ws/install/nav_core2/lib:/home/handsome/ros_ws/install/mongodb_store/lib:/home/handsome/ros_ws/install/libcreate/lib:/opt/ros/melodic/lib:/usr/local/lib PKG_CONFIG_PATH=/home/handsome/ros_ws_test/install/mongodb_store/lib/x86_64-linux-gnu/pkgconfig:/home/handsome/ros_ws_test/install/mongodb_store/lib/pkgconfig:/home/handsome/ros_ws_test/install/ros_utility_tools/lib/x86_64-linux-gnu/pkgconfig:/home/handsome/ros_ws_test/install/ros_utility_tools/lib/pkgconfig:/home/handsome/ros_ws_test/install/mongodb_store_msgs/lib/x86_64-linux-gnu/pkgconfig:/home/handsome/ros_ws_test/install/mongodb_store_msgs/lib/pkgconfig:/home/handsome/ros_ws_test/install/cellctrl_control_msgs/lib/x86_64-linux-gnu/pkgconfig:/home/handsome/ros_ws_test/install/cellctrl_control_msgs/lib/pkgconfig:${PKG_CONFIG_PATH} PYTHONPATH=/home/handsome/ros_ws_test/install/mongodb_store/lib/python2.7/dist-packages:/home/handsome/ros_ws_test/install/mongodb_store_msgs/lib/python2.7/dist-packages:/home/handsome/ros_ws_test/install/cellctrl_control_msgs/lib/python2.7/dist-packages:${PYTHONPATH} ROS_PACKAGE_PATH=/home/handsome/ros_ws_test/install/mongodb_store/share:/home/handsome/ros_ws_test/install/ros_utility_tools/share:/home/handsome/ros_ws_test/install/mongodb_store_msgs/share:/home/handsome/ros_ws_test/install/cellctrl_control_msgs/share:${ROS_PACKAGE_PATH} /usr/bin/cmake --build /home/handsome/ros_ws_test/build/cellctrl_database_bridge -- -j12 -l12
