[35m[1mScanning dependencies of target robot_scheduling_server_node[0m
[ 14%] [32mBuilding CXX object CMakeFiles/robot_scheduling_server_node.dir/src/robot_scheduling_server.cpp.o[0m
[ 14%] [32mBuilding CXX object CMakeFiles/robot_scheduling_server_node.dir/src/robot_scheduling_pnp_server.cpp.o[0m
[01m[K/home/handsome/ros_ws_test/src/ros_base/robot_scheduling/robot_scheduling_server/src/robot_scheduling_pnp_server.cpp:[m[K In constructor â€˜[01m[Krobot_scheduling_pnp_server::robot_scheduling_pnp_server()[m[Kâ€™:
[01m[K/home/handsome/ros_ws_test/src/ros_base/robot_scheduling/robot_scheduling_server/src/robot_scheduling_pnp_server.cpp:39:30:[m[K [01;31m[Kerror: [m[Kclass â€˜[01m[Krobot_scheduling_pnp_server[m[Kâ€™ does not have any field named â€˜[01m[Krobot_if_params_ac_[m[Kâ€™
                              [01;31m[Krobot_if_params_ac_[m[K(nh_,"robot_interface_parames"),
                              [01;31m[K^~~~~~~~~~~~~~~~~~~[m[K
make[2]: *** [CMakeFiles/robot_scheduling_server_node.dir/src/robot_scheduling_pnp_server.cpp.o] Error 1
CMakeFiles/robot_scheduling_server_node.dir/build.make:86: recipe for target 'CMakeFiles/robot_scheduling_server_node.dir/src/robot_scheduling_pnp_server.cpp.o' failed
CMakeFiles/Makefile2:67: recipe for target 'CMakeFiles/robot_scheduling_server_node.dir/all' failed
make[1]: *** [CMakeFiles/robot_scheduling_server_node.dir/all] Error 2
Makefile:140: recipe for target 'all' failed
make: *** [all] Error 2
