-- The C compiler identification is GNU 7.5.0
-- The CXX compiler identification is GNU 7.5.0
-- Check for working C compiler: /usr/bin/cc
-- Check for working C compiler: /usr/bin/cc -- works
-- Detecting C compiler ABI info
-- Detecting C compiler ABI info - done
-- Detecting C compile features
-- Detecting C compile features - done
-- Check for working CXX compiler: /usr/bin/c++
-- Check for working CXX compiler: /usr/bin/c++ -- works
-- Detecting CXX compiler ABI info
-- Detecting CXX compiler ABI info - done
-- Detecting CXX compile features
-- Detecting CXX compile features - done
-- Using CATKIN_DEVEL_PREFIX: /home/handsome/ros_ws_test/build/cellctrl_database_bridge/devel
-- Using CMAKE_PREFIX_PATH: /home/handsome/ros_ws_test/install/mongodb_store;/home/handsome/ros_ws_test/install/ros_utility_tools;/home/handsome/ros_ws_test/install/mongodb_store_msgs;/home/handsome/ros_ws_test/install/cellctrl_control_msgs;/home/handsome/ros_ws/install/yocs_cmd_vel_mux;/home/handsome/ros_ws/install/urdf_tutorial;/home/handsome/ros_ws/install/tuw_waypoint_to_spline_msgs;/home/handsome/ros_ws/install/tuw_multi_robot_router;/home/handsome/ros_ws/install/tuw_voronoi_graph;/home/handsome/ros_ws/install/tuw_vehicle_msgs;/home/handsome/ros_ws/install/tuw_order_planner;/home/handsome/ros_ws/install/tuw_object_rviz;/home/handsome/ros_ws/install/tuw_object_msgs;/home/handsome/ros_ws/install/tuw_nav_rviz;/home/handsome/ros_ws/install/tuw_multi_robot_local_behavior_controller;/home/handsome/ros_ws/install/tuw_multi_robot_ctrl;/home/handsome/ros_ws/install/tuw_nav_msgs;/home/handsome/ros_ws/install/tuw_multi_robot_rviz;/home/handsome/ros_ws/install/tuw_multi_robot_goal_generator;/home/handsome/ros_ws/install/robot_scheduling_utility;/home/handsome/ros_ws/install/robot_scheduling_actions;/home/handsome/ros_ws/install/actionlib_modules_bridge;/home/handsome/ros_ws/install/tuw_multi_robot_msgs;/home/handsome/ros_ws/install/tuw_multi_robot_demo;/home/handsome/ros_ws/install/tuw_local_controller_msgs;/home/handsome/ros_ws/install/tuw_geometry_rviz;/home/handsome/ros_ws/install/tuw_geometry_msgs;/home/handsome/ros_ws/install/tuw_geometry;/home/handsome/ros_ws/install/tuw_gazebo_msgs;/home/handsome/ros_ws/install/tuw_control;/home/handsome/ros_ws/install/tuw_airskin_msgs;/home/handsome/ros_ws/install/turtlebot_teleop;/home/handsome/ros_ws/install/tug_example_pnp_server;/home/handsome/ros_ws/install/tug_example_actions;/home/handsome/ros_ws/install/tug_example_msgs;/home/handsome/ros_ws/install/timed_roslaunch;/home/handsome/ros_ws/install/teb2_local_planner;/home/handsome/ros_ws/install/stated_roslaunch;/home/handsome/ros_ws/install/spatio_temporal_voxel_layer;/home/handsome/ros_ws/install/robot_udp_bridge;/home/handsome/ros_ws/install/robot_database_bridge;/home/handsome/ros_ws/install/samsungcmd_msgs;/home/handsome/ros_ws/install/rplidar_ros;/home/handsome/ros_ws/install/rp_action;/home/handsome/ros_ws/install/rp_action_msgs;/home/handsome/ros_ws/install/rosserial_xbee;/home/handsome/ros_ws/install/rosserial_windows;/home/handsome/ros_ws/install/rosserial_tivac;/home/handsome/ros_ws/install/rosserial_test;/home/handsome/ros_ws/install/rosserial_server;/home/handsome/ros_ws/install/rosserial_python;/home/handsome/ros_ws/install/rosserial_mbed;/home/handsome/ros_ws/install/rosserial_embeddedlinux;/home/handsome/ros_ws/install/rosserial_arduino;/home/handsome/ros_ws/install/rosserial_client;/home/handsome/ros_ws/install/rosserial_msgs;/home/handsome/ros_ws/install/cellctrl_qtgui_bridge;/home/handsome/ros_ws/install/car_db_manager_qtgui;/home/handsome/ros_ws/install/car_db_manager_bridge;/home/handsome/ros_ws/install/car_db_manager_action;/home/handsome/ros_ws/install/ros_utility_tools;/home/handsome/ros_ws/install/ros_package_test;/home/handsome/ros_ws/install/ros_package_manager;/home/handsome/ros_ws/install/robot_scheduling_server;/home/handsome/ros_ws/install/robot_scheduling_msgs;/home/handsome/ros_ws/install/robot_localization;/home/handsome/ros_ws/install/robot_control_msgs;/home/handsome/ros_ws/install/reset_location;/home/handsome/ros_ws/install/razor_imu_9dof;/home/handsome/ros_ws/install/pnp_rosplan;/home/handsome/ros_ws/install/actionlib_pnp_controller;/home/handsome/ros_ws/install/actionlib_modules_controller;/home/handsome/ros_ws/install/pnp_ros;/home/handsome/ros_ws/install/pnp_msgs;/home/handsome/ros_ws/install/open_auto_dock;/home/handsome/ros_ws/install/open_auto_dock_msgs;/home/handsome/ros_ws/install/omron_os32c_driver;/home/handsome/ros_ws/install/dlux_plugins;/home/handsome/ros_ws/install/dlux_global_planner;/home/handsome/ros_ws/install/nav_grid_pub_sub;/home/handsome/ros_ws/install/dwb_critics;/home/handsome/ros_ws/install/nav_grid_iterators;/home/handsome/ros_ws/install/locomove_base;/home/handsome/ros_ws/install/locomotor;/home/handsome/ros_ws/install/nav_core_adapter;/home/handsome/ros_ws/install/dwb_plugins;/home/handsome/ros_ws/install/dwb_local_planner;/home/handsome/ros_ws/install/nav_2d_utils;/home/handsome/ros_ws/install/global_planner_tests;/home/handsome/ros_ws/install/costmap_queue;/home/handsome/ros_ws/install/nav_core2;/home/handsome/ros_ws/install/nav_grid;/home/handsome/ros_ws/install/car_schedule_msgs;/home/handsome/ros_ws/install/actionlib_modules_msgs;/home/handsome/ros_ws/install/locomotor_msgs;/home/handsome/ros_ws/install/dwb_msgs;/home/handsome/ros_ws/install/nav_2d_msgs;/home/handsome/ros_ws/install/mongodb_log;/home/handsome/ros_ws/install/mongodb_store;/home/handsome/ros_ws/install/mongodb_store_msgs;/home/handsome/ros_ws/install/ca_driver;/home/handsome/ros_ws/install/libcreate;/home/handsome/ros_ws/install/i_robot_stage;/home/handsome/ros_ws/install/i_robot_navigation;/home/handsome/ros_ws/install/hyc_order_planner;/home/handsome/ros_ws/install/hyc_multi_robot_msgs;/home/handsome/ros_ws/install/fetch_open_auto_dock;/home/handsome/ros_ws/install/fetch_auto_dock_msgs;/home/handsome/ros_ws/install/change_teb2_max_vel_x_onfly;/home/handsome/ros_ws/install/cellctrl_control_msgs;/home/handsome/ros_ws/install/car_db_manager_msgs;/home/handsome/ros_ws/install/ca_msgs;/home/handsome/ros_ws/install/ca_description;/home/handsome/ros_ws/install/botcmd_msgs;/opt/ros/melodic
-- This workspace overlays: /home/handsome/ros_ws_test/install/mongodb_store;/home/handsome/ros_ws_test/install/ros_utility_tools;/home/handsome/ros_ws_test/install/mongodb_store_msgs;/home/handsome/ros_ws_test/install/cellctrl_control_msgs;/home/handsome/ros_ws/install/yocs_cmd_vel_mux;/home/handsome/ros_ws/install/urdf_tutorial;/home/handsome/ros_ws/install/tuw_waypoint_to_spline_msgs;/home/handsome/ros_ws/install/tuw_multi_robot_router;/home/handsome/ros_ws/install/tuw_voronoi_graph;/home/handsome/ros_ws/install/tuw_vehicle_msgs;/home/handsome/ros_ws/install/tuw_order_planner;/home/handsome/ros_ws/install/tuw_object_rviz;/home/handsome/ros_ws/install/tuw_object_msgs;/home/handsome/ros_ws/install/tuw_nav_rviz;/home/handsome/ros_ws/install/tuw_multi_robot_local_behavior_controller;/home/handsome/ros_ws/install/tuw_multi_robot_ctrl;/home/handsome/ros_ws/install/tuw_nav_msgs;/home/handsome/ros_ws/install/tuw_multi_robot_rviz;/home/handsome/ros_ws/install/tuw_multi_robot_goal_generator;/home/handsome/ros_ws/install/robot_scheduling_utility;/home/handsome/ros_ws/install/robot_scheduling_actions;/home/handsome/ros_ws/install/actionlib_modules_bridge;/home/handsome/ros_ws/install/tuw_multi_robot_msgs;/home/handsome/ros_ws/install/tuw_multi_robot_demo;/home/handsome/ros_ws/install/tuw_local_controller_msgs;/home/handsome/ros_ws/install/tuw_geometry_rviz;/home/handsome/ros_ws/install/tuw_geometry_msgs;/home/handsome/ros_ws/install/tuw_geometry;/home/handsome/ros_ws/install/tuw_gazebo_msgs;/home/handsome/ros_ws/install/tuw_control;/home/handsome/ros_ws/install/tuw_airskin_msgs;/home/handsome/ros_ws/install/turtlebot_teleop;/home/handsome/ros_ws/install/tug_example_pnp_server;/home/handsome/ros_ws/install/tug_example_actions;/home/handsome/ros_ws/install/tug_example_msgs;/home/handsome/ros_ws/install/timed_roslaunch;/home/handsome/ros_ws/install/teb2_local_planner;/home/handsome/ros_ws/install/stated_roslaunch;/home/handsome/ros_ws/install/spatio_temporal_voxel_layer;/home/handsome/ros_ws/install/robot_udp_bridge;/home/handsome/ros_ws/install/robot_database_bridge;/home/handsome/ros_ws/install/samsungcmd_msgs;/home/handsome/ros_ws/install/rplidar_ros;/home/handsome/ros_ws/install/rp_action;/home/handsome/ros_ws/install/rp_action_msgs;/home/handsome/ros_ws/install/rosserial_xbee;/home/handsome/ros_ws/install/rosserial_windows;/home/handsome/ros_ws/install/rosserial_tivac;/home/handsome/ros_ws/install/rosserial_test;/home/handsome/ros_ws/install/rosserial_server;/home/handsome/ros_ws/install/rosserial_python;/home/handsome/ros_ws/install/rosserial_mbed;/home/handsome/ros_ws/install/rosserial_embeddedlinux;/home/handsome/ros_ws/install/rosserial_arduino;/home/handsome/ros_ws/install/rosserial_client;/home/handsome/ros_ws/install/rosserial_msgs;/home/handsome/ros_ws/install/cellctrl_qtgui_bridge;/home/handsome/ros_ws/install/car_db_manager_qtgui;/home/handsome/ros_ws/install/car_db_manager_bridge;/home/handsome/ros_ws/install/car_db_manager_action;/home/handsome/ros_ws/install/ros_utility_tools;/home/handsome/ros_ws/install/ros_package_test;/home/handsome/ros_ws/install/ros_package_manager;/home/handsome/ros_ws/install/robot_scheduling_server;/home/handsome/ros_ws/install/robot_scheduling_msgs;/home/handsome/ros_ws/install/robot_localization;/home/handsome/ros_ws/install/robot_control_msgs;/home/handsome/ros_ws/install/reset_location;/home/handsome/ros_ws/install/razor_imu_9dof;/home/handsome/ros_ws/install/pnp_rosplan;/home/handsome/ros_ws/install/actionlib_pnp_controller;/home/handsome/ros_ws/install/actionlib_modules_controller;/home/handsome/ros_ws/install/pnp_ros;/home/handsome/ros_ws/install/pnp_msgs;/home/handsome/ros_ws/install/open_auto_dock;/home/handsome/ros_ws/install/open_auto_dock_msgs;/home/handsome/ros_ws/install/omron_os32c_driver;/home/handsome/ros_ws/install/dlux_plugins;/home/handsome/ros_ws/install/dlux_global_planner;/home/handsome/ros_ws/install/nav_grid_pub_sub;/home/handsome/ros_ws/install/dwb_critics;/home/handsome/ros_ws/install/nav_grid_iterators;/home/handsome/ros_ws/install/locomove_base;/home/handsome/ros_ws/install/locomotor;/home/handsome/ros_ws/install/nav_core_adapter;/home/handsome/ros_ws/install/dwb_plugins;/home/handsome/ros_ws/install/dwb_local_planner;/home/handsome/ros_ws/install/nav_2d_utils;/home/handsome/ros_ws/install/global_planner_tests;/home/handsome/ros_ws/install/costmap_queue;/home/handsome/ros_ws/install/nav_core2;/home/handsome/ros_ws/install/nav_grid;/home/handsome/ros_ws/install/car_schedule_msgs;/home/handsome/ros_ws/install/actionlib_modules_msgs;/home/handsome/ros_ws/install/locomotor_msgs;/home/handsome/ros_ws/install/dwb_msgs;/home/handsome/ros_ws/install/nav_2d_msgs;/home/handsome/ros_ws/install/mongodb_log;/home/handsome/ros_ws/install/mongodb_store;/home/handsome/ros_ws/install/mongodb_store_msgs;/home/handsome/ros_ws/install/ca_driver;/home/handsome/ros_ws/install/i_robot_stage;/home/handsome/ros_ws/install/i_robot_navigation;/home/handsome/ros_ws/install/hyc_order_planner;/home/handsome/ros_ws/install/hyc_multi_robot_msgs;/home/handsome/ros_ws/install/fetch_open_auto_dock;/home/handsome/ros_ws/install/fetch_auto_dock_msgs;/home/handsome/ros_ws/install/change_teb2_max_vel_x_onfly;/home/handsome/ros_ws/install/cellctrl_control_msgs;/home/handsome/ros_ws/install/car_db_manager_msgs;/home/handsome/ros_ws/install/ca_msgs;/home/handsome/ros_ws/install/ca_description;/home/handsome/ros_ws/install/botcmd_msgs;/opt/ros/melodic
-- Found PythonInterp: /usr/bin/python2 (found suitable version "2.7.17", minimum required is "2") 
-- Using PYTHON_EXECUTABLE: /usr/bin/python2
-- Using Debian Python package layout
-- Using empy: /usr/bin/empy
-- Using CATKIN_ENABLE_TESTING: ON
-- Call enable_testing()
-- Using CATKIN_TEST_RESULTS_DIR: /home/handsome/ros_ws_test/build/cellctrl_database_bridge/test_results
-- Found gtest sources under '/usr/src/googletest': gtests will be built
-- Found gmock sources under '/usr/src/googletest': gmock will be built
-- Found PythonInterp: /usr/bin/python2 (found version "2.7.17") 
-- Looking for pthread.h
-- Looking for pthread.h - found
-- Looking for pthread_create
-- Looking for pthread_create - not found
-- Looking for pthread_create in pthreads
-- Looking for pthread_create in pthreads - not found
-- Looking for pthread_create in pthread
-- Looking for pthread_create in pthread - found
-- Found Threads: TRUE  
-- Using Python nosetests: /usr/bin/nosetests-2.7
-- catkin 0.7.28
-- BUILD_SHARED_LIBS is on
-- Using these message generators: gencpp;geneus;genlisp;gennodejs;genpy
-- Boost version: 1.65.1
-- Found nlohmann_json: /usr/local/lib/cmake/nlohmann_json/nlohmann_jsonConfig.cmake (found version "3.7.0") 
-- Boost version: 1.65.1
-- Found the following Boost libraries:
--   system
--   thread
--   program_options
--   filesystem
--   chrono
--   date_time
--   atomic
-- Found OpenSSL: /usr/lib/x86_64-linux-gnu/libcrypto.so (found version "1.1.1") 
-- Found MongoClient: /usr/include, /usr/lib/x86_64-linux-gnu/libmongoclient.so;/usr/lib/x86_64-linux-gnu/libboost_system.so;/usr/lib/x86_64-linux-gnu/libboost_thread.so;/usr/lib/x86_64-linux-gnu/libboost_program_options.so;/usr/lib/x86_64-linux-gnu/libboost_filesystem.so;/usr/lib/x86_64-linux-gnu/libboost_chrono.so;/usr/lib/x86_64-linux-gnu/libboost_date_time.so;/usr/lib/x86_64-linux-gnu/libboost_atomic.so;/usr/lib/x86_64-linux-gnu/libpthread.so;/usr/lib/x86_64-linux-gnu/libssl.so;/usr/lib/x86_64-linux-gnu/libcrypto.so
-- MongoClient using new interface: YES
-- Found PkgConfig: /usr/bin/pkg-config (found version "0.29.1") 
-- Checking for module 'modbus'
--   No package 'modbus' found
-- Configuring done
WARNING: Target "cellctrl_database_bridge" requests linking to directory "/usr/include".  Targets may link only to libraries.  CMake is dropping the item.
-- Generating done
-- Build files have been written to: /home/handsome/ros_ws_test/build/cellctrl_database_bridge
[35m[1mScanning dependencies of target cellctrl_database_bridge[0m
[ 10%] [32mBuilding CXX object CMakeFiles/cellctrl_database_bridge.dir/src/cellctrl_database_bridge.cpp.o[0m
In file included from [01m[K/home/handsome/ros_ws_test/src/ros_base/cell_controller/Model/cellctrl_database_bridge/include/cell_controller_tables/cellctrl_dbtable_process.h:4:0[m[K,
                 from [01m[K/home/handsome/ros_ws_test/src/ros_base/cell_controller/Model/cellctrl_database_bridge/include/cell_controller/control_mongodbstore_client.h:10[m[K,
                 from [01m[K/home/handsome/ros_ws_test/src/ros_base/cell_controller/Model/cellctrl_database_bridge/include/cell_controller/cellctrl_database_Interface.h:4[m[K,
                 from [01m[K/home/handsome/ros_ws_test/src/ros_base/cell_controller/Model/cellctrl_database_bridge/include/cell_controller/cellctrl_database_bridge.h:4[m[K,
                 from [01m[K/home/handsome/ros_ws_test/src/ros_base/cell_controller/Model/cellctrl_database_bridge/src/cellctrl_database_bridge.cpp:1[m[K:
[01m[K/home/handsome/ros_ws_test/install/ros_utility_tools/include/ros_utility_tools/table_mongodbstore_client.h:[m[K In member function â€˜[01m[Kbool table_mongodbstore_client<MsgType, MsgType_req, MsgType_resp>::mongo_table_Insert(const boost::shared_ptr<X>&)[m[Kâ€™:
[01m[K/home/handsome/ros_ws_test/install/ros_utility_tools/include/ros_utility_tools/table_mongodbstore_client.h:96:27:[m[K [01;35m[Kwarning: [m[Kthere are no arguments to â€˜[01m[Kget_Now_LocalTime[m[Kâ€™ that depend on a template parameter, so a declaration of â€˜[01m[Kget_Now_LocalTime[m[Kâ€™ must be available [[01;35m[K-fpermissive[m[K]
    (*_data).update_time = [01;35m[Kget_Now_LocalTime[m[K();  //-- from tools
                           [01;35m[K^~~~~~~~~~~~~~~~~[m[K
[01m[K/home/handsome/ros_ws_test/install/ros_utility_tools/include/ros_utility_tools/table_mongodbstore_client.h:[m[K In member function â€˜[01m[Kbool table_mongodbstore_client<MsgType, MsgType_req, MsgType_resp>::mongo_table_modify(const boost::shared_ptr<X>&)[m[Kâ€™:
[01m[K/home/handsome/ros_ws_test/install/ros_utility_tools/include/ros_utility_tools/table_mongodbstore_client.h:107:27:[m[K [01;35m[Kwarning: [m[Kthere are no arguments to â€˜[01m[Kget_Now_LocalTime[m[Kâ€™ that depend on a template parameter, so a declaration of â€˜[01m[Kget_Now_LocalTime[m[Kâ€™ must be available [[01;35m[K-fpermissive[m[K]
    (*_data).update_time = [01;35m[Kget_Now_LocalTime[m[K();
                           [01;35m[K^~~~~~~~~~~~~~~~~[m[K
[01m[K/home/handsome/ros_ws_test/install/ros_utility_tools/include/ros_utility_tools/table_mongodbstore_client.h:[m[K In member function â€˜[01m[Kbool table_mongodbstore_client<MsgType, MsgType_req, MsgType_resp>::response_table_data_Query(std::__cxx11::string, std::__cxx11::string, std::__cxx11::string, MsgType_resp&)[m[Kâ€™:
[01m[K/home/handsome/ros_ws_test/install/ros_utility_tools/include/ros_utility_tools/table_mongodbstore_client.h:391:16:[m[K [01;35m[Kwarning: [m[Kthere are no arguments to â€˜[01m[Kstrtoint[m[Kâ€™ that depend on a template parameter, so a declaration of â€˜[01m[Kstrtoint[m[Kâ€™ must be available [[01;35m[K-fpermissive[m[K]
    int _type = [01;35m[Kstrtoint[m[K(base_index,-1); //-- search type
                [01;35m[K^~~~~~~~[m[K
[01m[K/home/handsome/ros_ws_test/install/ros_utility_tools/include/ros_utility_tools/table_mongodbstore_client.h:[m[K In member function â€˜[01m[Kbool table_mongodbstore_client<MsgType, MsgType_req, MsgType_resp>::srv_Eval_db_table_srv_service(MsgType_req&, MsgType_resp&)[m[Kâ€™:
[01m[K/home/handsome/ros_ws_test/install/ros_utility_tools/include/ros_utility_tools/table_mongodbstore_client.h:470:25:[m[K [01;35m[Kwarning: [m[Kthere are no arguments to â€˜[01m[Kconvert_str[m[Kâ€™ that depend on a template parameter, so a declaration of â€˜[01m[Kconvert_str[m[Kâ€™ must be available [[01;35m[K-fpermissive[m[K]
       resp.error_code = [01;35m[Kconvert_str[m[K((int)table_srv_error_type) ;
                         [01;35m[K^~~~~~~~~~~[m[K
[01m[K/home/handsome/ros_ws_test/install/ros_utility_tools/include/ros_utility_tools/table_mongodbstore_client.h:479:25:[m[K [01;35m[Kwarning: [m[Kthere are no arguments to â€˜[01m[Kconvert_str[m[Kâ€™ that depend on a template parameter, so a declaration of â€˜[01m[Kconvert_str[m[Kâ€™ must be available [[01;35m[K-fpermissive[m[K]
       resp.error_code = [01;35m[Kconvert_str[m[K((int)table_srv_error_type) ;
                         [01;35m[K^~~~~~~~~~~[m[K
[01m[K/home/handsome/ros_ws_test/install/ros_utility_tools/include/ros_utility_tools/table_mongodbstore_client.h:487:25:[m[K [01;35m[Kwarning: [m[Kthere are no arguments to â€˜[01m[Kconvert_str[m[Kâ€™ that depend on a template parameter, so a declaration of â€˜[01m[Kconvert_str[m[Kâ€™ must be available [[01;35m[K-fpermissive[m[K]
       resp.error_code = [01;35m[Kconvert_str[m[K((int)edb_tb_err_type_none) ;
                         [01;35m[K^~~~~~~~~~~[m[K
[01m[K/home/handsome/ros_ws_test/install/ros_utility_tools/include/ros_utility_tools/table_mongodbstore_client.h:504:25:[m[K [01;35m[Kwarning: [m[Kthere are no arguments to â€˜[01m[Kconvert_str[m[Kâ€™ that depend on a template parameter, so a declaration of â€˜[01m[Kconvert_str[m[Kâ€™ must be available [[01;35m[K-fpermissive[m[K]
       resp.error_code = [01;35m[Kconvert_str[m[K((int)edb_tb_err_type_none) ;
                         [01;35m[K^~~~~~~~~~~[m[K
[01m[K/home/handsome/ros_ws_test/install/ros_utility_tools/include/ros_utility_tools/table_mongodbstore_client.h:509:25:[m[K [01;35m[Kwarning: [m[Kthere are no arguments to â€˜[01m[Kconvert_str[m[Kâ€™ that depend on a template parameter, so a declaration of â€˜[01m[Kconvert_str[m[Kâ€™ must be available [[01;35m[K-fpermissive[m[K]
       resp.error_code = [01;35m[Kconvert_str[m[K((int)table_srv_error_type) ;
                         [01;35m[K^~~~~~~~~~~[m[K
[01m[K/home/handsome/ros_ws_test/install/ros_utility_tools/include/ros_utility_tools/table_mongodbstore_client.h:520:25:[m[K [01;35m[Kwarning: [m[Kthere are no arguments to â€˜[01m[Kconvert_str[m[Kâ€™ that depend on a template parameter, so a declaration of â€˜[01m[Kconvert_str[m[Kâ€™ must be available [[01;35m[K-fpermissive[m[K]
       resp.error_code = [01;35m[Kconvert_str[m[K((int)edb_tb_err_type_none) ;
                         [01;35m[K^~~~~~~~~~~[m[K
[01m[K/home/handsome/ros_ws_test/install/ros_utility_tools/include/ros_utility_tools/table_mongodbstore_client.h:525:25:[m[K [01;35m[Kwarning: [m[Kthere are no arguments to â€˜[01m[Kconvert_str[m[Kâ€™ that depend on a template parameter, so a declaration of â€˜[01m[Kconvert_str[m[Kâ€™ must be available [[01;35m[K-fpermissive[m[K]
       resp.error_code = [01;35m[Kconvert_str[m[K((int)table_srv_error_type) ;
                         [01;35m[K^~~~~~~~~~~[m[K
[01m[K/home/handsome/ros_ws_test/install/ros_utility_tools/include/ros_utility_tools/table_mongodbstore_client.h:533:24:[m[K [01;35m[Kwarning: [m[Kthere are no arguments to â€˜[01m[Kconvert_str[m[Kâ€™ that depend on a template parameter, so a declaration of â€˜[01m[Kconvert_str[m[Kâ€™ must be available [[01;35m[K-fpermissive[m[K]
      resp.error_code = [01;35m[Kconvert_str[m[K((int)edb_tb_err_type_none) ;
                        [01;35m[K^~~~~~~~~~~[m[K
[ 20%] [32mBuilding CXX object CMakeFiles/cellctrl_database_bridge.dir/src/cell_controller_tables/cellctrl_dbtable_process.cpp.o[0m
In file included from [01m[K/home/handsome/ros_ws_test/src/ros_base/cell_controller/Model/cellctrl_database_bridge/include/cell_controller_tables/cellctrl_dbtable_process.h:4:0[m[K,
                 from [01m[K/home/handsome/ros_ws_test/src/ros_base/cell_controller/Model/cellctrl_database_bridge/src/cell_controller_tables/cellctrl_dbtable_process.cpp:1[m[K:
[01m[K/home/handsome/ros_ws_test/install/ros_utility_tools/include/ros_utility_tools/table_mongodbstore_client.h:[m[K In member function â€˜[01m[Kbool table_mongodbstore_client<MsgType, MsgType_req, MsgType_resp>::mongo_table_Insert(const boost::shared_ptr<X>&)[m[Kâ€™:
[01m[K/home/handsome/ros_ws_test/install/ros_utility_tools/include/ros_utility_tools/table_mongodbstore_client.h:96:27:[m[K [01;35m[Kwarning: [m[Kthere are no arguments to â€˜[01m[Kget_Now_LocalTime[m[Kâ€™ that depend on a template parameter, so a declaration of â€˜[01m[Kget_Now_LocalTime[m[Kâ€™ must be available [[01;35m[K-fpermissive[m[K]
    (*_data).update_time = [01;35m[Kget_Now_LocalTime[m[K();  //-- from tools
                           [01;35m[K^~~~~~~~~~~~~~~~~[m[K
[01m[K/home/handsome/ros_ws_test/install/ros_utility_tools/include/ros_utility_tools/table_mongodbstore_client.h:[m[K In member function â€˜[01m[Kbool table_mongodbstore_client<MsgType, MsgType_req, MsgType_resp>::mongo_table_modify(const boost::shared_ptr<X>&)[m[Kâ€™:
[01m[K/home/handsome/ros_ws_test/install/ros_utility_tools/include/ros_utility_tools/table_mongodbstore_client.h:107:27:[m[K [01;35m[Kwarning: [m[Kthere are no arguments to â€˜[01m[Kget_Now_LocalTime[m[Kâ€™ that depend on a template parameter, so a declaration of â€˜[01m[Kget_Now_LocalTime[m[Kâ€™ must be available [[01;35m[K-fpermissive[m[K]
    (*_data).update_time = [01;35m[Kget_Now_LocalTime[m[K();
                           [01;35m[K^~~~~~~~~~~~~~~~~[m[K
[01m[K/home/handsome/ros_ws_test/install/ros_utility_tools/include/ros_utility_tools/table_mongodbstore_client.h:[m[K In member function â€˜[01m[Kbool table_mongodbstore_client<MsgType, MsgType_req, MsgType_resp>::response_table_data_Query(std::__cxx11::string, std::__cxx11::string, std::__cxx11::string, MsgType_resp&)[m[Kâ€™:
[01m[K/home/handsome/ros_ws_test/install/ros_utility_tools/include/ros_utility_tools/table_mongodbstore_client.h:391:16:[m[K [01;35m[Kwarning: [m[Kthere are no arguments to â€˜[01m[Kstrtoint[m[Kâ€™ that depend on a template parameter, so a declaration of â€˜[01m[Kstrtoint[m[Kâ€™ must be available [[01;35m[K-fpermissive[m[K]
    int _type = [01;35m[Kstrtoint[m[K(base_index,-1); //-- search type
                [01;35m[K^~~~~~~~[m[K
[01m[K/home/handsome/ros_ws_test/install/ros_utility_tools/include/ros_utility_tools/table_mongodbstore_client.h:[m[K In member function â€˜[01m[Kbool table_mongodbstore_client<MsgType, MsgType_req, MsgType_resp>::srv_Eval_db_table_srv_service(MsgType_req&, MsgType_resp&)[m[Kâ€™:
[01m[K/home/handsome/ros_ws_test/install/ros_utility_tools/include/ros_utility_tools/table_mongodbstore_client.h:470:25:[m[K [01;35m[Kwarning: [m[Kthere are no arguments to â€˜[01m[Kconvert_str[m[Kâ€™ that depend on a template parameter, so a declaration of â€˜[01m[Kconvert_str[m[Kâ€™ must be available [[01;35m[K-fpermissive[m[K]
       resp.error_code = [01;35m[Kconvert_str[m[K((int)table_srv_error_type) ;
                         [01;35m[K^~~~~~~~~~~[m[K
[01m[K/home/handsome/ros_ws_test/install/ros_utility_tools/include/ros_utility_tools/table_mongodbstore_client.h:479:25:[m[K [01;35m[Kwarning: [m[Kthere are no arguments to â€˜[01m[Kconvert_str[m[Kâ€™ that depend on a template parameter, so a declaration of â€˜[01m[Kconvert_str[m[Kâ€™ must be available [[01;35m[K-fpermissive[m[K]
       resp.error_code = [01;35m[Kconvert_str[m[K((int)table_srv_error_type) ;
                         [01;35m[K^~~~~~~~~~~[m[K
[01m[K/home/handsome/ros_ws_test/install/ros_utility_tools/include/ros_utility_tools/table_mongodbstore_client.h:487:25:[m[K [01;35m[Kwarning: [m[Kthere are no arguments to â€˜[01m[Kconvert_str[m[Kâ€™ that depend on a template parameter, so a declaration of â€˜[01m[Kconvert_str[m[Kâ€™ must be available [[01;35m[K-fpermissive[m[K]
       resp.error_code = [01;35m[Kconvert_str[m[K((int)edb_tb_err_type_none) ;
                         [01;35m[K^~~~~~~~~~~[m[K
[01m[K/home/handsome/ros_ws_test/install/ros_utility_tools/include/ros_utility_tools/table_mongodbstore_client.h:504:25:[m[K [01;35m[Kwarning: [m[Kthere are no arguments to â€˜[01m[Kconvert_str[m[Kâ€™ that depend on a template parameter, so a declaration of â€˜[01m[Kconvert_str[m[Kâ€™ must be available [[01;35m[K-fpermissive[m[K]
       resp.error_code = [01;35m[Kconvert_str[m[K((int)edb_tb_err_type_none) ;
                         [01;35m[K^~~~~~~~~~~[m[K
[01m[K/home/handsome/ros_ws_test/install/ros_utility_tools/include/ros_utility_tools/table_mongodbstore_client.h:509:25:[m[K [01;35m[Kwarning: [m[Kthere are no arguments to â€˜[01m[Kconvert_str[m[Kâ€™ that depend on a template parameter, so a declaration of â€˜[01m[Kconvert_str[m[Kâ€™ must be available [[01;35m[K-fpermissive[m[K]
       resp.error_code = [01;35m[Kconvert_str[m[K((int)table_srv_error_type) ;
                         [01;35m[K^~~~~~~~~~~[m[K
[01m[K/home/handsome/ros_ws_test/install/ros_utility_tools/include/ros_utility_tools/table_mongodbstore_client.h:520:25:[m[K [01;35m[Kwarning: [m[Kthere are no arguments to â€˜[01m[Kconvert_str[m[Kâ€™ that depend on a template parameter, so a declaration of â€˜[01m[Kconvert_str[m[Kâ€™ must be available [[01;35m[K-fpermissive[m[K]
       resp.error_code = [01;35m[Kconvert_str[m[K((int)edb_tb_err_type_none) ;
                         [01;35m[K^~~~~~~~~~~[m[K
[01m[K/home/handsome/ros_ws_test/install/ros_utility_tools/include/ros_utility_tools/table_mongodbstore_client.h:525:25:[m[K [01;35m[Kwarning: [m[Kthere are no arguments to â€˜[01m[Kconvert_str[m[Kâ€™ that depend on a template parameter, so a declaration of â€˜[01m[Kconvert_str[m[Kâ€™ must be available [[01;35m[K-fpermissive[m[K]
       resp.error_code = [01;35m[Kconvert_str[m[K((int)table_srv_error_type) ;
                         [01;35m[K^~~~~~~~~~~[m[K
[01m[K/home/handsome/ros_ws_test/install/ros_utility_tools/include/ros_utility_tools/table_mongodbstore_client.h:533:24:[m[K [01;35m[Kwarning: [m[Kthere are no arguments to â€˜[01m[Kconvert_str[m[Kâ€™ that depend on a template parameter, so a declaration of â€˜[01m[Kconvert_str[m[Kâ€™ must be available [[01;35m[K-fpermissive[m[K]
      resp.error_code = [01;35m[Kconvert_str[m[K((int)edb_tb_err_type_none) ;
                        [01;35m[K^~~~~~~~~~~[m[K
[01m[K/home/handsome/ros_ws_test/src/ros_base/cell_controller/Model/cellctrl_database_bridge/src/cell_controller_tables/cellctrl_dbtable_process.cpp:[m[K In constructor â€˜[01m[Kcellctrl_dbtable_process::cellctrl_dbtable_process(ros::NodeHandle&)[m[Kâ€™:
[01m[K/home/handsome/ros_ws_test/src/ros_base/cell_controller/Model/cellctrl_database_bridge/src/cell_controller_tables/cellctrl_dbtable_process.cpp:8:67:[m[K [01;31m[Kerror: [m[Kinvalid new-expression of abstract class type â€˜[01m[Kmodule_tbcell_agv_main[m[Kâ€™
     cell_agv_main = new module_tbcell_agv_main(nh_,tbname_agv_main[01;31m[K)[m[K;
                                                                   [01;31m[K^[m[K
In file included from [01m[K/home/handsome/ros_ws_test/src/ros_base/cell_controller/Model/cellctrl_database_bridge/include/cell_controller_tables/cellctrl_dbtable_process.h:5:0[m[K,
                 from [01m[K/home/handsome/ros_ws_test/src/ros_base/cell_controller/Model/cellctrl_database_bridge/src/cell_controller_tables/cellctrl_dbtable_process.cpp:1[m[K:
[01m[K/home/handsome/ros_ws_test/src/ros_base/cell_controller/Model/cellctrl_database_bridge/include/cell_controller_tables/cellctrl_agvapp_tables.h:33:7:[m[K [01;36m[Knote: [m[K  because the following virtual functions are pure within â€˜[01m[Kmodule_tbcell_agv_main[m[Kâ€™:
 class [01;36m[Kmodule_tbcell_agv_main[m[K : public table_mongodbstore_client<type_tbcell_agv_main,type_tbcell_agv_main_req,type_tbcell_agv_main_resp>
       [01;36m[K^~~~~~~~~~~~~~~~~~~~~~[m[K
In file included from [01m[K/home/handsome/ros_ws_test/src/ros_base/cell_controller/Model/cellctrl_database_bridge/include/cell_controller_tables/cellctrl_dbtable_process.h:4:0[m[K,
                 from [01m[K/home/handsome/ros_ws_test/src/ros_base/cell_controller/Model/cellctrl_database_bridge/src/cell_controller_tables/cellctrl_dbtable_process.cpp:1[m[K:
[01m[K/home/handsome/ros_ws_test/install/ros_utility_tools/include/ros_utility_tools/table_mongodbstore_client.h:268:16:[m[K [01;36m[Knote: [m[K	bool table_mongodbstore_client<MsgType, MsgType_req, MsgType_resp>::v_ptr_results_vector_find_if(std::__cxx11::string, std::__cxx11::string, db_tb_search_type, int&) [with MsgType = cellctrl_control_msgs::cell_agv_main_<std::allocator<void> >; MsgType_req = cellctrl_control_msgs::cell_agv_main_cmdRequest_<std::allocator<void> >; MsgType_resp = cellctrl_control_msgs::cell_agv_main_cmdResponse_<std::allocator<void> >; std::__cxx11::string = std::__cxx11::basic_string<char>]
   virtual bool [01;36m[Kv_ptr_results_vector_find_if[m[K(std::string _sch_keydata,std::string _sub_sch_keydata,db_tb_search_type _search_type,int &rst_distance) = 0 ;
                [01;36m[K^~~~~~~~~~~~~~~~~~~~~~~~~~~~[m[K
[01m[K/home/handsome/ros_ws_test/src/ros_base/cell_controller/Model/cellctrl_database_bridge/src/cell_controller_tables/cellctrl_dbtable_process.cpp:9:70:[m[K [01;31m[Kerror: [m[Kinvalid new-expression of abstract class type â€˜[01m[Kmodule_tbcell_agv_motor[m[Kâ€™
     cell_agv_motor = new module_tbcell_agv_motor(nh_,tbname_agv_motor[01;31m[K)[m[K;
                                                                      [01;31m[K^[m[K
In file included from [01m[K/home/handsome/ros_ws_test/src/ros_base/cell_controller/Model/cellctrl_database_bridge/include/cell_controller_tables/cellctrl_dbtable_process.h:5:0[m[K,
                 from [01m[K/home/handsome/ros_ws_test/src/ros_base/cell_controller/Model/cellctrl_database_bridge/src/cell_controller_tables/cellctrl_dbtable_process.cpp:1[m[K:
[01m[K/home/handsome/ros_ws_test/src/ros_base/cell_controller/Model/cellctrl_database_bridge/include/cell_controller_tables/cellctrl_agvapp_tables.h:73:7:[m[K [01;36m[Knote: [m[K  because the following virtual functions are pure within â€˜[01m[Kmodule_tbcell_agv_motor[m[Kâ€™:
 class [01;36m[Kmodule_tbcell_agv_motor[m[K : public table_mongodbstore_client<type_tbcell_agv_motor,type_tbcell_agv_motor_req,type_tbcell_agv_motor_resp>
       [01;36m[K^~~~~~~~~~~~~~~~~~~~~~~[m[K
In file included from [01m[K/home/handsome/ros_ws_test/src/ros_base/cell_controller/Model/cellctrl_database_bridge/include/cell_controller_tables/cellctrl_dbtable_process.h:4:0[m[K,
                 from [01m[K/home/handsome/ros_ws_test/src/ros_base/cell_controller/Model/cellctrl_database_bridge/src/cell_controller_tables/cellctrl_dbtable_process.cpp:1[m[K:
[01m[K/home/handsome/ros_ws_test/install/ros_utility_tools/include/ros_utility_tools/table_mongodbstore_client.h:268:16:[m[K [01;36m[Knote: [m[K	bool table_mongodbstore_client<MsgType, MsgType_req, MsgType_resp>::v_ptr_results_vector_find_if(std::__cxx11::string, std::__cxx11::string, db_tb_search_type, int&) [with MsgType = cellctrl_control_msgs::cell_agv_motor_<std::allocator<void> >; MsgType_req = cellctrl_control_msgs::cell_agv_motor_cmdRequest_<std::allocator<void> >; MsgType_resp = cellctrl_control_msgs::cell_agv_motor_cmdResponse_<std::allocator<void> >; std::__cxx11::string = std::__cxx11::basic_string<char>]
   virtual bool [01;36m[Kv_ptr_results_vector_find_if[m[K(std::string _sch_keydata,std::string _sub_sch_keydata,db_tb_search_type _search_type,int &rst_distance) = 0 ;
                [01;36m[K^~~~~~~~~~~~~~~~~~~~~~~~~~~~[m[K
[01m[K/home/handsome/ros_ws_test/src/ros_base/cell_controller/Model/cellctrl_database_bridge/src/cell_controller_tables/cellctrl_dbtable_process.cpp:10:64:[m[K [01;31m[Kerror: [m[Kinvalid new-expression of abstract class type â€˜[01m[Kmodule_tbcell_agv_imu[m[Kâ€™
     cell_agv_imu = new module_tbcell_agv_imu(nh_,tbname_agv_imu[01;31m[K)[m[K;
                                                                [01;31m[K^[m[K
In file included from [01m[K/home/handsome/ros_ws_test/src/ros_base/cell_controller/Model/cellctrl_database_bridge/include/cell_controller_tables/cellctrl_dbtable_process.h:5:0[m[K,
                 from [01m[K/home/handsome/ros_ws_test/src/ros_base/cell_controller/Model/cellctrl_database_bridge/src/cell_controller_tables/cellctrl_dbtable_process.cpp:1[m[K:
[01m[K/home/handsome/ros_ws_test/src/ros_base/cell_controller/Model/cellctrl_database_bridge/include/cell_controller_tables/cellctrl_agvapp_tables.h:112:7:[m[K [01;36m[Knote: [m[K  because the following virtual functions are pure within â€˜[01m[Kmodule_tbcell_agv_imu[m[Kâ€™:
 class [01;36m[Kmodule_tbcell_agv_imu[m[K : public table_mongodbstore_client<type_tbcell_agv_imu,type_tbcell_agv_imu_req,type_tbcell_agv_imu_resp>
       [01;36m[K^~~~~~~~~~~~~~~~~~~~~[m[K
In file included from [01m[K/home/handsome/ros_ws_test/src/ros_base/cell_controller/Model/cellctrl_database_bridge/include/cell_controller_tables/cellctrl_dbtable_process.h:4:0[m[K,
                 from [01m[K/home/handsome/ros_ws_test/src/ros_base/cell_controller/Model/cellctrl_database_bridge/src/cell_controller_tables/cellctrl_dbtable_process.cpp:1[m[K:
[01m[K/home/handsome/ros_ws_test/install/ros_utility_tools/include/ros_utility_tools/table_mongodbstore_client.h:268:16:[m[K [01;36m[Knote: [m[K	bool table_mongodbstore_client<MsgType, MsgType_req, MsgType_resp>::v_ptr_results_vector_find_if(std::__cxx11::string, std::__cxx11::string, db_tb_search_type, int&) [with MsgType = cellctrl_control_msgs::cell_agv_imu_<std::allocator<void> >; MsgType_req = cellctrl_control_msgs::cell_agv_imu_cmdRequest_<std::allocator<void> >; MsgType_resp = cellctrl_control_msgs::cell_agv_imu_cmdResponse_<std::allocator<void> >; std::__cxx11::string = std::__cxx11::basic_string<char>]
   virtual bool [01;36m[Kv_ptr_results_vector_find_if[m[K(std::string _sch_keydata,std::string _sub_sch_keydata,db_tb_search_type _search_type,int &rst_distance) = 0 ;
                [01;36m[K^~~~~~~~~~~~~~~~~~~~~~~~~~~~[m[K
[01m[K/home/handsome/ros_ws_test/src/ros_base/cell_controller/Model/cellctrl_database_bridge/src/cell_controller_tables/cellctrl_dbtable_process.cpp:11:73:[m[K [01;31m[Kerror: [m[Kinvalid new-expression of abstract class type â€˜[01m[Kmodule_tbcell_agv_camera[m[Kâ€™
     cell_agv_camera = new module_tbcell_agv_camera(nh_,tbname_agv_camera[01;31m[K)[m[K;
                                                                         [01;31m[K^[m[K
In file included from [01m[K/home/handsome/ros_ws_test/src/ros_base/cell_controller/Model/cellctrl_database_bridge/include/cell_controller_tables/cellctrl_dbtable_process.h:5:0[m[K,
                 from [01m[K/home/handsome/ros_ws_test/src/ros_base/cell_controller/Model/cellctrl_database_bridge/src/cell_controller_tables/cellctrl_dbtable_process.cpp:1[m[K:
[01m[K/home/handsome/ros_ws_test/src/ros_base/cell_controller/Model/cellctrl_database_bridge/include/cell_controller_tables/cellctrl_agvapp_tables.h:152:7:[m[K [01;36m[Knote: [m[K  because the following virtual functions are pure within â€˜[01m[Kmodule_tbcell_agv_camera[m[Kâ€™:
 class [01;36m[Kmodule_tbcell_agv_camera[m[K : public table_mongodbstore_client<type_tbcell_agv_camera,type_tbcell_agv_camera_req,type_tbcell_agv_camera_resp>
       [01;36m[K^~~~~~~~~~~~~~~~~~~~~~~~[m[K
In file included from [01m[K/home/handsome/ros_ws_test/src/ros_base/cell_controller/Model/cellctrl_database_bridge/include/cell_controller_tables/cellctrl_dbtable_process.h:4:0[m[K,
                 from [01m[K/home/handsome/ros_ws_test/src/ros_base/cell_controller/Model/cellctrl_database_bridge/src/cell_controller_tables/cellctrl_dbtable_process.cpp:1[m[K:
[01m[K/home/handsome/ros_ws_test/install/ros_utility_tools/include/ros_utility_tools/table_mongodbstore_client.h:268:16:[m[K [01;36m[Knote: [m[K	bool table_mongodbstore_client<MsgType, MsgType_req, MsgType_resp>::v_ptr_results_vector_find_if(std::__cxx11::string, std::__cxx11::string, db_tb_search_type, int&) [with MsgType = cellctrl_control_msgs::cell_agv_camera_<std::allocator<void> >; MsgType_req = cellctrl_control_msgs::cell_agv_camera_cmdRequest_<std::allocator<void> >; MsgType_resp = cellctrl_control_msgs::cell_agv_camera_cmdResponse_<std::allocator<void> >; std::__cxx11::string = std::__cxx11::basic_string<char>]
   virtual bool [01;36m[Kv_ptr_results_vector_find_if[m[K(std::string _sch_keydata,std::string _sub_sch_keydata,db_tb_search_type _search_type,int &rst_distance) = 0 ;
                [01;36m[K^~~~~~~~~~~~~~~~~~~~~~~~~~~~[m[K
[01m[K/home/handsome/ros_ws_test/src/ros_base/cell_controller/Model/cellctrl_database_bridge/src/cell_controller_tables/cellctrl_dbtable_process.cpp:12:70:[m[K [01;31m[Kerror: [m[Kinvalid new-expression of abstract class type â€˜[01m[Kmodule_tbcell_agv_lidar[m[Kâ€™
     cell_agv_lidar = new module_tbcell_agv_lidar(nh_,tbname_agv_lidar[01;31m[K)[m[K;
                                                                      [01;31m[K^[m[K
In file included from [01m[K/home/handsome/ros_ws_test/src/ros_base/cell_controller/Model/cellctrl_database_bridge/include/cell_controller_tables/cellctrl_dbtable_process.h:5:0[m[K,
                 from [01m[K/home/handsome/ros_ws_test/src/ros_base/cell_controller/Model/cellctrl_database_bridge/src/cell_controller_tables/cellctrl_dbtable_process.cpp:1[m[K:
[01m[K/home/handsome/ros_ws_test/src/ros_base/cell_controller/Model/cellctrl_database_bridge/include/cell_controller_tables/cellctrl_agvapp_tables.h:192:7:[m[K [01;36m[Knote: [m[K  because the following virtual functions are pure within â€˜[01m[Kmodule_tbcell_agv_lidar[m[Kâ€™:
 class [01;36m[Kmodule_tbcell_agv_lidar[m[K : public table_mongodbstore_client<type_tbcell_agv_lidar,type_tbcell_agv_lidar_req,type_tbcell_agv_lidar_resp>
       [01;36m[K^~~~~~~~~~~~~~~~~~~~~~~[m[K
In file included from [01m[K/home/handsome/ros_ws_test/src/ros_base/cell_controller/Model/cellctrl_database_bridge/include/cell_controller_tables/cellctrl_dbtable_process.h:4:0[m[K,
                 from [01m[K/home/handsome/ros_ws_test/src/ros_base/cell_controller/Model/cellctrl_database_bridge/src/cell_controller_tables/cellctrl_dbtable_process.cpp:1[m[K:
[01m[K/home/handsome/ros_ws_test/install/ros_utility_tools/include/ros_utility_tools/table_mongodbstore_client.h:268:16:[m[K [01;36m[Knote: [m[K	bool table_mongodbstore_client<MsgType, MsgType_req, MsgType_resp>::v_ptr_results_vector_find_if(std::__cxx11::string, std::__cxx11::string, db_tb_search_type, int&) [with MsgType = cellctrl_control_msgs::cell_agv_lidar_<std::allocator<void> >; MsgType_req = cellctrl_control_msgs::cell_agv_lidar_cmdRequest_<std::allocator<void> >; MsgType_resp = cellctrl_control_msgs::cell_agv_lidar_cmdResponse_<std::allocator<void> >; std::__cxx11::string = std::__cxx11::basic_string<char>]
   virtual bool [01;36m[Kv_ptr_results_vector_find_if[m[K(std::string _sch_keydata,std::string _sub_sch_keydata,db_tb_search_type _search_type,int &rst_distance) = 0 ;
                [01;36m[K^~~~~~~~~~~~~~~~~~~~~~~~~~~~[m[K
[01m[K/home/handsome/ros_ws_test/src/ros_base/cell_controller/Model/cellctrl_database_bridge/src/cell_controller_tables/cellctrl_dbtable_process.cpp:13:76:[m[K [01;31m[Kerror: [m[Kinvalid new-expression of abstract class type â€˜[01m[Kmodule_tbcell_agv_battery[m[Kâ€™
     cell_agv_battery = new module_tbcell_agv_battery(nh_,tbname_agv_battery[01;31m[K)[m[K;
                                                                            [01;31m[K^[m[K
In file included from [01m[K/home/handsome/ros_ws_test/src/ros_base/cell_controller/Model/cellctrl_database_bridge/include/cell_controller_tables/cellctrl_dbtable_process.h:5:0[m[K,
                 from [01m[K/home/handsome/ros_ws_test/src/ros_base/cell_controller/Model/cellctrl_database_bridge/src/cell_controller_tables/cellctrl_dbtable_process.cpp:1[m[K:
[01m[K/home/handsome/ros_ws_test/src/ros_base/cell_controller/Model/cellctrl_database_bridge/include/cell_controller_tables/cellctrl_agvapp_tables.h:232:7:[m[K [01;36m[Knote: [m[K  because the following virtual functions are pure within â€˜[01m[Kmodule_tbcell_agv_battery[m[Kâ€™:
 class [01;36m[Kmodule_tbcell_agv_battery[m[K : public table_mongodbstore_client<type_tbcell_agv_battery,type_tbcell_agv_battery_req,type_tbcell_agv_battery_resp>
       [01;36m[K^~~~~~~~~~~~~~~~~~~~~~~~~[m[K
In file included from [01m[K/home/handsome/ros_ws_test/src/ros_base/cell_controller/Model/cellctrl_database_bridge/include/cell_controller_tables/cellctrl_dbtable_process.h:4:0[m[K,
                 from [01m[K/home/handsome/ros_ws_test/src/ros_base/cell_controller/Model/cellctrl_database_bridge/src/cell_controller_tables/cellctrl_dbtable_process.cpp:1[m[K:
[01m[K/home/handsome/ros_ws_test/install/ros_utility_tools/include/ros_utility_tools/table_mongodbstore_client.h:268:16:[m[K [01;36m[Knote: [m[K	bool table_mongodbstore_client<MsgType, MsgType_req, MsgType_resp>::v_ptr_results_vector_find_if(std::__cxx11::string, std::__cxx11::string, db_tb_search_type, int&) [with MsgType = cellctrl_control_msgs::cell_agv_battery_<std::allocator<void> >; MsgType_req = cellctrl_control_msgs::cell_agv_battery_cmdRequest_<std::allocator<void> >; MsgType_resp = cellctrl_control_msgs::cell_agv_battery_cmdResponse_<std::allocator<void> >; std::__cxx11::string = std::__cxx11::basic_string<char>]
   virtual bool [01;36m[Kv_ptr_results_vector_find_if[m[K(std::string _sch_keydata,std::string _sub_sch_keydata,db_tb_search_type _search_type,int &rst_distance) = 0 ;
                [01;36m[K^~~~~~~~~~~~~~~~~~~~~~~~~~~~[m[K
[01m[K/home/handsome/ros_ws_test/src/ros_base/cell_controller/Model/cellctrl_database_bridge/src/cell_controller_tables/cellctrl_dbtable_process.cpp:14:79:[m[K [01;31m[Kerror: [m[Kinvalid new-expression of abstract class type â€˜[01m[Kmodule_tbcell_alarmhistory[m[Kâ€™
     cell_alarmhistory = new module_tbcell_alarmhistory(nh_,tbname_alarmhistory[01;31m[K)[m[K;
                                                                               [01;31m[K^[m[K
In file included from [01m[K/home/handsome/ros_ws_test/src/ros_base/cell_controller/Model/cellctrl_database_bridge/include/cell_controller_tables/cellctrl_dbtable_process.h:5:0[m[K,
                 from [01m[K/home/handsome/ros_ws_test/src/ros_base/cell_controller/Model/cellctrl_database_bridge/src/cell_controller_tables/cellctrl_dbtable_process.cpp:1[m[K:
[01m[K/home/handsome/ros_ws_test/src/ros_base/cell_controller/Model/cellctrl_database_bridge/include/cell_controller_tables/cellctrl_agvapp_tables.h:272:7:[m[K [01;36m[Knote: [m[K  because the following virtual functions are pure within â€˜[01m[Kmodule_tbcell_alarmhistory[m[Kâ€™:
 class [01;36m[Kmodule_tbcell_alarmhistory[m[K : public table_mongodbstore_client<type_tbcell_alarmhistory,type_tbcell_alarmhistory_req,type_tbcell_alarmhistory_resp>
       [01;36m[K^~~~~~~~~~~~~~~~~~~~~~~~~~[m[K
In file included from [01m[K/home/handsome/ros_ws_test/src/ros_base/cell_controller/Model/cellctrl_database_bridge/include/cell_controller_tables/cellctrl_dbtable_process.h:4:0[m[K,
                 from [01m[K/home/handsome/ros_ws_test/src/ros_base/cell_controller/Model/cellctrl_database_bridge/src/cell_controller_tables/cellctrl_dbtable_process.cpp:1[m[K:
[01m[K/home/handsome/ros_ws_test/install/ros_utility_tools/include/ros_utility_tools/table_mongodbstore_client.h:268:16:[m[K [01;36m[Knote: [m[K	bool table_mongodbstore_client<MsgType, MsgType_req, MsgType_resp>::v_ptr_results_vector_find_if(std::__cxx11::string, std::__cxx11::string, db_tb_search_type, int&) [with MsgType = cellctrl_control_msgs::cell_alarmhistory_<std::allocator<void> >; MsgType_req = cellctrl_control_msgs::cell_alarmhistory_cmdRequest_<std::allocator<void> >; MsgType_resp = cellctrl_control_msgs::cell_alarmhistory_cmdResponse_<std::allocator<void> >; std::__cxx11::string = std::__cxx11::basic_string<char>]
   virtual bool [01;36m[Kv_ptr_results_vector_find_if[m[K(std::string _sch_keydata,std::string _sub_sch_keydata,db_tb_search_type _search_type,int &rst_distance) = 0 ;
                [01;36m[K^~~~~~~~~~~~~~~~~~~~~~~~~~~~[m[K
[01m[K/home/handsome/ros_ws_test/src/ros_base/cell_controller/Model/cellctrl_database_bridge/src/cell_controller_tables/cellctrl_dbtable_process.cpp:15:88:[m[K [01;31m[Kerror: [m[Kinvalid new-expression of abstract class type â€˜[01m[Kmodule_tbcell_maintainhistory[m[Kâ€™
     cell_maintainhistory = new module_tbcell_maintainhistory(nh_,tbname_maintainhistory[01;31m[K)[m[K;
                                                                                        [01;31m[K^[m[K
In file included from [01m[K/home/handsome/ros_ws_test/src/ros_base/cell_controller/Model/cellctrl_database_bridge/include/cell_controller_tables/cellctrl_dbtable_process.h:5:0[m[K,
                 from [01m[K/home/handsome/ros_ws_test/src/ros_base/cell_controller/Model/cellctrl_database_bridge/src/cell_controller_tables/cellctrl_dbtable_process.cpp:1[m[K:
[01m[K/home/handsome/ros_ws_test/src/ros_base/cell_controller/Model/cellctrl_database_bridge/include/cell_controller_tables/cellctrl_agvapp_tables.h:312:7:[m[K [01;36m[Knote: [m[K  because the following virtual functions are pure within â€˜[01m[Kmodule_tbcell_maintainhistory[m[Kâ€™:
 class [01;36m[Kmodule_tbcell_maintainhistory[m[K : public table_mongodbstore_client<type_tbcell_maintainhistory,type_tbcell_maintainhistory_req,type_tbcell_maintainhistory_resp>
       [01;36m[K^~~~~~~~~~~~~~~~~~~~~~~~~~~~~[m[K
In file included from [01m[K/home/handsome/ros_ws_test/src/ros_base/cell_controller/Model/cellctrl_database_bridge/include/cell_controller_tables/cellctrl_dbtable_process.h:4:0[m[K,
                 from [01m[K/home/handsome/ros_ws_test/src/ros_base/cell_controller/Model/cellctrl_database_bridge/src/cell_controller_tables/cellctrl_dbtable_process.cpp:1[m[K:
[01m[K/home/handsome/ros_ws_test/install/ros_utility_tools/include/ros_utility_tools/table_mongodbstore_client.h:268:16:[m[K [01;36m[Knote: [m[K	bool table_mongodbstore_client<MsgType, MsgType_req, MsgType_resp>::v_ptr_results_vector_find_if(std::__cxx11::string, std::__cxx11::string, db_tb_search_type, int&) [with MsgType = cellctrl_control_msgs::cell_maintainhistory_<std::allocator<void> >; MsgType_req = cellctrl_control_msgs::cell_maintainhistory_cmdRequest_<std::allocator<void> >; MsgType_resp = cellctrl_control_msgs::cell_maintainhistory_cmdResponse_<std::allocator<void> >; std::__cxx11::string = std::__cxx11::basic_string<char>]
   virtual bool [01;36m[Kv_ptr_results_vector_find_if[m[K(std::string _sch_keydata,std::string _sub_sch_keydata,db_tb_search_type _search_type,int &rst_distance) = 0 ;
                [01;36m[K^~~~~~~~~~~~~~~~~~~~~~~~~~~~[m[K
[01m[K/home/handsome/ros_ws_test/src/ros_base/cell_controller/Model/cellctrl_database_bridge/src/cell_controller_tables/cellctrl_dbtable_process.cpp:16:85:[m[K [01;31m[Kerror: [m[Kinvalid new-expression of abstract class type â€˜[01m[Kmodule_tbcell_operatehistory[m[Kâ€™
     cell_operatehistory = new module_tbcell_operatehistory(nh_,tbname_operatehistory[01;31m[K)[m[K;
                                                                                     [01;31m[K^[m[K
In file included from [01m[K/home/handsome/ros_ws_test/src/ros_base/cell_controller/Model/cellctrl_database_bridge/include/cell_controller_tables/cellctrl_dbtable_process.h:5:0[m[K,
                 from [01m[K/home/handsome/ros_ws_test/src/ros_base/cell_controller/Model/cellctrl_database_bridge/src/cell_controller_tables/cellctrl_dbtable_process.cpp:1[m[K:
[01m[K/home/handsome/ros_ws_test/src/ros_base/cell_controller/Model/cellctrl_database_bridge/include/cell_controller_tables/cellctrl_agvapp_tables.h:352:7:[m[K [01;36m[Knote: [m[K  because the following virtual functions are pure within â€˜[01m[Kmodule_tbcell_operatehistory[m[Kâ€™:
 class [01;36m[Kmodule_tbcell_operatehistory[m[K : public table_mongodbstore_client<type_tbcell_operatehistory,type_tbcell_operatehistory_req,type_tbcell_operatehistory_resp>
       [01;36m[K^~~~~~~~~~~~~~~~~~~~~~~~~~~~[m[K
In file included from [01m[K/home/handsome/ros_ws_test/src/ros_base/cell_controller/Model/cellctrl_database_bridge/include/cell_controller_tables/cellctrl_dbtable_process.h:4:0[m[K,
                 from [01m[K/home/handsome/ros_ws_test/src/ros_base/cell_controller/Model/cellctrl_database_bridge/src/cell_controller_tables/cellctrl_dbtable_process.cpp:1[m[K:
[01m[K/home/handsome/ros_ws_test/install/ros_utility_tools/include/ros_utility_tools/table_mongodbstore_client.h:268:16:[m[K [01;36m[Knote: [m[K	bool table_mongodbstore_client<MsgType, MsgType_req, MsgType_resp>::v_ptr_results_vector_find_if(std::__cxx11::string, std::__cxx11::string, db_tb_search_type, int&) [with MsgType = cellctrl_control_msgs::cell_operatehistory_<std::allocator<void> >; MsgType_req = cellctrl_control_msgs::cell_operatehistory_cmdRequest_<std::allocator<void> >; MsgType_resp = cellctrl_control_msgs::cell_operatehistory_cmdResponse_<std::allocator<void> >; std::__cxx11::string = std::__cxx11::basic_string<char>]
   virtual bool [01;36m[Kv_ptr_results_vector_find_if[m[K(std::string _sch_keydata,std::string _sub_sch_keydata,db_tb_search_type _search_type,int &rst_distance) = 0 ;
                [01;36m[K^~~~~~~~~~~~~~~~~~~~~~~~~~~~[m[K
[01m[K/home/handsome/ros_ws_test/src/ros_base/cell_controller/Model/cellctrl_database_bridge/src/cell_controller_tables/cellctrl_dbtable_process.cpp:18:79:[m[K [01;31m[Kerror: [m[Kinvalid new-expression of abstract class type â€˜[01m[Kmodule_tbcell_agv_basetype[m[Kâ€™
     cell_agv_basetype = new module_tbcell_agv_basetype(nh_,tbname_agv_basetype[01;31m[K)[m[K;
                                                                               [01;31m[K^[m[K
In file included from [01m[K/home/handsome/ros_ws_test/src/ros_base/cell_controller/Model/cellctrl_database_bridge/include/cell_controller_tables/cellctrl_dbtable_process.h:6:0[m[K,
                 from [01m[K/home/handsome/ros_ws_test/src/ros_base/cell_controller/Model/cellctrl_database_bridge/src/cell_controller_tables/cellctrl_dbtable_process.cpp:1[m[K:
[01m[K/home/handsome/ros_ws_test/src/ros_base/cell_controller/Model/cellctrl_database_bridge/include/cell_controller_tables/cellctrl_agvbasetype_tables.h:26:7:[m[K [01;36m[Knote: [m[K  because the following virtual functions are pure within â€˜[01m[Kmodule_tbcell_agv_basetype[m[Kâ€™:
 class [01;36m[Kmodule_tbcell_agv_basetype[m[K : public table_mongodbstore_client<type_tbcell_agv_basetype,type_tbcell_agv_basetype_req,type_tbcell_agv_basetype_resp>
       [01;36m[K^~~~~~~~~~~~~~~~~~~~~~~~~~[m[K
In file included from [01m[K/home/handsome/ros_ws_test/src/ros_base/cell_controller/Model/cellctrl_database_bridge/include/cell_controller_tables/cellctrl_dbtable_process.h:4:0[m[K,
                 from [01m[K/home/handsome/ros_ws_test/src/ros_base/cell_controller/Model/cellctrl_database_bridge/src/cell_controller_tables/cellctrl_dbtable_process.cpp:1[m[K:
[01m[K/home/handsome/ros_ws_test/install/ros_utility_tools/include/ros_utility_tools/table_mongodbstore_client.h:268:16:[m[K [01;36m[Knote: [m[K	bool table_mongodbstore_client<MsgType, MsgType_req, MsgType_resp>::v_ptr_results_vector_find_if(std::__cxx11::string, std::__cxx11::string, db_tb_search_type, int&) [with MsgType = cellctrl_control_msgs::cell_agv_basetype_<std::allocator<void> >; MsgType_req = cellctrl_control_msgs::cell_agv_basetype_cmdRequest_<std::allocator<void> >; MsgType_resp = cellctrl_control_msgs::cell_agv_basetype_cmdResponse_<std::allocator<void> >; std::__cxx11::string = std::__cxx11::basic_string<char>]
   virtual bool [01;36m[Kv_ptr_results_vector_find_if[m[K(std::string _sch_keydata,std::string _sub_sch_keydata,db_tb_search_type _search_type,int &rst_distance) = 0 ;
                [01;36m[K^~~~~~~~~~~~~~~~~~~~~~~~~~~~[m[K
[01m[K/home/handsome/ros_ws_test/src/ros_base/cell_controller/Model/cellctrl_database_bridge/src/cell_controller_tables/cellctrl_dbtable_process.cpp:19:94:[m[K [01;31m[Kerror: [m[Kinvalid new-expression of abstract class type â€˜[01m[Kmodule_tbcell_agv_basetypeitems[m[Kâ€™
     cell_agv_basetypeitems = new module_tbcell_agv_basetypeitems(nh_,tbname_agv_basetypeitems[01;31m[K)[m[K;
                                                                                              [01;31m[K^[m[K
In file included from [01m[K/home/handsome/ros_ws_test/src/ros_base/cell_controller/Model/cellctrl_database_bridge/include/cell_controller_tables/cellctrl_dbtable_process.h:6:0[m[K,
                 from [01m[K/home/handsome/ros_ws_test/src/ros_base/cell_controller/Model/cellctrl_database_bridge/src/cell_controller_tables/cellctrl_dbtable_process.cpp:1[m[K:
[01m[K/home/handsome/ros_ws_test/src/ros_base/cell_controller/Model/cellctrl_database_bridge/include/cell_controller_tables/cellctrl_agvbasetype_tables.h:66:7:[m[K [01;36m[Knote: [m[K  because the following virtual functions are pure within â€˜[01m[Kmodule_tbcell_agv_basetypeitems[m[Kâ€™:
 class [01;36m[Kmodule_tbcell_agv_basetypeitems[m[K : public table_mongodbstore_client<type_tbcell_agv_basetypeitems,type_tbcell_agv_basetypeitems_req,type_tbcell_agv_basetypeitems_resp>
       [01;36m[K^~~~~~~~~~~~~~~~~~~~~~~~~~~~~~~[m[K
In file included from [01m[K/home/handsome/ros_ws_test/src/ros_base/cell_controller/Model/cellctrl_database_bridge/include/cell_controller_tables/cellctrl_dbtable_process.h:4:0[m[K,
                 from [01m[K/home/handsome/ros_ws_test/src/ros_base/cell_controller/Model/cellctrl_database_bridge/src/cell_controller_tables/cellctrl_dbtable_process.cpp:1[m[K:
[01m[K/home/handsome/ros_ws_test/install/ros_utility_tools/include/ros_utility_tools/table_mongodbstore_client.h:268:16:[m[K [01;36m[Knote: [m[K	bool table_mongodbstore_client<MsgType, MsgType_req, MsgType_resp>::v_ptr_results_vector_find_if(std::__cxx11::string, std::__cxx11::string, db_tb_search_type, int&) [with MsgType = cellctrl_control_msgs::cell_agv_basetypeitems_<std::allocator<void> >; MsgType_req = cellctrl_control_msgs::cell_agv_basetypeitems_cmdRequest_<std::allocator<void> >; MsgType_resp = cellctrl_control_msgs::cell_agv_basetypeitems_cmdResponse_<std::allocator<void> >; std::__cxx11::string = std::__cxx11::basic_string<char>]
   virtual bool [01;36m[Kv_ptr_results_vector_find_if[m[K(std::string _sch_keydata,std::string _sub_sch_keydata,db_tb_search_type _search_type,int &rst_distance) = 0 ;
                [01;36m[K^~~~~~~~~~~~~~~~~~~~~~~~~~~~[m[K
[01m[K/home/handsome/ros_ws_test/src/ros_base/cell_controller/Model/cellctrl_database_bridge/src/cell_controller_tables/cellctrl_dbtable_process.cpp:20:71:[m[K [01;31m[Kerror: [m[Kinvalid new-expression of abstract class type â€˜[01m[Kmodule_tbcell_device[m[Kâ€™
     cell_base_device = new module_tbcell_device(nh_,tbname_base_device[01;31m[K)[m[K;
                                                                       [01;31m[K^[m[K
In file included from [01m[K/home/handsome/ros_ws_test/src/ros_base/cell_controller/Model/cellctrl_database_bridge/include/cell_controller_tables/cellctrl_dbtable_process.h:6:0[m[K,
                 from [01m[K/home/handsome/ros_ws_test/src/ros_base/cell_controller/Model/cellctrl_database_bridge/src/cell_controller_tables/cellctrl_dbtable_process.cpp:1[m[K:
[01m[K/home/handsome/ros_ws_test/src/ros_base/cell_controller/Model/cellctrl_database_bridge/include/cell_controller_tables/cellctrl_agvbasetype_tables.h:104:7:[m[K [01;36m[Knote: [m[K  because the following virtual functions are pure within â€˜[01m[Kmodule_tbcell_device[m[Kâ€™:
 class [01;36m[Kmodule_tbcell_device[m[K : public table_mongodbstore_client<type_tbcell_device,type_tbcell_device_req,type_tbcell_device_resp>
       [01;36m[K^~~~~~~~~~~~~~~~~~~~[m[K
In file included from [01m[K/home/handsome/ros_ws_test/src/ros_base/cell_controller/Model/cellctrl_database_bridge/include/cell_controller_tables/cellctrl_dbtable_process.h:4:0[m[K,
                 from [01m[K/home/handsome/ros_ws_test/src/ros_base/cell_controller/Model/cellctrl_database_bridge/src/cell_controller_tables/cellctrl_dbtable_process.cpp:1[m[K:
[01m[K/home/handsome/ros_ws_test/install/ros_utility_tools/include/ros_utility_tools/table_mongodbstore_client.h:268:16:[m[K [01;36m[Knote: [m[K	bool table_mongodbstore_client<MsgType, MsgType_req, MsgType_resp>::v_ptr_results_vector_find_if(std::__cxx11::string, std::__cxx11::string, db_tb_search_type, int&) [with MsgType = cellctrl_control_msgs::cell_base_device_<std::allocator<void> >; MsgType_req = cellctrl_control_msgs::cell_base_device_cmdRequest_<std::allocator<void> >; MsgType_resp = cellctrl_control_msgs::cell_base_device_cmdResponse_<std::allocator<void> >; std::__cxx11::string = std::__cxx11::basic_string<char>]
   virtual bool [01;36m[Kv_ptr_results_vector_find_if[m[K(std::string _sch_keydata,std::string _sub_sch_keydata,db_tb_search_type _search_type,int &rst_distance) = 0 ;
                [01;36m[K^~~~~~~~~~~~~~~~~~~~~~~~~~~~[m[K
[01m[K/home/handsome/ros_ws_test/src/ros_base/cell_controller/Model/cellctrl_database_bridge/src/cell_controller_tables/cellctrl_dbtable_process.cpp:21:91:[m[K [01;31m[Kerror: [m[Kinvalid new-expression of abstract class type â€˜[01m[Kmodule_tbcell_battery_caculate[m[Kâ€™
     cell_battery_caculate = new module_tbcell_battery_caculate(nh_,tbname_battery_caculate[01;31m[K)[m[K;
                                                                                           [01;31m[K^[m[K
In file included from [01m[K/home/handsome/ros_ws_test/src/ros_base/cell_controller/Model/cellctrl_database_bridge/include/cell_controller_tables/cellctrl_dbtable_process.h:6:0[m[K,
                 from [01m[K/home/handsome/ros_ws_test/src/ros_base/cell_controller/Model/cellctrl_database_bridge/src/cell_controller_tables/cellctrl_dbtable_process.cpp:1[m[K:
[01m[K/home/handsome/ros_ws_test/src/ros_base/cell_controller/Model/cellctrl_database_bridge/include/cell_controller_tables/cellctrl_agvbasetype_tables.h:144:7:[m[K [01;36m[Knote: [m[K  because the following virtual functions are pure within â€˜[01m[Kmodule_tbcell_battery_caculate[m[Kâ€™:
 class [01;36m[Kmodule_tbcell_battery_caculate[m[K : public table_mongodbstore_client<type_tbcell_battery_caculate,type_tbcell_battery_caculate_req,type_tbcell_battery_caculate_resp>
       [01;36m[K^~~~~~~~~~~~~~~~~~~~~~~~~~~~~~[m[K
In file included from [01m[K/home/handsome/ros_ws_test/src/ros_base/cell_controller/Model/cellctrl_database_bridge/include/cell_controller_tables/cellctrl_dbtable_process.h:4:0[m[K,
                 from [01m[K/home/handsome/ros_ws_test/src/ros_base/cell_controller/Model/cellctrl_database_bridge/src/cell_controller_tables/cellctrl_dbtable_process.cpp:1[m[K:
[01m[K/home/handsome/ros_ws_test/install/ros_utility_tools/include/ros_utility_tools/table_mongodbstore_client.h:268:16:[m[K [01;36m[Knote: [m[K	bool table_mongodbstore_client<MsgType, MsgType_req, MsgType_resp>::v_ptr_results_vector_find_if(std::__cxx11::string, std::__cxx11::string, db_tb_search_type, int&) [with MsgType = cellctrl_control_msgs::cell_battery_caculate_<std::allocator<void> >; MsgType_req = cellctrl_control_msgs::cell_battery_caculate_cmdRequest_<std::allocator<void> >; MsgType_resp = cellctrl_control_msgs::cell_battery_caculate_cmdResponse_<std::allocator<void> >; std::__cxx11::string = std::__cxx11::basic_string<char>]
   virtual bool [01;36m[Kv_ptr_results_vector_find_if[m[K(std::string _sch_keydata,std::string _sub_sch_keydata,db_tb_search_type _search_type,int &rst_distance) = 0 ;
                [01;36m[K^~~~~~~~~~~~~~~~~~~~~~~~~~~~[m[K
[01m[K/home/handsome/ros_ws_test/src/ros_base/cell_controller/Model/cellctrl_database_bridge/src/cell_controller_tables/cellctrl_dbtable_process.cpp:22:85:[m[K [01;31m[Kerror: [m[Kinvalid new-expression of abstract class type â€˜[01m[Kmodule_tbcell_battery_remain[m[Kâ€™
     cell_battery_remain = new module_tbcell_battery_remain(nh_,tbname_battery_remain[01;31m[K)[m[K;
                                                                                     [01;31m[K^[m[K
In file included from [01m[K/home/handsome/ros_ws_test/src/ros_base/cell_controller/Model/cellctrl_database_bridge/include/cell_controller_tables/cellctrl_dbtable_process.h:6:0[m[K,
                 from [01m[K/home/handsome/ros_ws_test/src/ros_base/cell_controller/Model/cellctrl_database_bridge/src/cell_controller_tables/cellctrl_dbtable_process.cpp:1[m[K:
[01m[K/home/handsome/ros_ws_test/src/ros_base/cell_controller/Model/cellctrl_database_bridge/include/cell_controller_tables/cellctrl_agvbasetype_tables.h:184:7:[m[K [01;36m[Knote: [m[K  because the following virtual functions are pure within â€˜[01m[Kmodule_tbcell_battery_remain[m[Kâ€™:
 class [01;36m[Kmodule_tbcell_battery_remain[m[K : public table_mongodbstore_client<type_tbcell_battery_remain,type_tbcell_battery_remain_req,type_tbcell_battery_remain_resp>
       [01;36m[K^~~~~~~~~~~~~~~~~~~~~~~~~~~~[m[K
In file included from [01m[K/home/handsome/ros_ws_test/src/ros_base/cell_controller/Model/cellctrl_database_bridge/include/cell_controller_tables/cellctrl_dbtable_process.h:4:0[m[K,
                 from [01m[K/home/handsome/ros_ws_test/src/ros_base/cell_controller/Model/cellctrl_database_bridge/src/cell_controller_tables/cellctrl_dbtable_process.cpp:1[m[K:
[01m[K/home/handsome/ros_ws_test/install/ros_utility_tools/include/ros_utility_tools/table_mongodbstore_client.h:268:16:[m[K [01;36m[Knote: [m[K	bool table_mongodbstore_client<MsgType, MsgType_req, MsgType_resp>::v_ptr_results_vector_find_if(std::__cxx11::string, std::__cxx11::string, db_tb_search_type, int&) [with MsgType = cellctrl_control_msgs::cell_battery_remain_<std::allocator<void> >; MsgType_req = cellctrl_control_msgs::cell_battery_remain_cmdRequest_<std::allocator<void> >; MsgType_resp = cellctrl_control_msgs::cell_battery_remain_cmdResponse_<std::allocator<void> >; std::__cxx11::string = std::__cxx11::basic_string<char>]
   virtual bool [01;36m[Kv_ptr_results_vector_find_if[m[K(std::string _sch_keydata,std::string _sub_sch_keydata,db_tb_search_type _search_type,int &rst_distance) = 0 ;
                [01;36m[K^~~~~~~~~~~~~~~~~~~~~~~~~~~~[m[K
[01m[K/home/handsome/ros_ws_test/src/ros_base/cell_controller/Model/cellctrl_database_bridge/src/cell_controller_tables/cellctrl_dbtable_process.cpp:24:70:[m[K [01;31m[Kerror: [m[Kinvalid new-expression of abstract class type â€˜[01m[Kmodule_tbcell_transfer[m[Kâ€™
     cell_tb_transfer = new module_tbcell_transfer(nh_,tbname_transfer[01;31m[K)[m[K;
                                                                      [01;31m[K^[m[K
In file included from [01m[K/home/handsome/ros_ws_test/src/ros_base/cell_controller/Model/cellctrl_database_bridge/include/cell_controller_tables/cellctrl_dbtable_process.h:7:0[m[K,
                 from [01m[K/home/handsome/ros_ws_test/src/ros_base/cell_controller/Model/cellctrl_database_bridge/src/cell_controller_tables/cellctrl_dbtable_process.cpp:1[m[K:
[01m[K/home/handsome/ros_ws_test/src/ros_base/cell_controller/Model/cellctrl_database_bridge/include/cell_controller_tables/cellctrl_module_tables.h:31:7:[m[K [01;36m[Knote: [m[K  because the following virtual functions are pure within â€˜[01m[Kmodule_tbcell_transfer[m[Kâ€™:
 class [01;36m[Kmodule_tbcell_transfer[m[K : public table_mongodbstore_client<type_tbcell_transfer,type_tbcell_transfer_req,type_tbcell_transfer_resp>
       [01;36m[K^~~~~~~~~~~~~~~~~~~~~~[m[K
In file included from [01m[K/home/handsome/ros_ws_test/src/ros_base/cell_controller/Model/cellctrl_database_bridge/include/cell_controller_tables/cellctrl_dbtable_process.h:4:0[m[K,
                 from [01m[K/home/handsome/ros_ws_test/src/ros_base/cell_controller/Model/cellctrl_database_bridge/src/cell_controller_tables/cellctrl_dbtable_process.cpp:1[m[K:
[01m[K/home/handsome/ros_ws_test/install/ros_utility_tools/include/ros_utility_tools/table_mongodbstore_client.h:268:16:[m[K [01;36m[Knote: [m[K	bool table_mongodbstore_client<MsgType, MsgType_req, MsgType_resp>::v_ptr_results_vector_find_if(std::__cxx11::string, std::__cxx11::string, db_tb_search_type, int&) [with MsgType = cellctrl_control_msgs::cell_base_transfer_<std::allocator<void> >; MsgType_req = cellctrl_control_msgs::cell_base_transfer_cmdRequest_<std::allocator<void> >; MsgType_resp = cellctrl_control_msgs::cell_base_transfer_cmdResponse_<std::allocator<void> >; std::__cxx11::string = std::__cxx11::basic_string<char>]
   virtual bool [01;36m[Kv_ptr_results_vector_find_if[m[K(std::string _sch_keydata,std::string _sub_sch_keydata,db_tb_search_type _search_type,int &rst_distance) = 0 ;
                [01;36m[K^~~~~~~~~~~~~~~~~~~~~~~~~~~~[m[K
[01m[K/home/handsome/ros_ws_test/src/ros_base/cell_controller/Model/cellctrl_database_bridge/src/cell_controller_tables/cellctrl_dbtable_process.cpp:25:76:[m[K [01;31m[Kerror: [m[Kinvalid new-expression of abstract class type â€˜[01m[Kmodule_tbcell_mcfunction[m[Kâ€™
     cell_tb_mcfunction = new module_tbcell_mcfunction(nh_,tbname_mcfunction[01;31m[K)[m[K;
                                                                            [01;31m[K^[m[K
In file included from [01m[K/home/handsome/ros_ws_test/src/ros_base/cell_controller/Model/cellctrl_database_bridge/include/cell_controller_tables/cellctrl_dbtable_process.h:7:0[m[K,
                 from [01m[K/home/handsome/ros_ws_test/src/ros_base/cell_controller/Model/cellctrl_database_bridge/src/cell_controller_tables/cellctrl_dbtable_process.cpp:1[m[K:
[01m[K/home/handsome/ros_ws_test/src/ros_base/cell_controller/Model/cellctrl_database_bridge/include/cell_controller_tables/cellctrl_module_tables.h:71:7:[m[K [01;36m[Knote: [m[K  because the following virtual functions are pure within â€˜[01m[Kmodule_tbcell_mcfunction[m[Kâ€™:
 class [01;36m[Kmodule_tbcell_mcfunction[m[K : public table_mongodbstore_client<type_tbcell_mcfunction,type_tbcell_mcfunction_req,type_tbcell_mcfunction_resp>
       [01;36m[K^~~~~~~~~~~~~~~~~~~~~~~~[m[K
In file included from [01m[K/home/handsome/ros_ws_test/src/ros_base/cell_controller/Model/cellctrl_database_bridge/include/cell_controller_tables/cellctrl_dbtable_process.h:4:0[m[K,
                 from [01m[K/home/handsome/ros_ws_test/src/ros_base/cell_controller/Model/cellctrl_database_bridge/src/cell_controller_tables/cellctrl_dbtable_process.cpp:1[m[K:
[01m[K/home/handsome/ros_ws_test/install/ros_utility_tools/include/ros_utility_tools/table_mongodbstore_client.h:268:16:[m[K [01;36m[Knote: [m[K	bool table_mongodbstore_client<MsgType, MsgType_req, MsgType_resp>::v_ptr_results_vector_find_if(std::__cxx11::string, std::__cxx11::string, db_tb_search_type, int&) [with MsgType = cellctrl_control_msgs::cell_base_mcfunction_<std::allocator<void> >; MsgType_req = cellctrl_control_msgs::cell_base_mcfunction_cmdRequest_<std::allocator<void> >; MsgType_resp = cellctrl_control_msgs::cell_base_mcfunction_cmdResponse_<std::allocator<void> >; std::__cxx11::string = std::__cxx11::basic_string<char>]
   virtual bool [01;36m[Kv_ptr_results_vector_find_if[m[K(std::string _sch_keydata,std::string _sub_sch_keydata,db_tb_search_type _search_type,int &rst_distance) = 0 ;
                [01;36m[K^~~~~~~~~~~~~~~~~~~~~~~~~~~~[m[K
[01m[K/home/handsome/ros_ws_test/src/ros_base/cell_controller/Model/cellctrl_database_bridge/src/cell_controller_tables/cellctrl_dbtable_process.cpp:26:61:[m[K [01;31m[Kerror: [m[Kinvalid new-expression of abstract class type â€˜[01m[Kmodule_tbcell_alarm[m[Kâ€™
     cell_tb_alarm = new module_tbcell_alarm(nh_,tbname_alarm[01;31m[K)[m[K;
                                                             [01;31m[K^[m[K
In file included from [01m[K/home/handsome/ros_ws_test/src/ros_base/cell_controller/Model/cellctrl_database_bridge/include/cell_controller_tables/cellctrl_dbtable_process.h:7:0[m[K,
                 from [01m[K/home/handsome/ros_ws_test/src/ros_base/cell_controller/Model/cellctrl_database_bridge/src/cell_controller_tables/cellctrl_dbtable_process.cpp:1[m[K:
[01m[K/home/handsome/ros_ws_test/src/ros_base/cell_controller/Model/cellctrl_database_bridge/include/cell_controller_tables/cellctrl_module_tables.h:112:7:[m[K [01;36m[Knote: [m[K  because the following virtual functions are pure within â€˜[01m[Kmodule_tbcell_alarm[m[Kâ€™:
 class [01;36m[Kmodule_tbcell_alarm[m[K : public table_mongodbstore_client<type_tbcell_alarm,type_tbcell_alarm_req,type_tbcell_alarm_resp>
       [01;36m[K^~~~~~~~~~~~~~~~~~~[m[K
In file included from [01m[K/home/handsome/ros_ws_test/src/ros_base/cell_controller/Model/cellctrl_database_bridge/include/cell_controller_tables/cellctrl_dbtable_process.h:4:0[m[K,
                 from [01m[K/home/handsome/ros_ws_test/src/ros_base/cell_controller/Model/cellctrl_database_bridge/src/cell_controller_tables/cellctrl_dbtable_process.cpp:1[m[K:
[01m[K/home/handsome/ros_ws_test/install/ros_utility_tools/include/ros_utility_tools/table_mongodbstore_client.h:268:16:[m[K [01;36m[Knote: [m[K	bool table_mongodbstore_client<MsgType, MsgType_req, MsgType_resp>::v_ptr_results_vector_find_if(std::__cxx11::string, std::__cxx11::string, db_tb_search_type, int&) [with MsgType = cellctrl_control_msgs::cell_base_alarm_<std::allocator<void> >; MsgType_req = cellctrl_control_msgs::cell_base_alarm_cmdRequest_<std::allocator<void> >; MsgType_resp = cellctrl_control_msgs::cell_base_alarm_cmdResponse_<std::allocator<void> >; std::__cxx11::string = std::__cxx11::basic_string<char>]
   virtual bool [01;36m[Kv_ptr_results_vector_find_if[m[K(std::string _sch_keydata,std::string _sub_sch_keydata,db_tb_search_type _search_type,int &rst_distance) = 0 ;
                [01;36m[K^~~~~~~~~~~~~~~~~~~~~~~~~~~~[m[K
[01m[K/home/handsome/ros_ws_test/src/ros_base/cell_controller/Model/cellctrl_database_bridge/src/cell_controller_tables/cellctrl_dbtable_process.cpp:27:70:[m[K [01;31m[Kerror: [m[Kinvalid new-expression of abstract class type â€˜[01m[Kmodule_tbcell_maintain[m[Kâ€™
     cell_tb_maintain = new module_tbcell_maintain(nh_,tbname_maintain[01;31m[K)[m[K;
                                                                      [01;31m[K^[m[K
In file included from [01m[K/home/handsome/ros_ws_test/src/ros_base/cell_controller/Model/cellctrl_database_bridge/include/cell_controller_tables/cellctrl_dbtable_process.h:7:0[m[K,
                 from [01m[K/home/handsome/ros_ws_test/src/ros_base/cell_controller/Model/cellctrl_database_bridge/src/cell_controller_tables/cellctrl_dbtable_process.cpp:1[m[K:
[01m[K/home/handsome/ros_ws_test/src/ros_base/cell_controller/Model/cellctrl_database_bridge/include/cell_controller_tables/cellctrl_module_tables.h:151:7:[m[K [01;36m[Knote: [m[K  because the following virtual functions are pure within â€˜[01m[Kmodule_tbcell_maintain[m[Kâ€™:
 class [01;36m[Kmodule_tbcell_maintain[m[K : public table_mongodbstore_client<type_tbcell_maintain,type_tbcell_maintain_req,type_tbcell_maintain_resp>
       [01;36m[K^~~~~~~~~~~~~~~~~~~~~~[m[K
In file included from [01m[K/home/handsome/ros_ws_test/src/ros_base/cell_controller/Model/cellctrl_database_bridge/include/cell_controller_tables/cellctrl_dbtable_process.h:4:0[m[K,
                 from [01m[K/home/handsome/ros_ws_test/src/ros_base/cell_controller/Model/cellctrl_database_bridge/src/cell_controller_tables/cellctrl_dbtable_process.cpp:1[m[K:
[01m[K/home/handsome/ros_ws_test/install/ros_utility_tools/include/ros_utility_tools/table_mongodbstore_client.h:268:16:[m[K [01;36m[Knote: [m[K	bool table_mongodbstore_client<MsgType, MsgType_req, MsgType_resp>::v_ptr_results_vector_find_if(std::__cxx11::string, std::__cxx11::string, db_tb_search_type, int&) [with MsgType = cellctrl_control_msgs::cell_base_maintain_<std::allocator<void> >; MsgType_req = cellctrl_control_msgs::cell_base_maintain_cmdRequest_<std::allocator<void> >; MsgType_resp = cellctrl_control_msgs::cell_base_maintain_cmdResponse_<std::allocator<void> >; std::__cxx11::string = std::__cxx11::basic_string<char>]
   virtual bool [01;36m[Kv_ptr_results_vector_find_if[m[K(std::string _sch_keydata,std::string _sub_sch_keydata,db_tb_search_type _search_type,int &rst_distance) = 0 ;
                [01;36m[K^~~~~~~~~~~~~~~~~~~~~~~~~~~~[m[K
[01m[K/home/handsome/ros_ws_test/src/ros_base/cell_controller/Model/cellctrl_database_bridge/src/cell_controller_tables/cellctrl_dbtable_process.cpp:28:88:[m[K [01;31m[Kerror: [m[Kinvalid new-expression of abstract class type â€˜[01m[Kmodule_tbcell_basecontroller[m[Kâ€™
     cell_tb_basecontroller = new module_tbcell_basecontroller(nh_,tbname_basecontroller[01;31m[K)[m[K;
                                                                                        [01;31m[K^[m[K
In file included from [01m[K/home/handsome/ros_ws_test/src/ros_base/cell_controller/Model/cellctrl_database_bridge/include/cell_controller_tables/cellctrl_dbtable_process.h:7:0[m[K,
                 from [01m[K/home/handsome/ros_ws_test/src/ros_base/cell_controller/Model/cellctrl_database_bridge/src/cell_controller_tables/cellctrl_dbtable_process.cpp:1[m[K:
[01m[K/home/handsome/ros_ws_test/src/ros_base/cell_controller/Model/cellctrl_database_bridge/include/cell_controller_tables/cellctrl_module_tables.h:190:7:[m[K [01;36m[Knote: [m[K  because the following virtual functions are pure within â€˜[01m[Kmodule_tbcell_basecontroller[m[Kâ€™:
 class [01;36m[Kmodule_tbcell_basecontroller[m[K : public table_mongodbstore_client<type_tbcell_basecontroller,type_tbcell_basecontroller_req,type_tbcell_basecontroller_resp>
       [01;36m[K^~~~~~~~~~~~~~~~~~~~~~~~~~~~[m[K
In file included from [01m[K/home/handsome/ros_ws_test/src/ros_base/cell_controller/Model/cellctrl_database_bridge/include/cell_controller_tables/cellctrl_dbtable_process.h:4:0[m[K,
                 from [01m[K/home/handsome/ros_ws_test/src/ros_base/cell_controller/Model/cellctrl_database_bridge/src/cell_controller_tables/cellctrl_dbtable_process.cpp:1[m[K:
[01m[K/home/handsome/ros_ws_test/install/ros_utility_tools/include/ros_utility_tools/table_mongodbstore_client.h:268:16:[m[K [01;36m[Knote: [m[K	bool table_mongodbstore_client<MsgType, MsgType_req, MsgType_resp>::v_ptr_results_vector_find_if(std::__cxx11::string, std::__cxx11::string, db_tb_search_type, int&) [with MsgType = cellctrl_control_msgs::base_cell_controller_<std::allocator<void> >; MsgType_req = cellctrl_control_msgs::base_cell_controller_cmdRequest_<std::allocator<void> >; MsgType_resp = cellctrl_control_msgs::base_cell_controller_cmdResponse_<std::allocator<void> >; std::__cxx11::string = std::__cxx11::basic_string<char>]
   virtual bool [01;36m[Kv_ptr_results_vector_find_if[m[K(std::string _sch_keydata,std::string _sub_sch_keydata,db_tb_search_type _search_type,int &rst_distance) = 0 ;
                [01;36m[K^~~~~~~~~~~~~~~~~~~~~~~~~~~~[m[K
[01m[K/home/handsome/ros_ws_test/src/ros_base/cell_controller/Model/cellctrl_database_bridge/src/cell_controller_tables/cellctrl_dbtable_process.cpp:29:67:[m[K [01;31m[Kerror: [m[Kinvalid new-expression of abstract class type â€˜[01m[Kmodule_tbcell_operate[m[Kâ€™
     cell_tb_operate = new module_tbcell_operate(nh_,tbname_operate[01;31m[K)[m[K;
                                                                   [01;31m[K^[m[K
In file included from [01m[K/home/handsome/ros_ws_test/src/ros_base/cell_controller/Model/cellctrl_database_bridge/include/cell_controller_tables/cellctrl_dbtable_process.h:7:0[m[K,
                 from [01m[K/home/handsome/ros_ws_test/src/ros_base/cell_controller/Model/cellctrl_database_bridge/src/cell_controller_tables/cellctrl_dbtable_process.cpp:1[m[K:
[01m[K/home/handsome/ros_ws_test/src/ros_base/cell_controller/Model/cellctrl_database_bridge/include/cell_controller_tables/cellctrl_module_tables.h:229:7:[m[K [01;36m[Knote: [m[K  because the following virtual functions are pure within â€˜[01m[Kmodule_tbcell_operate[m[Kâ€™:
 class [01;36m[Kmodule_tbcell_operate[m[K : public table_mongodbstore_client<type_tbcell_operate,type_tbcell_operate_req,type_tbcell_operate_resp>
       [01;36m[K^~~~~~~~~~~~~~~~~~~~~[m[K
In file included from [01m[K/home/handsome/ros_ws_test/src/ros_base/cell_controller/Model/cellctrl_database_bridge/include/cell_controller_tables/cellctrl_dbtable_process.h:4:0[m[K,
                 from [01m[K/home/handsome/ros_ws_test/src/ros_base/cell_controller/Model/cellctrl_database_bridge/src/cell_controller_tables/cellctrl_dbtable_process.cpp:1[m[K:
[01m[K/home/handsome/ros_ws_test/install/ros_utility_tools/include/ros_utility_tools/table_mongodbstore_client.h:268:16:[m[K [01;36m[Knote: [m[K	bool table_mongodbstore_client<MsgType, MsgType_req, MsgType_resp>::v_ptr_results_vector_find_if(std::__cxx11::string, std::__cxx11::string, db_tb_search_type, int&) [with MsgType = cellctrl_control_msgs::cell_base_operate_<std::allocator<void> >; MsgType_req = cellctrl_control_msgs::cell_base_operate_cmdRequest_<std::allocator<void> >; MsgType_resp = cellctrl_control_msgs::cell_base_operate_cmdResponse_<std::allocator<void> >; std::__cxx11::string = std::__cxx11::basic_string<char>]
   virtual bool [01;36m[Kv_ptr_results_vector_find_if[m[K(std::string _sch_keydata,std::string _sub_sch_keydata,db_tb_search_type _search_type,int &rst_distance) = 0 ;
                [01;36m[K^~~~~~~~~~~~~~~~~~~~~~~~~~~~[m[K
[01m[K/home/handsome/ros_ws_test/src/ros_base/cell_controller/Model/cellctrl_database_bridge/src/cell_controller_tables/cellctrl_dbtable_process.cpp:31:73:[m[K [01;31m[Kerror: [m[Kinvalid new-expression of abstract class type â€˜[01m[Kmodule_tbcell_work_order[m[Kâ€™
     cell_work_order = new module_tbcell_work_order(nh_,tbname_work_order[01;31m[K)[m[K;
                                                                         [01;31m[K^[m[K
In file included from [01m[K/home/handsome/ros_ws_test/src/ros_base/cell_controller/Model/cellctrl_database_bridge/include/cell_controller_tables/cellctrl_dbtable_process.h:8:0[m[K,
                 from [01m[K/home/handsome/ros_ws_test/src/ros_base/cell_controller/Model/cellctrl_database_bridge/src/cell_controller_tables/cellctrl_dbtable_process.cpp:1[m[K:
[01m[K/home/handsome/ros_ws_test/src/ros_base/cell_controller/Model/cellctrl_database_bridge/include/cell_controller_tables/cellctrl_orders_tables.h:27:7:[m[K [01;36m[Knote: [m[K  because the following virtual functions are pure within â€˜[01m[Kmodule_tbcell_work_order[m[Kâ€™:
 class [01;36m[Kmodule_tbcell_work_order[m[K : public table_mongodbstore_client<type_tbcell_work_order,type_tbcell_work_order_req,type_tbcell_work_order_resp>
       [01;36m[K^~~~~~~~~~~~~~~~~~~~~~~~[m[K
In file included from [01m[K/home/handsome/ros_ws_test/src/ros_base/cell_controller/Model/cellctrl_database_bridge/include/cell_controller_tables/cellctrl_dbtable_process.h:4:0[m[K,
                 from [01m[K/home/handsome/ros_ws_test/src/ros_base/cell_controller/Model/cellctrl_database_bridge/src/cell_controller_tables/cellctrl_dbtable_process.cpp:1[m[K:
[01m[K/home/handsome/ros_ws_test/install/ros_utility_tools/include/ros_utility_tools/table_mongodbstore_client.h:268:16:[m[K [01;36m[Knote: [m[K	bool table_mongodbstore_client<MsgType, MsgType_req, MsgType_resp>::v_ptr_results_vector_find_if(std::__cxx11::string, std::__cxx11::string, db_tb_search_type, int&) [with MsgType = cellctrl_control_msgs::cell_work_order_<std::allocator<void> >; MsgType_req = cellctrl_control_msgs::cell_work_order_cmdRequest_<std::allocator<void> >; MsgType_resp = cellctrl_control_msgs::cell_work_order_cmdResponse_<std::allocator<void> >; std::__cxx11::string = std::__cxx11::basic_string<char>]
   virtual bool [01;36m[Kv_ptr_results_vector_find_if[m[K(std::string _sch_keydata,std::string _sub_sch_keydata,db_tb_search_type _search_type,int &rst_distance) = 0 ;
                [01;36m[K^~~~~~~~~~~~~~~~~~~~~~~~~~~~[m[K
[01m[K/home/handsome/ros_ws_test/src/ros_base/cell_controller/Model/cellctrl_database_bridge/src/cell_controller_tables/cellctrl_dbtable_process.cpp:32:88:[m[K [01;31m[Kerror: [m[Kinvalid new-expression of abstract class type â€˜[01m[Kmodule_tbcell_work_orderitems[m[Kâ€™
     cell_work_orderitems = new module_tbcell_work_orderitems(nh_,tbname_work_orderitems[01;31m[K)[m[K;
                                                                                        [01;31m[K^[m[K
In file included from [01m[K/home/handsome/ros_ws_test/src/ros_base/cell_controller/Model/cellctrl_database_bridge/include/cell_controller_tables/cellctrl_dbtable_process.h:8:0[m[K,
                 from [01m[K/home/handsome/ros_ws_test/src/ros_base/cell_controller/Model/cellctrl_database_bridge/src/cell_controller_tables/cellctrl_dbtable_process.cpp:1[m[K:
[01m[K/home/handsome/ros_ws_test/src/ros_base/cell_controller/Model/cellctrl_database_bridge/include/cell_controller_tables/cellctrl_orders_tables.h:67:7:[m[K [01;36m[Knote: [m[K  because the following virtual functions are pure within â€˜[01m[Kmodule_tbcell_work_orderitems[m[Kâ€™:
 class [01;36m[Kmodule_tbcell_work_orderitems[m[K : public table_mongodbstore_client<type_tbcell_work_orderitems,type_tbcell_work_orderitems_req,type_tbcell_work_orderitems_resp>
       [01;36m[K^~~~~~~~~~~~~~~~~~~~~~~~~~~~~[m[K
In file included from [01m[K/home/handsome/ros_ws_test/src/ros_base/cell_controller/Model/cellctrl_database_bridge/include/cell_controller_tables/cellctrl_dbtable_process.h:4:0[m[K,
                 from [01m[K/home/handsome/ros_ws_test/src/ros_base/cell_controller/Model/cellctrl_database_bridge/src/cell_controller_tables/cellctrl_dbtable_process.cpp:1[m[K:
[01m[K/home/handsome/ros_ws_test/install/ros_utility_tools/include/ros_utility_tools/table_mongodbstore_client.h:268:16:[m[K [01;36m[Knote: [m[K	bool table_mongodbstore_client<MsgType, MsgType_req, MsgType_resp>::v_ptr_results_vector_find_if(std::__cxx11::string, std::__cxx11::string, db_tb_search_type, int&) [with MsgType = cellctrl_control_msgs::cell_work_orderitems_<std::allocator<void> >; MsgType_req = cellctrl_control_msgs::cell_work_orderitems_cmdRequest_<std::allocator<void> >; MsgType_resp = cellctrl_control_msgs::cell_work_orderitems_cmdResponse_<std::allocator<void> >; std::__cxx11::string = std::__cxx11::basic_string<char>]
   virtual bool [01;36m[Kv_ptr_results_vector_find_if[m[K(std::string _sch_keydata,std::string _sub_sch_keydata,db_tb_search_type _search_type,int &rst_distance) = 0 ;
                [01;36m[K^~~~~~~~~~~~~~~~~~~~~~~~~~~~[m[K
[01m[K/home/handsome/ros_ws_test/src/ros_base/cell_controller/Model/cellctrl_database_bridge/src/cell_controller_tables/cellctrl_dbtable_process.cpp:33:88:[m[K [01;31m[Kerror: [m[Kinvalid new-expression of abstract class type â€˜[01m[Kmodule_tbcell_work_ordergoods[m[Kâ€™
     cell_work_ordergoods = new module_tbcell_work_ordergoods(nh_,tbname_work_ordergoods[01;31m[K)[m[K;
                                                                                        [01;31m[K^[m[K
In file included from [01m[K/home/handsome/ros_ws_test/src/ros_base/cell_controller/Model/cellctrl_database_bridge/include/cell_controller_tables/cellctrl_dbtable_process.h:8:0[m[K,
                 from [01m[K/home/handsome/ros_ws_test/src/ros_base/cell_controller/Model/cellctrl_database_bridge/src/cell_controller_tables/cellctrl_dbtable_process.cpp:1[m[K:
[01m[K/home/handsome/ros_ws_test/src/ros_base/cell_controller/Model/cellctrl_database_bridge/include/cell_controller_tables/cellctrl_orders_tables.h:107:7:[m[K [01;36m[Knote: [m[K  because the following virtual functions are pure within â€˜[01m[Kmodule_tbcell_work_ordergoods[m[Kâ€™:
 class [01;36m[Kmodule_tbcell_work_ordergoods[m[K : public table_mongodbstore_client<type_tbcell_work_ordergoods,type_tbcell_work_ordergoods_req,type_tbcell_work_ordergoods_resp>
       [01;36m[K^~~~~~~~~~~~~~~~~~~~~~~~~~~~~[m[K
In file included from [01m[K/home/handsome/ros_ws_test/src/ros_base/cell_controller/Model/cellctrl_database_bridge/include/cell_controller_tables/cellctrl_dbtable_process.h:4:0[m[K,
                 from [01m[K/home/handsome/ros_ws_test/src/ros_base/cell_controller/Model/cellctrl_database_bridge/src/cell_controller_tables/cellctrl_dbtable_process.cpp:1[m[K:
[01m[K/home/handsome/ros_ws_test/install/ros_utility_tools/include/ros_utility_tools/table_mongodbstore_client.h:268:16:[m[K [01;36m[Knote: [m[K	bool table_mongodbstore_client<MsgType, MsgType_req, MsgType_resp>::v_ptr_results_vector_find_if(std::__cxx11::string, std::__cxx11::string, db_tb_search_type, int&) [with MsgType = cellctrl_control_msgs::cell_work_ordergoods_<std::allocator<void> >; MsgType_req = cellctrl_control_msgs::cell_work_ordergoods_cmdRequest_<std::allocator<void> >; MsgType_resp = cellctrl_control_msgs::cell_work_ordergoods_cmdResponse_<std::allocator<void> >; std::__cxx11::string = std::__cxx11::basic_string<char>]
   virtual bool [01;36m[Kv_ptr_results_vector_find_if[m[K(std::string _sch_keydata,std::string _sub_sch_keydata,db_tb_search_type _search_type,int &rst_distance) = 0 ;
                [01;36m[K^~~~~~~~~~~~~~~~~~~~~~~~~~~~[m[K
[01m[K/home/handsome/ros_ws_test/src/ros_base/cell_controller/Model/cellctrl_database_bridge/src/cell_controller_tables/cellctrl_dbtable_process.cpp:35:82:[m[K [01;31m[Kerror: [m[Kinvalid new-expression of abstract class type â€˜[01m[Kmodule_tbcell_work_stations[m[Kâ€™
     cell_work_stations = new module_tbcell_work_stations(nh_,tbname_work_stations[01;31m[K)[m[K;
                                                                                  [01;31m[K^[m[K
In file included from [01m[K/home/handsome/ros_ws_test/src/ros_base/cell_controller/Model/cellctrl_database_bridge/include/cell_controller_tables/cellctrl_dbtable_process.h:9:0[m[K,
                 from [01m[K/home/handsome/ros_ws_test/src/ros_base/cell_controller/Model/cellctrl_database_bridge/src/cell_controller_tables/cellctrl_dbtable_process.cpp:1[m[K:
[01m[K/home/handsome/ros_ws_test/src/ros_base/cell_controller/Model/cellctrl_database_bridge/include/cell_controller_tables/cellctrl_stations_tables.h:27:7:[m[K [01;36m[Knote: [m[K  because the following virtual functions are pure within â€˜[01m[Kmodule_tbcell_work_stations[m[Kâ€™:
 class [01;36m[Kmodule_tbcell_work_stations[m[K : public table_mongodbstore_client<type_tbcell_work_stations,type_tbcell_work_stations_req,type_tbcell_work_stations_resp>
       [01;36m[K^~~~~~~~~~~~~~~~~~~~~~~~~~~[m[K
In file included from [01m[K/home/handsome/ros_ws_test/src/ros_base/cell_controller/Model/cellctrl_database_bridge/include/cell_controller_tables/cellctrl_dbtable_process.h:4:0[m[K,
                 from [01m[K/home/handsome/ros_ws_test/src/ros_base/cell_controller/Model/cellctrl_database_bridge/src/cell_controller_tables/cellctrl_dbtable_process.cpp:1[m[K:
[01m[K/home/handsome/ros_ws_test/install/ros_utility_tools/include/ros_utility_tools/table_mongodbstore_client.h:268:16:[m[K [01;36m[Knote: [m[K	bool table_mongodbstore_client<MsgType, MsgType_req, MsgType_resp>::v_ptr_results_vector_find_if(std::__cxx11::string, std::__cxx11::string, db_tb_search_type, int&) [with MsgType = cellctrl_control_msgs::cell_work_stations_<std::allocator<void> >; MsgType_req = cellctrl_control_msgs::cell_work_stations_cmdRequest_<std::allocator<void> >; MsgType_resp = cellctrl_control_msgs::cell_work_stations_cmdResponse_<std::allocator<void> >; std::__cxx11::string = std::__cxx11::basic_string<char>]
   virtual bool [01;36m[Kv_ptr_results_vector_find_if[m[K(std::string _sch_keydata,std::string _sub_sch_keydata,db_tb_search_type _search_type,int &rst_distance) = 0 ;
                [01;36m[K^~~~~~~~~~~~~~~~~~~~~~~~~~~~[m[K
[01m[K/home/handsome/ros_ws_test/src/ros_base/cell_controller/Model/cellctrl_database_bridge/src/cell_controller_tables/cellctrl_dbtable_process.cpp:36:94:[m[K [01;31m[Kerror: [m[Kinvalid new-expression of abstract class type â€˜[01m[Kmodule_tbcell_work_stationitems[m[Kâ€™
     cell_work_stationitems = new module_tbcell_work_stationitems(nh_,tbname_work_stationitems[01;31m[K)[m[K;
                                                                                              [01;31m[K^[m[K
In file included from [01m[K/home/handsome/ros_ws_test/src/ros_base/cell_controller/Model/cellctrl_database_bridge/include/cell_controller_tables/cellctrl_dbtable_process.h:9:0[m[K,
                 from [01m[K/home/handsome/ros_ws_test/src/ros_base/cell_controller/Model/cellctrl_database_bridge/src/cell_controller_tables/cellctrl_dbtable_process.cpp:1[m[K:
[01m[K/home/handsome/ros_ws_test/src/ros_base/cell_controller/Model/cellctrl_database_bridge/include/cell_controller_tables/cellctrl_stations_tables.h:67:7:[m[K [01;36m[Knote: [m[K  because the following virtual functions are pure within â€˜[01m[Kmodule_tbcell_work_stationitems[m[Kâ€™:
 class [01;36m[Kmodule_tbcell_work_stationitems[m[K : public table_mongodbstore_client<type_tbcell_work_stationitems,type_tbcell_work_stationitems_req,type_tbcell_work_stationitems_resp>
       [01;36m[K^~~~~~~~~~~~~~~~~~~~~~~~~~~~~~~[m[K
In file included from [01m[K/home/handsome/ros_ws_test/src/ros_base/cell_controller/Model/cellctrl_database_bridge/include/cell_controller_tables/cellctrl_dbtable_process.h:4:0[m[K,
                 from [01m[K/home/handsome/ros_ws_test/src/ros_base/cell_controller/Model/cellctrl_database_bridge/src/cell_controller_tables/cellctrl_dbtable_process.cpp:1[m[K:
[01m[K/home/handsome/ros_ws_test/install/ros_utility_tools/include/ros_utility_tools/table_mongodbstore_client.h:268:16:[m[K [01;36m[Knote: [m[K	bool table_mongodbstore_client<MsgType, MsgType_req, MsgType_resp>::v_ptr_results_vector_find_if(std::__cxx11::string, std::__cxx11::string, db_tb_search_type, int&) [with MsgType = cellctrl_control_msgs::cell_work_stationitems_<std::allocator<void> >; MsgType_req = cellctrl_control_msgs::cell_work_stationitems_cmdRequest_<std::allocator<void> >; MsgType_resp = cellctrl_control_msgs::cell_work_stationitems_cmdResponse_<std::allocator<void> >; std::__cxx11::string = std::__cxx11::basic_string<char>]
   virtual bool [01;36m[Kv_ptr_results_vector_find_if[m[K(std::string _sch_keydata,std::string _sub_sch_keydata,db_tb_search_type _search_type,int &rst_distance) = 0 ;
                [01;36m[K^~~~~~~~~~~~~~~~~~~~~~~~~~~~[m[K
CMakeFiles/cellctrl_database_bridge.dir/build.make:254: recipe for target 'CMakeFiles/cellctrl_database_bridge.dir/src/cell_controller_tables/cellctrl_dbtable_process.cpp.o' failed
make[2]: *** [CMakeFiles/cellctrl_database_bridge.dir/src/cell_controller_tables/cellctrl_dbtable_process.cpp.o] Error 1
CMakeFiles/Makefile2:899: recipe for target 'CMakeFiles/cellctrl_database_bridge.dir/all' failed
make[1]: *** [CMakeFiles/cellctrl_database_bridge.dir/all] Error 2
make: *** [all] Error 2
Makefile:140: recipe for target 'all' failed
