[0.206s] Invoking command in '/home/handsome/ros_ws_test/build/cellctrl_database_bridge': CMAKE_PREFIX_PATH=/home/handsome/ros_ws_test/install/mongodb_store:/home/handsome/ros_ws_test/install/ros_utility_tools:/home/handsome/ros_ws_test/install/mongodb_store_msgs:/home/handsome/ros_ws_test/install/cellctrl_control_msgs:${CMAKE_PREFIX_PATH} LD_LIBRARY_PATH=/home/handsome/ros_ws_test/install/mongodb_store/lib:/home/handsome/ros_ws_test/install/ros_utility_tools/lib:/home/handsome/ros_ws/install/yocs_cmd_vel_mux/lib:/home/handsome/ros_ws/install/tuw_multi_robot_router/lib:/home/handsome/ros_ws/install/tuw_voronoi_graph/lib:/home/handsome/ros_ws/install/tuw_vehicle_msgs/lib:/home/handsome/ros_ws/install/tuw_nav_rviz/lib:/home/handsome/ros_ws/install/tuw_multi_robot_local_behavior_controller/lib:/home/handsome/ros_ws/install/tuw_multi_robot_ctrl/lib:/home/handsome/ros_ws/install/tuw_nav_msgs/lib:/home/handsome/ros_ws/install/tuw_multi_robot_rviz/lib:/home/handsome/ros_ws/install/tuw_geometry_rviz/lib:/home/handsome/ros_ws/install/tuw_geometry_msgs/lib:/home/handsome/ros_ws/install/tuw_geometry/lib:/home/handsome/ros_ws/install/tuw_control/lib:/home/handsome/ros_ws/install/teb2_local_planner/lib:/home/handsome/ros_ws/install/spatio_temporal_voxel_layer/lib:/home/handsome/ros_ws/install/robot_database_bridge/lib:/home/handsome/ros_ws/install/ros_utility_tools/lib:/home/handsome/ros_ws/install/robot_localization/lib:/home/handsome/ros_ws/install/pnp_ros/lib:/home/handsome/ros_ws/install/omron_os32c_driver/lib:/home/handsome/ros_ws/install/dlux_plugins/lib:/home/handsome/ros_ws/install/dlux_global_planner/lib:/home/handsome/ros_ws/install/nav_grid_pub_sub/lib:/home/handsome/ros_ws/install/dwb_critics/lib:/home/handsome/ros_ws/install/nav_grid_iterators/lib:/home/handsome/ros_ws/install/locomotor/lib:/home/handsome/ros_ws/install/nav_core_adapter/lib:/home/handsome/ros_ws/install/dwb_plugins/lib:/home/handsome/ros_ws/install/dwb_local_planner/lib:/home/handsome/ros_ws/install/nav_2d_utils/lib:/home/handsome/ros_ws/install/global_planner_tests/lib:/home/handsome/ros_ws/install/costmap_queue/lib:/home/handsome/ros_ws/install/nav_core2/lib:/home/handsome/ros_ws/install/mongodb_store/lib:/home/handsome/ros_ws/install/libcreate/lib:/opt/ros/melodic/lib:/usr/local/lib PKG_CONFIG_PATH=/home/handsome/ros_ws_test/install/mongodb_store/lib/x86_64-linux-gnu/pkgconfig:/home/handsome/ros_ws_test/install/mongodb_store/lib/pkgconfig:/home/handsome/ros_ws_test/install/ros_utility_tools/lib/x86_64-linux-gnu/pkgconfig:/home/handsome/ros_ws_test/install/ros_utility_tools/lib/pkgconfig:/home/handsome/ros_ws_test/install/mongodb_store_msgs/lib/x86_64-linux-gnu/pkgconfig:/home/handsome/ros_ws_test/install/mongodb_store_msgs/lib/pkgconfig:/home/handsome/ros_ws_test/install/cellctrl_control_msgs/lib/x86_64-linux-gnu/pkgconfig:/home/handsome/ros_ws_test/install/cellctrl_control_msgs/lib/pkgconfig:${PKG_CONFIG_PATH} PYTHONPATH=/home/handsome/ros_ws_test/install/mongodb_store/lib/python2.7/dist-packages:/home/handsome/ros_ws_test/install/mongodb_store_msgs/lib/python2.7/dist-packages:/home/handsome/ros_ws_test/install/cellctrl_control_msgs/lib/python2.7/dist-packages:${PYTHONPATH} ROS_PACKAGE_PATH=/home/handsome/ros_ws_test/install/mongodb_store/share:/home/handsome/ros_ws_test/install/ros_utility_tools/share:/home/handsome/ros_ws_test/install/mongodb_store_msgs/share:/home/handsome/ros_ws_test/install/cellctrl_control_msgs/share:${ROS_PACKAGE_PATH} /usr/bin/cmake /home/handsome/ros_ws_test/src/ros_base/cell_controller/Model/cellctrl_database_bridge -DCATKIN_INSTALL_INTO_PREFIX_ROOT=0 -DCMAKE_INSTALL_PREFIX=/home/handsome/ros_ws_test/install/cellctrl_database_bridge
[0.371s] -- The C compiler identification is GNU 7.5.0
[0.508s] -- The CXX compiler identification is GNU 7.5.0
[0.527s] -- Check for working C compiler: /usr/bin/cc
[0.711s] -- Check for working C compiler: /usr/bin/cc -- works
[0.713s] -- Detecting C compiler ABI info
[0.918s] -- Detecting C compiler ABI info - done
[0.927s] -- Detecting C compile features
[1.496s] -- Detecting C compile features - done
[1.501s] -- Check for working CXX compiler: /usr/bin/c++
[1.716s] -- Check for working CXX compiler: /usr/bin/c++ -- works
[1.717s] -- Detecting CXX compiler ABI info
[1.903s] -- Detecting CXX compiler ABI info - done
[1.909s] -- Detecting CXX compile features
[2.670s] -- Detecting CXX compile features - done
[2.692s] -- Using CATKIN_DEVEL_PREFIX: /home/handsome/ros_ws_test/build/cellctrl_database_bridge/devel
[2.693s] -- Using CMAKE_PREFIX_PATH: /home/handsome/ros_ws_test/install/mongodb_store;/home/handsome/ros_ws_test/install/ros_utility_tools;/home/handsome/ros_ws_test/install/mongodb_store_msgs;/home/handsome/ros_ws_test/install/cellctrl_control_msgs;/home/handsome/ros_ws/install/yocs_cmd_vel_mux;/home/handsome/ros_ws/install/urdf_tutorial;/home/handsome/ros_ws/install/tuw_waypoint_to_spline_msgs;/home/handsome/ros_ws/install/tuw_multi_robot_router;/home/handsome/ros_ws/install/tuw_voronoi_graph;/home/handsome/ros_ws/install/tuw_vehicle_msgs;/home/handsome/ros_ws/install/tuw_order_planner;/home/handsome/ros_ws/install/tuw_object_rviz;/home/handsome/ros_ws/install/tuw_object_msgs;/home/handsome/ros_ws/install/tuw_nav_rviz;/home/handsome/ros_ws/install/tuw_multi_robot_local_behavior_controller;/home/handsome/ros_ws/install/tuw_multi_robot_ctrl;/home/handsome/ros_ws/install/tuw_nav_msgs;/home/handsome/ros_ws/install/tuw_multi_robot_rviz;/home/handsome/ros_ws/install/tuw_multi_robot_goal_generator;/home/handsome/ros_ws/install/robot_scheduling_utility;/home/handsome/ros_ws/install/robot_scheduling_actions;/home/handsome/ros_ws/install/actionlib_modules_bridge;/home/handsome/ros_ws/install/tuw_multi_robot_msgs;/home/handsome/ros_ws/install/tuw_multi_robot_demo;/home/handsome/ros_ws/install/tuw_local_controller_msgs;/home/handsome/ros_ws/install/tuw_geometry_rviz;/home/handsome/ros_ws/install/tuw_geometry_msgs;/home/handsome/ros_ws/install/tuw_geometry;/home/handsome/ros_ws/install/tuw_gazebo_msgs;/home/handsome/ros_ws/install/tuw_control;/home/handsome/ros_ws/install/tuw_airskin_msgs;/home/handsome/ros_ws/install/turtlebot_teleop;/home/handsome/ros_ws/install/tug_example_pnp_server;/home/handsome/ros_ws/install/tug_example_actions;/home/handsome/ros_ws/install/tug_example_msgs;/home/handsome/ros_ws/install/timed_roslaunch;/home/handsome/ros_ws/install/teb2_local_planner;/home/handsome/ros_ws/install/stated_roslaunch;/home/handsome/ros_ws/install/spatio_temporal_voxel_layer;/home/handsome/ros_ws/install/robot_udp_bridge;/home/handsome/ros_ws/install/robot_database_bridge;/home/handsome/ros_ws/install/samsungcmd_msgs;/home/handsome/ros_ws/install/rplidar_ros;/home/handsome/ros_ws/install/rp_action;/home/handsome/ros_ws/install/rp_action_msgs;/home/handsome/ros_ws/install/rosserial_xbee;/home/handsome/ros_ws/install/rosserial_windows;/home/handsome/ros_ws/install/rosserial_tivac;/home/handsome/ros_ws/install/rosserial_test;/home/handsome/ros_ws/install/rosserial_server;/home/handsome/ros_ws/install/rosserial_python;/home/handsome/ros_ws/install/rosserial_mbed;/home/handsome/ros_ws/install/rosserial_embeddedlinux;/home/handsome/ros_ws/install/rosserial_arduino;/home/handsome/ros_ws/install/rosserial_client;/home/handsome/ros_ws/install/rosserial_msgs;/home/handsome/ros_ws/install/cellctrl_qtgui_bridge;/home/handsome/ros_ws/install/car_db_manager_qtgui;/home/handsome/ros_ws/install/car_db_manager_bridge;/home/handsome/ros_ws/install/car_db_manager_action;/home/handsome/ros_ws/install/ros_utility_tools;/home/handsome/ros_ws/install/ros_package_test;/home/handsome/ros_ws/install/ros_package_manager;/home/handsome/ros_ws/install/robot_scheduling_server;/home/handsome/ros_ws/install/robot_scheduling_msgs;/home/handsome/ros_ws/install/robot_localization;/home/handsome/ros_ws/install/robot_control_msgs;/home/handsome/ros_ws/install/reset_location;/home/handsome/ros_ws/install/razor_imu_9dof;/home/handsome/ros_ws/install/pnp_rosplan;/home/handsome/ros_ws/install/actionlib_pnp_controller;/home/handsome/ros_ws/install/actionlib_modules_controller;/home/handsome/ros_ws/install/pnp_ros;/home/handsome/ros_ws/install/pnp_msgs;/home/handsome/ros_ws/install/open_auto_dock;/home/handsome/ros_ws/install/open_auto_dock_msgs;/home/handsome/ros_ws/install/omron_os32c_driver;/home/handsome/ros_ws/install/dlux_plugins;/home/handsome/ros_ws/install/dlux_global_planner;/home/handsome/ros_ws/install/nav_grid_pub_sub;/home/handsome/ros_ws/install/dwb_critics;/home/handsome/ros_ws/install/nav_grid_iterators;/home/handsome/ros_ws/install/locomove_base;/home/handsome/ros_ws/install/locomotor;/home/handsome/ros_ws/install/nav_core_adapter;/home/handsome/ros_ws/install/dwb_plugins;/home/handsome/ros_ws/install/dwb_local_planner;/home/handsome/ros_ws/install/nav_2d_utils;/home/handsome/ros_ws/install/global_planner_tests;/home/handsome/ros_ws/install/costmap_queue;/home/handsome/ros_ws/install/nav_core2;/home/handsome/ros_ws/install/nav_grid;/home/handsome/ros_ws/install/car_schedule_msgs;/home/handsome/ros_ws/install/actionlib_modules_msgs;/home/handsome/ros_ws/install/locomotor_msgs;/home/handsome/ros_ws/install/dwb_msgs;/home/handsome/ros_ws/install/nav_2d_msgs;/home/handsome/ros_ws/install/mongodb_log;/home/handsome/ros_ws/install/mongodb_store;/home/handsome/ros_ws/install/mongodb_store_msgs;/home/handsome/ros_ws/install/ca_driver;/home/handsome/ros_ws/install/libcreate;/home/handsome/ros_ws/install/i_robot_stage;/home/handsome/ros_ws/install/i_robot_navigation;/home/handsome/ros_ws/install/hyc_order_planner;/home/handsome/ros_ws/install/hyc_multi_robot_msgs;/home/handsome/ros_ws/install/fetch_open_auto_dock;/home/handsome/ros_ws/install/fetch_auto_dock_msgs;/home/handsome/ros_ws/install/change_teb2_max_vel_x_onfly;/home/handsome/ros_ws/install/cellctrl_control_msgs;/home/handsome/ros_ws/install/car_db_manager_msgs;/home/handsome/ros_ws/install/ca_msgs;/home/handsome/ros_ws/install/ca_description;/home/handsome/ros_ws/install/botcmd_msgs;/opt/ros/melodic
[2.700s] -- This workspace overlays: /home/handsome/ros_ws_test/install/mongodb_store;/home/handsome/ros_ws_test/install/ros_utility_tools;/home/handsome/ros_ws_test/install/mongodb_store_msgs;/home/handsome/ros_ws_test/install/cellctrl_control_msgs;/home/handsome/ros_ws/install/yocs_cmd_vel_mux;/home/handsome/ros_ws/install/urdf_tutorial;/home/handsome/ros_ws/install/tuw_waypoint_to_spline_msgs;/home/handsome/ros_ws/install/tuw_multi_robot_router;/home/handsome/ros_ws/install/tuw_voronoi_graph;/home/handsome/ros_ws/install/tuw_vehicle_msgs;/home/handsome/ros_ws/install/tuw_order_planner;/home/handsome/ros_ws/install/tuw_object_rviz;/home/handsome/ros_ws/install/tuw_object_msgs;/home/handsome/ros_ws/install/tuw_nav_rviz;/home/handsome/ros_ws/install/tuw_multi_robot_local_behavior_controller;/home/handsome/ros_ws/install/tuw_multi_robot_ctrl;/home/handsome/ros_ws/install/tuw_nav_msgs;/home/handsome/ros_ws/install/tuw_multi_robot_rviz;/home/handsome/ros_ws/install/tuw_multi_robot_goal_generator;/home/handsome/ros_ws/install/robot_scheduling_utility;/home/handsome/ros_ws/install/robot_scheduling_actions;/home/handsome/ros_ws/install/actionlib_modules_bridge;/home/handsome/ros_ws/install/tuw_multi_robot_msgs;/home/handsome/ros_ws/install/tuw_multi_robot_demo;/home/handsome/ros_ws/install/tuw_local_controller_msgs;/home/handsome/ros_ws/install/tuw_geometry_rviz;/home/handsome/ros_ws/install/tuw_geometry_msgs;/home/handsome/ros_ws/install/tuw_geometry;/home/handsome/ros_ws/install/tuw_gazebo_msgs;/home/handsome/ros_ws/install/tuw_control;/home/handsome/ros_ws/install/tuw_airskin_msgs;/home/handsome/ros_ws/install/turtlebot_teleop;/home/handsome/ros_ws/install/tug_example_pnp_server;/home/handsome/ros_ws/install/tug_example_actions;/home/handsome/ros_ws/install/tug_example_msgs;/home/handsome/ros_ws/install/timed_roslaunch;/home/handsome/ros_ws/install/teb2_local_planner;/home/handsome/ros_ws/install/stated_roslaunch;/home/handsome/ros_ws/install/spatio_temporal_voxel_layer;/home/handsome/ros_ws/install/robot_udp_bridge;/home/handsome/ros_ws/install/robot_database_bridge;/home/handsome/ros_ws/install/samsungcmd_msgs;/home/handsome/ros_ws/install/rplidar_ros;/home/handsome/ros_ws/install/rp_action;/home/handsome/ros_ws/install/rp_action_msgs;/home/handsome/ros_ws/install/rosserial_xbee;/home/handsome/ros_ws/install/rosserial_windows;/home/handsome/ros_ws/install/rosserial_tivac;/home/handsome/ros_ws/install/rosserial_test;/home/handsome/ros_ws/install/rosserial_server;/home/handsome/ros_ws/install/rosserial_python;/home/handsome/ros_ws/install/rosserial_mbed;/home/handsome/ros_ws/install/rosserial_embeddedlinux;/home/handsome/ros_ws/install/rosserial_arduino;/home/handsome/ros_ws/install/rosserial_client;/home/handsome/ros_ws/install/rosserial_msgs;/home/handsome/ros_ws/install/cellctrl_qtgui_bridge;/home/handsome/ros_ws/install/car_db_manager_qtgui;/home/handsome/ros_ws/install/car_db_manager_bridge;/home/handsome/ros_ws/install/car_db_manager_action;/home/handsome/ros_ws/install/ros_utility_tools;/home/handsome/ros_ws/install/ros_package_test;/home/handsome/ros_ws/install/ros_package_manager;/home/handsome/ros_ws/install/robot_scheduling_server;/home/handsome/ros_ws/install/robot_scheduling_msgs;/home/handsome/ros_ws/install/robot_localization;/home/handsome/ros_ws/install/robot_control_msgs;/home/handsome/ros_ws/install/reset_location;/home/handsome/ros_ws/install/razor_imu_9dof;/home/handsome/ros_ws/install/pnp_rosplan;/home/handsome/ros_ws/install/actionlib_pnp_controller;/home/handsome/ros_ws/install/actionlib_modules_controller;/home/handsome/ros_ws/install/pnp_ros;/home/handsome/ros_ws/install/pnp_msgs;/home/handsome/ros_ws/install/open_auto_dock;/home/handsome/ros_ws/install/open_auto_dock_msgs;/home/handsome/ros_ws/install/omron_os32c_driver;/home/handsome/ros_ws/install/dlux_plugins;/home/handsome/ros_ws/install/dlux_global_planner;/home/handsome/ros_ws/install/nav_grid_pub_sub;/home/handsome/ros_ws/install/dwb_critics;/home/handsome/ros_ws/install/nav_grid_iterators;/home/handsome/ros_ws/install/locomove_base;/home/handsome/ros_ws/install/locomotor;/home/handsome/ros_ws/install/nav_core_adapter;/home/handsome/ros_ws/install/dwb_plugins;/home/handsome/ros_ws/install/dwb_local_planner;/home/handsome/ros_ws/install/nav_2d_utils;/home/handsome/ros_ws/install/global_planner_tests;/home/handsome/ros_ws/install/costmap_queue;/home/handsome/ros_ws/install/nav_core2;/home/handsome/ros_ws/install/nav_grid;/home/handsome/ros_ws/install/car_schedule_msgs;/home/handsome/ros_ws/install/actionlib_modules_msgs;/home/handsome/ros_ws/install/locomotor_msgs;/home/handsome/ros_ws/install/dwb_msgs;/home/handsome/ros_ws/install/nav_2d_msgs;/home/handsome/ros_ws/install/mongodb_log;/home/handsome/ros_ws/install/mongodb_store;/home/handsome/ros_ws/install/mongodb_store_msgs;/home/handsome/ros_ws/install/ca_driver;/home/handsome/ros_ws/install/i_robot_stage;/home/handsome/ros_ws/install/i_robot_navigation;/home/handsome/ros_ws/install/hyc_order_planner;/home/handsome/ros_ws/install/hyc_multi_robot_msgs;/home/handsome/ros_ws/install/fetch_open_auto_dock;/home/handsome/ros_ws/install/fetch_auto_dock_msgs;/home/handsome/ros_ws/install/change_teb2_max_vel_x_onfly;/home/handsome/ros_ws/install/cellctrl_control_msgs;/home/handsome/ros_ws/install/car_db_manager_msgs;/home/handsome/ros_ws/install/ca_msgs;/home/handsome/ros_ws/install/ca_description;/home/handsome/ros_ws/install/botcmd_msgs;/opt/ros/melodic
[2.759s] -- Found PythonInterp: /usr/bin/python2 (found suitable version "2.7.17", minimum required is "2") 
[2.760s] -- Using PYTHON_EXECUTABLE: /usr/bin/python2
[2.760s] -- Using Debian Python package layout
[2.765s] -- Using empy: /usr/bin/empy
[3.129s] -- Using CATKIN_ENABLE_TESTING: ON
[3.130s] -- Call enable_testing()
[3.135s] -- Using CATKIN_TEST_RESULTS_DIR: /home/handsome/ros_ws_test/build/cellctrl_database_bridge/test_results
[3.197s] -- Found gtest sources under '/usr/src/googletest': gtests will be built
[3.197s] -- Found gmock sources under '/usr/src/googletest': gmock will be built
[3.245s] -- Found PythonInterp: /usr/bin/python2 (found version "2.7.17") 
[3.247s] -- Looking for pthread.h
[3.422s] -- Looking for pthread.h - found
[3.423s] -- Looking for pthread_create
[3.589s] -- Looking for pthread_create - not found
[3.590s] -- Looking for pthread_create in pthreads
[3.721s] -- Looking for pthread_create in pthreads - not found
[3.721s] -- Looking for pthread_create in pthread
[3.875s] -- Looking for pthread_create in pthread - found
[3.878s] -- Found Threads: TRUE  
[3.888s] -- Using Python nosetests: /usr/bin/nosetests-2.7
[4.015s] -- catkin 0.7.28
[4.016s] -- BUILD_SHARED_LIBS is on
[4.763s] -- Using these message generators: gencpp;geneus;genlisp;gennodejs;genpy
[5.483s] -- Boost version: 1.65.1
[5.519s] -- Found nlohmann_json: /usr/local/lib/cmake/nlohmann_json/nlohmann_jsonConfig.cmake (found version "3.7.0") 
[5.657s] -- Boost version: 1.65.1
[5.658s] -- Found the following Boost libraries:
[5.658s] --   system
[5.658s] --   thread
[5.658s] --   program_options
[5.658s] --   filesystem
[5.659s] --   chrono
[5.659s] --   date_time
[5.659s] --   atomic
[5.991s] -- Found OpenSSL: /usr/lib/x86_64-linux-gnu/libcrypto.so (found version "1.1.1") 
[5.993s] -- Found MongoClient: /usr/include, /usr/lib/x86_64-linux-gnu/libmongoclient.so;/usr/lib/x86_64-linux-gnu/libboost_system.so;/usr/lib/x86_64-linux-gnu/libboost_thread.so;/usr/lib/x86_64-linux-gnu/libboost_program_options.so;/usr/lib/x86_64-linux-gnu/libboost_filesystem.so;/usr/lib/x86_64-linux-gnu/libboost_chrono.so;/usr/lib/x86_64-linux-gnu/libboost_date_time.so;/usr/lib/x86_64-linux-gnu/libboost_atomic.so;/usr/lib/x86_64-linux-gnu/libpthread.so;/usr/lib/x86_64-linux-gnu/libssl.so;/usr/lib/x86_64-linux-gnu/libcrypto.so
[5.993s] -- MongoClient using new interface: YES
[6.004s] -- Found PkgConfig: /usr/bin/pkg-config (found version "0.29.1") 
[6.004s] -- Checking for module 'modbus'
[6.084s] --   No package 'modbus' found
[6.495s] -- Configuring done
[6.517s] WARNING: Target "cellctrl_database_bridge" requests linking to directory "/usr/include".  Targets may link only to libraries.  CMake is dropping the item.
[6.571s] -- Generating done
[6.597s] -- Build files have been written to: /home/handsome/ros_ws_test/build/cellctrl_database_bridge
[6.615s] Invoked command in '/home/handsome/ros_ws_test/build/cellctrl_database_bridge' returned '0': CMAKE_PREFIX_PATH=/home/handsome/ros_ws_test/install/mongodb_store:/home/handsome/ros_ws_test/install/ros_utility_tools:/home/handsome/ros_ws_test/install/mongodb_store_msgs:/home/handsome/ros_ws_test/install/cellctrl_control_msgs:${CMAKE_PREFIX_PATH} LD_LIBRARY_PATH=/home/handsome/ros_ws_test/install/mongodb_store/lib:/home/handsome/ros_ws_test/install/ros_utility_tools/lib:/home/handsome/ros_ws/install/yocs_cmd_vel_mux/lib:/home/handsome/ros_ws/install/tuw_multi_robot_router/lib:/home/handsome/ros_ws/install/tuw_voronoi_graph/lib:/home/handsome/ros_ws/install/tuw_vehicle_msgs/lib:/home/handsome/ros_ws/install/tuw_nav_rviz/lib:/home/handsome/ros_ws/install/tuw_multi_robot_local_behavior_controller/lib:/home/handsome/ros_ws/install/tuw_multi_robot_ctrl/lib:/home/handsome/ros_ws/install/tuw_nav_msgs/lib:/home/handsome/ros_ws/install/tuw_multi_robot_rviz/lib:/home/handsome/ros_ws/install/tuw_geometry_rviz/lib:/home/handsome/ros_ws/install/tuw_geometry_msgs/lib:/home/handsome/ros_ws/install/tuw_geometry/lib:/home/handsome/ros_ws/install/tuw_control/lib:/home/handsome/ros_ws/install/teb2_local_planner/lib:/home/handsome/ros_ws/install/spatio_temporal_voxel_layer/lib:/home/handsome/ros_ws/install/robot_database_bridge/lib:/home/handsome/ros_ws/install/ros_utility_tools/lib:/home/handsome/ros_ws/install/robot_localization/lib:/home/handsome/ros_ws/install/pnp_ros/lib:/home/handsome/ros_ws/install/omron_os32c_driver/lib:/home/handsome/ros_ws/install/dlux_plugins/lib:/home/handsome/ros_ws/install/dlux_global_planner/lib:/home/handsome/ros_ws/install/nav_grid_pub_sub/lib:/home/handsome/ros_ws/install/dwb_critics/lib:/home/handsome/ros_ws/install/nav_grid_iterators/lib:/home/handsome/ros_ws/install/locomotor/lib:/home/handsome/ros_ws/install/nav_core_adapter/lib:/home/handsome/ros_ws/install/dwb_plugins/lib:/home/handsome/ros_ws/install/dwb_local_planner/lib:/home/handsome/ros_ws/install/nav_2d_utils/lib:/home/handsome/ros_ws/install/global_planner_tests/lib:/home/handsome/ros_ws/install/costmap_queue/lib:/home/handsome/ros_ws/install/nav_core2/lib:/home/handsome/ros_ws/install/mongodb_store/lib:/home/handsome/ros_ws/install/libcreate/lib:/opt/ros/melodic/lib:/usr/local/lib PKG_CONFIG_PATH=/home/handsome/ros_ws_test/install/mongodb_store/lib/x86_64-linux-gnu/pkgconfig:/home/handsome/ros_ws_test/install/mongodb_store/lib/pkgconfig:/home/handsome/ros_ws_test/install/ros_utility_tools/lib/x86_64-linux-gnu/pkgconfig:/home/handsome/ros_ws_test/install/ros_utility_tools/lib/pkgconfig:/home/handsome/ros_ws_test/install/mongodb_store_msgs/lib/x86_64-linux-gnu/pkgconfig:/home/handsome/ros_ws_test/install/mongodb_store_msgs/lib/pkgconfig:/home/handsome/ros_ws_test/install/cellctrl_control_msgs/lib/x86_64-linux-gnu/pkgconfig:/home/handsome/ros_ws_test/install/cellctrl_control_msgs/lib/pkgconfig:${PKG_CONFIG_PATH} PYTHONPATH=/home/handsome/ros_ws_test/install/mongodb_store/lib/python2.7/dist-packages:/home/handsome/ros_ws_test/install/mongodb_store_msgs/lib/python2.7/dist-packages:/home/handsome/ros_ws_test/install/cellctrl_control_msgs/lib/python2.7/dist-packages:${PYTHONPATH} ROS_PACKAGE_PATH=/home/handsome/ros_ws_test/install/mongodb_store/share:/home/handsome/ros_ws_test/install/ros_utility_tools/share:/home/handsome/ros_ws_test/install/mongodb_store_msgs/share:/home/handsome/ros_ws_test/install/cellctrl_control_msgs/share:${ROS_PACKAGE_PATH} /usr/bin/cmake /home/handsome/ros_ws_test/src/ros_base/cell_controller/Model/cellctrl_database_bridge -DCATKIN_INSTALL_INTO_PREFIX_ROOT=0 -DCMAKE_INSTALL_PREFIX=/home/handsome/ros_ws_test/install/cellctrl_database_bridge
[6.619s] Invoking command in '/home/handsome/ros_ws_test/build/cellctrl_database_bridge': CMAKE_PREFIX_PATH=/home/handsome/ros_ws_test/install/mongodb_store:/home/handsome/ros_ws_test/install/ros_utility_tools:/home/handsome/ros_ws_test/install/mongodb_store_msgs:/home/handsome/ros_ws_test/install/cellctrl_control_msgs:${CMAKE_PREFIX_PATH} LD_LIBRARY_PATH=/home/handsome/ros_ws_test/install/mongodb_store/lib:/home/handsome/ros_ws_test/install/ros_utility_tools/lib:/home/handsome/ros_ws/install/yocs_cmd_vel_mux/lib:/home/handsome/ros_ws/install/tuw_multi_robot_router/lib:/home/handsome/ros_ws/install/tuw_voronoi_graph/lib:/home/handsome/ros_ws/install/tuw_vehicle_msgs/lib:/home/handsome/ros_ws/install/tuw_nav_rviz/lib:/home/handsome/ros_ws/install/tuw_multi_robot_local_behavior_controller/lib:/home/handsome/ros_ws/install/tuw_multi_robot_ctrl/lib:/home/handsome/ros_ws/install/tuw_nav_msgs/lib:/home/handsome/ros_ws/install/tuw_multi_robot_rviz/lib:/home/handsome/ros_ws/install/tuw_geometry_rviz/lib:/home/handsome/ros_ws/install/tuw_geometry_msgs/lib:/home/handsome/ros_ws/install/tuw_geometry/lib:/home/handsome/ros_ws/install/tuw_control/lib:/home/handsome/ros_ws/install/teb2_local_planner/lib:/home/handsome/ros_ws/install/spatio_temporal_voxel_layer/lib:/home/handsome/ros_ws/install/robot_database_bridge/lib:/home/handsome/ros_ws/install/ros_utility_tools/lib:/home/handsome/ros_ws/install/robot_localization/lib:/home/handsome/ros_ws/install/pnp_ros/lib:/home/handsome/ros_ws/install/omron_os32c_driver/lib:/home/handsome/ros_ws/install/dlux_plugins/lib:/home/handsome/ros_ws/install/dlux_global_planner/lib:/home/handsome/ros_ws/install/nav_grid_pub_sub/lib:/home/handsome/ros_ws/install/dwb_critics/lib:/home/handsome/ros_ws/install/nav_grid_iterators/lib:/home/handsome/ros_ws/install/locomotor/lib:/home/handsome/ros_ws/install/nav_core_adapter/lib:/home/handsome/ros_ws/install/dwb_plugins/lib:/home/handsome/ros_ws/install/dwb_local_planner/lib:/home/handsome/ros_ws/install/nav_2d_utils/lib:/home/handsome/ros_ws/install/global_planner_tests/lib:/home/handsome/ros_ws/install/costmap_queue/lib:/home/handsome/ros_ws/install/nav_core2/lib:/home/handsome/ros_ws/install/mongodb_store/lib:/home/handsome/ros_ws/install/libcreate/lib:/opt/ros/melodic/lib:/usr/local/lib PKG_CONFIG_PATH=/home/handsome/ros_ws_test/install/mongodb_store/lib/x86_64-linux-gnu/pkgconfig:/home/handsome/ros_ws_test/install/mongodb_store/lib/pkgconfig:/home/handsome/ros_ws_test/install/ros_utility_tools/lib/x86_64-linux-gnu/pkgconfig:/home/handsome/ros_ws_test/install/ros_utility_tools/lib/pkgconfig:/home/handsome/ros_ws_test/install/mongodb_store_msgs/lib/x86_64-linux-gnu/pkgconfig:/home/handsome/ros_ws_test/install/mongodb_store_msgs/lib/pkgconfig:/home/handsome/ros_ws_test/install/cellctrl_control_msgs/lib/x86_64-linux-gnu/pkgconfig:/home/handsome/ros_ws_test/install/cellctrl_control_msgs/lib/pkgconfig:${PKG_CONFIG_PATH} PYTHONPATH=/home/handsome/ros_ws_test/install/mongodb_store/lib/python2.7/dist-packages:/home/handsome/ros_ws_test/install/mongodb_store_msgs/lib/python2.7/dist-packages:/home/handsome/ros_ws_test/install/cellctrl_control_msgs/lib/python2.7/dist-packages:${PYTHONPATH} ROS_PACKAGE_PATH=/home/handsome/ros_ws_test/install/mongodb_store/share:/home/handsome/ros_ws_test/install/ros_utility_tools/share:/home/handsome/ros_ws_test/install/mongodb_store_msgs/share:/home/handsome/ros_ws_test/install/cellctrl_control_msgs/share:${ROS_PACKAGE_PATH} /usr/bin/cmake --build /home/handsome/ros_ws_test/build/cellctrl_database_bridge -- -j12 -l12
[6.752s] [35m[1mScanning dependencies of target cellctrl_database_bridge[0m
[6.872s] [ 10%] [32mBuilding CXX object CMakeFiles/cellctrl_database_bridge.dir/src/cellctrl_database_bridge.cpp.o[0m
[10.506s] In file included from [01m[K/home/handsome/ros_ws_test/src/ros_base/cell_controller/Model/cellctrl_database_bridge/include/cell_controller_tables/cellctrl_dbtable_process.h:4:0[m[K,
[10.506s]                  from [01m[K/home/handsome/ros_ws_test/src/ros_base/cell_controller/Model/cellctrl_database_bridge/include/cell_controller/control_mongodbstore_client.h:10[m[K,
[10.506s]                  from [01m[K/home/handsome/ros_ws_test/src/ros_base/cell_controller/Model/cellctrl_database_bridge/include/cell_controller/cellctrl_database_Interface.h:4[m[K,
[10.507s]                  from [01m[K/home/handsome/ros_ws_test/src/ros_base/cell_controller/Model/cellctrl_database_bridge/include/cell_controller/cellctrl_database_bridge.h:4[m[K,
[10.507s]                  from [01m[K/home/handsome/ros_ws_test/src/ros_base/cell_controller/Model/cellctrl_database_bridge/src/cellctrl_database_bridge.cpp:1[m[K:
[10.507s] [01m[K/home/handsome/ros_ws_test/install/ros_utility_tools/include/ros_utility_tools/table_mongodbstore_client.h:[m[K In member function â€˜[01m[Kbool table_mongodbstore_client<MsgType, MsgType_req, MsgType_resp>::mongo_table_Insert(const boost::shared_ptr<X>&)[m[Kâ€™:
[10.507s] [01m[K/home/handsome/ros_ws_test/install/ros_utility_tools/include/ros_utility_tools/table_mongodbstore_client.h:96:27:[m[K [01;35m[Kwarning: [m[Kthere are no arguments to â€˜[01m[Kget_Now_LocalTime[m[Kâ€™ that depend on a template parameter, so a declaration of â€˜[01m[Kget_Now_LocalTime[m[Kâ€™ must be available [[01;35m[K-fpermissive[m[K]
[10.507s]     (*_data).update_time = [01;35m[Kget_Now_LocalTime[m[K();  //-- from tools
[10.507s]                            [01;35m[K^~~~~~~~~~~~~~~~~[m[K
[10.508s] [01m[K/home/handsome/ros_ws_test/install/ros_utility_tools/include/ros_utility_tools/table_mongodbstore_client.h:[m[K In member function â€˜[01m[Kbool table_mongodbstore_client<MsgType, MsgType_req, MsgType_resp>::mongo_table_modify(const boost::shared_ptr<X>&)[m[Kâ€™:
[10.508s] [01m[K/home/handsome/ros_ws_test/install/ros_utility_tools/include/ros_utility_tools/table_mongodbstore_client.h:107:27:[m[K [01;35m[Kwarning: [m[Kthere are no arguments to â€˜[01m[Kget_Now_LocalTime[m[Kâ€™ that depend on a template parameter, so a declaration of â€˜[01m[Kget_Now_LocalTime[m[Kâ€™ must be available [[01;35m[K-fpermissive[m[K]
[10.508s]     (*_data).update_time = [01;35m[Kget_Now_LocalTime[m[K();
[10.508s]                            [01;35m[K^~~~~~~~~~~~~~~~~[m[K
[10.531s] [01m[K/home/handsome/ros_ws_test/install/ros_utility_tools/include/ros_utility_tools/table_mongodbstore_client.h:[m[K In member function â€˜[01m[Kbool table_mongodbstore_client<MsgType, MsgType_req, MsgType_resp>::response_table_data_Query(std::__cxx11::string, std::__cxx11::string, std::__cxx11::string, MsgType_resp&)[m[Kâ€™:
[10.531s] [01m[K/home/handsome/ros_ws_test/install/ros_utility_tools/include/ros_utility_tools/table_mongodbstore_client.h:391:16:[m[K [01;35m[Kwarning: [m[Kthere are no arguments to â€˜[01m[Kstrtoint[m[Kâ€™ that depend on a template parameter, so a declaration of â€˜[01m[Kstrtoint[m[Kâ€™ must be available [[01;35m[K-fpermissive[m[K]
[10.532s]     int _type = [01;35m[Kstrtoint[m[K(base_index,-1); //-- search type
[10.532s]                 [01;35m[K^~~~~~~~[m[K
[10.533s] [01m[K/home/handsome/ros_ws_test/install/ros_utility_tools/include/ros_utility_tools/table_mongodbstore_client.h:[m[K In member function â€˜[01m[Kbool table_mongodbstore_client<MsgType, MsgType_req, MsgType_resp>::srv_Eval_db_table_srv_service(MsgType_req&, MsgType_resp&)[m[Kâ€™:
[10.533s] [01m[K/home/handsome/ros_ws_test/install/ros_utility_tools/include/ros_utility_tools/table_mongodbstore_client.h:470:25:[m[K [01;35m[Kwarning: [m[Kthere are no arguments to â€˜[01m[Kconvert_str[m[Kâ€™ that depend on a template parameter, so a declaration of â€˜[01m[Kconvert_str[m[Kâ€™ must be available [[01;35m[K-fpermissive[m[K]
[10.533s]        resp.error_code = [01;35m[Kconvert_str[m[K((int)table_srv_error_type) ;
[10.533s]                          [01;35m[K^~~~~~~~~~~[m[K
[10.534s] [01m[K/home/handsome/ros_ws_test/install/ros_utility_tools/include/ros_utility_tools/table_mongodbstore_client.h:479:25:[m[K [01;35m[Kwarning: [m[Kthere are no arguments to â€˜[01m[Kconvert_str[m[Kâ€™ that depend on a template parameter, so a declaration of â€˜[01m[Kconvert_str[m[Kâ€™ must be available [[01;35m[K-fpermissive[m[K]
[10.534s]        resp.error_code = [01;35m[Kconvert_str[m[K((int)table_srv_error_type) ;
[10.534s]                          [01;35m[K^~~~~~~~~~~[m[K
[10.534s] [01m[K/home/handsome/ros_ws_test/install/ros_utility_tools/include/ros_utility_tools/table_mongodbstore_client.h:487:25:[m[K [01;35m[Kwarning: [m[Kthere are no arguments to â€˜[01m[Kconvert_str[m[Kâ€™ that depend on a template parameter, so a declaration of â€˜[01m[Kconvert_str[m[Kâ€™ must be available [[01;35m[K-fpermissive[m[K]
[10.534s]        resp.error_code = [01;35m[Kconvert_str[m[K((int)edb_tb_err_type_none) ;
[10.535s]                          [01;35m[K^~~~~~~~~~~[m[K
[10.535s] [01m[K/home/handsome/ros_ws_test/install/ros_utility_tools/include/ros_utility_tools/table_mongodbstore_client.h:504:25:[m[K [01;35m[Kwarning: [m[Kthere are no arguments to â€˜[01m[Kconvert_str[m[Kâ€™ that depend on a template parameter, so a declaration of â€˜[01m[Kconvert_str[m[Kâ€™ must be available [[01;35m[K-fpermissive[m[K]
[10.535s]        resp.error_code = [01;35m[Kconvert_str[m[K((int)edb_tb_err_type_none) ;
[10.535s]                          [01;35m[K^~~~~~~~~~~[m[K
[10.535s] [01m[K/home/handsome/ros_ws_test/install/ros_utility_tools/include/ros_utility_tools/table_mongodbstore_client.h:509:25:[m[K [01;35m[Kwarning: [m[Kthere are no arguments to â€˜[01m[Kconvert_str[m[Kâ€™ that depend on a template parameter, so a declaration of â€˜[01m[Kconvert_str[m[Kâ€™ must be available [[01;35m[K-fpermissive[m[K]
[10.535s]        resp.error_code = [01;35m[Kconvert_str[m[K((int)table_srv_error_type) ;
[10.535s]                          [01;35m[K^~~~~~~~~~~[m[K
[10.536s] [01m[K/home/handsome/ros_ws_test/install/ros_utility_tools/include/ros_utility_tools/table_mongodbstore_client.h:520:25:[m[K [01;35m[Kwarning: [m[Kthere are no arguments to â€˜[01m[Kconvert_str[m[Kâ€™ that depend on a template parameter, so a declaration of â€˜[01m[Kconvert_str[m[Kâ€™ must be available [[01;35m[K-fpermissive[m[K]
[10.536s]        resp.error_code = [01;35m[Kconvert_str[m[K((int)edb_tb_err_type_none) ;
[10.536s]                          [01;35m[K^~~~~~~~~~~[m[K
[10.536s] [01m[K/home/handsome/ros_ws_test/install/ros_utility_tools/include/ros_utility_tools/table_mongodbstore_client.h:525:25:[m[K [01;35m[Kwarning: [m[Kthere are no arguments to â€˜[01m[Kconvert_str[m[Kâ€™ that depend on a template parameter, so a declaration of â€˜[01m[Kconvert_str[m[Kâ€™ must be available [[01;35m[K-fpermissive[m[K]
[10.536s]        resp.error_code = [01;35m[Kconvert_str[m[K((int)table_srv_error_type) ;
[10.536s]                          [01;35m[K^~~~~~~~~~~[m[K
[10.536s] [01m[K/home/handsome/ros_ws_test/install/ros_utility_tools/include/ros_utility_tools/table_mongodbstore_client.h:533:24:[m[K [01;35m[Kwarning: [m[Kthere are no arguments to â€˜[01m[Kconvert_str[m[Kâ€™ that depend on a template parameter, so a declaration of â€˜[01m[Kconvert_str[m[Kâ€™ must be available [[01;35m[K-fpermissive[m[K]
[10.537s]       resp.error_code = [01;35m[Kconvert_str[m[K((int)edb_tb_err_type_none) ;
[10.537s]                         [01;35m[K^~~~~~~~~~~[m[K
[12.223s] [ 20%] [32mBuilding CXX object CMakeFiles/cellctrl_database_bridge.dir/src/cell_controller_tables/cellctrl_dbtable_process.cpp.o[0m
[15.900s] In file included from [01m[K/home/handsome/ros_ws_test/src/ros_base/cell_controller/Model/cellctrl_database_bridge/include/cell_controller_tables/cellctrl_dbtable_process.h:4:0[m[K,
[15.900s]                  from [01m[K/home/handsome/ros_ws_test/src/ros_base/cell_controller/Model/cellctrl_database_bridge/src/cell_controller_tables/cellctrl_dbtable_process.cpp:1[m[K:
[15.900s] [01m[K/home/handsome/ros_ws_test/install/ros_utility_tools/include/ros_utility_tools/table_mongodbstore_client.h:[m[K In member function â€˜[01m[Kbool table_mongodbstore_client<MsgType, MsgType_req, MsgType_resp>::mongo_table_Insert(const boost::shared_ptr<X>&)[m[Kâ€™:
[15.900s] [01m[K/home/handsome/ros_ws_test/install/ros_utility_tools/include/ros_utility_tools/table_mongodbstore_client.h:96:27:[m[K [01;35m[Kwarning: [m[Kthere are no arguments to â€˜[01m[Kget_Now_LocalTime[m[Kâ€™ that depend on a template parameter, so a declaration of â€˜[01m[Kget_Now_LocalTime[m[Kâ€™ must be available [[01;35m[K-fpermissive[m[K]
[15.901s]     (*_data).update_time = [01;35m[Kget_Now_LocalTime[m[K();  //-- from tools
[15.901s]                            [01;35m[K^~~~~~~~~~~~~~~~~[m[K
[15.901s] [01m[K/home/handsome/ros_ws_test/install/ros_utility_tools/include/ros_utility_tools/table_mongodbstore_client.h:[m[K In member function â€˜[01m[Kbool table_mongodbstore_client<MsgType, MsgType_req, MsgType_resp>::mongo_table_modify(const boost::shared_ptr<X>&)[m[Kâ€™:
[15.901s] [01m[K/home/handsome/ros_ws_test/install/ros_utility_tools/include/ros_utility_tools/table_mongodbstore_client.h:107:27:[m[K [01;35m[Kwarning: [m[Kthere are no arguments to â€˜[01m[Kget_Now_LocalTime[m[Kâ€™ that depend on a template parameter, so a declaration of â€˜[01m[Kget_Now_LocalTime[m[Kâ€™ must be available [[01;35m[K-fpermissive[m[K]
[15.901s]     (*_data).update_time = [01;35m[Kget_Now_LocalTime[m[K();
[15.901s]                            [01;35m[K^~~~~~~~~~~~~~~~~[m[K
[15.927s] [01m[K/home/handsome/ros_ws_test/install/ros_utility_tools/include/ros_utility_tools/table_mongodbstore_client.h:[m[K In member function â€˜[01m[Kbool table_mongodbstore_client<MsgType, MsgType_req, MsgType_resp>::response_table_data_Query(std::__cxx11::string, std::__cxx11::string, std::__cxx11::string, MsgType_resp&)[m[Kâ€™:
[15.928s] [01m[K/home/handsome/ros_ws_test/install/ros_utility_tools/include/ros_utility_tools/table_mongodbstore_client.h:391:16:[m[K [01;35m[Kwarning: [m[Kthere are no arguments to â€˜[01m[Kstrtoint[m[Kâ€™ that depend on a template parameter, so a declaration of â€˜[01m[Kstrtoint[m[Kâ€™ must be available [[01;35m[K-fpermissive[m[K]
[15.928s]     int _type = [01;35m[Kstrtoint[m[K(base_index,-1); //-- search type
[15.928s]                 [01;35m[K^~~~~~~~[m[K
[15.929s] [01m[K/home/handsome/ros_ws_test/install/ros_utility_tools/include/ros_utility_tools/table_mongodbstore_client.h:[m[K In member function â€˜[01m[Kbool table_mongodbstore_client<MsgType, MsgType_req, MsgType_resp>::srv_Eval_db_table_srv_service(MsgType_req&, MsgType_resp&)[m[Kâ€™:
[15.929s] [01m[K/home/handsome/ros_ws_test/install/ros_utility_tools/include/ros_utility_tools/table_mongodbstore_client.h:470:25:[m[K [01;35m[Kwarning: [m[Kthere are no arguments to â€˜[01m[Kconvert_str[m[Kâ€™ that depend on a template parameter, so a declaration of â€˜[01m[Kconvert_str[m[Kâ€™ must be available [[01;35m[K-fpermissive[m[K]
[15.930s]        resp.error_code = [01;35m[Kconvert_str[m[K((int)table_srv_error_type) ;
[15.930s]                          [01;35m[K^~~~~~~~~~~[m[K
[15.930s] [01m[K/home/handsome/ros_ws_test/install/ros_utility_tools/include/ros_utility_tools/table_mongodbstore_client.h:479:25:[m[K [01;35m[Kwarning: [m[Kthere are no arguments to â€˜[01m[Kconvert_str[m[Kâ€™ that depend on a template parameter, so a declaration of â€˜[01m[Kconvert_str[m[Kâ€™ must be available [[01;35m[K-fpermissive[m[K]
[15.931s]        resp.error_code = [01;35m[Kconvert_str[m[K((int)table_srv_error_type) ;
[15.931s]                          [01;35m[K^~~~~~~~~~~[m[K
[15.931s] [01m[K/home/handsome/ros_ws_test/install/ros_utility_tools/include/ros_utility_tools/table_mongodbstore_client.h:487:25:[m[K [01;35m[Kwarning: [m[Kthere are no arguments to â€˜[01m[Kconvert_str[m[Kâ€™ that depend on a template parameter, so a declaration of â€˜[01m[Kconvert_str[m[Kâ€™ must be available [[01;35m[K-fpermissive[m[K]
[15.931s]        resp.error_code = [01;35m[Kconvert_str[m[K((int)edb_tb_err_type_none) ;
[15.931s]                          [01;35m[K^~~~~~~~~~~[m[K
[15.931s] [01m[K/home/handsome/ros_ws_test/install/ros_utility_tools/include/ros_utility_tools/table_mongodbstore_client.h:504:25:[m[K [01;35m[Kwarning: [m[Kthere are no arguments to â€˜[01m[Kconvert_str[m[Kâ€™ that depend on a template parameter, so a declaration of â€˜[01m[Kconvert_str[m[Kâ€™ must be available [[01;35m[K-fpermissive[m[K]
[15.931s]        resp.error_code = [01;35m[Kconvert_str[m[K((int)edb_tb_err_type_none) ;
[15.932s]                          [01;35m[K^~~~~~~~~~~[m[K
[15.932s] [01m[K/home/handsome/ros_ws_test/install/ros_utility_tools/include/ros_utility_tools/table_mongodbstore_client.h:509:25:[m[K [01;35m[Kwarning: [m[Kthere are no arguments to â€˜[01m[Kconvert_str[m[Kâ€™ that depend on a template parameter, so a declaration of â€˜[01m[Kconvert_str[m[Kâ€™ must be available [[01;35m[K-fpermissive[m[K]
[15.932s]        resp.error_code = [01;35m[Kconvert_str[m[K((int)table_srv_error_type) ;
[15.932s]                          [01;35m[K^~~~~~~~~~~[m[K
[15.932s] [01m[K/home/handsome/ros_ws_test/install/ros_utility_tools/include/ros_utility_tools/table_mongodbstore_client.h:520:25:[m[K [01;35m[Kwarning: [m[Kthere are no arguments to â€˜[01m[Kconvert_str[m[Kâ€™ that depend on a template parameter, so a declaration of â€˜[01m[Kconvert_str[m[Kâ€™ must be available [[01;35m[K-fpermissive[m[K]
[15.932s]        resp.error_code = [01;35m[Kconvert_str[m[K((int)edb_tb_err_type_none) ;
[15.933s]                          [01;35m[K^~~~~~~~~~~[m[K
[15.933s] [01m[K/home/handsome/ros_ws_test/install/ros_utility_tools/include/ros_utility_tools/table_mongodbstore_client.h:525:25:[m[K [01;35m[Kwarning: [m[Kthere are no arguments to â€˜[01m[Kconvert_str[m[Kâ€™ that depend on a template parameter, so a declaration of â€˜[01m[Kconvert_str[m[Kâ€™ must be available [[01;35m[K-fpermissive[m[K]
[15.933s]        resp.error_code = [01;35m[Kconvert_str[m[K((int)table_srv_error_type) ;
[15.933s]                          [01;35m[K^~~~~~~~~~~[m[K
[15.933s] [01m[K/home/handsome/ros_ws_test/install/ros_utility_tools/include/ros_utility_tools/table_mongodbstore_client.h:533:24:[m[K [01;35m[Kwarning: [m[Kthere are no arguments to â€˜[01m[Kconvert_str[m[Kâ€™ that depend on a template parameter, so a declaration of â€˜[01m[Kconvert_str[m[Kâ€™ must be available [[01;35m[K-fpermissive[m[K]
[15.934s]       resp.error_code = [01;35m[Kconvert_str[m[K((int)edb_tb_err_type_none) ;
[15.934s]                         [01;35m[K^~~~~~~~~~~[m[K
[16.477s] [01m[K/home/handsome/ros_ws_test/src/ros_base/cell_controller/Model/cellctrl_database_bridge/src/cell_controller_tables/cellctrl_dbtable_process.cpp:[m[K In constructor â€˜[01m[Kcellctrl_dbtable_process::cellctrl_dbtable_process(ros::NodeHandle&)[m[Kâ€™:
[16.478s] [01m[K/home/handsome/ros_ws_test/src/ros_base/cell_controller/Model/cellctrl_database_bridge/src/cell_controller_tables/cellctrl_dbtable_process.cpp:8:67:[m[K [01;31m[Kerror: [m[Kinvalid new-expression of abstract class type â€˜[01m[Kmodule_tbcell_agv_main[m[Kâ€™
[16.478s]      cell_agv_main = new module_tbcell_agv_main(nh_,tbname_agv_main[01;31m[K)[m[K;
[16.480s]                                                                    [01;31m[K^[m[K
[16.480s] In file included from [01m[K/home/handsome/ros_ws_test/src/ros_base/cell_controller/Model/cellctrl_database_bridge/include/cell_controller_tables/cellctrl_dbtable_process.h:5:0[m[K,
[16.481s]                  from [01m[K/home/handsome/ros_ws_test/src/ros_base/cell_controller/Model/cellctrl_database_bridge/src/cell_controller_tables/cellctrl_dbtable_process.cpp:1[m[K:
[16.481s] [01m[K/home/handsome/ros_ws_test/src/ros_base/cell_controller/Model/cellctrl_database_bridge/include/cell_controller_tables/cellctrl_agvapp_tables.h:33:7:[m[K [01;36m[Knote: [m[K  because the following virtual functions are pure within â€˜[01m[Kmodule_tbcell_agv_main[m[Kâ€™:
[16.481s]  class [01;36m[Kmodule_tbcell_agv_main[m[K : public table_mongodbstore_client<type_tbcell_agv_main,type_tbcell_agv_main_req,type_tbcell_agv_main_resp>
[16.481s]        [01;36m[K^~~~~~~~~~~~~~~~~~~~~~[m[K
[16.481s] In file included from [01m[K/home/handsome/ros_ws_test/src/ros_base/cell_controller/Model/cellctrl_database_bridge/include/cell_controller_tables/cellctrl_dbtable_process.h:4:0[m[K,
[16.481s]                  from [01m[K/home/handsome/ros_ws_test/src/ros_base/cell_controller/Model/cellctrl_database_bridge/src/cell_controller_tables/cellctrl_dbtable_process.cpp:1[m[K:
[16.481s] [01m[K/home/handsome/ros_ws_test/install/ros_utility_tools/include/ros_utility_tools/table_mongodbstore_client.h:268:16:[m[K [01;36m[Knote: [m[K	bool table_mongodbstore_client<MsgType, MsgType_req, MsgType_resp>::v_ptr_results_vector_find_if(std::__cxx11::string, std::__cxx11::string, db_tb_search_type, int&) [with MsgType = cellctrl_control_msgs::cell_agv_main_<std::allocator<void> >; MsgType_req = cellctrl_control_msgs::cell_agv_main_cmdRequest_<std::allocator<void> >; MsgType_resp = cellctrl_control_msgs::cell_agv_main_cmdResponse_<std::allocator<void> >; std::__cxx11::string = std::__cxx11::basic_string<char>]
[16.481s]    virtual bool [01;36m[Kv_ptr_results_vector_find_if[m[K(std::string _sch_keydata,std::string _sub_sch_keydata,db_tb_search_type _search_type,int &rst_distance) = 0 ;
[16.482s]                 [01;36m[K^~~~~~~~~~~~~~~~~~~~~~~~~~~~[m[K
[16.482s] [01m[K/home/handsome/ros_ws_test/src/ros_base/cell_controller/Model/cellctrl_database_bridge/src/cell_controller_tables/cellctrl_dbtable_process.cpp:9:70:[m[K [01;31m[Kerror: [m[Kinvalid new-expression of abstract class type â€˜[01m[Kmodule_tbcell_agv_motor[m[Kâ€™
[16.482s]      cell_agv_motor = new module_tbcell_agv_motor(nh_,tbname_agv_motor[01;31m[K)[m[K;
[16.482s]                                                                       [01;31m[K^[m[K
[16.482s] In file included from [01m[K/home/handsome/ros_ws_test/src/ros_base/cell_controller/Model/cellctrl_database_bridge/include/cell_controller_tables/cellctrl_dbtable_process.h:5:0[m[K,
[16.483s]                  from [01m[K/home/handsome/ros_ws_test/src/ros_base/cell_controller/Model/cellctrl_database_bridge/src/cell_controller_tables/cellctrl_dbtable_process.cpp:1[m[K:
[16.483s] [01m[K/home/handsome/ros_ws_test/src/ros_base/cell_controller/Model/cellctrl_database_bridge/include/cell_controller_tables/cellctrl_agvapp_tables.h:73:7:[m[K [01;36m[Knote: [m[K  because the following virtual functions are pure within â€˜[01m[Kmodule_tbcell_agv_motor[m[Kâ€™:
[16.483s]  class [01;36m[Kmodule_tbcell_agv_motor[m[K : public table_mongodbstore_client<type_tbcell_agv_motor,type_tbcell_agv_motor_req,type_tbcell_agv_motor_resp>
[16.483s]        [01;36m[K^~~~~~~~~~~~~~~~~~~~~~~[m[K
[16.483s] In file included from [01m[K/home/handsome/ros_ws_test/src/ros_base/cell_controller/Model/cellctrl_database_bridge/include/cell_controller_tables/cellctrl_dbtable_process.h:4:0[m[K,
[16.484s]                  from [01m[K/home/handsome/ros_ws_test/src/ros_base/cell_controller/Model/cellctrl_database_bridge/src/cell_controller_tables/cellctrl_dbtable_process.cpp:1[m[K:
[16.484s] [01m[K/home/handsome/ros_ws_test/install/ros_utility_tools/include/ros_utility_tools/table_mongodbstore_client.h:268:16:[m[K [01;36m[Knote: [m[K	bool table_mongodbstore_client<MsgType, MsgType_req, MsgType_resp>::v_ptr_results_vector_find_if(std::__cxx11::string, std::__cxx11::string, db_tb_search_type, int&) [with MsgType = cellctrl_control_msgs::cell_agv_motor_<std::allocator<void> >; MsgType_req = cellctrl_control_msgs::cell_agv_motor_cmdRequest_<std::allocator<void> >; MsgType_resp = cellctrl_control_msgs::cell_agv_motor_cmdResponse_<std::allocator<void> >; std::__cxx11::string = std::__cxx11::basic_string<char>]
[16.484s]    virtual bool [01;36m[Kv_ptr_results_vector_find_if[m[K(std::string _sch_keydata,std::string _sub_sch_keydata,db_tb_search_type _search_type,int &rst_distance) = 0 ;
[16.484s]                 [01;36m[K^~~~~~~~~~~~~~~~~~~~~~~~~~~~[m[K
[16.485s] [01m[K/home/handsome/ros_ws_test/src/ros_base/cell_controller/Model/cellctrl_database_bridge/src/cell_controller_tables/cellctrl_dbtable_process.cpp:10:64:[m[K [01;31m[Kerror: [m[Kinvalid new-expression of abstract class type â€˜[01m[Kmodule_tbcell_agv_imu[m[Kâ€™
[16.485s]      cell_agv_imu = new module_tbcell_agv_imu(nh_,tbname_agv_imu[01;31m[K)[m[K;
[16.485s]                                                                 [01;31m[K^[m[K
[16.485s] In file included from [01m[K/home/handsome/ros_ws_test/src/ros_base/cell_controller/Model/cellctrl_database_bridge/include/cell_controller_tables/cellctrl_dbtable_process.h:5:0[m[K,
[16.485s]                  from [01m[K/home/handsome/ros_ws_test/src/ros_base/cell_controller/Model/cellctrl_database_bridge/src/cell_controller_tables/cellctrl_dbtable_process.cpp:1[m[K:
[16.486s] [01m[K/home/handsome/ros_ws_test/src/ros_base/cell_controller/Model/cellctrl_database_bridge/include/cell_controller_tables/cellctrl_agvapp_tables.h:112:7:[m[K [01;36m[Knote: [m[K  because the following virtual functions are pure within â€˜[01m[Kmodule_tbcell_agv_imu[m[Kâ€™:
[16.486s]  class [01;36m[Kmodule_tbcell_agv_imu[m[K : public table_mongodbstore_client<type_tbcell_agv_imu,type_tbcell_agv_imu_req,type_tbcell_agv_imu_resp>
[16.486s]        [01;36m[K^~~~~~~~~~~~~~~~~~~~~[m[K
[16.487s] In file included from [01m[K/home/handsome/ros_ws_test/src/ros_base/cell_controller/Model/cellctrl_database_bridge/include/cell_controller_tables/cellctrl_dbtable_process.h:4:0[m[K,
[16.487s]                  from [01m[K/home/handsome/ros_ws_test/src/ros_base/cell_controller/Model/cellctrl_database_bridge/src/cell_controller_tables/cellctrl_dbtable_process.cpp:1[m[K:
[16.487s] [01m[K/home/handsome/ros_ws_test/install/ros_utility_tools/include/ros_utility_tools/table_mongodbstore_client.h:268:16:[m[K [01;36m[Knote: [m[K	bool table_mongodbstore_client<MsgType, MsgType_req, MsgType_resp>::v_ptr_results_vector_find_if(std::__cxx11::string, std::__cxx11::string, db_tb_search_type, int&) [with MsgType = cellctrl_control_msgs::cell_agv_imu_<std::allocator<void> >; MsgType_req = cellctrl_control_msgs::cell_agv_imu_cmdRequest_<std::allocator<void> >; MsgType_resp = cellctrl_control_msgs::cell_agv_imu_cmdResponse_<std::allocator<void> >; std::__cxx11::string = std::__cxx11::basic_string<char>]
[16.487s]    virtual bool [01;36m[Kv_ptr_results_vector_find_if[m[K(std::string _sch_keydata,std::string _sub_sch_keydata,db_tb_search_type _search_type,int &rst_distance) = 0 ;
[16.487s]                 [01;36m[K^~~~~~~~~~~~~~~~~~~~~~~~~~~~[m[K
[16.487s] [01m[K/home/handsome/ros_ws_test/src/ros_base/cell_controller/Model/cellctrl_database_bridge/src/cell_controller_tables/cellctrl_dbtable_process.cpp:11:73:[m[K [01;31m[Kerror: [m[Kinvalid new-expression of abstract class type â€˜[01m[Kmodule_tbcell_agv_camera[m[Kâ€™
[16.487s]      cell_agv_camera = new module_tbcell_agv_camera(nh_,tbname_agv_camera[01;31m[K)[m[K;
[16.488s]                                                                          [01;31m[K^[m[K
[16.488s] In file included from [01m[K/home/handsome/ros_ws_test/src/ros_base/cell_controller/Model/cellctrl_database_bridge/include/cell_controller_tables/cellctrl_dbtable_process.h:5:0[m[K,
[16.488s]                  from [01m[K/home/handsome/ros_ws_test/src/ros_base/cell_controller/Model/cellctrl_database_bridge/src/cell_controller_tables/cellctrl_dbtable_process.cpp:1[m[K:
[16.488s] [01m[K/home/handsome/ros_ws_test/src/ros_base/cell_controller/Model/cellctrl_database_bridge/include/cell_controller_tables/cellctrl_agvapp_tables.h:152:7:[m[K [01;36m[Knote: [m[K  because the following virtual functions are pure within â€˜[01m[Kmodule_tbcell_agv_camera[m[Kâ€™:
[16.488s]  class [01;36m[Kmodule_tbcell_agv_camera[m[K : public table_mongodbstore_client<type_tbcell_agv_camera,type_tbcell_agv_camera_req,type_tbcell_agv_camera_resp>
[16.488s]        [01;36m[K^~~~~~~~~~~~~~~~~~~~~~~~[m[K
[16.488s] In file included from [01m[K/home/handsome/ros_ws_test/src/ros_base/cell_controller/Model/cellctrl_database_bridge/include/cell_controller_tables/cellctrl_dbtable_process.h:4:0[m[K,
[16.489s]                  from [01m[K/home/handsome/ros_ws_test/src/ros_base/cell_controller/Model/cellctrl_database_bridge/src/cell_controller_tables/cellctrl_dbtable_process.cpp:1[m[K:
[16.489s] [01m[K/home/handsome/ros_ws_test/install/ros_utility_tools/include/ros_utility_tools/table_mongodbstore_client.h:268:16:[m[K [01;36m[Knote: [m[K	bool table_mongodbstore_client<MsgType, MsgType_req, MsgType_resp>::v_ptr_results_vector_find_if(std::__cxx11::string, std::__cxx11::string, db_tb_search_type, int&) [with MsgType = cellctrl_control_msgs::cell_agv_camera_<std::allocator<void> >; MsgType_req = cellctrl_control_msgs::cell_agv_camera_cmdRequest_<std::allocator<void> >; MsgType_resp = cellctrl_control_msgs::cell_agv_camera_cmdResponse_<std::allocator<void> >; std::__cxx11::string = std::__cxx11::basic_string<char>]
[16.489s]    virtual bool [01;36m[Kv_ptr_results_vector_find_if[m[K(std::string _sch_keydata,std::string _sub_sch_keydata,db_tb_search_type _search_type,int &rst_distance) = 0 ;
[16.489s]                 [01;36m[K^~~~~~~~~~~~~~~~~~~~~~~~~~~~[m[K
[16.489s] [01m[K/home/handsome/ros_ws_test/src/ros_base/cell_controller/Model/cellctrl_database_bridge/src/cell_controller_tables/cellctrl_dbtable_process.cpp:12:70:[m[K [01;31m[Kerror: [m[Kinvalid new-expression of abstract class type â€˜[01m[Kmodule_tbcell_agv_lidar[m[Kâ€™
[16.489s]      cell_agv_lidar = new module_tbcell_agv_lidar(nh_,tbname_agv_lidar[01;31m[K)[m[K;
[16.490s]                                                                       [01;31m[K^[m[K
[16.490s] In file included from [01m[K/home/handsome/ros_ws_test/src/ros_base/cell_controller/Model/cellctrl_database_bridge/include/cell_controller_tables/cellctrl_dbtable_process.h:5:0[m[K,
[16.490s]                  from [01m[K/home/handsome/ros_ws_test/src/ros_base/cell_controller/Model/cellctrl_database_bridge/src/cell_controller_tables/cellctrl_dbtable_process.cpp:1[m[K:
[16.490s] [01m[K/home/handsome/ros_ws_test/src/ros_base/cell_controller/Model/cellctrl_database_bridge/include/cell_controller_tables/cellctrl_agvapp_tables.h:192:7:[m[K [01;36m[Knote: [m[K  because the following virtual functions are pure within â€˜[01m[Kmodule_tbcell_agv_lidar[m[Kâ€™:
[16.490s]  class [01;36m[Kmodule_tbcell_agv_lidar[m[K : public table_mongodbstore_client<type_tbcell_agv_lidar,type_tbcell_agv_lidar_req,type_tbcell_agv_lidar_resp>
[16.490s]        [01;36m[K^~~~~~~~~~~~~~~~~~~~~~~[m[K
[16.490s] In file included from [01m[K/home/handsome/ros_ws_test/src/ros_base/cell_controller/Model/cellctrl_database_bridge/include/cell_controller_tables/cellctrl_dbtable_process.h:4:0[m[K,
[16.491s]                  from [01m[K/home/handsome/ros_ws_test/src/ros_base/cell_controller/Model/cellctrl_database_bridge/src/cell_controller_tables/cellctrl_dbtable_process.cpp:1[m[K:
[16.491s] [01m[K/home/handsome/ros_ws_test/install/ros_utility_tools/include/ros_utility_tools/table_mongodbstore_client.h:268:16:[m[K [01;36m[Knote: [m[K	bool table_mongodbstore_client<MsgType, MsgType_req, MsgType_resp>::v_ptr_results_vector_find_if(std::__cxx11::string, std::__cxx11::string, db_tb_search_type, int&) [with MsgType = cellctrl_control_msgs::cell_agv_lidar_<std::allocator<void> >; MsgType_req = cellctrl_control_msgs::cell_agv_lidar_cmdRequest_<std::allocator<void> >; MsgType_resp = cellctrl_control_msgs::cell_agv_lidar_cmdResponse_<std::allocator<void> >; std::__cxx11::string = std::__cxx11::basic_string<char>]
[16.491s]    virtual bool [01;36m[Kv_ptr_results_vector_find_if[m[K(std::string _sch_keydata,std::string _sub_sch_keydata,db_tb_search_type _search_type,int &rst_distance) = 0 ;
[16.491s]                 [01;36m[K^~~~~~~~~~~~~~~~~~~~~~~~~~~~[m[K
[16.491s] [01m[K/home/handsome/ros_ws_test/src/ros_base/cell_controller/Model/cellctrl_database_bridge/src/cell_controller_tables/cellctrl_dbtable_process.cpp:13:76:[m[K [01;31m[Kerror: [m[Kinvalid new-expression of abstract class type â€˜[01m[Kmodule_tbcell_agv_battery[m[Kâ€™
[16.491s]      cell_agv_battery = new module_tbcell_agv_battery(nh_,tbname_agv_battery[01;31m[K)[m[K;
[16.491s]                                                                             [01;31m[K^[m[K
[16.492s] In file included from [01m[K/home/handsome/ros_ws_test/src/ros_base/cell_controller/Model/cellctrl_database_bridge/include/cell_controller_tables/cellctrl_dbtable_process.h:5:0[m[K,
[16.492s]                  from [01m[K/home/handsome/ros_ws_test/src/ros_base/cell_controller/Model/cellctrl_database_bridge/src/cell_controller_tables/cellctrl_dbtable_process.cpp:1[m[K:
[16.492s] [01m[K/home/handsome/ros_ws_test/src/ros_base/cell_controller/Model/cellctrl_database_bridge/include/cell_controller_tables/cellctrl_agvapp_tables.h:232:7:[m[K [01;36m[Knote: [m[K  because the following virtual functions are pure within â€˜[01m[Kmodule_tbcell_agv_battery[m[Kâ€™:
[16.492s]  class [01;36m[Kmodule_tbcell_agv_battery[m[K : public table_mongodbstore_client<type_tbcell_agv_battery,type_tbcell_agv_battery_req,type_tbcell_agv_battery_resp>
[16.492s]        [01;36m[K^~~~~~~~~~~~~~~~~~~~~~~~~[m[K
[16.492s] In file included from [01m[K/home/handsome/ros_ws_test/src/ros_base/cell_controller/Model/cellctrl_database_bridge/include/cell_controller_tables/cellctrl_dbtable_process.h:4:0[m[K,
[16.492s]                  from [01m[K/home/handsome/ros_ws_test/src/ros_base/cell_controller/Model/cellctrl_database_bridge/src/cell_controller_tables/cellctrl_dbtable_process.cpp:1[m[K:
[16.493s] [01m[K/home/handsome/ros_ws_test/install/ros_utility_tools/include/ros_utility_tools/table_mongodbstore_client.h:268:16:[m[K [01;36m[Knote: [m[K	bool table_mongodbstore_client<MsgType, MsgType_req, MsgType_resp>::v_ptr_results_vector_find_if(std::__cxx11::string, std::__cxx11::string, db_tb_search_type, int&) [with MsgType = cellctrl_control_msgs::cell_agv_battery_<std::allocator<void> >; MsgType_req = cellctrl_control_msgs::cell_agv_battery_cmdRequest_<std::allocator<void> >; MsgType_resp = cellctrl_control_msgs::cell_agv_battery_cmdResponse_<std::allocator<void> >; std::__cxx11::string = std::__cxx11::basic_string<char>]
[16.493s]    virtual bool [01;36m[Kv_ptr_results_vector_find_if[m[K(std::string _sch_keydata,std::string _sub_sch_keydata,db_tb_search_type _search_type,int &rst_distance) = 0 ;
[16.501s]                 [01;36m[K^~~~~~~~~~~~~~~~~~~~~~~~~~~~[m[K
[16.501s] [01m[K/home/handsome/ros_ws_test/src/ros_base/cell_controller/Model/cellctrl_database_bridge/src/cell_controller_tables/cellctrl_dbtable_process.cpp:14:79:[m[K [01;31m[Kerror: [m[Kinvalid new-expression of abstract class type â€˜[01m[Kmodule_tbcell_alarmhistory[m[Kâ€™
[16.501s]      cell_alarmhistory = new module_tbcell_alarmhistory(nh_,tbname_alarmhistory[01;31m[K)[m[K;
[16.501s]                                                                                [01;31m[K^[m[K
[16.502s] In file included from [01m[K/home/handsome/ros_ws_test/src/ros_base/cell_controller/Model/cellctrl_database_bridge/include/cell_controller_tables/cellctrl_dbtable_process.h:5:0[m[K,
[16.502s]                  from [01m[K/home/handsome/ros_ws_test/src/ros_base/cell_controller/Model/cellctrl_database_bridge/src/cell_controller_tables/cellctrl_dbtable_process.cpp:1[m[K:
[16.502s] [01m[K/home/handsome/ros_ws_test/src/ros_base/cell_controller/Model/cellctrl_database_bridge/include/cell_controller_tables/cellctrl_agvapp_tables.h:272:7:[m[K [01;36m[Knote: [m[K  because the following virtual functions are pure within â€˜[01m[Kmodule_tbcell_alarmhistory[m[Kâ€™:
[16.502s]  class [01;36m[Kmodule_tbcell_alarmhistory[m[K : public table_mongodbstore_client<type_tbcell_alarmhistory,type_tbcell_alarmhistory_req,type_tbcell_alarmhistory_resp>
[16.503s]        [01;36m[K^~~~~~~~~~~~~~~~~~~~~~~~~~[m[K
[16.503s] In file included from [01m[K/home/handsome/ros_ws_test/src/ros_base/cell_controller/Model/cellctrl_database_bridge/include/cell_controller_tables/cellctrl_dbtable_process.h:4:0[m[K,
[16.503s]                  from [01m[K/home/handsome/ros_ws_test/src/ros_base/cell_controller/Model/cellctrl_database_bridge/src/cell_controller_tables/cellctrl_dbtable_process.cpp:1[m[K:
[16.504s] [01m[K/home/handsome/ros_ws_test/install/ros_utility_tools/include/ros_utility_tools/table_mongodbstore_client.h:268:16:[m[K [01;36m[Knote: [m[K	bool table_mongodbstore_client<MsgType, MsgType_req, MsgType_resp>::v_ptr_results_vector_find_if(std::__cxx11::string, std::__cxx11::string, db_tb_search_type, int&) [with MsgType = cellctrl_control_msgs::cell_alarmhistory_<std::allocator<void> >; MsgType_req = cellctrl_control_msgs::cell_alarmhistory_cmdRequest_<std::allocator<void> >; MsgType_resp = cellctrl_control_msgs::cell_alarmhistory_cmdResponse_<std::allocator<void> >; std::__cxx11::string = std::__cxx11::basic_string<char>]
[16.504s]    virtual bool [01;36m[Kv_ptr_results_vector_find_if[m[K(std::string _sch_keydata,std::string _sub_sch_keydata,db_tb_search_type _search_type,int &rst_distance) = 0 ;
[16.504s]                 [01;36m[K^~~~~~~~~~~~~~~~~~~~~~~~~~~~[m[K
[16.504s] [01m[K/home/handsome/ros_ws_test/src/ros_base/cell_controller/Model/cellctrl_database_bridge/src/cell_controller_tables/cellctrl_dbtable_process.cpp:15:88:[m[K [01;31m[Kerror: [m[Kinvalid new-expression of abstract class type â€˜[01m[Kmodule_tbcell_maintainhistory[m[Kâ€™
[16.504s]      cell_maintainhistory = new module_tbcell_maintainhistory(nh_,tbname_maintainhistory[01;31m[K)[m[K;
[16.504s]                                                                                         [01;31m[K^[m[K
[16.505s] In file included from [01m[K/home/handsome/ros_ws_test/src/ros_base/cell_controller/Model/cellctrl_database_bridge/include/cell_controller_tables/cellctrl_dbtable_process.h:5:0[m[K,
[16.505s]                  from [01m[K/home/handsome/ros_ws_test/src/ros_base/cell_controller/Model/cellctrl_database_bridge/src/cell_controller_tables/cellctrl_dbtable_process.cpp:1[m[K:
[16.505s] [01m[K/home/handsome/ros_ws_test/src/ros_base/cell_controller/Model/cellctrl_database_bridge/include/cell_controller_tables/cellctrl_agvapp_tables.h:312:7:[m[K [01;36m[Knote: [m[K  because the following virtual functions are pure within â€˜[01m[Kmodule_tbcell_maintainhistory[m[Kâ€™:
[16.505s]  class [01;36m[Kmodule_tbcell_maintainhistory[m[K : public table_mongodbstore_client<type_tbcell_maintainhistory,type_tbcell_maintainhistory_req,type_tbcell_maintainhistory_resp>
[16.505s]        [01;36m[K^~~~~~~~~~~~~~~~~~~~~~~~~~~~~[m[K
[16.505s] In file included from [01m[K/home/handsome/ros_ws_test/src/ros_base/cell_controller/Model/cellctrl_database_bridge/include/cell_controller_tables/cellctrl_dbtable_process.h:4:0[m[K,
[16.505s]                  from [01m[K/home/handsome/ros_ws_test/src/ros_base/cell_controller/Model/cellctrl_database_bridge/src/cell_controller_tables/cellctrl_dbtable_process.cpp:1[m[K:
[16.506s] [01m[K/home/handsome/ros_ws_test/install/ros_utility_tools/include/ros_utility_tools/table_mongodbstore_client.h:268:16:[m[K [01;36m[Knote: [m[K	bool table_mongodbstore_client<MsgType, MsgType_req, MsgType_resp>::v_ptr_results_vector_find_if(std::__cxx11::string, std::__cxx11::string, db_tb_search_type, int&) [with MsgType = cellctrl_control_msgs::cell_maintainhistory_<std::allocator<void> >; MsgType_req = cellctrl_control_msgs::cell_maintainhistory_cmdRequest_<std::allocator<void> >; MsgType_resp = cellctrl_control_msgs::cell_maintainhistory_cmdResponse_<std::allocator<void> >; std::__cxx11::string = std::__cxx11::basic_string<char>]
[16.506s]    virtual bool [01;36m[Kv_ptr_results_vector_find_if[m[K(std::string _sch_keydata,std::string _sub_sch_keydata,db_tb_search_type _search_type,int &rst_distance) = 0 ;
[16.506s]                 [01;36m[K^~~~~~~~~~~~~~~~~~~~~~~~~~~~[m[K
[16.506s] [01m[K/home/handsome/ros_ws_test/src/ros_base/cell_controller/Model/cellctrl_database_bridge/src/cell_controller_tables/cellctrl_dbtable_process.cpp:16:85:[m[K [01;31m[Kerror: [m[Kinvalid new-expression of abstract class type â€˜[01m[Kmodule_tbcell_operatehistory[m[Kâ€™
[16.506s]      cell_operatehistory = new module_tbcell_operatehistory(nh_,tbname_operatehistory[01;31m[K)[m[K;
[16.506s]                                                                                      [01;31m[K^[m[K
[16.506s] In file included from [01m[K/home/handsome/ros_ws_test/src/ros_base/cell_controller/Model/cellctrl_database_bridge/include/cell_controller_tables/cellctrl_dbtable_process.h:5:0[m[K,
[16.507s]                  from [01m[K/home/handsome/ros_ws_test/src/ros_base/cell_controller/Model/cellctrl_database_bridge/src/cell_controller_tables/cellctrl_dbtable_process.cpp:1[m[K:
[16.507s] [01m[K/home/handsome/ros_ws_test/src/ros_base/cell_controller/Model/cellctrl_database_bridge/include/cell_controller_tables/cellctrl_agvapp_tables.h:352:7:[m[K [01;36m[Knote: [m[K  because the following virtual functions are pure within â€˜[01m[Kmodule_tbcell_operatehistory[m[Kâ€™:
[16.507s]  class [01;36m[Kmodule_tbcell_operatehistory[m[K : public table_mongodbstore_client<type_tbcell_operatehistory,type_tbcell_operatehistory_req,type_tbcell_operatehistory_resp>
[16.507s]        [01;36m[K^~~~~~~~~~~~~~~~~~~~~~~~~~~~[m[K
[16.507s] In file included from [01m[K/home/handsome/ros_ws_test/src/ros_base/cell_controller/Model/cellctrl_database_bridge/include/cell_controller_tables/cellctrl_dbtable_process.h:4:0[m[K,
[16.507s]                  from [01m[K/home/handsome/ros_ws_test/src/ros_base/cell_controller/Model/cellctrl_database_bridge/src/cell_controller_tables/cellctrl_dbtable_process.cpp:1[m[K:
[16.507s] [01m[K/home/handsome/ros_ws_test/install/ros_utility_tools/include/ros_utility_tools/table_mongodbstore_client.h:268:16:[m[K [01;36m[Knote: [m[K	bool table_mongodbstore_client<MsgType, MsgType_req, MsgType_resp>::v_ptr_results_vector_find_if(std::__cxx11::string, std::__cxx11::string, db_tb_search_type, int&) [with MsgType = cellctrl_control_msgs::cell_operatehistory_<std::allocator<void> >; MsgType_req = cellctrl_control_msgs::cell_operatehistory_cmdRequest_<std::allocator<void> >; MsgType_resp = cellctrl_control_msgs::cell_operatehistory_cmdResponse_<std::allocator<void> >; std::__cxx11::string = std::__cxx11::basic_string<char>]
[16.508s]    virtual bool [01;36m[Kv_ptr_results_vector_find_if[m[K(std::string _sch_keydata,std::string _sub_sch_keydata,db_tb_search_type _search_type,int &rst_distance) = 0 ;
[16.508s]                 [01;36m[K^~~~~~~~~~~~~~~~~~~~~~~~~~~~[m[K
[16.508s] [01m[K/home/handsome/ros_ws_test/src/ros_base/cell_controller/Model/cellctrl_database_bridge/src/cell_controller_tables/cellctrl_dbtable_process.cpp:18:79:[m[K [01;31m[Kerror: [m[Kinvalid new-expression of abstract class type â€˜[01m[Kmodule_tbcell_agv_basetype[m[Kâ€™
[16.508s]      cell_agv_basetype = new module_tbcell_agv_basetype(nh_,tbname_agv_basetype[01;31m[K)[m[K;
[16.508s]                                                                                [01;31m[K^[m[K
[16.508s] In file included from [01m[K/home/handsome/ros_ws_test/src/ros_base/cell_controller/Model/cellctrl_database_bridge/include/cell_controller_tables/cellctrl_dbtable_process.h:6:0[m[K,
[16.508s]                  from [01m[K/home/handsome/ros_ws_test/src/ros_base/cell_controller/Model/cellctrl_database_bridge/src/cell_controller_tables/cellctrl_dbtable_process.cpp:1[m[K:
[16.509s] [01m[K/home/handsome/ros_ws_test/src/ros_base/cell_controller/Model/cellctrl_database_bridge/include/cell_controller_tables/cellctrl_agvbasetype_tables.h:26:7:[m[K [01;36m[Knote: [m[K  because the following virtual functions are pure within â€˜[01m[Kmodule_tbcell_agv_basetype[m[Kâ€™:
[16.509s]  class [01;36m[Kmodule_tbcell_agv_basetype[m[K : public table_mongodbstore_client<type_tbcell_agv_basetype,type_tbcell_agv_basetype_req,type_tbcell_agv_basetype_resp>
[16.509s]        [01;36m[K^~~~~~~~~~~~~~~~~~~~~~~~~~[m[K
[16.509s] In file included from [01m[K/home/handsome/ros_ws_test/src/ros_base/cell_controller/Model/cellctrl_database_bridge/include/cell_controller_tables/cellctrl_dbtable_process.h:4:0[m[K,
[16.509s]                  from [01m[K/home/handsome/ros_ws_test/src/ros_base/cell_controller/Model/cellctrl_database_bridge/src/cell_controller_tables/cellctrl_dbtable_process.cpp:1[m[K:
[16.509s] [01m[K/home/handsome/ros_ws_test/install/ros_utility_tools/include/ros_utility_tools/table_mongodbstore_client.h:268:16:[m[K [01;36m[Knote: [m[K	bool table_mongodbstore_client<MsgType, MsgType_req, MsgType_resp>::v_ptr_results_vector_find_if(std::__cxx11::string, std::__cxx11::string, db_tb_search_type, int&) [with MsgType = cellctrl_control_msgs::cell_agv_basetype_<std::allocator<void> >; MsgType_req = cellctrl_control_msgs::cell_agv_basetype_cmdRequest_<std::allocator<void> >; MsgType_resp = cellctrl_control_msgs::cell_agv_basetype_cmdResponse_<std::allocator<void> >; std::__cxx11::string = std::__cxx11::basic_string<char>]
[16.509s]    virtual bool [01;36m[Kv_ptr_results_vector_find_if[m[K(std::string _sch_keydata,std::string _sub_sch_keydata,db_tb_search_type _search_type,int &rst_distance) = 0 ;
[16.510s]                 [01;36m[K^~~~~~~~~~~~~~~~~~~~~~~~~~~~[m[K
[16.510s] [01m[K/home/handsome/ros_ws_test/src/ros_base/cell_controller/Model/cellctrl_database_bridge/src/cell_controller_tables/cellctrl_dbtable_process.cpp:19:94:[m[K [01;31m[Kerror: [m[Kinvalid new-expression of abstract class type â€˜[01m[Kmodule_tbcell_agv_basetypeitems[m[Kâ€™
[16.510s]      cell_agv_basetypeitems = new module_tbcell_agv_basetypeitems(nh_,tbname_agv_basetypeitems[01;31m[K)[m[K;
[16.510s]                                                                                               [01;31m[K^[m[K
[16.510s] In file included from [01m[K/home/handsome/ros_ws_test/src/ros_base/cell_controller/Model/cellctrl_database_bridge/include/cell_controller_tables/cellctrl_dbtable_process.h:6:0[m[K,
[16.510s]                  from [01m[K/home/handsome/ros_ws_test/src/ros_base/cell_controller/Model/cellctrl_database_bridge/src/cell_controller_tables/cellctrl_dbtable_process.cpp:1[m[K:
[16.510s] [01m[K/home/handsome/ros_ws_test/src/ros_base/cell_controller/Model/cellctrl_database_bridge/include/cell_controller_tables/cellctrl_agvbasetype_tables.h:66:7:[m[K [01;36m[Knote: [m[K  because the following virtual functions are pure within â€˜[01m[Kmodule_tbcell_agv_basetypeitems[m[Kâ€™:
[16.511s]  class [01;36m[Kmodule_tbcell_agv_basetypeitems[m[K : public table_mongodbstore_client<type_tbcell_agv_basetypeitems,type_tbcell_agv_basetypeitems_req,type_tbcell_agv_basetypeitems_resp>
[16.511s]        [01;36m[K^~~~~~~~~~~~~~~~~~~~~~~~~~~~~~~[m[K
[16.511s] In file included from [01m[K/home/handsome/ros_ws_test/src/ros_base/cell_controller/Model/cellctrl_database_bridge/include/cell_controller_tables/cellctrl_dbtable_process.h:4:0[m[K,
[16.511s]                  from [01m[K/home/handsome/ros_ws_test/src/ros_base/cell_controller/Model/cellctrl_database_bridge/src/cell_controller_tables/cellctrl_dbtable_process.cpp:1[m[K:
[16.511s] [01m[K/home/handsome/ros_ws_test/install/ros_utility_tools/include/ros_utility_tools/table_mongodbstore_client.h:268:16:[m[K [01;36m[Knote: [m[K	bool table_mongodbstore_client<MsgType, MsgType_req, MsgType_resp>::v_ptr_results_vector_find_if(std::__cxx11::string, std::__cxx11::string, db_tb_search_type, int&) [with MsgType = cellctrl_control_msgs::cell_agv_basetypeitems_<std::allocator<void> >; MsgType_req = cellctrl_control_msgs::cell_agv_basetypeitems_cmdRequest_<std::allocator<void> >; MsgType_resp = cellctrl_control_msgs::cell_agv_basetypeitems_cmdResponse_<std::allocator<void> >; std::__cxx11::string = std::__cxx11::basic_string<char>]
[16.511s]    virtual bool [01;36m[Kv_ptr_results_vector_find_if[m[K(std::string _sch_keydata,std::string _sub_sch_keydata,db_tb_search_type _search_type,int &rst_distance) = 0 ;
[16.511s]                 [01;36m[K^~~~~~~~~~~~~~~~~~~~~~~~~~~~[m[K
[16.512s] [01m[K/home/handsome/ros_ws_test/src/ros_base/cell_controller/Model/cellctrl_database_bridge/src/cell_controller_tables/cellctrl_dbtable_process.cpp:20:71:[m[K [01;31m[Kerror: [m[Kinvalid new-expression of abstract class type â€˜[01m[Kmodule_tbcell_device[m[Kâ€™
[16.512s]      cell_base_device = new module_tbcell_device(nh_,tbname_base_device[01;31m[K)[m[K;
[16.512s]                                                                        [01;31m[K^[m[K
[16.512s] In file included from [01m[K/home/handsome/ros_ws_test/src/ros_base/cell_controller/Model/cellctrl_database_bridge/include/cell_controller_tables/cellctrl_dbtable_process.h:6:0[m[K,
[16.512s]                  from [01m[K/home/handsome/ros_ws_test/src/ros_base/cell_controller/Model/cellctrl_database_bridge/src/cell_controller_tables/cellctrl_dbtable_process.cpp:1[m[K:
[16.512s] [01m[K/home/handsome/ros_ws_test/src/ros_base/cell_controller/Model/cellctrl_database_bridge/include/cell_controller_tables/cellctrl_agvbasetype_tables.h:104:7:[m[K [01;36m[Knote: [m[K  because the following virtual functions are pure within â€˜[01m[Kmodule_tbcell_device[m[Kâ€™:
[16.512s]  class [01;36m[Kmodule_tbcell_device[m[K : public table_mongodbstore_client<type_tbcell_device,type_tbcell_device_req,type_tbcell_device_resp>
[16.513s]        [01;36m[K^~~~~~~~~~~~~~~~~~~~[m[K
[16.513s] In file included from [01m[K/home/handsome/ros_ws_test/src/ros_base/cell_controller/Model/cellctrl_database_bridge/include/cell_controller_tables/cellctrl_dbtable_process.h:4:0[m[K,
[16.513s]                  from [01m[K/home/handsome/ros_ws_test/src/ros_base/cell_controller/Model/cellctrl_database_bridge/src/cell_controller_tables/cellctrl_dbtable_process.cpp:1[m[K:
[16.513s] [01m[K/home/handsome/ros_ws_test/install/ros_utility_tools/include/ros_utility_tools/table_mongodbstore_client.h:268:16:[m[K [01;36m[Knote: [m[K	bool table_mongodbstore_client<MsgType, MsgType_req, MsgType_resp>::v_ptr_results_vector_find_if(std::__cxx11::string, std::__cxx11::string, db_tb_search_type, int&) [with MsgType = cellctrl_control_msgs::cell_base_device_<std::allocator<void> >; MsgType_req = cellctrl_control_msgs::cell_base_device_cmdRequest_<std::allocator<void> >; MsgType_resp = cellctrl_control_msgs::cell_base_device_cmdResponse_<std::allocator<void> >; std::__cxx11::string = std::__cxx11::basic_string<char>]
[16.513s]    virtual bool [01;36m[Kv_ptr_results_vector_find_if[m[K(std::string _sch_keydata,std::string _sub_sch_keydata,db_tb_search_type _search_type,int &rst_distance) = 0 ;
[16.513s]                 [01;36m[K^~~~~~~~~~~~~~~~~~~~~~~~~~~~[m[K
[16.513s] [01m[K/home/handsome/ros_ws_test/src/ros_base/cell_controller/Model/cellctrl_database_bridge/src/cell_controller_tables/cellctrl_dbtable_process.cpp:21:91:[m[K [01;31m[Kerror: [m[Kinvalid new-expression of abstract class type â€˜[01m[Kmodule_tbcell_battery_caculate[m[Kâ€™
[16.514s]      cell_battery_caculate = new module_tbcell_battery_caculate(nh_,tbname_battery_caculate[01;31m[K)[m[K;
[16.514s]                                                                                            [01;31m[K^[m[K
[16.514s] In file included from [01m[K/home/handsome/ros_ws_test/src/ros_base/cell_controller/Model/cellctrl_database_bridge/include/cell_controller_tables/cellctrl_dbtable_process.h:6:0[m[K,
[16.514s]                  from [01m[K/home/handsome/ros_ws_test/src/ros_base/cell_controller/Model/cellctrl_database_bridge/src/cell_controller_tables/cellctrl_dbtable_process.cpp:1[m[K:
[16.514s] [01m[K/home/handsome/ros_ws_test/src/ros_base/cell_controller/Model/cellctrl_database_bridge/include/cell_controller_tables/cellctrl_agvbasetype_tables.h:144:7:[m[K [01;36m[Knote: [m[K  because the following virtual functions are pure within â€˜[01m[Kmodule_tbcell_battery_caculate[m[Kâ€™:
[16.514s]  class [01;36m[Kmodule_tbcell_battery_caculate[m[K : public table_mongodbstore_client<type_tbcell_battery_caculate,type_tbcell_battery_caculate_req,type_tbcell_battery_caculate_resp>
[16.514s]        [01;36m[K^~~~~~~~~~~~~~~~~~~~~~~~~~~~~~[m[K
[16.514s] In file included from [01m[K/home/handsome/ros_ws_test/src/ros_base/cell_controller/Model/cellctrl_database_bridge/include/cell_controller_tables/cellctrl_dbtable_process.h:4:0[m[K,
[16.515s]                  from [01m[K/home/handsome/ros_ws_test/src/ros_base/cell_controller/Model/cellctrl_database_bridge/src/cell_controller_tables/cellctrl_dbtable_process.cpp:1[m[K:
[16.515s] [01m[K/home/handsome/ros_ws_test/install/ros_utility_tools/include/ros_utility_tools/table_mongodbstore_client.h:268:16:[m[K [01;36m[Knote: [m[K	bool table_mongodbstore_client<MsgType, MsgType_req, MsgType_resp>::v_ptr_results_vector_find_if(std::__cxx11::string, std::__cxx11::string, db_tb_search_type, int&) [with MsgType = cellctrl_control_msgs::cell_battery_caculate_<std::allocator<void> >; MsgType_req = cellctrl_control_msgs::cell_battery_caculate_cmdRequest_<std::allocator<void> >; MsgType_resp = cellctrl_control_msgs::cell_battery_caculate_cmdResponse_<std::allocator<void> >; std::__cxx11::string = std::__cxx11::basic_string<char>]
[16.515s]    virtual bool [01;36m[Kv_ptr_results_vector_find_if[m[K(std::string _sch_keydata,std::string _sub_sch_keydata,db_tb_search_type _search_type,int &rst_distance) = 0 ;
[16.515s]                 [01;36m[K^~~~~~~~~~~~~~~~~~~~~~~~~~~~[m[K
[16.515s] [01m[K/home/handsome/ros_ws_test/src/ros_base/cell_controller/Model/cellctrl_database_bridge/src/cell_controller_tables/cellctrl_dbtable_process.cpp:22:85:[m[K [01;31m[Kerror: [m[Kinvalid new-expression of abstract class type â€˜[01m[Kmodule_tbcell_battery_remain[m[Kâ€™
[16.515s]      cell_battery_remain = new module_tbcell_battery_remain(nh_,tbname_battery_remain[01;31m[K)[m[K;
[16.515s]                                                                                      [01;31m[K^[m[K
[16.515s] In file included from [01m[K/home/handsome/ros_ws_test/src/ros_base/cell_controller/Model/cellctrl_database_bridge/include/cell_controller_tables/cellctrl_dbtable_process.h:6:0[m[K,
[16.516s]                  from [01m[K/home/handsome/ros_ws_test/src/ros_base/cell_controller/Model/cellctrl_database_bridge/src/cell_controller_tables/cellctrl_dbtable_process.cpp:1[m[K:
[16.516s] [01m[K/home/handsome/ros_ws_test/src/ros_base/cell_controller/Model/cellctrl_database_bridge/include/cell_controller_tables/cellctrl_agvbasetype_tables.h:184:7:[m[K [01;36m[Knote: [m[K  because the following virtual functions are pure within â€˜[01m[Kmodule_tbcell_battery_remain[m[Kâ€™:
[16.516s]  class [01;36m[Kmodule_tbcell_battery_remain[m[K : public table_mongodbstore_client<type_tbcell_battery_remain,type_tbcell_battery_remain_req,type_tbcell_battery_remain_resp>
[16.516s]        [01;36m[K^~~~~~~~~~~~~~~~~~~~~~~~~~~~[m[K
[16.516s] In file included from [01m[K/home/handsome/ros_ws_test/src/ros_base/cell_controller/Model/cellctrl_database_bridge/include/cell_controller_tables/cellctrl_dbtable_process.h:4:0[m[K,
[16.516s]                  from [01m[K/home/handsome/ros_ws_test/src/ros_base/cell_controller/Model/cellctrl_database_bridge/src/cell_controller_tables/cellctrl_dbtable_process.cpp:1[m[K:
[16.516s] [01m[K/home/handsome/ros_ws_test/install/ros_utility_tools/include/ros_utility_tools/table_mongodbstore_client.h:268:16:[m[K [01;36m[Knote: [m[K	bool table_mongodbstore_client<MsgType, MsgType_req, MsgType_resp>::v_ptr_results_vector_find_if(std::__cxx11::string, std::__cxx11::string, db_tb_search_type, int&) [with MsgType = cellctrl_control_msgs::cell_battery_remain_<std::allocator<void> >; MsgType_req = cellctrl_control_msgs::cell_battery_remain_cmdRequest_<std::allocator<void> >; MsgType_resp = cellctrl_control_msgs::cell_battery_remain_cmdResponse_<std::allocator<void> >; std::__cxx11::string = std::__cxx11::basic_string<char>]
[16.517s]    virtual bool [01;36m[Kv_ptr_results_vector_find_if[m[K(std::string _sch_keydata,std::string _sub_sch_keydata,db_tb_search_type _search_type,int &rst_distance) = 0 ;
[16.522s]                 [01;36m[K^~~~~~~~~~~~~~~~~~~~~~~~~~~~[m[K
[16.522s] [01m[K/home/handsome/ros_ws_test/src/ros_base/cell_controller/Model/cellctrl_database_bridge/src/cell_controller_tables/cellctrl_dbtable_process.cpp:24:70:[m[K [01;31m[Kerror: [m[Kinvalid new-expression of abstract class type â€˜[01m[Kmodule_tbcell_transfer[m[Kâ€™
[16.523s]      cell_tb_transfer = new module_tbcell_transfer(nh_,tbname_transfer[01;31m[K)[m[K;
[16.523s]                                                                       [01;31m[K^[m[K
[16.523s] In file included from [01m[K/home/handsome/ros_ws_test/src/ros_base/cell_controller/Model/cellctrl_database_bridge/include/cell_controller_tables/cellctrl_dbtable_process.h:7:0[m[K,
[16.523s]                  from [01m[K/home/handsome/ros_ws_test/src/ros_base/cell_controller/Model/cellctrl_database_bridge/src/cell_controller_tables/cellctrl_dbtable_process.cpp:1[m[K:
[16.523s] [01m[K/home/handsome/ros_ws_test/src/ros_base/cell_controller/Model/cellctrl_database_bridge/include/cell_controller_tables/cellctrl_module_tables.h:31:7:[m[K [01;36m[Knote: [m[K  because the following virtual functions are pure within â€˜[01m[Kmodule_tbcell_transfer[m[Kâ€™:
[16.523s]  class [01;36m[Kmodule_tbcell_transfer[m[K : public table_mongodbstore_client<type_tbcell_transfer,type_tbcell_transfer_req,type_tbcell_transfer_resp>
[16.523s]        [01;36m[K^~~~~~~~~~~~~~~~~~~~~~[m[K
[16.524s] In file included from [01m[K/home/handsome/ros_ws_test/src/ros_base/cell_controller/Model/cellctrl_database_bridge/include/cell_controller_tables/cellctrl_dbtable_process.h:4:0[m[K,
[16.524s]                  from [01m[K/home/handsome/ros_ws_test/src/ros_base/cell_controller/Model/cellctrl_database_bridge/src/cell_controller_tables/cellctrl_dbtable_process.cpp:1[m[K:
[16.524s] [01m[K/home/handsome/ros_ws_test/install/ros_utility_tools/include/ros_utility_tools/table_mongodbstore_client.h:268:16:[m[K [01;36m[Knote: [m[K	bool table_mongodbstore_client<MsgType, MsgType_req, MsgType_resp>::v_ptr_results_vector_find_if(std::__cxx11::string, std::__cxx11::string, db_tb_search_type, int&) [with MsgType = cellctrl_control_msgs::cell_base_transfer_<std::allocator<void> >; MsgType_req = cellctrl_control_msgs::cell_base_transfer_cmdRequest_<std::allocator<void> >; MsgType_resp = cellctrl_control_msgs::cell_base_transfer_cmdResponse_<std::allocator<void> >; std::__cxx11::string = std::__cxx11::basic_string<char>]
[16.524s]    virtual bool [01;36m[Kv_ptr_results_vector_find_if[m[K(std::string _sch_keydata,std::string _sub_sch_keydata,db_tb_search_type _search_type,int &rst_distance) = 0 ;
[16.524s]                 [01;36m[K^~~~~~~~~~~~~~~~~~~~~~~~~~~~[m[K
[16.524s] [01m[K/home/handsome/ros_ws_test/src/ros_base/cell_controller/Model/cellctrl_database_bridge/src/cell_controller_tables/cellctrl_dbtable_process.cpp:25:76:[m[K [01;31m[Kerror: [m[Kinvalid new-expression of abstract class type â€˜[01m[Kmodule_tbcell_mcfunction[m[Kâ€™
[16.524s]      cell_tb_mcfunction = new module_tbcell_mcfunction(nh_,tbname_mcfunction[01;31m[K)[m[K;
[16.525s]                                                                             [01;31m[K^[m[K
[16.528s] In file included from [01m[K/home/handsome/ros_ws_test/src/ros_base/cell_controller/Model/cellctrl_database_bridge/include/cell_controller_tables/cellctrl_dbtable_process.h:7:0[m[K,
[16.528s]                  from [01m[K/home/handsome/ros_ws_test/src/ros_base/cell_controller/Model/cellctrl_database_bridge/src/cell_controller_tables/cellctrl_dbtable_process.cpp:1[m[K:
[16.528s] [01m[K/home/handsome/ros_ws_test/src/ros_base/cell_controller/Model/cellctrl_database_bridge/include/cell_controller_tables/cellctrl_module_tables.h:71:7:[m[K [01;36m[Knote: [m[K  because the following virtual functions are pure within â€˜[01m[Kmodule_tbcell_mcfunction[m[Kâ€™:
[16.529s]  class [01;36m[Kmodule_tbcell_mcfunction[m[K : public table_mongodbstore_client<type_tbcell_mcfunction,type_tbcell_mcfunction_req,type_tbcell_mcfunction_resp>
[16.529s]        [01;36m[K^~~~~~~~~~~~~~~~~~~~~~~~[m[K
[16.529s] In file included from [01m[K/home/handsome/ros_ws_test/src/ros_base/cell_controller/Model/cellctrl_database_bridge/include/cell_controller_tables/cellctrl_dbtable_process.h:4:0[m[K,
[16.529s]                  from [01m[K/home/handsome/ros_ws_test/src/ros_base/cell_controller/Model/cellctrl_database_bridge/src/cell_controller_tables/cellctrl_dbtable_process.cpp:1[m[K:
[16.529s] [01m[K/home/handsome/ros_ws_test/install/ros_utility_tools/include/ros_utility_tools/table_mongodbstore_client.h:268:16:[m[K [01;36m[Knote: [m[K	bool table_mongodbstore_client<MsgType, MsgType_req, MsgType_resp>::v_ptr_results_vector_find_if(std::__cxx11::string, std::__cxx11::string, db_tb_search_type, int&) [with MsgType = cellctrl_control_msgs::cell_base_mcfunction_<std::allocator<void> >; MsgType_req = cellctrl_control_msgs::cell_base_mcfunction_cmdRequest_<std::allocator<void> >; MsgType_resp = cellctrl_control_msgs::cell_base_mcfunction_cmdResponse_<std::allocator<void> >; std::__cxx11::string = std::__cxx11::basic_string<char>]
[16.529s]    virtual bool [01;36m[Kv_ptr_results_vector_find_if[m[K(std::string _sch_keydata,std::string _sub_sch_keydata,db_tb_search_type _search_type,int &rst_distance) = 0 ;
[16.529s]                 [01;36m[K^~~~~~~~~~~~~~~~~~~~~~~~~~~~[m[K
[16.529s] [01m[K/home/handsome/ros_ws_test/src/ros_base/cell_controller/Model/cellctrl_database_bridge/src/cell_controller_tables/cellctrl_dbtable_process.cpp:26:61:[m[K [01;31m[Kerror: [m[Kinvalid new-expression of abstract class type â€˜[01m[Kmodule_tbcell_alarm[m[Kâ€™
[16.530s]      cell_tb_alarm = new module_tbcell_alarm(nh_,tbname_alarm[01;31m[K)[m[K;
[16.530s]                                                              [01;31m[K^[m[K
[16.530s] In file included from [01m[K/home/handsome/ros_ws_test/src/ros_base/cell_controller/Model/cellctrl_database_bridge/include/cell_controller_tables/cellctrl_dbtable_process.h:7:0[m[K,
[16.530s]                  from [01m[K/home/handsome/ros_ws_test/src/ros_base/cell_controller/Model/cellctrl_database_bridge/src/cell_controller_tables/cellctrl_dbtable_process.cpp:1[m[K:
[16.530s] [01m[K/home/handsome/ros_ws_test/src/ros_base/cell_controller/Model/cellctrl_database_bridge/include/cell_controller_tables/cellctrl_module_tables.h:112:7:[m[K [01;36m[Knote: [m[K  because the following virtual functions are pure within â€˜[01m[Kmodule_tbcell_alarm[m[Kâ€™:
[16.530s]  class [01;36m[Kmodule_tbcell_alarm[m[K : public table_mongodbstore_client<type_tbcell_alarm,type_tbcell_alarm_req,type_tbcell_alarm_resp>
[16.530s]        [01;36m[K^~~~~~~~~~~~~~~~~~~[m[K
[16.531s] In file included from [01m[K/home/handsome/ros_ws_test/src/ros_base/cell_controller/Model/cellctrl_database_bridge/include/cell_controller_tables/cellctrl_dbtable_process.h:4:0[m[K,
[16.531s]                  from [01m[K/home/handsome/ros_ws_test/src/ros_base/cell_controller/Model/cellctrl_database_bridge/src/cell_controller_tables/cellctrl_dbtable_process.cpp:1[m[K:
[16.531s] [01m[K/home/handsome/ros_ws_test/install/ros_utility_tools/include/ros_utility_tools/table_mongodbstore_client.h:268:16:[m[K [01;36m[Knote: [m[K	bool table_mongodbstore_client<MsgType, MsgType_req, MsgType_resp>::v_ptr_results_vector_find_if(std::__cxx11::string, std::__cxx11::string, db_tb_search_type, int&) [with MsgType = cellctrl_control_msgs::cell_base_alarm_<std::allocator<void> >; MsgType_req = cellctrl_control_msgs::cell_base_alarm_cmdRequest_<std::allocator<void> >; MsgType_resp = cellctrl_control_msgs::cell_base_alarm_cmdResponse_<std::allocator<void> >; std::__cxx11::string = std::__cxx11::basic_string<char>]
[16.531s]    virtual bool [01;36m[Kv_ptr_results_vector_find_if[m[K(std::string _sch_keydata,std::string _sub_sch_keydata,db_tb_search_type _search_type,int &rst_distance) = 0 ;
[16.531s]                 [01;36m[K^~~~~~~~~~~~~~~~~~~~~~~~~~~~[m[K
[16.531s] [01m[K/home/handsome/ros_ws_test/src/ros_base/cell_controller/Model/cellctrl_database_bridge/src/cell_controller_tables/cellctrl_dbtable_process.cpp:27:70:[m[K [01;31m[Kerror: [m[Kinvalid new-expression of abstract class type â€˜[01m[Kmodule_tbcell_maintain[m[Kâ€™
[16.531s]      cell_tb_maintain = new module_tbcell_maintain(nh_,tbname_maintain[01;31m[K)[m[K;
[16.532s]                                                                       [01;31m[K^[m[K
[16.532s] In file included from [01m[K/home/handsome/ros_ws_test/src/ros_base/cell_controller/Model/cellctrl_database_bridge/include/cell_controller_tables/cellctrl_dbtable_process.h:7:0[m[K,
[16.532s]                  from [01m[K/home/handsome/ros_ws_test/src/ros_base/cell_controller/Model/cellctrl_database_bridge/src/cell_controller_tables/cellctrl_dbtable_process.cpp:1[m[K:
[16.532s] [01m[K/home/handsome/ros_ws_test/src/ros_base/cell_controller/Model/cellctrl_database_bridge/include/cell_controller_tables/cellctrl_module_tables.h:151:7:[m[K [01;36m[Knote: [m[K  because the following virtual functions are pure within â€˜[01m[Kmodule_tbcell_maintain[m[Kâ€™:
[16.532s]  class [01;36m[Kmodule_tbcell_maintain[m[K : public table_mongodbstore_client<type_tbcell_maintain,type_tbcell_maintain_req,type_tbcell_maintain_resp>
[16.532s]        [01;36m[K^~~~~~~~~~~~~~~~~~~~~~[m[K
[16.533s] In file included from [01m[K/home/handsome/ros_ws_test/src/ros_base/cell_controller/Model/cellctrl_database_bridge/include/cell_controller_tables/cellctrl_dbtable_process.h:4:0[m[K,
[16.533s]                  from [01m[K/home/handsome/ros_ws_test/src/ros_base/cell_controller/Model/cellctrl_database_bridge/src/cell_controller_tables/cellctrl_dbtable_process.cpp:1[m[K:
[16.533s] [01m[K/home/handsome/ros_ws_test/install/ros_utility_tools/include/ros_utility_tools/table_mongodbstore_client.h:268:16:[m[K [01;36m[Knote: [m[K	bool table_mongodbstore_client<MsgType, MsgType_req, MsgType_resp>::v_ptr_results_vector_find_if(std::__cxx11::string, std::__cxx11::string, db_tb_search_type, int&) [with MsgType = cellctrl_control_msgs::cell_base_maintain_<std::allocator<void> >; MsgType_req = cellctrl_control_msgs::cell_base_maintain_cmdRequest_<std::allocator<void> >; MsgType_resp = cellctrl_control_msgs::cell_base_maintain_cmdResponse_<std::allocator<void> >; std::__cxx11::string = std::__cxx11::basic_string<char>]
[16.533s]    virtual bool [01;36m[Kv_ptr_results_vector_find_if[m[K(std::string _sch_keydata,std::string _sub_sch_keydata,db_tb_search_type _search_type,int &rst_distance) = 0 ;
[16.533s]                 [01;36m[K^~~~~~~~~~~~~~~~~~~~~~~~~~~~[m[K
[16.533s] [01m[K/home/handsome/ros_ws_test/src/ros_base/cell_controller/Model/cellctrl_database_bridge/src/cell_controller_tables/cellctrl_dbtable_process.cpp:28:88:[m[K [01;31m[Kerror: [m[Kinvalid new-expression of abstract class type â€˜[01m[Kmodule_tbcell_basecontroller[m[Kâ€™
[16.533s]      cell_tb_basecontroller = new module_tbcell_basecontroller(nh_,tbname_basecontroller[01;31m[K)[m[K;
[16.534s]                                                                                         [01;31m[K^[m[K
[16.534s] In file included from [01m[K/home/handsome/ros_ws_test/src/ros_base/cell_controller/Model/cellctrl_database_bridge/include/cell_controller_tables/cellctrl_dbtable_process.h:7:0[m[K,
[16.534s]                  from [01m[K/home/handsome/ros_ws_test/src/ros_base/cell_controller/Model/cellctrl_database_bridge/src/cell_controller_tables/cellctrl_dbtable_process.cpp:1[m[K:
[16.534s] [01m[K/home/handsome/ros_ws_test/src/ros_base/cell_controller/Model/cellctrl_database_bridge/include/cell_controller_tables/cellctrl_module_tables.h:190:7:[m[K [01;36m[Knote: [m[K  because the following virtual functions are pure within â€˜[01m[Kmodule_tbcell_basecontroller[m[Kâ€™:
[16.534s]  class [01;36m[Kmodule_tbcell_basecontroller[m[K : public table_mongodbstore_client<type_tbcell_basecontroller,type_tbcell_basecontroller_req,type_tbcell_basecontroller_resp>
[16.534s]        [01;36m[K^~~~~~~~~~~~~~~~~~~~~~~~~~~~[m[K
[16.534s] In file included from [01m[K/home/handsome/ros_ws_test/src/ros_base/cell_controller/Model/cellctrl_database_bridge/include/cell_controller_tables/cellctrl_dbtable_process.h:4:0[m[K,
[16.534s]                  from [01m[K/home/handsome/ros_ws_test/src/ros_base/cell_controller/Model/cellctrl_database_bridge/src/cell_controller_tables/cellctrl_dbtable_process.cpp:1[m[K:
[16.534s] [01m[K/home/handsome/ros_ws_test/install/ros_utility_tools/include/ros_utility_tools/table_mongodbstore_client.h:268:16:[m[K [01;36m[Knote: [m[K	bool table_mongodbstore_client<MsgType, MsgType_req, MsgType_resp>::v_ptr_results_vector_find_if(std::__cxx11::string, std::__cxx11::string, db_tb_search_type, int&) [with MsgType = cellctrl_control_msgs::base_cell_controller_<std::allocator<void> >; MsgType_req = cellctrl_control_msgs::base_cell_controller_cmdRequest_<std::allocator<void> >; MsgType_resp = cellctrl_control_msgs::base_cell_controller_cmdResponse_<std::allocator<void> >; std::__cxx11::string = std::__cxx11::basic_string<char>]
[16.534s]    virtual bool [01;36m[Kv_ptr_results_vector_find_if[m[K(std::string _sch_keydata,std::string _sub_sch_keydata,db_tb_search_type _search_type,int &rst_distance) = 0 ;
[16.535s]                 [01;36m[K^~~~~~~~~~~~~~~~~~~~~~~~~~~~[m[K
[16.535s] [01m[K/home/handsome/ros_ws_test/src/ros_base/cell_controller/Model/cellctrl_database_bridge/src/cell_controller_tables/cellctrl_dbtable_process.cpp:29:67:[m[K [01;31m[Kerror: [m[Kinvalid new-expression of abstract class type â€˜[01m[Kmodule_tbcell_operate[m[Kâ€™
[16.535s]      cell_tb_operate = new module_tbcell_operate(nh_,tbname_operate[01;31m[K)[m[K;
[16.535s]                                                                    [01;31m[K^[m[K
[16.535s] In file included from [01m[K/home/handsome/ros_ws_test/src/ros_base/cell_controller/Model/cellctrl_database_bridge/include/cell_controller_tables/cellctrl_dbtable_process.h:7:0[m[K,
[16.535s]                  from [01m[K/home/handsome/ros_ws_test/src/ros_base/cell_controller/Model/cellctrl_database_bridge/src/cell_controller_tables/cellctrl_dbtable_process.cpp:1[m[K:
[16.535s] [01m[K/home/handsome/ros_ws_test/src/ros_base/cell_controller/Model/cellctrl_database_bridge/include/cell_controller_tables/cellctrl_module_tables.h:229:7:[m[K [01;36m[Knote: [m[K  because the following virtual functions are pure within â€˜[01m[Kmodule_tbcell_operate[m[Kâ€™:
[16.535s]  class [01;36m[Kmodule_tbcell_operate[m[K : public table_mongodbstore_client<type_tbcell_operate,type_tbcell_operate_req,type_tbcell_operate_resp>
[16.535s]        [01;36m[K^~~~~~~~~~~~~~~~~~~~~[m[K
[16.535s] In file included from [01m[K/home/handsome/ros_ws_test/src/ros_base/cell_controller/Model/cellctrl_database_bridge/include/cell_controller_tables/cellctrl_dbtable_process.h:4:0[m[K,
[16.535s]                  from [01m[K/home/handsome/ros_ws_test/src/ros_base/cell_controller/Model/cellctrl_database_bridge/src/cell_controller_tables/cellctrl_dbtable_process.cpp:1[m[K:
[16.536s] [01m[K/home/handsome/ros_ws_test/install/ros_utility_tools/include/ros_utility_tools/table_mongodbstore_client.h:268:16:[m[K [01;36m[Knote: [m[K	bool table_mongodbstore_client<MsgType, MsgType_req, MsgType_resp>::v_ptr_results_vector_find_if(std::__cxx11::string, std::__cxx11::string, db_tb_search_type, int&) [with MsgType = cellctrl_control_msgs::cell_base_operate_<std::allocator<void> >; MsgType_req = cellctrl_control_msgs::cell_base_operate_cmdRequest_<std::allocator<void> >; MsgType_resp = cellctrl_control_msgs::cell_base_operate_cmdResponse_<std::allocator<void> >; std::__cxx11::string = std::__cxx11::basic_string<char>]
[16.536s]    virtual bool [01;36m[Kv_ptr_results_vector_find_if[m[K(std::string _sch_keydata,std::string _sub_sch_keydata,db_tb_search_type _search_type,int &rst_distance) = 0 ;
[16.536s]                 [01;36m[K^~~~~~~~~~~~~~~~~~~~~~~~~~~~[m[K
[16.536s] [01m[K/home/handsome/ros_ws_test/src/ros_base/cell_controller/Model/cellctrl_database_bridge/src/cell_controller_tables/cellctrl_dbtable_process.cpp:31:73:[m[K [01;31m[Kerror: [m[Kinvalid new-expression of abstract class type â€˜[01m[Kmodule_tbcell_work_order[m[Kâ€™
[16.536s]      cell_work_order = new module_tbcell_work_order(nh_,tbname_work_order[01;31m[K)[m[K;
[16.536s]                                                                          [01;31m[K^[m[K
[16.536s] In file included from [01m[K/home/handsome/ros_ws_test/src/ros_base/cell_controller/Model/cellctrl_database_bridge/include/cell_controller_tables/cellctrl_dbtable_process.h:8:0[m[K,
[16.536s]                  from [01m[K/home/handsome/ros_ws_test/src/ros_base/cell_controller/Model/cellctrl_database_bridge/src/cell_controller_tables/cellctrl_dbtable_process.cpp:1[m[K:
[16.536s] [01m[K/home/handsome/ros_ws_test/src/ros_base/cell_controller/Model/cellctrl_database_bridge/include/cell_controller_tables/cellctrl_orders_tables.h:27:7:[m[K [01;36m[Knote: [m[K  because the following virtual functions are pure within â€˜[01m[Kmodule_tbcell_work_order[m[Kâ€™:
[16.536s]  class [01;36m[Kmodule_tbcell_work_order[m[K : public table_mongodbstore_client<type_tbcell_work_order,type_tbcell_work_order_req,type_tbcell_work_order_resp>
[16.536s]        [01;36m[K^~~~~~~~~~~~~~~~~~~~~~~~[m[K
[16.537s] In file included from [01m[K/home/handsome/ros_ws_test/src/ros_base/cell_controller/Model/cellctrl_database_bridge/include/cell_controller_tables/cellctrl_dbtable_process.h:4:0[m[K,
[16.537s]                  from [01m[K/home/handsome/ros_ws_test/src/ros_base/cell_controller/Model/cellctrl_database_bridge/src/cell_controller_tables/cellctrl_dbtable_process.cpp:1[m[K:
[16.537s] [01m[K/home/handsome/ros_ws_test/install/ros_utility_tools/include/ros_utility_tools/table_mongodbstore_client.h:268:16:[m[K [01;36m[Knote: [m[K	bool table_mongodbstore_client<MsgType, MsgType_req, MsgType_resp>::v_ptr_results_vector_find_if(std::__cxx11::string, std::__cxx11::string, db_tb_search_type, int&) [with MsgType = cellctrl_control_msgs::cell_work_order_<std::allocator<void> >; MsgType_req = cellctrl_control_msgs::cell_work_order_cmdRequest_<std::allocator<void> >; MsgType_resp = cellctrl_control_msgs::cell_work_order_cmdResponse_<std::allocator<void> >; std::__cxx11::string = std::__cxx11::basic_string<char>]
[16.537s]    virtual bool [01;36m[Kv_ptr_results_vector_find_if[m[K(std::string _sch_keydata,std::string _sub_sch_keydata,db_tb_search_type _search_type,int &rst_distance) = 0 ;
[16.537s]                 [01;36m[K^~~~~~~~~~~~~~~~~~~~~~~~~~~~[m[K
[16.537s] [01m[K/home/handsome/ros_ws_test/src/ros_base/cell_controller/Model/cellctrl_database_bridge/src/cell_controller_tables/cellctrl_dbtable_process.cpp:32:88:[m[K [01;31m[Kerror: [m[Kinvalid new-expression of abstract class type â€˜[01m[Kmodule_tbcell_work_orderitems[m[Kâ€™
[16.537s]      cell_work_orderitems = new module_tbcell_work_orderitems(nh_,tbname_work_orderitems[01;31m[K)[m[K;
[16.538s]                                                                                         [01;31m[K^[m[K
[16.538s] In file included from [01m[K/home/handsome/ros_ws_test/src/ros_base/cell_controller/Model/cellctrl_database_bridge/include/cell_controller_tables/cellctrl_dbtable_process.h:8:0[m[K,
[16.538s]                  from [01m[K/home/handsome/ros_ws_test/src/ros_base/cell_controller/Model/cellctrl_database_bridge/src/cell_controller_tables/cellctrl_dbtable_process.cpp:1[m[K:
[16.538s] [01m[K/home/handsome/ros_ws_test/src/ros_base/cell_controller/Model/cellctrl_database_bridge/include/cell_controller_tables/cellctrl_orders_tables.h:67:7:[m[K [01;36m[Knote: [m[K  because the following virtual functions are pure within â€˜[01m[Kmodule_tbcell_work_orderitems[m[Kâ€™:
[16.538s]  class [01;36m[Kmodule_tbcell_work_orderitems[m[K : public table_mongodbstore_client<type_tbcell_work_orderitems,type_tbcell_work_orderitems_req,type_tbcell_work_orderitems_resp>
[16.538s]        [01;36m[K^~~~~~~~~~~~~~~~~~~~~~~~~~~~~[m[K
[16.538s] In file included from [01m[K/home/handsome/ros_ws_test/src/ros_base/cell_controller/Model/cellctrl_database_bridge/include/cell_controller_tables/cellctrl_dbtable_process.h:4:0[m[K,
[16.539s]                  from [01m[K/home/handsome/ros_ws_test/src/ros_base/cell_controller/Model/cellctrl_database_bridge/src/cell_controller_tables/cellctrl_dbtable_process.cpp:1[m[K:
[16.539s] [01m[K/home/handsome/ros_ws_test/install/ros_utility_tools/include/ros_utility_tools/table_mongodbstore_client.h:268:16:[m[K [01;36m[Knote: [m[K	bool table_mongodbstore_client<MsgType, MsgType_req, MsgType_resp>::v_ptr_results_vector_find_if(std::__cxx11::string, std::__cxx11::string, db_tb_search_type, int&) [with MsgType = cellctrl_control_msgs::cell_work_orderitems_<std::allocator<void> >; MsgType_req = cellctrl_control_msgs::cell_work_orderitems_cmdRequest_<std::allocator<void> >; MsgType_resp = cellctrl_control_msgs::cell_work_orderitems_cmdResponse_<std::allocator<void> >; std::__cxx11::string = std::__cxx11::basic_string<char>]
[16.539s]    virtual bool [01;36m[Kv_ptr_results_vector_find_if[m[K(std::string _sch_keydata,std::string _sub_sch_keydata,db_tb_search_type _search_type,int &rst_distance) = 0 ;
[16.539s]                 [01;36m[K^~~~~~~~~~~~~~~~~~~~~~~~~~~~[m[K
[16.539s] [01m[K/home/handsome/ros_ws_test/src/ros_base/cell_controller/Model/cellctrl_database_bridge/src/cell_controller_tables/cellctrl_dbtable_process.cpp:33:88:[m[K [01;31m[Kerror: [m[Kinvalid new-expression of abstract class type â€˜[01m[Kmodule_tbcell_work_ordergoods[m[Kâ€™
[16.539s]      cell_work_ordergoods = new module_tbcell_work_ordergoods(nh_,tbname_work_ordergoods[01;31m[K)[m[K;
[16.539s]                                                                                         [01;31m[K^[m[K
[16.540s] In file included from [01m[K/home/handsome/ros_ws_test/src/ros_base/cell_controller/Model/cellctrl_database_bridge/include/cell_controller_tables/cellctrl_dbtable_process.h:8:0[m[K,
[16.540s]                  from [01m[K/home/handsome/ros_ws_test/src/ros_base/cell_controller/Model/cellctrl_database_bridge/src/cell_controller_tables/cellctrl_dbtable_process.cpp:1[m[K:
[16.540s] [01m[K/home/handsome/ros_ws_test/src/ros_base/cell_controller/Model/cellctrl_database_bridge/include/cell_controller_tables/cellctrl_orders_tables.h:107:7:[m[K [01;36m[Knote: [m[K  because the following virtual functions are pure within â€˜[01m[Kmodule_tbcell_work_ordergoods[m[Kâ€™:
[16.540s]  class [01;36m[Kmodule_tbcell_work_ordergoods[m[K : public table_mongodbstore_client<type_tbcell_work_ordergoods,type_tbcell_work_ordergoods_req,type_tbcell_work_ordergoods_resp>
[16.540s]        [01;36m[K^~~~~~~~~~~~~~~~~~~~~~~~~~~~~[m[K
[16.540s] In file included from [01m[K/home/handsome/ros_ws_test/src/ros_base/cell_controller/Model/cellctrl_database_bridge/include/cell_controller_tables/cellctrl_dbtable_process.h:4:0[m[K,
[16.540s]                  from [01m[K/home/handsome/ros_ws_test/src/ros_base/cell_controller/Model/cellctrl_database_bridge/src/cell_controller_tables/cellctrl_dbtable_process.cpp:1[m[K:
[16.541s] [01m[K/home/handsome/ros_ws_test/install/ros_utility_tools/include/ros_utility_tools/table_mongodbstore_client.h:268:16:[m[K [01;36m[Knote: [m[K	bool table_mongodbstore_client<MsgType, MsgType_req, MsgType_resp>::v_ptr_results_vector_find_if(std::__cxx11::string, std::__cxx11::string, db_tb_search_type, int&) [with MsgType = cellctrl_control_msgs::cell_work_ordergoods_<std::allocator<void> >; MsgType_req = cellctrl_control_msgs::cell_work_ordergoods_cmdRequest_<std::allocator<void> >; MsgType_resp = cellctrl_control_msgs::cell_work_ordergoods_cmdResponse_<std::allocator<void> >; std::__cxx11::string = std::__cxx11::basic_string<char>]
[16.541s]    virtual bool [01;36m[Kv_ptr_results_vector_find_if[m[K(std::string _sch_keydata,std::string _sub_sch_keydata,db_tb_search_type _search_type,int &rst_distance) = 0 ;
[16.541s]                 [01;36m[K^~~~~~~~~~~~~~~~~~~~~~~~~~~~[m[K
[16.541s] [01m[K/home/handsome/ros_ws_test/src/ros_base/cell_controller/Model/cellctrl_database_bridge/src/cell_controller_tables/cellctrl_dbtable_process.cpp:35:82:[m[K [01;31m[Kerror: [m[Kinvalid new-expression of abstract class type â€˜[01m[Kmodule_tbcell_work_stations[m[Kâ€™
[16.541s]      cell_work_stations = new module_tbcell_work_stations(nh_,tbname_work_stations[01;31m[K)[m[K;
[16.541s]                                                                                   [01;31m[K^[m[K
[16.541s] In file included from [01m[K/home/handsome/ros_ws_test/src/ros_base/cell_controller/Model/cellctrl_database_bridge/include/cell_controller_tables/cellctrl_dbtable_process.h:9:0[m[K,
[16.541s]                  from [01m[K/home/handsome/ros_ws_test/src/ros_base/cell_controller/Model/cellctrl_database_bridge/src/cell_controller_tables/cellctrl_dbtable_process.cpp:1[m[K:
[16.541s] [01m[K/home/handsome/ros_ws_test/src/ros_base/cell_controller/Model/cellctrl_database_bridge/include/cell_controller_tables/cellctrl_stations_tables.h:27:7:[m[K [01;36m[Knote: [m[K  because the following virtual functions are pure within â€˜[01m[Kmodule_tbcell_work_stations[m[Kâ€™:
[16.542s]  class [01;36m[Kmodule_tbcell_work_stations[m[K : public table_mongodbstore_client<type_tbcell_work_stations,type_tbcell_work_stations_req,type_tbcell_work_stations_resp>
[16.542s]        [01;36m[K^~~~~~~~~~~~~~~~~~~~~~~~~~~[m[K
[16.542s] In file included from [01m[K/home/handsome/ros_ws_test/src/ros_base/cell_controller/Model/cellctrl_database_bridge/include/cell_controller_tables/cellctrl_dbtable_process.h:4:0[m[K,
[16.542s]                  from [01m[K/home/handsome/ros_ws_test/src/ros_base/cell_controller/Model/cellctrl_database_bridge/src/cell_controller_tables/cellctrl_dbtable_process.cpp:1[m[K:
[16.542s] [01m[K/home/handsome/ros_ws_test/install/ros_utility_tools/include/ros_utility_tools/table_mongodbstore_client.h:268:16:[m[K [01;36m[Knote: [m[K	bool table_mongodbstore_client<MsgType, MsgType_req, MsgType_resp>::v_ptr_results_vector_find_if(std::__cxx11::string, std::__cxx11::string, db_tb_search_type, int&) [with MsgType = cellctrl_control_msgs::cell_work_stations_<std::allocator<void> >; MsgType_req = cellctrl_control_msgs::cell_work_stations_cmdRequest_<std::allocator<void> >; MsgType_resp = cellctrl_control_msgs::cell_work_stations_cmdResponse_<std::allocator<void> >; std::__cxx11::string = std::__cxx11::basic_string<char>]
[16.542s]    virtual bool [01;36m[Kv_ptr_results_vector_find_if[m[K(std::string _sch_keydata,std::string _sub_sch_keydata,db_tb_search_type _search_type,int &rst_distance) = 0 ;
[16.542s]                 [01;36m[K^~~~~~~~~~~~~~~~~~~~~~~~~~~~[m[K
[16.542s] [01m[K/home/handsome/ros_ws_test/src/ros_base/cell_controller/Model/cellctrl_database_bridge/src/cell_controller_tables/cellctrl_dbtable_process.cpp:36:94:[m[K [01;31m[Kerror: [m[Kinvalid new-expression of abstract class type â€˜[01m[Kmodule_tbcell_work_stationitems[m[Kâ€™
[16.542s]      cell_work_stationitems = new module_tbcell_work_stationitems(nh_,tbname_work_stationitems[01;31m[K)[m[K;
[16.542s]                                                                                               [01;31m[K^[m[K
[16.542s] In file included from [01m[K/home/handsome/ros_ws_test/src/ros_base/cell_controller/Model/cellctrl_database_bridge/include/cell_controller_tables/cellctrl_dbtable_process.h:9:0[m[K,
[16.542s]                  from [01m[K/home/handsome/ros_ws_test/src/ros_base/cell_controller/Model/cellctrl_database_bridge/src/cell_controller_tables/cellctrl_dbtable_process.cpp:1[m[K:
[16.542s] [01m[K/home/handsome/ros_ws_test/src/ros_base/cell_controller/Model/cellctrl_database_bridge/include/cell_controller_tables/cellctrl_stations_tables.h:67:7:[m[K [01;36m[Knote: [m[K  because the following virtual functions are pure within â€˜[01m[Kmodule_tbcell_work_stationitems[m[Kâ€™:
[16.543s]  class [01;36m[Kmodule_tbcell_work_stationitems[m[K : public table_mongodbstore_client<type_tbcell_work_stationitems,type_tbcell_work_stationitems_req,type_tbcell_work_stationitems_resp>
[16.543s]        [01;36m[K^~~~~~~~~~~~~~~~~~~~~~~~~~~~~~~[m[K
[16.543s] In file included from [01m[K/home/handsome/ros_ws_test/src/ros_base/cell_controller/Model/cellctrl_database_bridge/include/cell_controller_tables/cellctrl_dbtable_process.h:4:0[m[K,
[16.543s]                  from [01m[K/home/handsome/ros_ws_test/src/ros_base/cell_controller/Model/cellctrl_database_bridge/src/cell_controller_tables/cellctrl_dbtable_process.cpp:1[m[K:
[16.543s] [01m[K/home/handsome/ros_ws_test/install/ros_utility_tools/include/ros_utility_tools/table_mongodbstore_client.h:268:16:[m[K [01;36m[Knote: [m[K	bool table_mongodbstore_client<MsgType, MsgType_req, MsgType_resp>::v_ptr_results_vector_find_if(std::__cxx11::string, std::__cxx11::string, db_tb_search_type, int&) [with MsgType = cellctrl_control_msgs::cell_work_stationitems_<std::allocator<void> >; MsgType_req = cellctrl_control_msgs::cell_work_stationitems_cmdRequest_<std::allocator<void> >; MsgType_resp = cellctrl_control_msgs::cell_work_stationitems_cmdResponse_<std::allocator<void> >; std::__cxx11::string = std::__cxx11::basic_string<char>]
[16.543s]    virtual bool [01;36m[Kv_ptr_results_vector_find_if[m[K(std::string _sch_keydata,std::string _sub_sch_keydata,db_tb_search_type _search_type,int &rst_distance) = 0 ;
[16.543s]                 [01;36m[K^~~~~~~~~~~~~~~~~~~~~~~~~~~~[m[K
[17.229s] CMakeFiles/cellctrl_database_bridge.dir/build.make:254: recipe for target 'CMakeFiles/cellctrl_database_bridge.dir/src/cell_controller_tables/cellctrl_dbtable_process.cpp.o' failed
[17.231s] make[2]: *** [CMakeFiles/cellctrl_database_bridge.dir/src/cell_controller_tables/cellctrl_dbtable_process.cpp.o] Error 1
[17.231s] CMakeFiles/Makefile2:899: recipe for target 'CMakeFiles/cellctrl_database_bridge.dir/all' failed
[17.232s] make[1]: *** [CMakeFiles/cellctrl_database_bridge.dir/all] Error 2
[17.232s] make: *** [all] Error 2
[17.232s] Makefile:140: recipe for target 'all' failed
[17.250s] Invoked command in '/home/handsome/ros_ws_test/build/cellctrl_database_bridge' returned '2': CMAKE_PREFIX_PATH=/home/handsome/ros_ws_test/install/mongodb_store:/home/handsome/ros_ws_test/install/ros_utility_tools:/home/handsome/ros_ws_test/install/mongodb_store_msgs:/home/handsome/ros_ws_test/install/cellctrl_control_msgs:${CMAKE_PREFIX_PATH} LD_LIBRARY_PATH=/home/handsome/ros_ws_test/install/mongodb_store/lib:/home/handsome/ros_ws_test/install/ros_utility_tools/lib:/home/handsome/ros_ws/install/yocs_cmd_vel_mux/lib:/home/handsome/ros_ws/install/tuw_multi_robot_router/lib:/home/handsome/ros_ws/install/tuw_voronoi_graph/lib:/home/handsome/ros_ws/install/tuw_vehicle_msgs/lib:/home/handsome/ros_ws/install/tuw_nav_rviz/lib:/home/handsome/ros_ws/install/tuw_multi_robot_local_behavior_controller/lib:/home/handsome/ros_ws/install/tuw_multi_robot_ctrl/lib:/home/handsome/ros_ws/install/tuw_nav_msgs/lib:/home/handsome/ros_ws/install/tuw_multi_robot_rviz/lib:/home/handsome/ros_ws/install/tuw_geometry_rviz/lib:/home/handsome/ros_ws/install/tuw_geometry_msgs/lib:/home/handsome/ros_ws/install/tuw_geometry/lib:/home/handsome/ros_ws/install/tuw_control/lib:/home/handsome/ros_ws/install/teb2_local_planner/lib:/home/handsome/ros_ws/install/spatio_temporal_voxel_layer/lib:/home/handsome/ros_ws/install/robot_database_bridge/lib:/home/handsome/ros_ws/install/ros_utility_tools/lib:/home/handsome/ros_ws/install/robot_localization/lib:/home/handsome/ros_ws/install/pnp_ros/lib:/home/handsome/ros_ws/install/omron_os32c_driver/lib:/home/handsome/ros_ws/install/dlux_plugins/lib:/home/handsome/ros_ws/install/dlux_global_planner/lib:/home/handsome/ros_ws/install/nav_grid_pub_sub/lib:/home/handsome/ros_ws/install/dwb_critics/lib:/home/handsome/ros_ws/install/nav_grid_iterators/lib:/home/handsome/ros_ws/install/locomotor/lib:/home/handsome/ros_ws/install/nav_core_adapter/lib:/home/handsome/ros_ws/install/dwb_plugins/lib:/home/handsome/ros_ws/install/dwb_local_planner/lib:/home/handsome/ros_ws/install/nav_2d_utils/lib:/home/handsome/ros_ws/install/global_planner_tests/lib:/home/handsome/ros_ws/install/costmap_queue/lib:/home/handsome/ros_ws/install/nav_core2/lib:/home/handsome/ros_ws/install/mongodb_store/lib:/home/handsome/ros_ws/install/libcreate/lib:/opt/ros/melodic/lib:/usr/local/lib PKG_CONFIG_PATH=/home/handsome/ros_ws_test/install/mongodb_store/lib/x86_64-linux-gnu/pkgconfig:/home/handsome/ros_ws_test/install/mongodb_store/lib/pkgconfig:/home/handsome/ros_ws_test/install/ros_utility_tools/lib/x86_64-linux-gnu/pkgconfig:/home/handsome/ros_ws_test/install/ros_utility_tools/lib/pkgconfig:/home/handsome/ros_ws_test/install/mongodb_store_msgs/lib/x86_64-linux-gnu/pkgconfig:/home/handsome/ros_ws_test/install/mongodb_store_msgs/lib/pkgconfig:/home/handsome/ros_ws_test/install/cellctrl_control_msgs/lib/x86_64-linux-gnu/pkgconfig:/home/handsome/ros_ws_test/install/cellctrl_control_msgs/lib/pkgconfig:${PKG_CONFIG_PATH} PYTHONPATH=/home/handsome/ros_ws_test/install/mongodb_store/lib/python2.7/dist-packages:/home/handsome/ros_ws_test/install/mongodb_store_msgs/lib/python2.7/dist-packages:/home/handsome/ros_ws_test/install/cellctrl_control_msgs/lib/python2.7/dist-packages:${PYTHONPATH} ROS_PACKAGE_PATH=/home/handsome/ros_ws_test/install/mongodb_store/share:/home/handsome/ros_ws_test/install/ros_utility_tools/share:/home/handsome/ros_ws_test/install/mongodb_store_msgs/share:/home/handsome/ros_ws_test/install/cellctrl_control_msgs/share:${ROS_PACKAGE_PATH} /usr/bin/cmake --build /home/handsome/ros_ws_test/build/cellctrl_database_bridge -- -j12 -l12
