[01m[K/home/handsome/ros_ws_test/src/ros_base/robot_scheduling/robot_scheduling_actions/src/robot_scheduling_service.cpp:[m[K In member function â€˜[01m[Kbool robot_scheduling_service::split_condition(std::__cxx11::string)[m[Kâ€™:
[01m[K/home/handsome/ros_ws_test/src/ros_base/robot_scheduling/robot_scheduling_actions/src/robot_scheduling_service.cpp:92:17:[m[K [01;31m[Kerror: [m[Kdeclaration of â€˜[01m[Kstd::__cxx11::string cond[m[Kâ€™ shadows a parameter
     std::string [01;31m[Kcond[m[K = "," ;
                 [01;31m[K^~~~[m[K
make[2]: *** [CMakeFiles/robot_scheduling_actions_node.dir/src/robot_scheduling_service.cpp.o] Error 1
make[1]: *** [CMakeFiles/robot_scheduling_actions_node.dir/all] Error 2
make: *** [all] Error 2
