[35m[1mScanning dependencies of target robot_scheduling_server_node[0m
[ 33%] [32mBuilding CXX object CMakeFiles/robot_scheduling_server_node.dir/src/robot_scheduling_server.cpp.o[0m
[ 33%] [32mBuilding CXX object CMakeFiles/robot_scheduling_server_node.dir/src/private_actions/robot_if_proc_lower_ac.cpp.o[0m
[ 33%] [32mBuilding CXX object CMakeFiles/robot_scheduling_server_node.dir/src/robot_scheduling_pnp_server.cpp.o[0m
[01m[K/home/handsome/ros_ws_test/src/ros_base/robot_scheduling/robot_scheduling_server/src/robot_scheduling_pnp_server.cpp:[m[K In member function â€˜[01m[Kvoid robot_scheduling_pnp_server::interfaceLower(bool*, std::__cxx11::string)[m[Kâ€™:
[01m[K/home/handsome/ros_ws_test/src/ros_base/robot_scheduling/robot_scheduling_server/src/robot_scheduling_pnp_server.cpp:307:78:[m[K [01;31m[Kerror: [m[Kâ€˜[01m[KPROCESS[m[Kâ€™ is not a member of â€˜[01m[Krobot_scheduling_msgs::robot_interface_proc_lowerGoal {aka robot_scheduling_msgs::robot_interface_proc_lowerGoal_<std::allocator<void> >}[m[Kâ€™
         goal.cmd_id = robot_scheduling_msgs::robot_interface_proc_lowerGoal::[01;31m[KPROCESS[m[K ;
                                                                              [01;31m[K^~~~~~~[m[K
CMakeFiles/robot_scheduling_server_node.dir/build.make:86: recipe for target 'CMakeFiles/robot_scheduling_server_node.dir/src/robot_scheduling_pnp_server.cpp.o' failed
make[2]: *** [CMakeFiles/robot_scheduling_server_node.dir/src/robot_scheduling_pnp_server.cpp.o] Error 1
make[2]: *** Waiting for unfinished jobs....
make[1]: *** [CMakeFiles/robot_scheduling_server_node.dir/all] Error 2
CMakeFiles/Makefile2:67: recipe for target 'CMakeFiles/robot_scheduling_server_node.dir/all' failed
make: *** [all] Error 2
Makefile:140: recipe for target 'all' failed
